<?xml version="1.0" encoding="UTF-8"?>
<testsuites name="6.Share the Opportunity information to other users" time="28.672" tests="3" failures="0" errors="0">
   <testsuite name="6.Share the Opportunity information to other users" tests="3" failures="0" errors="0" time="28.672" timestamp="2020-07-13 12:50:47" hostname="WIN10 - DESKTOP-0NVCT6K" id="Test Suites/Opportunity Usecase/6.Share the Opportunity information to other users">
      <properties>
         <property name="deviceName" value=""/>
         <property name="devicePlatform" value=""/>
         <property name="logFolder" value="C:\\Users\\WIN10\\git\\Best-Project\\Reports\\20200713_125045\\Opportunity Usecase\\6.Share the Opportunity information to other users\\20200713_125045"/>
         <property name="logFiles" value="C:\\Users\\WIN10\\git\\Best-Project\\Reports\\20200713_125045\\Opportunity Usecase\\6.Share the Opportunity information to other users\\20200713_125045\\execution0.log"/>
         <property name="attachments" value=""/>
         <property name="hostName" value="WIN10 - DESKTOP-0NVCT6K"/>
         <property name="os" value="Windows 10 64bit"/>
         <property name="katalonVersion" value="7.5.2.1"/>
         <property name="browser" value="Chrome 83.0.4103.116"/>
         <property name="hostAddress" value="192.168.1.2"/>
         <property name="sessionId" value="0d7b8d8ad05943ac4ce420df75ac3644"/>
         <property name="seleniumVersion" value="3.141.59"/>
         <property name="proxyInformation" value="ProxyInformation { proxyOption=NO_PROXY, proxyServerType=HTTP, username=, password=********, proxyServerAddress=, proxyServerPort=0, executionList=\&quot;\&quot;, isApplyToDesiredCapabilities=true }"/>
         <property name="platform" value="Windows 10"/>
      </properties>
      <testcase name="Test Cases/Opportunity Test Case/1.View the layout information in the List View" time="13.633" classname="Test Cases/Opportunity Test Case/1.View the layout information in the List View" status="PASSED">
         <system-out><![CDATA[2020-07-13 12:50:47 - [TEST_CASE][PASSED] - Test Cases/Opportunity Test Case/1.View the layout information in the List View: Test Cases/Opportunity Test Case/1.View the layout information in the List View

2020-07-13 12:50:48 - [TEST_STEP][PASSED] - openBrowser("http://crmc.opencloud.digital:64216/index.php"): Browser is opened with url: 'http://crmc.opencloud.digital:64216/index.php'

2020-07-13 12:50:48 - [MESSAGE][INFO] - Starting 'Chrome' driver

2020-07-13 12:50:48 - [MESSAGE][INFO] - Action delay is set to 0 milliseconds

2020-07-13 12:50:52 - [MESSAGE][PASSED] - Browser is opened with url: 'http://crmc.opencloud.digital:64216/index.php'

2020-07-13 12:50:52 - [TEST_STEP][PASSED] - setText(findTestObject("Account repository/Login/input_User name_username"), findTestData("Opportunity Test Data/D1").getValue(1, 1)): Text 'Admin' is set on object 'Object Repository/Account repository/Login/input_User name_username'

2020-07-13 12:50:53 - [MESSAGE][PASSED] - Text 'Admin' is set on object 'Object Repository/Account repository/Login/input_User name_username'

2020-07-13 12:50:53 - [TEST_STEP][PASSED] - setText(findTestObject("Account repository/Login/input_Password_password"), findTestData("Opportunity Test Data/D1").getValue(2, 1)): Text '1qaz2WSX3edc ' is set on object 'Object Repository/Account repository/Login/input_Password_password'

2020-07-13 12:50:54 - [MESSAGE][PASSED] - Text '1qaz2WSX3edc ' is set on object 'Object Repository/Account repository/Login/input_Password_password'

2020-07-13 12:50:54 - [TEST_STEP][PASSED] - click(findTestObject("Account repository/Login/button_Sign in")): Object: 'Object Repository/Account repository/Login/button_Sign in' is clicked on

2020-07-13 12:50:55 - [MESSAGE][PASSED] - Object: 'Object Repository/Account repository/Login/button_Sign in' is clicked on

2020-07-13 12:50:55 - [TEST_STEP][PASSED] - click(findTestObject("Opportunity repository/Page_Home/a_Opportunities")): Object: 'Object Repository/Opportunity repository/Page_Home/a_Opportunities' is clicked on

2020-07-13 12:50:59 - [MESSAGE][PASSED] - Object: 'Object Repository/Opportunity repository/Page_Home/a_Opportunities' is clicked on

2020-07-13 12:50:59 - [TEST_STEP][PASSED] - delay(2): Delayed 2 second(s)

2020-07-13 12:51:01 - [MESSAGE][PASSED] - Delayed 2 second(s)]]></system-out>
         <system-err><![CDATA[]]></system-err>
      </testcase>
      <testcase name="Test Cases/Opportunity Test Case/5.View the Detail View information" time="8.429" classname="Test Cases/Opportunity Test Case/5.View the Detail View information" status="PASSED">
         <system-out><![CDATA[2020-07-13 12:51:01 - [TEST_CASE][PASSED] - Test Cases/Opportunity Test Case/5.View the Detail View information: Test Cases/Opportunity Test Case/5.View the Detail View information

2020-07-13 12:51:01 - [TEST_STEP][PASSED] - setText(findTestObject("Opportunity repository/Page_Opportunities/input_Contact Name_potentialname Search"), findTestData("Opportunity Test Data/D2").getValue(1, 1)): Text 'โครงการนำเสนอPro C751-บจก. ฐานการพิมพ์' is set on object 'Object Repository/Opportunity repository/Page_Opportunities/input_Contact Name_potentialname Search'

2020-07-13 12:51:02 - [MESSAGE][PASSED] - Text 'โครงการนำเสนอPro C751-บจก. ฐานการพิมพ์' is set on object 'Object Repository/Opportunity repository/Page_Opportunities/input_Contact Name_potentialname Search'

2020-07-13 12:51:02 - [TEST_STEP][PASSED] - click(findTestObject("Opportunity repository/Page_Opportunities/button_Search Oppotunity name")): Object: 'Object Repository/Opportunity repository/Page_Opportunities/button_Search Oppotunity name' is clicked on

2020-07-13 12:51:02 - [MESSAGE][PASSED] - Object: 'Object Repository/Opportunity repository/Page_Opportunities/button_Search Oppotunity name' is clicked on

2020-07-13 12:51:02 - [TEST_STEP][PASSED] - click(findTestObject("Opportunity repository/Page_Opportunities/a_Pro C751-")): Object: 'Object Repository/Opportunity repository/Page_Opportunities/a_Pro C751-' is clicked on

2020-07-13 12:51:07 - [MESSAGE][PASSED] - Object: 'Object Repository/Opportunity repository/Page_Opportunities/a_Pro C751-' is clicked on

2020-07-13 12:51:07 - [TEST_STEP][PASSED] - delay(2): Delayed 2 second(s)

2020-07-13 12:51:09 - [MESSAGE][PASSED] - Delayed 2 second(s)]]></system-out>
         <system-err><![CDATA[]]></system-err>
      </testcase>
      <testcase name="Test Cases/Opportunity Test Case/8.Share the Opportunity information to other users" time="5.661" classname="Test Cases/Opportunity Test Case/8.Share the Opportunity information to other users" status="PASSED">
         <system-out><![CDATA[2020-07-13 12:51:09 - [TEST_CASE][PASSED] - Test Cases/Opportunity Test Case/8.Share the Opportunity information to other users: Test Cases/Opportunity Test Case/8.Share the Opportunity information to other users

2020-07-13 12:51:10 - [TEST_STEP][PASSED] - click(findTestObject("Opportunity repository/Page_Opportunities/button_Share opp")): Object: 'Object Repository/Opportunity repository/Page_Opportunities/button_Share opp' is clicked on

2020-07-13 12:51:10 - [MESSAGE][PASSED] - Object: 'Object Repository/Opportunity repository/Page_Opportunities/button_Share opp' is clicked on

2020-07-13 12:51:10 - [TEST_STEP][PASSED] - setText(findTestObject("Opportunity repository/Page_Opportunities/input_Share with others _select2-input select2-focused"), "Somchai Noranaraphant"): Text 'Somchai Noranaraphant' is set on object 'Object Repository/Opportunity repository/Page_Opportunities/input_Share with others _select2-input select2-focused'

2020-07-13 12:51:12 - [MESSAGE][PASSED] - Text 'Somchai Noranaraphant' is set on object 'Object Repository/Opportunity repository/Page_Opportunities/input_Share with others _select2-input select2-focused'

2020-07-13 12:51:12 - [TEST_STEP][PASSED] - sendKeys(findTestObject("Opportunity repository/Page_Opportunities/input_Share with others _select2-input select2-focused"), Keys.chord(ENTER)): Keys 'ENTER + ' sent to object: 'Object Repository/Opportunity repository/Page_Opportunities/input_Share with others _select2-input select2-focused'

2020-07-13 12:51:12 - [MESSAGE][PASSED] - Keys 'ENTER + ' sent to object: 'Object Repository/Opportunity repository/Page_Opportunities/input_Share with others _select2-input select2-focused'

2020-07-13 12:51:12 - [TEST_STEP][PASSED] - click(findTestObject("Opportunity repository/Page_Opportunities/button_Save Share opp")): Object: 'Object Repository/Opportunity repository/Page_Opportunities/button_Save Share opp' is clicked on

2020-07-13 12:51:13 - [MESSAGE][PASSED] - Object: 'Object Repository/Opportunity repository/Page_Opportunities/button_Save Share opp' is clicked on

2020-07-13 12:51:13 - [TEST_STEP][PASSED] - delay(2): Delayed 2 second(s)

2020-07-13 12:51:15 - [MESSAGE][PASSED] - Delayed 2 second(s)]]></system-out>
         <system-err><![CDATA[]]></system-err>
      </testcase>
      <system-out><![CDATA[2020-07-13 12:50:47 - [TEST_SUITE][PASSED] - 6.Share the Opportunity information to other users: Test Cases/Opportunity Test Case/8.Share the Opportunity information to other users]]></system-out>
      <system-err><![CDATA[]]></system-err>
   </testsuite>
</testsuites>
