<?xml version="1.0" encoding="UTF-8"?>
<testsuites name="Usecase1" time="69.77" tests="4" failures="0" errors="0">
   <testsuite name="Usecase1" tests="4" failures="0" errors="0" time="69.77" timestamp="2563-06-17 17:14:17" hostname="ACER - DESKTOP-TSJL4HJ" id="Test Suites/DBD Usecase/Usecase1">
      <properties>
         <property name="deviceName" value=""/>
         <property name="devicePlatform" value=""/>
         <property name="logFolder" value="C:\\Users\\ACER\\git\\Best-Project\\Reports\\25630617_171414\\DBD Usecase\\Usecase1\\25630617_171414"/>
         <property name="logFiles" value="C:\\Users\\ACER\\git\\Best-Project\\Reports\\25630617_171414\\DBD Usecase\\Usecase1\\25630617_171414\\execution0.log"/>
         <property name="attachments" value=""/>
         <property name="hostName" value="ACER - DESKTOP-TSJL4HJ"/>
         <property name="os" value="Windows 10 64bit"/>
         <property name="katalonVersion" value="7.5.2.1"/>
         <property name="browser" value="Chrome 83.0.4103.97"/>
         <property name="hostAddress" value="192.168.1.126"/>
         <property name="sessionId" value="7e4e643434fe5302d416f0b3f674a16f"/>
         <property name="seleniumVersion" value="3.141.59"/>
         <property name="proxyInformation" value="ProxyInformation { proxyOption=NO_PROXY, proxyServerType=HTTP, username=, password=********, proxyServerAddress=, proxyServerPort=0, executionList=\&quot;\&quot;, isApplyToDesiredCapabilities=true }"/>
         <property name="platform" value="Windows 10"/>
      </properties>
      <testcase name="Test Cases/DBD Test Case/1-View the layout information in the List View" time="19.971" classname="Test Cases/DBD Test Case/1-View the layout information in the List View" status="PASSED">
         <system-out><![CDATA[2563-06-17 17:14:17 - [TEST_CASE][PASSED] - Test Cases/DBD Test Case/1-View the layout information in the List View: Test Cases/DBD Test Case/1-View the layout information in the List View

2563-06-17 17:14:18 - [TEST_STEP][PASSED] - openBrowser("http://rthv1.opencloud.digital/"): Browser is opened with url: 'http://rthv1.opencloud.digital/'

2563-06-17 17:14:18 - [MESSAGE][INFO] - Starting 'Chrome' driver

2563-06-17 17:14:18 - [MESSAGE][INFO] - Action delay is set to 0 milliseconds

2563-06-17 17:14:28 - [MESSAGE][PASSED] - Browser is opened with url: 'http://rthv1.opencloud.digital/'

2563-06-17 17:14:28 - [TEST_STEP][PASSED] - setText(findTestObject("DBD repository/login/input_User name_username"), findTestData("DBD Test Data/D1").getValue(1, 1)): Text 'admin' is set on object 'Object Repository/DBD repository/login/input_User name_username'

2563-06-17 17:14:30 - [MESSAGE][PASSED] - Text 'admin' is set on object 'Object Repository/DBD repository/login/input_User name_username'

2563-06-17 17:14:30 - [TEST_STEP][PASSED] - setText(findTestObject("DBD repository/login/input_Password_password"), findTestData("DBD Test Data/D1").getValue(2, 1)): Text '1qaz2WSX3edc ' is set on object 'Object Repository/DBD repository/login/input_Password_password'

2563-06-17 17:14:31 - [MESSAGE][PASSED] - Text '1qaz2WSX3edc ' is set on object 'Object Repository/DBD repository/login/input_Password_password'

2563-06-17 17:14:31 - [TEST_STEP][PASSED] - click(findTestObject("DBD repository/login/button_Sign in")): Object: 'Object Repository/DBD repository/login/button_Sign in' is clicked on

2563-06-17 17:14:37 - [MESSAGE][PASSED] - Object: 'Object Repository/DBD repository/login/button_Sign in' is clicked on]]></system-out>
         <system-err><![CDATA[]]></system-err>
      </testcase>
      <testcase name="Test Cases/DBD Test Case/4-Add new DBD Company with non-information" time="22.564" classname="Test Cases/DBD Test Case/4-Add new DBD Company with non-information" status="PASSED">
         <system-out><![CDATA[2563-06-17 17:14:37 - [TEST_CASE][PASSED] - Test Cases/DBD Test Case/4-Add new DBD Company with non-information: Test Cases/DBD Test Case/4-Add new DBD Company with non-information

2563-06-17 17:14:38 - [TEST_STEP][PASSED] - click(findTestObject("DBD repository/Page_Home/a_DBD Companies")): Object: 'Object Repository/DBD repository/Page_Home/a_DBD Companies' is clicked on

2563-06-17 17:14:54 - [MESSAGE][PASSED] - Object: 'Object Repository/DBD repository/Page_Home/a_DBD Companies' is clicked on

2563-06-17 17:14:54 - [TEST_STEP][PASSED] - click(findTestObject("DBD repository/Page_DBDCompanies/button_Add DBDCompany")): Object: 'Object Repository/DBD repository/Page_DBDCompanies/button_Add DBDCompany' is clicked on

2563-06-17 17:14:56 - [MESSAGE][PASSED] - Object: 'Object Repository/DBD repository/Page_DBDCompanies/button_Add DBDCompany' is clicked on

2563-06-17 17:14:56 - [TEST_STEP][PASSED] - delay(1): Delayed 1 second(s)

2563-06-17 17:14:57 - [MESSAGE][PASSED] - Delayed 1 second(s)

2563-06-17 17:14:57 - [TEST_STEP][PASSED] - click(findTestObject("DBD repository/Page_DBDCompanies/button_Save Creating DBD")): Object: 'Object Repository/DBD repository/Page_DBDCompanies/button_Save Creating DBD' is clicked on

2563-06-17 17:14:58 - [MESSAGE][PASSED] - Object: 'Object Repository/DBD repository/Page_DBDCompanies/button_Save Creating DBD' is clicked on

2563-06-17 17:14:58 - [TEST_STEP][PASSED] - delay(2): Delayed 2 second(s)

2563-06-17 17:15:00 - [MESSAGE][PASSED] - Delayed 2 second(s)]]></system-out>
         <system-err><![CDATA[]]></system-err>
      </testcase>
      <testcase name="Test Cases/DBD Test Case/3-Add new DBD Company with invalid information" time="10.88" classname="Test Cases/DBD Test Case/3-Add new DBD Company with invalid information" status="PASSED">
         <system-out><![CDATA[2563-06-17 17:15:00 - [TEST_CASE][PASSED] - Test Cases/DBD Test Case/3-Add new DBD Company with invalid information: Test Cases/DBD Test Case/3-Add new DBD Company with invalid information

2563-06-17 17:15:00 - [TEST_STEP][PASSED] - click(findTestObject("DBD repository/Page_DBDCompanies/Clear DBD")): Object: 'Object Repository/DBD repository/Page_DBDCompanies/Clear DBD' is clicked on

2563-06-17 17:15:01 - [MESSAGE][PASSED] - Object: 'Object Repository/DBD repository/Page_DBDCompanies/Clear DBD' is clicked on

2563-06-17 17:15:01 - [TEST_STEP][PASSED] - setText(findTestObject("DBD repository/Page_DBDCompanies/input__Regitration Number"), findTestData("DBD Test Data/D3").getValue(1, 1)): Text '21114000' is set on object 'Object Repository/DBD repository/Page_DBDCompanies/input__Regitration Number'

2563-06-17 17:15:02 - [MESSAGE][PASSED] - Text '21114000' is set on object 'Object Repository/DBD repository/Page_DBDCompanies/input__Regitration Number'

2563-06-17 17:15:02 - [TEST_STEP][PASSED] - setText(findTestObject("DBD repository/Page_DBDCompanies/input__Registion Date"), findTestData("DBD Test Data/D3").getValue(2, 1)): Text '01/01/2020' is set on object 'Object Repository/DBD repository/Page_DBDCompanies/input__Registion Date'

2563-06-17 17:15:03 - [MESSAGE][PASSED] - Text '01/01/2020' is set on object 'Object Repository/DBD repository/Page_DBDCompanies/input__Registion Date'

2563-06-17 17:15:03 - [TEST_STEP][PASSED] - click(findTestObject("DBD repository/Page_DBDCompanies/Created By"), STOP_ON_FAILURE): Object: 'Object Repository/DBD repository/Page_DBDCompanies/Created By' is clicked on

2563-06-17 17:15:04 - [MESSAGE][PASSED] - Object: 'Object Repository/DBD repository/Page_DBDCompanies/Created By' is clicked on

2563-06-17 17:15:04 - [TEST_STEP][PASSED] - click(findTestObject("DBD repository/Page_DBDCompanies/Created By")): Object: 'Object Repository/DBD repository/Page_DBDCompanies/Created By' is clicked on

2563-06-17 17:15:04 - [MESSAGE][PASSED] - Object: 'Object Repository/DBD repository/Page_DBDCompanies/Created By' is clicked on

2563-06-17 17:15:04 - [TEST_STEP][PASSED] - delay(2): Delayed 2 second(s)

2563-06-17 17:15:06 - [MESSAGE][PASSED] - Delayed 2 second(s)

2563-06-17 17:15:06 - [TEST_STEP][PASSED] - setText(findTestObject("DBD repository/Page_DBDCompanies/input Created By"), findTestData("DBD Test Data/D3").getValue(3, 1)): Text 'RIS System' is set on object 'Object Repository/DBD repository/Page_DBDCompanies/input Created By'

2563-06-17 17:15:07 - [MESSAGE][PASSED] - Text 'RIS System' is set on object 'Object Repository/DBD repository/Page_DBDCompanies/input Created By'

2563-06-17 17:15:07 - [TEST_STEP][PASSED] - sendKeys(findTestObject("DBD repository/Page_DBDCompanies/input Created By"), Keys.chord(ENTER)): Keys 'ENTER + ' sent to object: 'Object Repository/DBD repository/Page_DBDCompanies/input Created By'

2563-06-17 17:15:08 - [MESSAGE][PASSED] - Keys 'ENTER + ' sent to object: 'Object Repository/DBD repository/Page_DBDCompanies/input Created By'

2563-06-17 17:15:08 - [TEST_STEP][PASSED] - click(findTestObject("DBD repository/Page_DBDCompanies/button_Save Creating DBD")): Object: 'Object Repository/DBD repository/Page_DBDCompanies/button_Save Creating DBD' is clicked on

2563-06-17 17:15:09 - [MESSAGE][PASSED] - Object: 'Object Repository/DBD repository/Page_DBDCompanies/button_Save Creating DBD' is clicked on

2563-06-17 17:15:09 - [TEST_STEP][PASSED] - delay(2): Delayed 2 second(s)

2563-06-17 17:15:11 - [MESSAGE][PASSED] - Delayed 2 second(s)]]></system-out>
         <system-err><![CDATA[]]></system-err>
      </testcase>
      <testcase name="Test Cases/DBD Test Case/2-Add new DBD Company with valid information" time="15.028" classname="Test Cases/DBD Test Case/2-Add new DBD Company with valid information" status="PASSED">
         <system-out><![CDATA[2563-06-17 17:15:11 - [TEST_CASE][PASSED] - Test Cases/DBD Test Case/2-Add new DBD Company with valid information: Test Cases/DBD Test Case/2-Add new DBD Company with valid information

2563-06-17 17:15:11 - [TEST_STEP][PASSED] - delay(1): Delayed 1 second(s)

2563-06-17 17:15:12 - [MESSAGE][PASSED] - Delayed 1 second(s)

2563-06-17 17:15:12 - [TEST_STEP][PASSED] - click(findTestObject("DBD repository/Page_DBDCompanies/Clear DBD")): Object: 'Object Repository/DBD repository/Page_DBDCompanies/Clear DBD' is clicked on

2563-06-17 17:15:12 - [MESSAGE][PASSED] - Object: 'Object Repository/DBD repository/Page_DBDCompanies/Clear DBD' is clicked on

2563-06-17 17:15:12 - [TEST_STEP][PASSED] - setText(findTestObject("DBD repository/Page_DBDCompanies/input__Regitration Number"), findTestData("DBD Test Data/D2").getValue(1, 1)): Text '2111400' is set on object 'Object Repository/DBD repository/Page_DBDCompanies/input__Regitration Number'

2563-06-17 17:15:14 - [MESSAGE][PASSED] - Text '2111400' is set on object 'Object Repository/DBD repository/Page_DBDCompanies/input__Regitration Number'

2563-06-17 17:15:14 - [TEST_STEP][PASSED] - setText(findTestObject("DBD repository/Page_DBDCompanies/input__company name"), findTestData("DBD Test Data/D2").getValue(2, 1)): Text 'Sunjido Co. Ltd.' is set on object 'Object Repository/DBD repository/Page_DBDCompanies/input__company name'

2563-06-17 17:15:14 - [MESSAGE][PASSED] - Text 'Sunjido Co. Ltd.' is set on object 'Object Repository/DBD repository/Page_DBDCompanies/input__company name'

2563-06-17 17:15:14 - [TEST_STEP][PASSED] - setText(findTestObject("DBD repository/Page_DBDCompanies/input__Registion Date"), findTestData("DBD Test Data/D2").getValue(3, 1)): Text '01/01/2020' is set on object 'Object Repository/DBD repository/Page_DBDCompanies/input__Registion Date'

2563-06-17 17:15:16 - [MESSAGE][PASSED] - Text '01/01/2020' is set on object 'Object Repository/DBD repository/Page_DBDCompanies/input__Registion Date'

2563-06-17 17:15:16 - [TEST_STEP][PASSED] - click(findTestObject("DBD repository/Page_DBDCompanies/Created By")): Object: 'Object Repository/DBD repository/Page_DBDCompanies/Created By' is clicked on

2563-06-17 17:15:16 - [MESSAGE][PASSED] - Object: 'Object Repository/DBD repository/Page_DBDCompanies/Created By' is clicked on

2563-06-17 17:15:16 - [TEST_STEP][PASSED] - click(findTestObject("DBD repository/Page_DBDCompanies/Created By")): Object: 'Object Repository/DBD repository/Page_DBDCompanies/Created By' is clicked on

2563-06-17 17:15:17 - [MESSAGE][PASSED] - Object: 'Object Repository/DBD repository/Page_DBDCompanies/Created By' is clicked on

2563-06-17 17:15:17 - [TEST_STEP][PASSED] - setText(findTestObject("DBD repository/Page_DBDCompanies/input Created By"), findTestData("DBD Test Data/D2").getValue(4, 1)): Text 'PIS System' is set on object 'Object Repository/DBD repository/Page_DBDCompanies/input Created By'

2563-06-17 17:15:18 - [MESSAGE][PASSED] - Text 'PIS System' is set on object 'Object Repository/DBD repository/Page_DBDCompanies/input Created By'

2563-06-17 17:15:18 - [TEST_STEP][PASSED] - sendKeys(findTestObject("DBD repository/Page_DBDCompanies/input Created By"), Keys.chord(ENTER)): Keys 'ENTER + ' sent to object: 'Object Repository/DBD repository/Page_DBDCompanies/input Created By'

2563-06-17 17:15:19 - [MESSAGE][PASSED] - Keys 'ENTER + ' sent to object: 'Object Repository/DBD repository/Page_DBDCompanies/input Created By'

2563-06-17 17:15:19 - [TEST_STEP][PASSED] - click(findTestObject("DBD repository/Page_DBDCompanies/button_Save Creating DBD")): Object: 'Object Repository/DBD repository/Page_DBDCompanies/button_Save Creating DBD' is clicked on

2563-06-17 17:15:26 - [MESSAGE][PASSED] - Object: 'Object Repository/DBD repository/Page_DBDCompanies/button_Save Creating DBD' is clicked on]]></system-out>
         <system-err><![CDATA[]]></system-err>
      </testcase>
      <system-out><![CDATA[2563-06-17 17:14:17 - [TEST_SUITE][PASSED] - Usecase1: Test Cases/DBD Test Case/2-Add new DBD Company with valid information]]></system-out>
      <system-err><![CDATA[]]></system-err>
   </testsuite>
</testsuites>
