<?xml version="1.0" encoding="UTF-8"?>
<testsuites name="3-View the Detail View information" time="56.241" tests="4" failures="0" errors="0">
   <testsuite name="3-View the Detail View information" tests="4" failures="0" errors="0" time="56.241" timestamp="2020-06-23 14:12:53" hostname="WIN10 - DESKTOP-0NVCT6K" id="Test Suites/Account Usecase/3-View the Detail View information">
      <properties>
         <property name="deviceName" value=""/>
         <property name="devicePlatform" value=""/>
         <property name="logFolder" value="C:\\Users\\WIN10\\git\\Best-Project\\Reports\\20200623_141252\\Account Usecase\\3-View the Detail View information\\20200623_141252"/>
         <property name="logFiles" value="C:\\Users\\WIN10\\git\\Best-Project\\Reports\\20200623_141252\\Account Usecase\\3-View the Detail View information\\20200623_141252\\execution0.log"/>
         <property name="attachments" value=""/>
         <property name="hostName" value="WIN10 - DESKTOP-0NVCT6K"/>
         <property name="os" value="Windows 10 64bit"/>
         <property name="katalonVersion" value="7.5.2.1"/>
         <property name="browser" value="Chrome 83.0.4103.116"/>
         <property name="hostAddress" value="192.168.1.2"/>
         <property name="sessionId" value="62a648709eedb617466a6587f559b165"/>
         <property name="seleniumVersion" value="3.141.59"/>
         <property name="proxyInformation" value="ProxyInformation { proxyOption=NO_PROXY, proxyServerType=HTTP, username=, password=********, proxyServerAddress=, proxyServerPort=0, executionList=\&quot;\&quot;, isApplyToDesiredCapabilities=true }"/>
         <property name="platform" value="Windows 10"/>
      </properties>
      <testcase name="Test Cases/Account Test Case/1-View the layout information in the List View" time="9.607" classname="Test Cases/Account Test Case/1-View the layout information in the List View" status="PASSED">
         <system-out><![CDATA[2020-06-23 14:12:54 - [TEST_CASE][PASSED] - Test Cases/Account Test Case/1-View the layout information in the List View: Test Cases/Account Test Case/1-View the layout information in the List View

2020-06-23 14:12:54 - [TEST_STEP][PASSED] - openBrowser("http://crmc.opencloud.digital:64216/index.php"): Browser is opened with url: 'http://crmc.opencloud.digital:64216/index.php'

2020-06-23 14:12:54 - [MESSAGE][INFO] - Starting 'Chrome' driver

2020-06-23 14:12:54 - [MESSAGE][INFO] - Action delay is set to 0 milliseconds

2020-06-23 14:12:58 - [MESSAGE][PASSED] - Browser is opened with url: 'http://crmc.opencloud.digital:64216/index.php'

2020-06-23 14:12:58 - [TEST_STEP][PASSED] - maximizeWindow(): Current window maximized

2020-06-23 14:13:01 - [MESSAGE][PASSED] - Current window maximized

2020-06-23 14:13:01 - [TEST_STEP][PASSED] - setText(findTestObject("Account repository/Login/input_User name_username"), findTestData("Account Test Data/D1").getValue(1, 1)): Text 'Admin' is set on object 'Object Repository/Account repository/Login/input_User name_username'

2020-06-23 14:13:01 - [MESSAGE][PASSED] - Text 'Admin' is set on object 'Object Repository/Account repository/Login/input_User name_username'

2020-06-23 14:13:01 - [TEST_STEP][PASSED] - setText(findTestObject("Account repository/Login/input_Password_password"), findTestData("Account Test Data/D1").getValue(2, 1)): Text '1qaz2WSX3edc ' is set on object 'Object Repository/Account repository/Login/input_Password_password'

2020-06-23 14:13:02 - [MESSAGE][PASSED] - Text '1qaz2WSX3edc ' is set on object 'Object Repository/Account repository/Login/input_Password_password'

2020-06-23 14:13:02 - [TEST_STEP][PASSED] - click(findTestObject("Account repository/Login/button_Sign in")): Object: 'Object Repository/Account repository/Login/button_Sign in' is clicked on

2020-06-23 14:13:03 - [MESSAGE][PASSED] - Object: 'Object Repository/Account repository/Login/button_Sign in' is clicked on]]></system-out>
         <system-err><![CDATA[]]></system-err>
      </testcase>
      <testcase name="Test Cases/Account Test Case/4-Add new Account with non information" time="6.266" classname="Test Cases/Account Test Case/4-Add new Account with non information" status="PASSED">
         <system-out><![CDATA[2020-06-23 14:13:03 - [TEST_CASE][PASSED] - Test Cases/Account Test Case/4-Add new Account with non information: Test Cases/Account Test Case/4-Add new Account with non information

2020-06-23 14:13:03 - [TEST_STEP][PASSED] - click(findTestObject("Account repository/Page_Home/strong_Accounts")): Object: 'Object Repository/Account repository/Page_Home/strong_Accounts' is clicked on

2020-06-23 14:13:06 - [MESSAGE][PASSED] - Object: 'Object Repository/Account repository/Page_Home/strong_Accounts' is clicked on

2020-06-23 14:13:06 - [TEST_STEP][PASSED] - click(findTestObject("Account repository/Page_Accounts/strong_Add Account")): Object: 'Object Repository/Account repository/Page_Accounts/strong_Add Account' is clicked on

2020-06-23 14:13:08 - [MESSAGE][PASSED] - Object: 'Object Repository/Account repository/Page_Accounts/strong_Add Account' is clicked on

2020-06-23 14:13:08 - [TEST_STEP][PASSED] - click(findTestObject("Account repository/Page_Accounts/button_Save Account")): Object: 'Object Repository/Account repository/Page_Accounts/button_Save Account' is clicked on

2020-06-23 14:13:09 - [MESSAGE][PASSED] - Object: 'Object Repository/Account repository/Page_Accounts/button_Save Account' is clicked on]]></system-out>
         <system-err><![CDATA[]]></system-err>
      </testcase>
      <testcase name="Test Cases/Account Test Case/3-Add new Account with invalid information" time="18.769" classname="Test Cases/Account Test Case/3-Add new Account with invalid information" status="PASSED">
         <system-out><![CDATA[2020-06-23 14:13:09 - [TEST_CASE][PASSED] - Test Cases/Account Test Case/3-Add new Account with invalid information: Test Cases/Account Test Case/3-Add new Account with invalid information

2020-06-23 14:13:10 - [TEST_STEP][PASSED] - click(findTestObject("Account repository/Page_Accounts/clear")): Object: 'Object Repository/Account repository/Page_Accounts/clear' is clicked on

2020-06-23 14:13:10 - [MESSAGE][PASSED] - Object: 'Object Repository/Account repository/Page_Accounts/clear' is clicked on

2020-06-23 14:13:10 - [TEST_STEP][PASSED] - delay(1): Delayed 1 second(s)

2020-06-23 14:13:11 - [MESSAGE][PASSED] - Delayed 1 second(s)

2020-06-23 14:13:11 - [TEST_STEP][PASSED] - setText(findTestObject("Account repository/Page_Accounts/input__accountname"), findTestData("Account Test Data/D3").getValue(1, 1)): Text 'ภูมิพัจน์' is set on object 'Object Repository/Account repository/Page_Accounts/input__accountname'

2020-06-23 14:13:12 - [MESSAGE][PASSED] - Text 'ภูมิพัจน์' is set on object 'Object Repository/Account repository/Page_Accounts/input__accountname'

2020-06-23 14:13:12 - [TEST_STEP][PASSED] - click(findTestObject("Account repository/Page_Accounts/custome segment")): Object: 'Object Repository/Account repository/Page_Accounts/custome segment' is clicked on

2020-06-23 14:13:12 - [MESSAGE][PASSED] - Object: 'Object Repository/Account repository/Page_Accounts/custome segment' is clicked on

2020-06-23 14:13:12 - [TEST_STEP][PASSED] - setText(findTestObject("Account repository/Page_Accounts/input customer segment"), findTestData("Account Test Data/D3").getValue(2, 1)): Text 'SME' is set on object 'Object Repository/Account repository/Page_Accounts/input customer segment'

2020-06-23 14:13:13 - [MESSAGE][PASSED] - Text 'SME' is set on object 'Object Repository/Account repository/Page_Accounts/input customer segment'

2020-06-23 14:13:13 - [TEST_STEP][PASSED] - sendKeys(findTestObject("Account repository/Page_Accounts/input customer segment"), Keys.chord(ENTER)): Keys 'ENTER + ' sent to object: 'Object Repository/Account repository/Page_Accounts/input customer segment'

2020-06-23 14:13:13 - [MESSAGE][PASSED] - Keys 'ENTER + ' sent to object: 'Object Repository/Account repository/Page_Accounts/input customer segment'

2020-06-23 14:13:13 - [TEST_STEP][PASSED] - click(findTestObject("Account repository/Page_Accounts/company level")): Object: 'Object Repository/Account repository/Page_Accounts/company level' is clicked on

2020-06-23 14:13:14 - [MESSAGE][PASSED] - Object: 'Object Repository/Account repository/Page_Accounts/company level' is clicked on

2020-06-23 14:13:14 - [TEST_STEP][PASSED] - setText(findTestObject("Account repository/Page_Accounts/input company level"), findTestData("Account Test Data/D3").getValue(3, 1)): Text 'Head Office' is set on object 'Object Repository/Account repository/Page_Accounts/input company level'

2020-06-23 14:13:15 - [MESSAGE][PASSED] - Text 'Head Office' is set on object 'Object Repository/Account repository/Page_Accounts/input company level'

2020-06-23 14:13:15 - [TEST_STEP][PASSED] - sendKeys(findTestObject("Account repository/Page_Accounts/input company level"), Keys.chord(ENTER)): Keys 'ENTER + ' sent to object: 'Object Repository/Account repository/Page_Accounts/input company level'

2020-06-23 14:13:16 - [MESSAGE][PASSED] - Keys 'ENTER + ' sent to object: 'Object Repository/Account repository/Page_Accounts/input company level'

2020-06-23 14:13:16 - [TEST_STEP][PASSED] - click(findTestObject("Account repository/Page_Accounts/JP")): Object: 'Object Repository/Account repository/Page_Accounts/JP' is clicked on

2020-06-23 14:13:16 - [MESSAGE][PASSED] - Object: 'Object Repository/Account repository/Page_Accounts/JP' is clicked on

2020-06-23 14:13:16 - [TEST_STEP][PASSED] - setText(findTestObject("Account repository/Page_Accounts/input JP"), findTestData("Account Test Data/D3").getValue(4, 1)): Text 'Yes' is set on object 'Object Repository/Account repository/Page_Accounts/input JP'

2020-06-23 14:13:17 - [MESSAGE][PASSED] - Text 'Yes' is set on object 'Object Repository/Account repository/Page_Accounts/input JP'

2020-06-23 14:13:17 - [TEST_STEP][PASSED] - sendKeys(findTestObject("Account repository/Page_Accounts/input JP"), Keys.chord(ENTER)): Keys 'ENTER + ' sent to object: 'Object Repository/Account repository/Page_Accounts/input JP'

2020-06-23 14:13:17 - [MESSAGE][PASSED] - Keys 'ENTER + ' sent to object: 'Object Repository/Account repository/Page_Accounts/input JP'

2020-06-23 14:13:17 - [TEST_STEP][PASSED] - setText(findTestObject("Account repository/Page_Accounts/input__Branch"), findTestData("Account Test Data/D3").getValue(5, 1)): Text 'จัดซื้อแยก Localized Purchasing' is set on object 'Object Repository/Account repository/Page_Accounts/input__Branch'

2020-06-23 14:13:19 - [MESSAGE][PASSED] - Text 'จัดซื้อแยก Localized Purchasing' is set on object 'Object Repository/Account repository/Page_Accounts/input__Branch'

2020-06-23 14:13:19 - [TEST_STEP][PASSED] - setText(findTestObject("Account repository/Page_Accounts/input__Purchasing"), findTestData("Account Test Data/D3").getValue(6, 1)): Text '00001' is set on object 'Object Repository/Account repository/Page_Accounts/input__Purchasing'

2020-06-23 14:13:20 - [MESSAGE][PASSED] - Text '00001' is set on object 'Object Repository/Account repository/Page_Accounts/input__Purchasing'

2020-06-23 14:13:20 - [TEST_STEP][PASSED] - setText(findTestObject("Account repository/Page_Accounts/address"), findTestData("Account Test Data/D3").getValue(7, 1)): Text 'Chaing Mai University' is set on object 'Object Repository/Account repository/Page_Accounts/address'

2020-06-23 14:13:20 - [MESSAGE][PASSED] - Text 'Chaing Mai University' is set on object 'Object Repository/Account repository/Page_Accounts/address'

2020-06-23 14:13:20 - [TEST_STEP][PASSED] - click(findTestObject("Account repository/Page_Accounts/searchZ")): Object: 'Object Repository/Account repository/Page_Accounts/searchZ' is clicked on

2020-06-23 14:13:21 - [MESSAGE][PASSED] - Object: 'Object Repository/Account repository/Page_Accounts/searchZ' is clicked on

2020-06-23 14:13:21 - [TEST_STEP][PASSED] - switchToWindowTitle("ZONE"): Switched to window with title: 'ZONE'

2020-06-23 14:13:23 - [MESSAGE][PASSED] - Switched to window with title: 'ZONE'

2020-06-23 14:13:23 - [TEST_STEP][PASSED] - click(findTestObject("Account repository/Page_ZONE/a_270207")): Object: 'Object Repository/Account repository/Page_ZONE/a_270207' is clicked on

2020-06-23 14:13:23 - [MESSAGE][PASSED] - Object: 'Object Repository/Account repository/Page_ZONE/a_270207' is clicked on

2020-06-23 14:13:23 - [TEST_STEP][PASSED] - switchToDefaultContent(): null

2020-06-23 14:13:26 - [TEST_STEP][PASSED] - setText(findTestObject("Account repository/Page_Accounts/Tax no"), findTestData("Account Test Data/D3").getValue(8, 1)): Text '270207' is set on object 'Object Repository/Account repository/Page_Accounts/Tax no'

2020-06-23 14:13:26 - [MESSAGE][PASSED] - Text '270207' is set on object 'Object Repository/Account repository/Page_Accounts/Tax no'

2020-06-23 14:13:26 - [TEST_STEP][PASSED] - click(findTestObject("Account repository/Page_Accounts/button_Save Account")): Object: 'Object Repository/Account repository/Page_Accounts/button_Save Account' is clicked on

2020-06-23 14:13:27 - [MESSAGE][PASSED] - Object: 'Object Repository/Account repository/Page_Accounts/button_Save Account' is clicked on

2020-06-23 14:13:27 - [TEST_STEP][PASSED] - click(findTestObject("Account repository/Page_Accounts/clear")): Object: 'Object Repository/Account repository/Page_Accounts/clear' is clicked on

2020-06-23 14:13:27 - [MESSAGE][PASSED] - Object: 'Object Repository/Account repository/Page_Accounts/clear' is clicked on

2020-06-23 14:13:27 - [TEST_STEP][PASSED] - delay(1): Delayed 1 second(s)

2020-06-23 14:13:28 - [MESSAGE][PASSED] - Delayed 1 second(s)]]></system-out>
         <system-err><![CDATA[]]></system-err>
      </testcase>
      <testcase name="Test Cases/Account Test Case/2-for test suite" time="20.73" classname="Test Cases/Account Test Case/2-for test suite" status="PASSED">
         <system-out><![CDATA[2020-06-23 14:13:28 - [TEST_CASE][PASSED] - Test Cases/Account Test Case/2-for test suite: Test Cases/Account Test Case/2-for test suite

2020-06-23 14:13:28 - [TEST_STEP][PASSED] - setText(findTestObject("Account repository/Page_Accounts/input__accountname"), findTestData("Account Test Data/D2").getValue(1, 1)): Text 'ภูมิพัจน์' is set on object 'Object Repository/Account repository/Page_Accounts/input__accountname'

2020-06-23 14:13:29 - [MESSAGE][PASSED] - Text 'ภูมิพัจน์' is set on object 'Object Repository/Account repository/Page_Accounts/input__accountname'

2020-06-23 14:13:29 - [TEST_STEP][PASSED] - setText(findTestObject("Account repository/Page_Accounts/input__accENG"), findTestData("Account Test Data/D2").getValue(2, 1)): Text 'Pumipat' is set on object 'Object Repository/Account repository/Page_Accounts/input__accENG'

2020-06-23 14:13:30 - [MESSAGE][PASSED] - Text 'Pumipat' is set on object 'Object Repository/Account repository/Page_Accounts/input__accENG'

2020-06-23 14:13:30 - [TEST_STEP][PASSED] - click(findTestObject("Account repository/Page_Accounts/acc status")): Object: 'Object Repository/Account repository/Page_Accounts/acc status' is clicked on

2020-06-23 14:13:31 - [MESSAGE][PASSED] - Object: 'Object Repository/Account repository/Page_Accounts/acc status' is clicked on

2020-06-23 14:13:31 - [TEST_STEP][PASSED] - setText(findTestObject("Account repository/Page_Accounts/input acc status"), "Prospect"): Text 'Prospect' is set on object 'Object Repository/Account repository/Page_Accounts/input acc status'

2020-06-23 14:13:32 - [MESSAGE][PASSED] - Text 'Prospect' is set on object 'Object Repository/Account repository/Page_Accounts/input acc status'

2020-06-23 14:13:32 - [TEST_STEP][PASSED] - sendKeys(findTestObject("Account repository/Page_Accounts/input acc status"), Keys.chord(ENTER)): Keys 'ENTER + ' sent to object: 'Object Repository/Account repository/Page_Accounts/input acc status'

2020-06-23 14:13:32 - [MESSAGE][PASSED] - Keys 'ENTER + ' sent to object: 'Object Repository/Account repository/Page_Accounts/input acc status'

2020-06-23 14:13:32 - [TEST_STEP][PASSED] - click(findTestObject("Account repository/Page_Accounts/custome segment")): Object: 'Object Repository/Account repository/Page_Accounts/custome segment' is clicked on

2020-06-23 14:13:33 - [MESSAGE][PASSED] - Object: 'Object Repository/Account repository/Page_Accounts/custome segment' is clicked on

2020-06-23 14:13:33 - [TEST_STEP][PASSED] - setText(findTestObject("Account repository/Page_Accounts/input customer segment"), findTestData("Account Test Data/D2").getValue(3, 1)): Text 'SME' is set on object 'Object Repository/Account repository/Page_Accounts/input customer segment'

2020-06-23 14:13:34 - [MESSAGE][PASSED] - Text 'SME' is set on object 'Object Repository/Account repository/Page_Accounts/input customer segment'

2020-06-23 14:13:34 - [TEST_STEP][PASSED] - sendKeys(findTestObject("Account repository/Page_Accounts/input customer segment"), Keys.chord(ENTER)): Keys 'ENTER + ' sent to object: 'Object Repository/Account repository/Page_Accounts/input customer segment'

2020-06-23 14:13:34 - [MESSAGE][PASSED] - Keys 'ENTER + ' sent to object: 'Object Repository/Account repository/Page_Accounts/input customer segment'

2020-06-23 14:13:34 - [TEST_STEP][PASSED] - click(findTestObject("Account repository/Page_Accounts/company level")): Object: 'Object Repository/Account repository/Page_Accounts/company level' is clicked on

2020-06-23 14:13:35 - [MESSAGE][PASSED] - Object: 'Object Repository/Account repository/Page_Accounts/company level' is clicked on

2020-06-23 14:13:35 - [TEST_STEP][PASSED] - setText(findTestObject("Account repository/Page_Accounts/input company level"), findTestData("Account Test Data/D2").getValue(4, 1)): Text 'Head Office' is set on object 'Object Repository/Account repository/Page_Accounts/input company level'

2020-06-23 14:13:36 - [MESSAGE][PASSED] - Text 'Head Office' is set on object 'Object Repository/Account repository/Page_Accounts/input company level'

2020-06-23 14:13:36 - [TEST_STEP][PASSED] - sendKeys(findTestObject("Account repository/Page_Accounts/input company level"), Keys.chord(ENTER)): Keys 'ENTER + ' sent to object: 'Object Repository/Account repository/Page_Accounts/input company level'

2020-06-23 14:13:36 - [MESSAGE][PASSED] - Keys 'ENTER + ' sent to object: 'Object Repository/Account repository/Page_Accounts/input company level'

2020-06-23 14:13:36 - [TEST_STEP][PASSED] - click(findTestObject("Account repository/Page_Accounts/JP")): Object: 'Object Repository/Account repository/Page_Accounts/JP' is clicked on

2020-06-23 14:13:37 - [MESSAGE][PASSED] - Object: 'Object Repository/Account repository/Page_Accounts/JP' is clicked on

2020-06-23 14:13:37 - [TEST_STEP][PASSED] - setText(findTestObject("Account repository/Page_Accounts/input JP"), findTestData("Account Test Data/D2").getValue(5, 1)): Text 'Yes' is set on object 'Object Repository/Account repository/Page_Accounts/input JP'

2020-06-23 14:13:38 - [MESSAGE][PASSED] - Text 'Yes' is set on object 'Object Repository/Account repository/Page_Accounts/input JP'

2020-06-23 14:13:38 - [TEST_STEP][PASSED] - sendKeys(findTestObject("Account repository/Page_Accounts/input JP"), Keys.chord(ENTER)): Keys 'ENTER + ' sent to object: 'Object Repository/Account repository/Page_Accounts/input JP'

2020-06-23 14:13:38 - [MESSAGE][PASSED] - Keys 'ENTER + ' sent to object: 'Object Repository/Account repository/Page_Accounts/input JP'

2020-06-23 14:13:38 - [TEST_STEP][PASSED] - setText(findTestObject("Account repository/Page_Accounts/input__Branch"), findTestData("Account Test Data/D2").getValue(7, 1)): Text '00001' is set on object 'Object Repository/Account repository/Page_Accounts/input__Branch'

2020-06-23 14:13:39 - [MESSAGE][PASSED] - Text '00001' is set on object 'Object Repository/Account repository/Page_Accounts/input__Branch'

2020-06-23 14:13:39 - [TEST_STEP][PASSED] - setText(findTestObject("Account repository/Page_Accounts/input__Purchasing"), findTestData("Account Test Data/D2").getValue(6, 1)): Text 'จัดซื้อแยกLocalized Purchasing' is set on object 'Object Repository/Account repository/Page_Accounts/input__Purchasing'

2020-06-23 14:13:41 - [MESSAGE][PASSED] - Text 'จัดซื้อแยกLocalized Purchasing' is set on object 'Object Repository/Account repository/Page_Accounts/input__Purchasing'

2020-06-23 14:13:41 - [TEST_STEP][PASSED] - setText(findTestObject("Account repository/Page_Accounts/input__phone"), findTestData("Account Test Data/D2").getValue(9, 1)): Text '0945839838' is set on object 'Object Repository/Account repository/Page_Accounts/input__phone'

2020-06-23 14:13:41 - [MESSAGE][PASSED] - Text '0945839838' is set on object 'Object Repository/Account repository/Page_Accounts/input__phone'

2020-06-23 14:13:41 - [TEST_STEP][PASSED] - setText(findTestObject("Account repository/Page_Accounts/address"), findTestData("Account Test Data/D2").getValue(10, 1)): Text 'Chaing Mai University' is set on object 'Object Repository/Account repository/Page_Accounts/address'

2020-06-23 14:13:43 - [MESSAGE][PASSED] - Text 'Chaing Mai University' is set on object 'Object Repository/Account repository/Page_Accounts/address'

2020-06-23 14:13:43 - [TEST_STEP][PASSED] - click(findTestObject("Account repository/Page_Accounts/searchZ")): Object: 'Object Repository/Account repository/Page_Accounts/searchZ' is clicked on

2020-06-23 14:13:43 - [MESSAGE][PASSED] - Object: 'Object Repository/Account repository/Page_Accounts/searchZ' is clicked on

2020-06-23 14:13:43 - [TEST_STEP][PASSED] - switchToWindowTitle("ZONE"): Switched to window with title: 'ZONE'

2020-06-23 14:13:45 - [MESSAGE][PASSED] - Switched to window with title: 'ZONE'

2020-06-23 14:13:45 - [TEST_STEP][PASSED] - click(findTestObject("Account repository/Page_ZONE/a_270207")): Object: 'Object Repository/Account repository/Page_ZONE/a_270207' is clicked on

2020-06-23 14:13:45 - [MESSAGE][PASSED] - Object: 'Object Repository/Account repository/Page_ZONE/a_270207' is clicked on

2020-06-23 14:13:45 - [TEST_STEP][PASSED] - switchToDefaultContent(): null

2020-06-23 14:13:47 - [TEST_STEP][PASSED] - setText(findTestObject("Account repository/Page_Accounts/Tax no"), findTestData("Account Test Data/D2").getValue(12, 1)): Text '0121231234' is set on object 'Object Repository/Account repository/Page_Accounts/Tax no'

2020-06-23 14:13:48 - [MESSAGE][PASSED] - Text '0121231234' is set on object 'Object Repository/Account repository/Page_Accounts/Tax no'

2020-06-23 14:13:48 - [TEST_STEP][PASSED] - click(findTestObject("Account repository/Page_Accounts/button_Save Account")): Object: 'Object Repository/Account repository/Page_Accounts/button_Save Account' is clicked on

2020-06-23 14:13:49 - [MESSAGE][PASSED] - Object: 'Object Repository/Account repository/Page_Accounts/button_Save Account' is clicked on]]></system-out>
         <system-err><![CDATA[]]></system-err>
      </testcase>
      <system-out><![CDATA[2020-06-23 14:12:53 - [TEST_SUITE][PASSED] - 3-View the Detail View information: Test Cases/Account Test Case/2-for test suite]]></system-out>
      <system-err><![CDATA[]]></system-err>
   </testsuite>
</testsuites>
