<?xml version="1.0" encoding="UTF-8"?>
<testsuites name="2" time="67.237" tests="4" failures="0" errors="0">
   <testsuite name="2" tests="4" failures="0" errors="0" time="67.237" timestamp="2020-07-16 23:10:14" hostname="WIN10 - DESKTOP-0NVCT6K" id="Test Suites/E-Lead Usecase/2">
      <properties>
         <property name="deviceName" value=""/>
         <property name="devicePlatform" value=""/>
         <property name="logFolder" value="C:\\Users\\WIN10\\git\\Best-Project\\Reports\\20200716_231012\\E-Lead Usecase\\2\\20200716_231012"/>
         <property name="logFiles" value="C:\\Users\\WIN10\\git\\Best-Project\\Reports\\20200716_231012\\E-Lead Usecase\\2\\20200716_231012\\execution0.log"/>
         <property name="attachments" value=""/>
         <property name="hostName" value="WIN10 - DESKTOP-0NVCT6K"/>
         <property name="os" value="Windows 10 64bit"/>
         <property name="katalonVersion" value="7.5.2.1"/>
         <property name="browser" value="Chrome 83.0.4103.116"/>
         <property name="hostAddress" value="192.168.1.2"/>
         <property name="sessionId" value="962dfecaabd666cdf476aa61e9afcfdb"/>
         <property name="seleniumVersion" value="3.141.59"/>
         <property name="proxyInformation" value="ProxyInformation { proxyOption=NO_PROXY, proxyServerType=HTTP, username=, password=********, proxyServerAddress=, proxyServerPort=0, executionList=\&quot;\&quot;, isApplyToDesiredCapabilities=true }"/>
         <property name="platform" value="Windows 10"/>
      </properties>
      <testcase name="Test Cases/E-Lead Test Case/1" time="17.362" classname="Test Cases/E-Lead Test Case/1" status="PASSED">
         <system-out><![CDATA[2020-07-16 23:10:14 - [TEST_CASE][PASSED] - Test Cases/E-Lead Test Case/1: Test Cases/E-Lead Test Case/1

2020-07-16 23:10:15 - [TEST_STEP][PASSED] - openBrowser("http://crmc.opencloud.digital:64216/index.php"): Browser is opened with url: 'http://crmc.opencloud.digital:64216/index.php'

2020-07-16 23:10:15 - [MESSAGE][INFO] - Starting 'Chrome' driver

2020-07-16 23:10:15 - [MESSAGE][INFO] - Action delay is set to 0 milliseconds

2020-07-16 23:10:20 - [MESSAGE][PASSED] - Browser is opened with url: 'http://crmc.opencloud.digital:64216/index.php'

2020-07-16 23:10:20 - [TEST_STEP][PASSED] - setText(findTestObject("Account repository/Login/input_User name_username"), findTestData("Calendar Test Data/D1").getValue(1, 1)): Text 'admin' is set on object 'Object Repository/Account repository/Login/input_User name_username'

2020-07-16 23:10:21 - [MESSAGE][PASSED] - Text 'admin' is set on object 'Object Repository/Account repository/Login/input_User name_username'

2020-07-16 23:10:21 - [TEST_STEP][PASSED] - setText(findTestObject("Account repository/Login/input_Password_password"), findTestData("Calendar Test Data/D1").getValue(2, 1)): Text '1qaz2WSX3edc ' is set on object 'Object Repository/Account repository/Login/input_Password_password'

2020-07-16 23:10:21 - [MESSAGE][PASSED] - Text '1qaz2WSX3edc ' is set on object 'Object Repository/Account repository/Login/input_Password_password'

2020-07-16 23:10:21 - [TEST_STEP][PASSED] - click(findTestObject("Account repository/Login/button_Sign in")): Object: 'Object Repository/Account repository/Login/button_Sign in' is clicked on

2020-07-16 23:10:23 - [MESSAGE][PASSED] - Object: 'Object Repository/Account repository/Login/button_Sign in' is clicked on

2020-07-16 23:10:23 - [TEST_STEP][PASSED] - click(findTestObject("E-Lead repository/Page_Home/a_E-Lead")): Object: 'Object Repository/E-Lead repository/Page_Home/a_E-Lead' is clicked on

2020-07-16 23:10:30 - [MESSAGE][PASSED] - Object: 'Object Repository/E-Lead repository/Page_Home/a_E-Lead' is clicked on

2020-07-16 23:10:30 - [TEST_STEP][PASSED] - delay(2): Delayed 2 second(s)

2020-07-16 23:10:32 - [MESSAGE][PASSED] - Delayed 2 second(s)]]></system-out>
         <system-err><![CDATA[]]></system-err>
      </testcase>
      <testcase name="Test Cases/E-Lead Test Case/4" time="4.284" classname="Test Cases/E-Lead Test Case/4" status="PASSED">
         <system-out><![CDATA[2020-07-16 23:10:32 - [TEST_CASE][PASSED] - Test Cases/E-Lead Test Case/4: Test Cases/E-Lead Test Case/4

2020-07-16 23:10:32 - [TEST_STEP][PASSED] - click(findTestObject("E-Lead repository/Page_E-Lead/button_Add E-Lead")): Object: 'Object Repository/E-Lead repository/Page_E-Lead/button_Add E-Lead' is clicked on

2020-07-16 23:10:33 - [MESSAGE][PASSED] - Object: 'Object Repository/E-Lead repository/Page_E-Lead/button_Add E-Lead' is clicked on

2020-07-16 23:10:33 - [TEST_STEP][PASSED] - click(findTestObject("E-Lead repository/Page_E-Lead/button_Save E-Lead")): Object: 'Object Repository/E-Lead repository/Page_E-Lead/button_Save E-Lead' is clicked on

2020-07-16 23:10:34 - [MESSAGE][PASSED] - Object: 'Object Repository/E-Lead repository/Page_E-Lead/button_Save E-Lead' is clicked on

2020-07-16 23:10:34 - [TEST_STEP][PASSED] - delay(2): Delayed 2 second(s)

2020-07-16 23:10:36 - [MESSAGE][PASSED] - Delayed 2 second(s)]]></system-out>
         <system-err><![CDATA[]]></system-err>
      </testcase>
      <testcase name="Test Cases/E-Lead Test Case/3" time="20.422" classname="Test Cases/E-Lead Test Case/3" status="PASSED">
         <system-out><![CDATA[2020-07-16 23:10:36 - [TEST_CASE][PASSED] - Test Cases/E-Lead Test Case/3: Test Cases/E-Lead Test Case/3

2020-07-16 23:10:36 - [TEST_STEP][PASSED] - setText(findTestObject("E-Lead repository/Page_E-Lead/input__eleadname"), findTestData("E-Lead Test Data/D4").getValue(1, 1)): Text 'เครื่องคอมพิวเตอร์' is set on object 'Object Repository/E-Lead repository/Page_E-Lead/input__eleadname'

2020-07-16 23:10:37 - [MESSAGE][PASSED] - Text 'เครื่องคอมพิวเตอร์' is set on object 'Object Repository/E-Lead repository/Page_E-Lead/input__eleadname'

2020-07-16 23:10:37 - [TEST_STEP][PASSED] - click(findTestObject("E-Lead repository/Page_E-Lead/Lead Source")): Object: 'Object Repository/E-Lead repository/Page_E-Lead/Lead Source' is clicked on

2020-07-16 23:10:37 - [MESSAGE][PASSED] - Object: 'Object Repository/E-Lead repository/Page_E-Lead/Lead Source' is clicked on

2020-07-16 23:10:37 - [TEST_STEP][PASSED] - setText(findTestObject("E-Lead repository/Page_E-Lead/input Lead Source"), findTestData("E-Lead Test Data/D3").getValue(5, 1)): Text 'Direct Mail' is set on object 'Object Repository/E-Lead repository/Page_E-Lead/input Lead Source'

2020-07-16 23:10:39 - [MESSAGE][PASSED] - Text 'Direct Mail' is set on object 'Object Repository/E-Lead repository/Page_E-Lead/input Lead Source'

2020-07-16 23:10:39 - [TEST_STEP][PASSED] - sendKeys(findTestObject("E-Lead repository/Page_E-Lead/input Lead Source"), Keys.chord(ENTER)): Keys 'ENTER + ' sent to object: 'Object Repository/E-Lead repository/Page_E-Lead/input Lead Source'

2020-07-16 23:10:39 - [MESSAGE][PASSED] - Keys 'ENTER + ' sent to object: 'Object Repository/E-Lead repository/Page_E-Lead/input Lead Source'

2020-07-16 23:10:39 - [TEST_STEP][PASSED] - click(findTestObject("E-Lead repository/Page_E-Lead/serch accouts name")): Object: 'Object Repository/E-Lead repository/Page_E-Lead/serch accouts name' is clicked on

2020-07-16 23:10:40 - [MESSAGE][PASSED] - Object: 'Object Repository/E-Lead repository/Page_E-Lead/serch accouts name' is clicked on

2020-07-16 23:10:40 - [TEST_STEP][PASSED] - switchToWindowTitle("Accounts"): Switched to window with title: 'Accounts'

2020-07-16 23:10:42 - [MESSAGE][PASSED] - Switched to window with title: 'Accounts'

2020-07-16 23:10:42 - [TEST_STEP][PASSED] - click(findTestObject("E-Lead repository/Page_Accounts/a_   sirinrut")): Object: 'Object Repository/E-Lead repository/Page_Accounts/a_   sirinrut' is clicked on

2020-07-16 23:10:42 - [MESSAGE][PASSED] - Object: 'Object Repository/E-Lead repository/Page_Accounts/a_   sirinrut' is clicked on

2020-07-16 23:10:42 - [TEST_STEP][PASSED] - switchToDefaultContent(): null

2020-07-16 23:10:44 - [TEST_STEP][PASSED] - click(findTestObject("E-Lead repository/Page_E-Lead/Rating")): Object: 'Object Repository/E-Lead repository/Page_E-Lead/Rating' is clicked on

2020-07-16 23:10:45 - [MESSAGE][PASSED] - Object: 'Object Repository/E-Lead repository/Page_E-Lead/Rating' is clicked on

2020-07-16 23:10:45 - [TEST_STEP][PASSED] - setText(findTestObject("E-Lead repository/Page_E-Lead/input Rating"), findTestData("E-Lead Test Data/D3").getValue(6, 1)): Text 'Very Hot' is set on object 'Object Repository/E-Lead repository/Page_E-Lead/input Rating'

2020-07-16 23:10:45 - [MESSAGE][PASSED] - Text 'Very Hot' is set on object 'Object Repository/E-Lead repository/Page_E-Lead/input Rating'

2020-07-16 23:10:45 - [TEST_STEP][PASSED] - sendKeys(findTestObject("E-Lead repository/Page_E-Lead/input Rating"), Keys.chord(ENTER)): Keys 'ENTER + ' sent to object: 'Object Repository/E-Lead repository/Page_E-Lead/input Rating'

2020-07-16 23:10:46 - [MESSAGE][PASSED] - Keys 'ENTER + ' sent to object: 'Object Repository/E-Lead repository/Page_E-Lead/input Rating'

2020-07-16 23:10:46 - [TEST_STEP][PASSED] - setText(findTestObject("E-Lead repository/Page_E-Lead/textarea__Adress"), findTestData("E-Lead Test Data/D3").getValue(7, 1)): Text 'เลขที่ 242/1 ถนนเทศบาลนิมิตรเหนือ' is set on object 'Object Repository/E-Lead repository/Page_E-Lead/textarea__Adress'

2020-07-16 23:10:47 - [MESSAGE][PASSED] - Text 'เลขที่ 242/1 ถนนเทศบาลนิมิตรเหนือ' is set on object 'Object Repository/E-Lead repository/Page_E-Lead/textarea__Adress'

2020-07-16 23:10:47 - [TEST_STEP][PASSED] - click(findTestObject("E-Lead repository/Page_E-Lead/Search first Name")): Object: 'Object Repository/E-Lead repository/Page_E-Lead/Search first Name' is clicked on

2020-07-16 23:10:48 - [MESSAGE][PASSED] - Object: 'Object Repository/E-Lead repository/Page_E-Lead/Search first Name' is clicked on

2020-07-16 23:10:48 - [TEST_STEP][PASSED] - switchToWindowTitle("Contacts"): Switched to window with title: 'Contacts'

2020-07-16 23:10:50 - [MESSAGE][PASSED] - Switched to window with title: 'Contacts'

2020-07-16 23:10:50 - [TEST_STEP][PASSED] - click(findTestObject("E-Lead repository/Page_Contacts/a_Suwanna")): Object: 'Object Repository/E-Lead repository/Page_Contacts/a_Suwanna' is clicked on

2020-07-16 23:10:50 - [MESSAGE][PASSED] - Object: 'Object Repository/E-Lead repository/Page_Contacts/a_Suwanna' is clicked on

2020-07-16 23:10:50 - [TEST_STEP][PASSED] - switchToDefaultContent(): null

2020-07-16 23:10:52 - [TEST_STEP][PASSED] - setText(findTestObject("E-Lead repository/Page_E-Lead/textarea__description"), findTestData("E-Lead Test Data/D3").getValue(10, 1)): Text 'Test Create E-Lead' is set on object 'Object Repository/E-Lead repository/Page_E-Lead/textarea__description'

2020-07-16 23:10:53 - [MESSAGE][PASSED] - Text 'Test Create E-Lead' is set on object 'Object Repository/E-Lead repository/Page_E-Lead/textarea__description'

2020-07-16 23:10:53 - [TEST_STEP][PASSED] - setText(findTestObject("E-Lead repository/Page_E-Lead/input__sender com"), findTestData("E-Lead Test Data/D3").getValue(11, 1)): Text '30' is set on object 'Object Repository/E-Lead repository/Page_E-Lead/input__sender com'

2020-07-16 23:10:53 - [MESSAGE][PASSED] - Text '30' is set on object 'Object Repository/E-Lead repository/Page_E-Lead/input__sender com'

2020-07-16 23:10:53 - [TEST_STEP][PASSED] - setText(findTestObject("E-Lead repository/Page_E-Lead/input__reciever com"), findTestData("E-Lead Test Data/D3").getValue(12, 1)): Text '70' is set on object 'Object Repository/E-Lead repository/Page_E-Lead/input__reciever com'

2020-07-16 23:10:54 - [MESSAGE][PASSED] - Text '70' is set on object 'Object Repository/E-Lead repository/Page_E-Lead/input__reciever com'

2020-07-16 23:10:54 - [TEST_STEP][PASSED] - click(findTestObject("E-Lead repository/Page_E-Lead/button_Save E-Lead")): Object: 'Object Repository/E-Lead repository/Page_E-Lead/button_Save E-Lead' is clicked on

2020-07-16 23:10:54 - [MESSAGE][PASSED] - Object: 'Object Repository/E-Lead repository/Page_E-Lead/button_Save E-Lead' is clicked on

2020-07-16 23:10:54 - [TEST_STEP][PASSED] - delay(2): Delayed 2 second(s)

2020-07-16 23:10:56 - [MESSAGE][PASSED] - Delayed 2 second(s)]]></system-out>
         <system-err><![CDATA[]]></system-err>
      </testcase>
      <testcase name="Test Cases/E-Lead Test Case/2" time="24.14" classname="Test Cases/E-Lead Test Case/2" status="PASSED">
         <system-out><![CDATA[2020-07-16 23:10:56 - [TEST_CASE][PASSED] - Test Cases/E-Lead Test Case/2: Test Cases/E-Lead Test Case/2

2020-07-16 23:10:57 - [TEST_STEP][PASSED] - setText(findTestObject("E-Lead repository/Page_E-Lead/input__eleadname"), findTestData("E-Lead Test Data/D4").getValue(1, 1)): Text 'เครื่องคอมพิวเตอร์' is set on object 'Object Repository/E-Lead repository/Page_E-Lead/input__eleadname'

2020-07-16 23:10:58 - [MESSAGE][PASSED] - Text 'เครื่องคอมพิวเตอร์' is set on object 'Object Repository/E-Lead repository/Page_E-Lead/input__eleadname'

2020-07-16 23:10:58 - [TEST_STEP][PASSED] - click(findTestObject("E-Lead repository/Page_E-Lead/Lead Source")): Object: 'Object Repository/E-Lead repository/Page_E-Lead/Lead Source' is clicked on

2020-07-16 23:10:58 - [MESSAGE][PASSED] - Object: 'Object Repository/E-Lead repository/Page_E-Lead/Lead Source' is clicked on

2020-07-16 23:10:58 - [TEST_STEP][PASSED] - setText(findTestObject("E-Lead repository/Page_E-Lead/input Lead Source"), findTestData("E-Lead Test Data/D3").getValue(5, 1)): Text 'Direct Mail' is set on object 'Object Repository/E-Lead repository/Page_E-Lead/input Lead Source'

2020-07-16 23:10:59 - [MESSAGE][PASSED] - Text 'Direct Mail' is set on object 'Object Repository/E-Lead repository/Page_E-Lead/input Lead Source'

2020-07-16 23:10:59 - [TEST_STEP][PASSED] - sendKeys(findTestObject("E-Lead repository/Page_E-Lead/input Lead Source"), Keys.chord(ENTER)): Keys 'ENTER + ' sent to object: 'Object Repository/E-Lead repository/Page_E-Lead/input Lead Source'

2020-07-16 23:11:00 - [MESSAGE][PASSED] - Keys 'ENTER + ' sent to object: 'Object Repository/E-Lead repository/Page_E-Lead/input Lead Source'

2020-07-16 23:11:00 - [TEST_STEP][PASSED] - click(findTestObject("E-Lead repository/Page_E-Lead/serch accouts name")): Object: 'Object Repository/E-Lead repository/Page_E-Lead/serch accouts name' is clicked on

2020-07-16 23:11:00 - [MESSAGE][PASSED] - Object: 'Object Repository/E-Lead repository/Page_E-Lead/serch accouts name' is clicked on

2020-07-16 23:11:00 - [TEST_STEP][PASSED] - switchToWindowTitle("Accounts"): Switched to window with title: 'Accounts'

2020-07-16 23:11:02 - [MESSAGE][PASSED] - Switched to window with title: 'Accounts'

2020-07-16 23:11:02 - [TEST_STEP][PASSED] - click(findTestObject("E-Lead repository/Page_Accounts/a_   sirinrut")): Object: 'Object Repository/E-Lead repository/Page_Accounts/a_   sirinrut' is clicked on

2020-07-16 23:11:03 - [MESSAGE][PASSED] - Object: 'Object Repository/E-Lead repository/Page_Accounts/a_   sirinrut' is clicked on

2020-07-16 23:11:03 - [TEST_STEP][PASSED] - switchToDefaultContent(): null

2020-07-16 23:11:05 - [TEST_STEP][PASSED] - click(findTestObject("E-Lead repository/Page_E-Lead/Rating")): Object: 'Object Repository/E-Lead repository/Page_E-Lead/Rating' is clicked on

2020-07-16 23:11:05 - [MESSAGE][PASSED] - Object: 'Object Repository/E-Lead repository/Page_E-Lead/Rating' is clicked on

2020-07-16 23:11:05 - [TEST_STEP][PASSED] - setText(findTestObject("E-Lead repository/Page_E-Lead/input Rating"), findTestData("E-Lead Test Data/D3").getValue(6, 1)): Text 'Very Hot' is set on object 'Object Repository/E-Lead repository/Page_E-Lead/input Rating'

2020-07-16 23:11:06 - [MESSAGE][PASSED] - Text 'Very Hot' is set on object 'Object Repository/E-Lead repository/Page_E-Lead/input Rating'

2020-07-16 23:11:06 - [TEST_STEP][PASSED] - sendKeys(findTestObject("E-Lead repository/Page_E-Lead/input Rating"), Keys.chord(ENTER)): Keys 'ENTER + ' sent to object: 'Object Repository/E-Lead repository/Page_E-Lead/input Rating'

2020-07-16 23:11:06 - [MESSAGE][PASSED] - Keys 'ENTER + ' sent to object: 'Object Repository/E-Lead repository/Page_E-Lead/input Rating'

2020-07-16 23:11:06 - [TEST_STEP][PASSED] - setText(findTestObject("E-Lead repository/Page_E-Lead/textarea__Adress"), findTestData("E-Lead Test Data/D3").getValue(7, 1)): Text 'เลขที่ 242/1 ถนนเทศบาลนิมิตรเหนือ' is set on object 'Object Repository/E-Lead repository/Page_E-Lead/textarea__Adress'

2020-07-16 23:11:07 - [MESSAGE][PASSED] - Text 'เลขที่ 242/1 ถนนเทศบาลนิมิตรเหนือ' is set on object 'Object Repository/E-Lead repository/Page_E-Lead/textarea__Adress'

2020-07-16 23:11:07 - [TEST_STEP][PASSED] - click(findTestObject("E-Lead repository/Page_E-Lead/Search first Name")): Object: 'Object Repository/E-Lead repository/Page_E-Lead/Search first Name' is clicked on

2020-07-16 23:11:08 - [MESSAGE][PASSED] - Object: 'Object Repository/E-Lead repository/Page_E-Lead/Search first Name' is clicked on

2020-07-16 23:11:08 - [TEST_STEP][PASSED] - switchToWindowTitle("Contacts"): Switched to window with title: 'Contacts'

2020-07-16 23:11:10 - [MESSAGE][PASSED] - Switched to window with title: 'Contacts'

2020-07-16 23:11:10 - [TEST_STEP][PASSED] - click(findTestObject("E-Lead repository/Page_Contacts/a_Suwanna")): Object: 'Object Repository/E-Lead repository/Page_Contacts/a_Suwanna' is clicked on

2020-07-16 23:11:10 - [MESSAGE][PASSED] - Object: 'Object Repository/E-Lead repository/Page_Contacts/a_Suwanna' is clicked on

2020-07-16 23:11:10 - [TEST_STEP][PASSED] - switchToDefaultContent(): null

2020-07-16 23:11:12 - [TEST_STEP][PASSED] - setText(findTestObject("E-Lead repository/Page_E-Lead/textarea__description"), findTestData("E-Lead Test Data/D3").getValue(10, 1)): Text 'Test Create E-Lead' is set on object 'Object Repository/E-Lead repository/Page_E-Lead/textarea__description'

2020-07-16 23:11:13 - [MESSAGE][PASSED] - Text 'Test Create E-Lead' is set on object 'Object Repository/E-Lead repository/Page_E-Lead/textarea__description'

2020-07-16 23:11:13 - [TEST_STEP][PASSED] - setText(findTestObject("E-Lead repository/Page_E-Lead/input__sender com"), findTestData("E-Lead Test Data/D3").getValue(11, 1)): Text '30' is set on object 'Object Repository/E-Lead repository/Page_E-Lead/input__sender com'

2020-07-16 23:11:14 - [MESSAGE][PASSED] - Text '30' is set on object 'Object Repository/E-Lead repository/Page_E-Lead/input__sender com'

2020-07-16 23:11:14 - [TEST_STEP][PASSED] - setText(findTestObject("E-Lead repository/Page_E-Lead/input__reciever com"), findTestData("E-Lead Test Data/D3").getValue(12, 1)): Text '70' is set on object 'Object Repository/E-Lead repository/Page_E-Lead/input__reciever com'

2020-07-16 23:11:15 - [MESSAGE][PASSED] - Text '70' is set on object 'Object Repository/E-Lead repository/Page_E-Lead/input__reciever com'

2020-07-16 23:11:15 - [TEST_STEP][PASSED] - setText(findTestObject("E-Lead repository/Page_E-Lead/input__sender name"), findTestData("E-Lead Test Data/D3").getValue(13, 1)): Text 'Lukkhana Thaipermpol' is set on object 'Object Repository/E-Lead repository/Page_E-Lead/input__sender name'

2020-07-16 23:11:16 - [MESSAGE][PASSED] - Text 'Lukkhana Thaipermpol' is set on object 'Object Repository/E-Lead repository/Page_E-Lead/input__sender name'

2020-07-16 23:11:16 - [TEST_STEP][PASSED] - setText(findTestObject("E-Lead repository/Page_E-Lead/input__employee number"), findTestData("E-Lead Test Data/D3").getValue(14, 1)): Text '570245' is set on object 'Object Repository/E-Lead repository/Page_E-Lead/input__employee number'

2020-07-16 23:11:17 - [MESSAGE][PASSED] - Text '570245' is set on object 'Object Repository/E-Lead repository/Page_E-Lead/input__employee number'

2020-07-16 23:11:17 - [TEST_STEP][PASSED] - setText(findTestObject("E-Lead repository/Page_E-Lead/input__department"), findTestData("E-Lead Test Data/D3").getValue(15, 1)): Text 'CEM' is set on object 'Object Repository/E-Lead repository/Page_E-Lead/input__department'

2020-07-16 23:11:18 - [MESSAGE][PASSED] - Text 'CEM' is set on object 'Object Repository/E-Lead repository/Page_E-Lead/input__department'

2020-07-16 23:11:18 - [TEST_STEP][PASSED] - setText(findTestObject("E-Lead repository/Page_E-Lead/input__sender phone"), findTestData("E-Lead Test Data/D3").getValue(17, 1)): Text 'lukkhana.tha@ricoh.co.th' is set on object 'Object Repository/E-Lead repository/Page_E-Lead/input__sender phone'

2020-07-16 23:11:19 - [MESSAGE][PASSED] - Text 'lukkhana.tha@ricoh.co.th' is set on object 'Object Repository/E-Lead repository/Page_E-Lead/input__sender phone'

2020-07-16 23:11:19 - [TEST_STEP][PASSED] - setText(findTestObject("E-Lead repository/Page_E-Lead/input__sender email"), findTestData("E-Lead Test Data/D3").getValue(16, 1)): Text '010210' is set on object 'Object Repository/E-Lead repository/Page_E-Lead/input__sender email'

2020-07-16 23:11:20 - [MESSAGE][PASSED] - Text '010210' is set on object 'Object Repository/E-Lead repository/Page_E-Lead/input__sender email'

2020-07-16 23:11:20 - [TEST_STEP][PASSED] - click(findTestObject("E-Lead repository/Page_E-Lead/button_Save E-Lead")): Object: 'Object Repository/E-Lead repository/Page_E-Lead/button_Save E-Lead' is clicked on

2020-07-16 23:11:21 - [MESSAGE][PASSED] - Object: 'Object Repository/E-Lead repository/Page_E-Lead/button_Save E-Lead' is clicked on]]></system-out>
         <system-err><![CDATA[]]></system-err>
      </testcase>
      <system-out><![CDATA[2020-07-16 23:10:14 - [TEST_SUITE][PASSED] - 2: Test Cases/E-Lead Test Case/2]]></system-out>
      <system-err><![CDATA[]]></system-err>
   </testsuite>
</testsuites>
