<?xml version="1.0" encoding="UTF-8"?>
<testsuites name="17.Select the Document information in Related List" time="28.87" tests="3" failures="0" errors="0">
   <testsuite name="17.Select the Document information in Related List" tests="3" failures="0" errors="0" time="28.87" timestamp="2020-07-13 13:40:03" hostname="WIN10 - DESKTOP-0NVCT6K" id="Test Suites/Opportunity Usecase/17.Select the Document information in Related List">
      <properties>
         <property name="deviceName" value=""/>
         <property name="devicePlatform" value=""/>
         <property name="logFolder" value="C:\\Users\\WIN10\\git\\Best-Project\\Reports\\20200713_134001\\Opportunity Usecase\\17.Select the Document information in Related List\\20200713_134001"/>
         <property name="logFiles" value="C:\\Users\\WIN10\\git\\Best-Project\\Reports\\20200713_134001\\Opportunity Usecase\\17.Select the Document information in Related List\\20200713_134001\\execution0.log"/>
         <property name="attachments" value=""/>
         <property name="hostName" value="WIN10 - DESKTOP-0NVCT6K"/>
         <property name="os" value="Windows 10 64bit"/>
         <property name="katalonVersion" value="7.5.2.1"/>
         <property name="browser" value="Chrome 83.0.4103.116"/>
         <property name="hostAddress" value="192.168.1.2"/>
         <property name="sessionId" value="839985d50cd8e2fdcc99f175032ed5f7"/>
         <property name="seleniumVersion" value="3.141.59"/>
         <property name="proxyInformation" value="ProxyInformation { proxyOption=NO_PROXY, proxyServerType=HTTP, username=, password=********, proxyServerAddress=, proxyServerPort=0, executionList=\&quot;\&quot;, isApplyToDesiredCapabilities=true }"/>
         <property name="platform" value="Windows 10"/>
      </properties>
      <testcase name="Test Cases/Opportunity Test Case/1.View the layout information in the List View" time="16.262" classname="Test Cases/Opportunity Test Case/1.View the layout information in the List View" status="PASSED">
         <system-out><![CDATA[2020-07-13 13:40:03 - [TEST_CASE][PASSED] - Test Cases/Opportunity Test Case/1.View the layout information in the List View: Test Cases/Opportunity Test Case/1.View the layout information in the List View

2020-07-13 13:40:04 - [TEST_STEP][PASSED] - openBrowser("http://crmc.opencloud.digital:64216/index.php"): Browser is opened with url: 'http://crmc.opencloud.digital:64216/index.php'

2020-07-13 13:40:04 - [MESSAGE][INFO] - Starting 'Chrome' driver

2020-07-13 13:40:04 - [MESSAGE][INFO] - Action delay is set to 0 milliseconds

2020-07-13 13:40:08 - [MESSAGE][PASSED] - Browser is opened with url: 'http://crmc.opencloud.digital:64216/index.php'

2020-07-13 13:40:08 - [TEST_STEP][PASSED] - setText(findTestObject("Account repository/Login/input_User name_username"), findTestData("Opportunity Test Data/D1").getValue(1, 1)): Text 'Admin' is set on object 'Object Repository/Account repository/Login/input_User name_username'

2020-07-13 13:40:09 - [MESSAGE][PASSED] - Text 'Admin' is set on object 'Object Repository/Account repository/Login/input_User name_username'

2020-07-13 13:40:09 - [TEST_STEP][PASSED] - setText(findTestObject("Account repository/Login/input_Password_password"), findTestData("Opportunity Test Data/D1").getValue(2, 1)): Text '1qaz2WSX3edc ' is set on object 'Object Repository/Account repository/Login/input_Password_password'

2020-07-13 13:40:10 - [MESSAGE][PASSED] - Text '1qaz2WSX3edc ' is set on object 'Object Repository/Account repository/Login/input_Password_password'

2020-07-13 13:40:10 - [TEST_STEP][PASSED] - click(findTestObject("Account repository/Login/button_Sign in")): Object: 'Object Repository/Account repository/Login/button_Sign in' is clicked on

2020-07-13 13:40:11 - [MESSAGE][PASSED] - Object: 'Object Repository/Account repository/Login/button_Sign in' is clicked on

2020-07-13 13:40:11 - [TEST_STEP][PASSED] - click(findTestObject("Opportunity repository/Page_Home/a_Opportunities")): Object: 'Object Repository/Opportunity repository/Page_Home/a_Opportunities' is clicked on

2020-07-13 13:40:18 - [MESSAGE][PASSED] - Object: 'Object Repository/Opportunity repository/Page_Home/a_Opportunities' is clicked on

2020-07-13 13:40:18 - [TEST_STEP][PASSED] - delay(2): Delayed 2 second(s)

2020-07-13 13:40:20 - [MESSAGE][PASSED] - Delayed 2 second(s)]]></system-out>
         <system-err><![CDATA[]]></system-err>
      </testcase>
      <testcase name="Test Cases/Opportunity Test Case/5.View the Detail View information" time="7.534" classname="Test Cases/Opportunity Test Case/5.View the Detail View information" status="PASSED">
         <system-out><![CDATA[2020-07-13 13:40:20 - [TEST_CASE][PASSED] - Test Cases/Opportunity Test Case/5.View the Detail View information: Test Cases/Opportunity Test Case/5.View the Detail View information

2020-07-13 13:40:20 - [TEST_STEP][PASSED] - setText(findTestObject("Opportunity repository/Page_Opportunities/input_Contact Name_potentialname Search"), findTestData("Opportunity Test Data/D2").getValue(1, 1)): Text 'โครงการนำเสนอPro C751-บจก. ฐานการพิมพ์' is set on object 'Object Repository/Opportunity repository/Page_Opportunities/input_Contact Name_potentialname Search'

2020-07-13 13:40:20 - [MESSAGE][PASSED] - Text 'โครงการนำเสนอPro C751-บจก. ฐานการพิมพ์' is set on object 'Object Repository/Opportunity repository/Page_Opportunities/input_Contact Name_potentialname Search'

2020-07-13 13:40:20 - [TEST_STEP][PASSED] - click(findTestObject("Opportunity repository/Page_Opportunities/button_Search Oppotunity name")): Object: 'Object Repository/Opportunity repository/Page_Opportunities/button_Search Oppotunity name' is clicked on

2020-07-13 13:40:21 - [MESSAGE][PASSED] - Object: 'Object Repository/Opportunity repository/Page_Opportunities/button_Search Oppotunity name' is clicked on

2020-07-13 13:40:21 - [TEST_STEP][PASSED] - click(findTestObject("Opportunity repository/Page_Opportunities/a_Pro C751-")): Object: 'Object Repository/Opportunity repository/Page_Opportunities/a_Pro C751-' is clicked on

2020-07-13 13:40:25 - [MESSAGE][PASSED] - Object: 'Object Repository/Opportunity repository/Page_Opportunities/a_Pro C751-' is clicked on

2020-07-13 13:40:25 - [TEST_STEP][PASSED] - delay(2): Delayed 2 second(s)

2020-07-13 13:40:27 - [MESSAGE][PASSED] - Delayed 2 second(s)]]></system-out>
         <system-err><![CDATA[]]></system-err>
      </testcase>
      <testcase name="Test Cases/Opportunity Test Case/33.Select the Document information in Related List" time="4.136" classname="Test Cases/Opportunity Test Case/33.Select the Document information in Related List" status="PASSED">
         <system-out><![CDATA[2020-07-13 13:40:27 - [TEST_CASE][PASSED] - Test Cases/Opportunity Test Case/33.Select the Document information in Related List: Test Cases/Opportunity Test Case/33.Select the Document information in Related List

2020-07-13 13:40:27 - [TEST_STEP][PASSED] - click(findTestObject("Opportunity repository/Page_Opportunities/a_Documents  opp")): Object: 'Object Repository/Opportunity repository/Page_Opportunities/a_Documents  opp' is clicked on

2020-07-13 13:40:28 - [MESSAGE][PASSED] - Object: 'Object Repository/Opportunity repository/Page_Opportunities/a_Documents  opp' is clicked on

2020-07-13 13:40:28 - [TEST_STEP][PASSED] - click(findTestObject("Opportunity repository/Page_Opportunities/button_Select Documents opp")): Object: 'Object Repository/Opportunity repository/Page_Opportunities/button_Select Documents opp' is clicked on

2020-07-13 13:40:29 - [MESSAGE][PASSED] - Object: 'Object Repository/Opportunity repository/Page_Opportunities/button_Select Documents opp' is clicked on

2020-07-13 13:40:29 - [TEST_STEP][PASSED] - switchToWindowTitle("Documents"): Switched to window with title: 'Documents'

2020-07-13 13:40:31 - [MESSAGE][PASSED] - Switched to window with title: 'Documents'

2020-07-13 13:40:31 - [TEST_STEP][PASSED] - click(findTestObject("Opportunity repository/Page_Documents/td_Lukkhana Thaipermpol select")): Object: 'Object Repository/Opportunity repository/Page_Documents/td_Lukkhana Thaipermpol select' is clicked on

2020-07-13 13:40:31 - [MESSAGE][PASSED] - Object: 'Object Repository/Opportunity repository/Page_Documents/td_Lukkhana Thaipermpol select' is clicked on]]></system-out>
         <system-err><![CDATA[]]></system-err>
      </testcase>
      <system-out><![CDATA[2020-07-13 13:40:03 - [TEST_SUITE][PASSED] - 17.Select the Document information in Related List: Test Cases/Opportunity Test Case/33.Select the Document information in Related List]]></system-out>
      <system-err><![CDATA[]]></system-err>
   </testsuite>
</testsuites>
