<?xml version="1.0" encoding="UTF-8"?>
<testsuites name="2.Add new the Cases information" time="32.257" tests="4" failures="0" errors="0">
   <testsuite name="2.Add new the Cases information" tests="4" failures="0" errors="0" time="32.257" timestamp="2020-07-13 12:27:59" hostname="WIN10 - DESKTOP-0NVCT6K" id="Test Suites/Case Usecase/2.Add new the Cases information">
      <properties>
         <property name="deviceName" value=""/>
         <property name="devicePlatform" value=""/>
         <property name="logFolder" value="C:\\Users\\WIN10\\git\\Best-Project\\Reports\\20200713_122758\\Case Usecase\\2.Add new the Cases information\\20200713_122758"/>
         <property name="logFiles" value="C:\\Users\\WIN10\\git\\Best-Project\\Reports\\20200713_122758\\Case Usecase\\2.Add new the Cases information\\20200713_122758\\execution0.log"/>
         <property name="attachments" value=""/>
         <property name="hostName" value="WIN10 - DESKTOP-0NVCT6K"/>
         <property name="os" value="Windows 10 64bit"/>
         <property name="katalonVersion" value="7.5.2.1"/>
         <property name="browser" value="Chrome 83.0.4103.116"/>
         <property name="hostAddress" value="192.168.1.2"/>
         <property name="sessionId" value="135d6d030ad5dacc117a6e2893525239"/>
         <property name="seleniumVersion" value="3.141.59"/>
         <property name="proxyInformation" value="ProxyInformation { proxyOption=NO_PROXY, proxyServerType=HTTP, username=, password=********, proxyServerAddress=, proxyServerPort=0, executionList=\&quot;\&quot;, isApplyToDesiredCapabilities=true }"/>
         <property name="platform" value="Windows 10"/>
      </properties>
      <testcase name="Test Cases/Case Test Case/1.View the layout information in the List View" time="16.747" classname="Test Cases/Case Test Case/1.View the layout information in the List View" status="PASSED">
         <system-out><![CDATA[2020-07-13 12:28:00 - [TEST_CASE][PASSED] - Test Cases/Case Test Case/1.View the layout information in the List View: Test Cases/Case Test Case/1.View the layout information in the List View

2020-07-13 12:28:00 - [TEST_STEP][PASSED] - openBrowser("http://crmc.opencloud.digital:64216/index.php"): Browser is opened with url: 'http://crmc.opencloud.digital:64216/index.php'

2020-07-13 12:28:00 - [MESSAGE][INFO] - Starting 'Chrome' driver

2020-07-13 12:28:00 - [MESSAGE][INFO] - Action delay is set to 0 milliseconds

2020-07-13 12:28:05 - [MESSAGE][PASSED] - Browser is opened with url: 'http://crmc.opencloud.digital:64216/index.php'

2020-07-13 12:28:05 - [TEST_STEP][PASSED] - maximizeWindow(): Current window maximized

2020-07-13 12:28:07 - [MESSAGE][PASSED] - Current window maximized

2020-07-13 12:28:07 - [TEST_STEP][PASSED] - setText(findTestObject("Case repository/Page_Users/input_User name_username"), findTestData("Contact Test Data/D1").getValue(1, 1)): Text 'Admin' is set on object 'Object Repository/Case repository/Page_Users/input_User name_username'

2020-07-13 12:28:08 - [MESSAGE][PASSED] - Text 'Admin' is set on object 'Object Repository/Case repository/Page_Users/input_User name_username'

2020-07-13 12:28:08 - [TEST_STEP][PASSED] - setText(findTestObject("DBD repository/login/input_Password_password"), findTestData("Case Test Data/D1").getValue(2, 1)): Text '1qaz2WSX3edc ' is set on object 'Object Repository/DBD repository/login/input_Password_password'

2020-07-13 12:28:08 - [MESSAGE][PASSED] - Text '1qaz2WSX3edc ' is set on object 'Object Repository/DBD repository/login/input_Password_password'

2020-07-13 12:28:08 - [TEST_STEP][PASSED] - click(findTestObject("DBD repository/login/button_Sign in")): Object: 'Object Repository/DBD repository/login/button_Sign in' is clicked on

2020-07-13 12:28:10 - [MESSAGE][PASSED] - Object: 'Object Repository/DBD repository/login/button_Sign in' is clicked on

2020-07-13 12:28:10 - [TEST_STEP][PASSED] - click(findTestObject("Case repository/Page_Home/a_Cases")): Object: 'Object Repository/Case repository/Page_Home/a_Cases' is clicked on

2020-07-13 12:28:14 - [MESSAGE][PASSED] - Object: 'Object Repository/Case repository/Page_Home/a_Cases' is clicked on

2020-07-13 12:28:14 - [TEST_STEP][PASSED] - delay(2): Delayed 2 second(s)

2020-07-13 12:28:16 - [MESSAGE][PASSED] - Delayed 2 second(s)]]></system-out>
         <system-err><![CDATA[]]></system-err>
      </testcase>
      <testcase name="Test Cases/Case Test Case/4.Add new the Case information with non information" time="2.398" classname="Test Cases/Case Test Case/4.Add new the Case information with non information" status="PASSED">
         <system-out><![CDATA[2020-07-13 12:28:16 - [TEST_CASE][PASSED] - Test Cases/Case Test Case/4.Add new the Case information with non information: Test Cases/Case Test Case/4.Add new the Case information with non information

2020-07-13 12:28:16 - [TEST_STEP][PASSED] - click(findTestObject("Case repository/Page_Cases/button_Add Cases")): Object: 'Object Repository/Case repository/Page_Cases/button_Add Cases' is clicked on

2020-07-13 12:28:17 - [MESSAGE][PASSED] - Object: 'Object Repository/Case repository/Page_Cases/button_Add Cases' is clicked on

2020-07-13 12:28:17 - [TEST_STEP][PASSED] - delay(1): Delayed 1 second(s)

2020-07-13 12:28:18 - [MESSAGE][PASSED] - Delayed 1 second(s)

2020-07-13 12:28:18 - [TEST_STEP][PASSED] - click(findTestObject("Case repository/Page_Cases/button_Save Case")): Object: 'Object Repository/Case repository/Page_Cases/button_Save Case' is clicked on

2020-07-13 12:28:19 - [MESSAGE][PASSED] - Object: 'Object Repository/Case repository/Page_Cases/button_Save Case' is clicked on]]></system-out>
         <system-err><![CDATA[]]></system-err>
      </testcase>
      <testcase name="Test Cases/Case Test Case/3.Add new the Case information with invalid information" time="5.843" classname="Test Cases/Case Test Case/3.Add new the Case information with invalid information" status="PASSED">
         <system-out><![CDATA[2020-07-13 12:28:19 - [TEST_CASE][PASSED] - Test Cases/Case Test Case/3.Add new the Case information with invalid information: Test Cases/Case Test Case/3.Add new the Case information with invalid information

2020-07-13 12:28:19 - [TEST_STEP][PASSED] - delay(2): Delayed 2 second(s)

2020-07-13 12:28:21 - [MESSAGE][PASSED] - Delayed 2 second(s)

2020-07-13 12:28:21 - [TEST_STEP][PASSED] - click(findTestObject("Case repository/Page_Cases/Case Owner")): Object: 'Object Repository/Case repository/Page_Cases/Case Owner' is clicked on

2020-07-13 12:28:21 - [MESSAGE][PASSED] - Object: 'Object Repository/Case repository/Page_Cases/Case Owner' is clicked on

2020-07-13 12:28:21 - [TEST_STEP][PASSED] - setText(findTestObject("Case repository/Page_Cases/input Case owner"), findTestData("Case Test Data/D2").getValue(1, 1)): Text 'RIS System' is set on object 'Object Repository/Case repository/Page_Cases/input Case owner'

2020-07-13 12:28:22 - [MESSAGE][PASSED] - Text 'RIS System' is set on object 'Object Repository/Case repository/Page_Cases/input Case owner'

2020-07-13 12:28:22 - [TEST_STEP][PASSED] - sendKeys(findTestObject("Case repository/Page_Cases/input Case owner"), Keys.chord(ENTER)): Keys 'ENTER + ' sent to object: 'Object Repository/Case repository/Page_Cases/input Case owner'

2020-07-13 12:28:23 - [MESSAGE][PASSED] - Keys 'ENTER + ' sent to object: 'Object Repository/Case repository/Page_Cases/input Case owner'

2020-07-13 12:28:23 - [TEST_STEP][PASSED] - click(findTestObject("Case repository/Page_Cases/button_Save Case")): Object: 'Object Repository/Case repository/Page_Cases/button_Save Case' is clicked on

2020-07-13 12:28:24 - [MESSAGE][PASSED] - Object: 'Object Repository/Case repository/Page_Cases/button_Save Case' is clicked on

2020-07-13 12:28:24 - [TEST_STEP][PASSED] - delay(1): Delayed 1 second(s)

2020-07-13 12:28:25 - [MESSAGE][PASSED] - Delayed 1 second(s)]]></system-out>
         <system-err><![CDATA[]]></system-err>
      </testcase>
      <testcase name="Test Cases/Case Test Case/2.Add new the Case information with valid information" time="6.376" classname="Test Cases/Case Test Case/2.Add new the Case information with valid information" status="PASSED">
         <system-out><![CDATA[2020-07-13 12:28:25 - [TEST_CASE][PASSED] - Test Cases/Case Test Case/2.Add new the Case information with valid information: Test Cases/Case Test Case/2.Add new the Case information with valid information

2020-07-13 12:28:25 - [TEST_STEP][PASSED] - delay(2): Delayed 2 second(s)

2020-07-13 12:28:27 - [MESSAGE][PASSED] - Delayed 2 second(s)

2020-07-13 12:28:27 - [TEST_STEP][PASSED] - click(findTestObject("Case repository/Page_Cases/Case Owner")): Object: 'Object Repository/Case repository/Page_Cases/Case Owner' is clicked on

2020-07-13 12:28:27 - [MESSAGE][PASSED] - Object: 'Object Repository/Case repository/Page_Cases/Case Owner' is clicked on

2020-07-13 12:28:27 - [TEST_STEP][PASSED] - setText(findTestObject("Case repository/Page_Cases/input Case owner"), findTestData("Case Test Data/D2").getValue(1, 1)): Text 'RIS System' is set on object 'Object Repository/Case repository/Page_Cases/input Case owner'

2020-07-13 12:28:28 - [MESSAGE][PASSED] - Text 'RIS System' is set on object 'Object Repository/Case repository/Page_Cases/input Case owner'

2020-07-13 12:28:28 - [TEST_STEP][PASSED] - sendKeys(findTestObject("Case repository/Page_Cases/input Case owner"), Keys.chord(ENTER)): Keys 'ENTER + ' sent to object: 'Object Repository/Case repository/Page_Cases/input Case owner'

2020-07-13 12:28:29 - [MESSAGE][PASSED] - Keys 'ENTER + ' sent to object: 'Object Repository/Case repository/Page_Cases/input Case owner'

2020-07-13 12:28:29 - [TEST_STEP][PASSED] - setText(findTestObject("Case repository/Page_Cases/input__cases Title"), findTestData("Case Test Data/D2").getValue(2, 1)): Text 'CRM-C' is set on object 'Object Repository/Case repository/Page_Cases/input__cases Title'

2020-07-13 12:28:30 - [MESSAGE][PASSED] - Text 'CRM-C' is set on object 'Object Repository/Case repository/Page_Cases/input__cases Title'

2020-07-13 12:28:30 - [TEST_STEP][PASSED] - click(findTestObject("Case repository/Page_Cases/button_Save Case")): Object: 'Object Repository/Case repository/Page_Cases/button_Save Case' is clicked on

2020-07-13 12:28:30 - [MESSAGE][PASSED] - Object: 'Object Repository/Case repository/Page_Cases/button_Save Case' is clicked on

2020-07-13 12:28:30 - [TEST_STEP][PASSED] - delay(1): Delayed 1 second(s)

2020-07-13 12:28:31 - [MESSAGE][PASSED] - Delayed 1 second(s)]]></system-out>
         <system-err><![CDATA[]]></system-err>
      </testcase>
      <system-out><![CDATA[2020-07-13 12:27:59 - [TEST_SUITE][PASSED] - 2.Add new the Cases information: Test Cases/Case Test Case/2.Add new the Case information with valid information]]></system-out>
      <system-err><![CDATA[]]></system-err>
   </testsuite>
</testsuites>
