<?xml version="1.0" encoding="UTF-8"?>
<testsuites name="5.Clone the Opportunity information" time="30.781" tests="3" failures="0" errors="0">
   <testsuite name="5.Clone the Opportunity information" tests="3" failures="0" errors="0" time="30.781" timestamp="2020-07-13 12:46:47" hostname="WIN10 - DESKTOP-0NVCT6K" id="Test Suites/Opportunity Usecase/5.Clone the Opportunity information">
      <properties>
         <property name="deviceName" value=""/>
         <property name="devicePlatform" value=""/>
         <property name="logFolder" value="C:\\Users\\WIN10\\git\\Best-Project\\Reports\\20200713_124645\\Opportunity Usecase\\5.Clone the Opportunity information\\20200713_124645"/>
         <property name="logFiles" value="C:\\Users\\WIN10\\git\\Best-Project\\Reports\\20200713_124645\\Opportunity Usecase\\5.Clone the Opportunity information\\20200713_124645\\execution0.log"/>
         <property name="attachments" value=""/>
         <property name="hostName" value="WIN10 - DESKTOP-0NVCT6K"/>
         <property name="os" value="Windows 10 64bit"/>
         <property name="katalonVersion" value="7.5.2.1"/>
         <property name="browser" value="Chrome 83.0.4103.116"/>
         <property name="hostAddress" value="192.168.1.2"/>
         <property name="sessionId" value="52c621ef25363557c144040eb8c2f4af"/>
         <property name="seleniumVersion" value="3.141.59"/>
         <property name="proxyInformation" value="ProxyInformation { proxyOption=NO_PROXY, proxyServerType=HTTP, username=, password=********, proxyServerAddress=, proxyServerPort=0, executionList=\&quot;\&quot;, isApplyToDesiredCapabilities=true }"/>
         <property name="platform" value="Windows 10"/>
      </properties>
      <testcase name="Test Cases/Opportunity Test Case/1.View the layout information in the List View" time="14.364" classname="Test Cases/Opportunity Test Case/1.View the layout information in the List View" status="PASSED">
         <system-out><![CDATA[2020-07-13 12:46:47 - [TEST_CASE][PASSED] - Test Cases/Opportunity Test Case/1.View the layout information in the List View: Test Cases/Opportunity Test Case/1.View the layout information in the List View

2020-07-13 12:46:48 - [TEST_STEP][PASSED] - openBrowser("http://crmc.opencloud.digital:64216/index.php"): Browser is opened with url: 'http://crmc.opencloud.digital:64216/index.php'

2020-07-13 12:46:48 - [MESSAGE][INFO] - Starting 'Chrome' driver

2020-07-13 12:46:48 - [MESSAGE][INFO] - Action delay is set to 0 milliseconds

2020-07-13 12:46:52 - [MESSAGE][PASSED] - Browser is opened with url: 'http://crmc.opencloud.digital:64216/index.php'

2020-07-13 12:46:52 - [TEST_STEP][PASSED] - setText(findTestObject("Account repository/Login/input_User name_username"), findTestData("Opportunity Test Data/D1").getValue(1, 1)): Text 'Admin' is set on object 'Object Repository/Account repository/Login/input_User name_username'

2020-07-13 12:46:53 - [MESSAGE][PASSED] - Text 'Admin' is set on object 'Object Repository/Account repository/Login/input_User name_username'

2020-07-13 12:46:53 - [TEST_STEP][PASSED] - setText(findTestObject("Account repository/Login/input_Password_password"), findTestData("Opportunity Test Data/D1").getValue(2, 1)): Text '1qaz2WSX3edc ' is set on object 'Object Repository/Account repository/Login/input_Password_password'

2020-07-13 12:46:54 - [MESSAGE][PASSED] - Text '1qaz2WSX3edc ' is set on object 'Object Repository/Account repository/Login/input_Password_password'

2020-07-13 12:46:54 - [TEST_STEP][PASSED] - click(findTestObject("Account repository/Login/button_Sign in")): Object: 'Object Repository/Account repository/Login/button_Sign in' is clicked on

2020-07-13 12:46:56 - [MESSAGE][PASSED] - Object: 'Object Repository/Account repository/Login/button_Sign in' is clicked on

2020-07-13 12:46:56 - [TEST_STEP][PASSED] - click(findTestObject("Opportunity repository/Page_Home/a_Opportunities")): Object: 'Object Repository/Opportunity repository/Page_Home/a_Opportunities' is clicked on

2020-07-13 12:47:00 - [MESSAGE][PASSED] - Object: 'Object Repository/Opportunity repository/Page_Home/a_Opportunities' is clicked on

2020-07-13 12:47:00 - [TEST_STEP][PASSED] - delay(2): Delayed 2 second(s)

2020-07-13 12:47:02 - [MESSAGE][PASSED] - Delayed 2 second(s)]]></system-out>
         <system-err><![CDATA[]]></system-err>
      </testcase>
      <testcase name="Test Cases/Opportunity Test Case/5.View the Detail View information" time="8.401" classname="Test Cases/Opportunity Test Case/5.View the Detail View information" status="PASSED">
         <system-out><![CDATA[2020-07-13 12:47:02 - [TEST_CASE][PASSED] - Test Cases/Opportunity Test Case/5.View the Detail View information: Test Cases/Opportunity Test Case/5.View the Detail View information

2020-07-13 12:47:02 - [TEST_STEP][PASSED] - setText(findTestObject("Opportunity repository/Page_Opportunities/input_Contact Name_potentialname Search"), findTestData("Opportunity Test Data/D2").getValue(1, 1)): Text 'โครงการนำเสนอPro C751-บจก. ฐานการพิมพ์' is set on object 'Object Repository/Opportunity repository/Page_Opportunities/input_Contact Name_potentialname Search'

2020-07-13 12:47:03 - [MESSAGE][PASSED] - Text 'โครงการนำเสนอPro C751-บจก. ฐานการพิมพ์' is set on object 'Object Repository/Opportunity repository/Page_Opportunities/input_Contact Name_potentialname Search'

2020-07-13 12:47:03 - [TEST_STEP][PASSED] - click(findTestObject("Opportunity repository/Page_Opportunities/button_Search Oppotunity name")): Object: 'Object Repository/Opportunity repository/Page_Opportunities/button_Search Oppotunity name' is clicked on

2020-07-13 12:47:03 - [MESSAGE][PASSED] - Object: 'Object Repository/Opportunity repository/Page_Opportunities/button_Search Oppotunity name' is clicked on

2020-07-13 12:47:03 - [TEST_STEP][PASSED] - click(findTestObject("Opportunity repository/Page_Opportunities/a_Pro C751-")): Object: 'Object Repository/Opportunity repository/Page_Opportunities/a_Pro C751-' is clicked on

2020-07-13 12:47:08 - [MESSAGE][PASSED] - Object: 'Object Repository/Opportunity repository/Page_Opportunities/a_Pro C751-' is clicked on

2020-07-13 12:47:08 - [TEST_STEP][PASSED] - delay(2): Delayed 2 second(s)

2020-07-13 12:47:10 - [MESSAGE][PASSED] - Delayed 2 second(s)]]></system-out>
         <system-err><![CDATA[]]></system-err>
      </testcase>
      <testcase name="Test Cases/Opportunity Test Case/7.Clone the Opportunity information" time="7.116" classname="Test Cases/Opportunity Test Case/7.Clone the Opportunity information" status="PASSED">
         <system-out><![CDATA[2020-07-13 12:47:10 - [TEST_CASE][PASSED] - Test Cases/Opportunity Test Case/7.Clone the Opportunity information: Test Cases/Opportunity Test Case/7.Clone the Opportunity information

2020-07-13 12:47:10 - [TEST_STEP][PASSED] - click(findTestObject("Opportunity repository/Page_Opportunities/button_CLONE opp")): Object: 'Object Repository/Opportunity repository/Page_Opportunities/button_CLONE opp' is clicked on

2020-07-13 12:47:11 - [MESSAGE][PASSED] - Object: 'Object Repository/Opportunity repository/Page_Opportunities/button_CLONE opp' is clicked on

2020-07-13 12:47:11 - [TEST_STEP][PASSED] - setText(findTestObject("Opportunity repository/Page_Opportunities/input__closingdate clone opp"), "02/02/2020"): Text '02/02/2020' is set on object 'Object Repository/Opportunity repository/Page_Opportunities/input__closingdate clone opp'

2020-07-13 12:47:13 - [MESSAGE][PASSED] - Text '02/02/2020' is set on object 'Object Repository/Opportunity repository/Page_Opportunities/input__closingdate clone opp'

2020-07-13 12:47:13 - [TEST_STEP][PASSED] - click(findTestObject("Opportunity repository/Page_Opportunities/stage clone opp")): Object: 'Object Repository/Opportunity repository/Page_Opportunities/stage clone opp' is clicked on

2020-07-13 12:47:13 - [MESSAGE][PASSED] - Object: 'Object Repository/Opportunity repository/Page_Opportunities/stage clone opp' is clicked on

2020-07-13 12:47:13 - [TEST_STEP][PASSED] - setText(findTestObject("Opportunity repository/Page_Opportunities/input stage clone opp"), "Prospect"): Text 'Prospect' is set on object 'Object Repository/Opportunity repository/Page_Opportunities/input stage clone opp'

2020-07-13 12:47:14 - [MESSAGE][PASSED] - Text 'Prospect' is set on object 'Object Repository/Opportunity repository/Page_Opportunities/input stage clone opp'

2020-07-13 12:47:14 - [TEST_STEP][PASSED] - sendKeys(findTestObject("Opportunity repository/Page_Opportunities/input stage clone opp"), Keys.chord(ENTER)): Keys 'ENTER + ' sent to object: 'Object Repository/Opportunity repository/Page_Opportunities/input stage clone opp'

2020-07-13 12:47:15 - [MESSAGE][PASSED] - Keys 'ENTER + ' sent to object: 'Object Repository/Opportunity repository/Page_Opportunities/input stage clone opp'

2020-07-13 12:47:15 - [TEST_STEP][PASSED] - click(findTestObject("Opportunity repository/Page_Opportunities/button_Save CLONE opp")): Object: 'Object Repository/Opportunity repository/Page_Opportunities/button_Save CLONE opp' is clicked on

2020-07-13 12:47:15 - [MESSAGE][PASSED] - Object: 'Object Repository/Opportunity repository/Page_Opportunities/button_Save CLONE opp' is clicked on

2020-07-13 12:47:15 - [TEST_STEP][PASSED] - delay(2): Delayed 2 second(s)

2020-07-13 12:47:17 - [MESSAGE][PASSED] - Delayed 2 second(s)]]></system-out>
         <system-err><![CDATA[]]></system-err>
      </testcase>
      <system-out><![CDATA[2020-07-13 12:46:47 - [TEST_SUITE][PASSED] - 5.Clone the Opportunity information: Test Cases/Opportunity Test Case/7.Clone the Opportunity information]]></system-out>
      <system-err><![CDATA[]]></system-err>
   </testsuite>
</testsuites>
