<?xml version="1.0" encoding="UTF-8"?>
<testsuites name="6" time="78.289" tests="4" failures="0" errors="0">
   <testsuite name="6" tests="4" failures="0" errors="0" time="78.289" timestamp="2020-07-16 22:00:21" hostname="WIN10 - DESKTOP-0NVCT6K" id="Test Suites/Calendar Usecase/6">
      <properties>
         <property name="deviceName" value=""/>
         <property name="devicePlatform" value=""/>
         <property name="logFolder" value="C:\\Users\\WIN10\\git\\Best-Project\\Reports\\20200716_220019\\Calendar Usecase\\6\\20200716_220019"/>
         <property name="logFiles" value="C:\\Users\\WIN10\\git\\Best-Project\\Reports\\20200716_220019\\Calendar Usecase\\6\\20200716_220019\\execution0.log"/>
         <property name="attachments" value=""/>
         <property name="hostName" value="WIN10 - DESKTOP-0NVCT6K"/>
         <property name="os" value="Windows 10 64bit"/>
         <property name="katalonVersion" value="7.5.2.1"/>
         <property name="browser" value="Chrome 83.0.4103.116"/>
         <property name="hostAddress" value="192.168.1.2"/>
         <property name="sessionId" value="5da78fcfd42f235277f0442d3d611d13"/>
         <property name="seleniumVersion" value="3.141.59"/>
         <property name="proxyInformation" value="ProxyInformation { proxyOption=NO_PROXY, proxyServerType=HTTP, username=, password=********, proxyServerAddress=, proxyServerPort=0, executionList=\&quot;\&quot;, isApplyToDesiredCapabilities=true }"/>
         <property name="platform" value="Windows 10"/>
      </properties>
      <testcase name="Test Cases/Calendar Test Case/1" time="17.243" classname="Test Cases/Calendar Test Case/1" status="PASSED">
         <system-out><![CDATA[2020-07-16 22:00:22 - [TEST_CASE][PASSED] - Test Cases/Calendar Test Case/1: Test Cases/Calendar Test Case/1

2020-07-16 22:00:22 - [TEST_STEP][PASSED] - openBrowser("http://crmc.opencloud.digital:64216/index.php"): Browser is opened with url: 'http://crmc.opencloud.digital:64216/index.php'

2020-07-16 22:00:22 - [MESSAGE][INFO] - Starting 'Chrome' driver

2020-07-16 22:00:22 - [MESSAGE][INFO] - Action delay is set to 0 milliseconds

2020-07-16 22:00:27 - [MESSAGE][PASSED] - Browser is opened with url: 'http://crmc.opencloud.digital:64216/index.php'

2020-07-16 22:00:27 - [TEST_STEP][PASSED] - setText(findTestObject("Account repository/Login/input_User name_username"), findTestData("Calendar Test Data/D1").getValue(1, 1)): Text 'admin' is set on object 'Object Repository/Account repository/Login/input_User name_username'

2020-07-16 22:00:28 - [MESSAGE][PASSED] - Text 'admin' is set on object 'Object Repository/Account repository/Login/input_User name_username'

2020-07-16 22:00:28 - [TEST_STEP][PASSED] - setText(findTestObject("Account repository/Login/input_Password_password"), findTestData("Calendar Test Data/D1").getValue(2, 1)): Text '1qaz2WSX3edc ' is set on object 'Object Repository/Account repository/Login/input_Password_password'

2020-07-16 22:00:29 - [MESSAGE][PASSED] - Text '1qaz2WSX3edc ' is set on object 'Object Repository/Account repository/Login/input_Password_password'

2020-07-16 22:00:29 - [TEST_STEP][PASSED] - click(findTestObject("Account repository/Login/button_Sign in")): Object: 'Object Repository/Account repository/Login/button_Sign in' is clicked on

2020-07-16 22:00:30 - [MESSAGE][PASSED] - Object: 'Object Repository/Account repository/Login/button_Sign in' is clicked on

2020-07-16 22:00:30 - [TEST_STEP][PASSED] - click(findTestObject("Calendar repository/Page_Home/a_Calendar")): Object: 'Object Repository/Calendar repository/Page_Home/a_Calendar' is clicked on

2020-07-16 22:00:37 - [MESSAGE][PASSED] - Object: 'Object Repository/Calendar repository/Page_Home/a_Calendar' is clicked on

2020-07-16 22:00:37 - [TEST_STEP][PASSED] - delay(2): Delayed 2 second(s)

2020-07-16 22:00:39 - [MESSAGE][PASSED] - Delayed 2 second(s)]]></system-out>
         <system-err><![CDATA[]]></system-err>
      </testcase>
      <testcase name="Test Cases/Calendar Test Case/10" time="4.484" classname="Test Cases/Calendar Test Case/10" status="PASSED">
         <system-out><![CDATA[2020-07-16 22:00:39 - [TEST_CASE][PASSED] - Test Cases/Calendar Test Case/10: Test Cases/Calendar Test Case/10

2020-07-16 22:00:39 - [TEST_STEP][PASSED] - click(findTestObject("Calendar repository/Page_Calendar/button_Add Activity")): Object: 'Object Repository/Calendar repository/Page_Calendar/button_Add Activity' is clicked on

2020-07-16 22:00:40 - [MESSAGE][PASSED] - Object: 'Object Repository/Calendar repository/Page_Calendar/button_Add Activity' is clicked on

2020-07-16 22:00:40 - [TEST_STEP][PASSED] - click(findTestObject("Calendar repository/Page_Calendar/a_Add New Calendar Calendar")): Object: 'Object Repository/Calendar repository/Page_Calendar/a_Add New Calendar Calendar' is clicked on

2020-07-16 22:00:41 - [MESSAGE][PASSED] - Object: 'Object Repository/Calendar repository/Page_Calendar/a_Add New Calendar Calendar' is clicked on

2020-07-16 22:00:41 - [TEST_STEP][PASSED] - click(findTestObject("Calendar repository/Page_Calendar/button_Save NA")): Object: 'Object Repository/Calendar repository/Page_Calendar/button_Save NA' is clicked on

2020-07-16 22:00:41 - [MESSAGE][PASSED] - Object: 'Object Repository/Calendar repository/Page_Calendar/button_Save NA' is clicked on

2020-07-16 22:00:41 - [TEST_STEP][PASSED] - delay(2): Delayed 2 second(s)

2020-07-16 22:00:43 - [MESSAGE][PASSED] - Delayed 2 second(s)]]></system-out>
         <system-err><![CDATA[]]></system-err>
      </testcase>
      <testcase name="Test Cases/Calendar Test Case/9" time="22.512" classname="Test Cases/Calendar Test Case/9" status="PASSED">
         <system-out><![CDATA[2020-07-16 22:00:43 - [TEST_CASE][PASSED] - Test Cases/Calendar Test Case/9: Test Cases/Calendar Test Case/9

2020-07-16 22:00:44 - [TEST_STEP][PASSED] - click(findTestObject("Opportunity repository/Page_Calendar/status result act opp")): Object: 'Object Repository/Opportunity repository/Page_Calendar/status result act opp' is clicked on

2020-07-16 22:00:44 - [MESSAGE][PASSED] - Object: 'Object Repository/Opportunity repository/Page_Calendar/status result act opp' is clicked on

2020-07-16 22:00:44 - [TEST_STEP][PASSED] - click(findTestObject("Opportunity repository/Page_Calendar/assign to act opp")): Object: 'Object Repository/Opportunity repository/Page_Calendar/assign to act opp' is clicked on

2020-07-16 22:00:45 - [MESSAGE][PASSED] - Object: 'Object Repository/Opportunity repository/Page_Calendar/assign to act opp' is clicked on

2020-07-16 22:00:45 - [TEST_STEP][PASSED] - click(findTestObject("Opportunity repository/Page_Calendar/status result act opp")): Object: 'Object Repository/Opportunity repository/Page_Calendar/status result act opp' is clicked on

2020-07-16 22:00:45 - [MESSAGE][PASSED] - Object: 'Object Repository/Opportunity repository/Page_Calendar/status result act opp' is clicked on

2020-07-16 22:00:45 - [TEST_STEP][PASSED] - setText(findTestObject("Opportunity repository/Page_Calendar/input status result act opp"), findTestData("Opportunity Test Data/D7").getValue(12, 1)): Text 'Done' is set on object 'Object Repository/Opportunity repository/Page_Calendar/input status result act opp'

2020-07-16 22:00:47 - [MESSAGE][PASSED] - Text 'Done' is set on object 'Object Repository/Opportunity repository/Page_Calendar/input status result act opp'

2020-07-16 22:00:47 - [TEST_STEP][PASSED] - sendKeys(findTestObject("Opportunity repository/Page_Calendar/input status result act opp"), Keys.chord(ENTER)): Keys 'ENTER + ' sent to object: 'Object Repository/Opportunity repository/Page_Calendar/input status result act opp'

2020-07-16 22:00:47 - [MESSAGE][PASSED] - Keys 'ENTER + ' sent to object: 'Object Repository/Opportunity repository/Page_Calendar/input status result act opp'

2020-07-16 22:00:47 - [TEST_STEP][PASSED] - click(findTestObject("Opportunity repository/Page_Calendar/assign to act opp")): Object: 'Object Repository/Opportunity repository/Page_Calendar/assign to act opp' is clicked on

2020-07-16 22:00:48 - [MESSAGE][PASSED] - Object: 'Object Repository/Opportunity repository/Page_Calendar/assign to act opp' is clicked on

2020-07-16 22:00:48 - [TEST_STEP][PASSED] - setText(findTestObject("Opportunity repository/Page_Calendar/input assign to act opp"), findTestData("Opportunity Test Data/D7").getValue(3, 1)): Text 'RIS System' is set on object 'Object Repository/Opportunity repository/Page_Calendar/input assign to act opp'

2020-07-16 22:00:49 - [MESSAGE][PASSED] - Text 'RIS System' is set on object 'Object Repository/Opportunity repository/Page_Calendar/input assign to act opp'

2020-07-16 22:00:49 - [TEST_STEP][PASSED] - sendKeys(findTestObject("Opportunity repository/Page_Calendar/input assign to act opp"), Keys.chord(ENTER)): Keys 'ENTER + ' sent to object: 'Object Repository/Opportunity repository/Page_Calendar/input assign to act opp'

2020-07-16 22:00:49 - [MESSAGE][PASSED] - Keys 'ENTER + ' sent to object: 'Object Repository/Opportunity repository/Page_Calendar/input assign to act opp'

2020-07-16 22:00:49 - [TEST_STEP][PASSED] - click(findTestObject("Opportunity repository/Page_Calendar/sale type act opp")): Object: 'Object Repository/Opportunity repository/Page_Calendar/sale type act opp' is clicked on

2020-07-16 22:00:50 - [MESSAGE][PASSED] - Object: 'Object Repository/Opportunity repository/Page_Calendar/sale type act opp' is clicked on

2020-07-16 22:00:50 - [TEST_STEP][PASSED] - setText(findTestObject("Opportunity repository/Page_Calendar/input sale type act opp"), findTestData("Opportunity Test Data/D7").getValue(4, 1)): Text 'Pre-Sales' is set on object 'Object Repository/Opportunity repository/Page_Calendar/input sale type act opp'

2020-07-16 22:00:51 - [MESSAGE][PASSED] - Text 'Pre-Sales' is set on object 'Object Repository/Opportunity repository/Page_Calendar/input sale type act opp'

2020-07-16 22:00:51 - [TEST_STEP][PASSED] - sendKeys(findTestObject("Opportunity repository/Page_Calendar/input sale type act opp"), Keys.chord(ENTER)): Keys 'ENTER + ' sent to object: 'Object Repository/Opportunity repository/Page_Calendar/input sale type act opp'

2020-07-16 22:00:51 - [MESSAGE][PASSED] - Keys 'ENTER + ' sent to object: 'Object Repository/Opportunity repository/Page_Calendar/input sale type act opp'

2020-07-16 22:00:51 - [TEST_STEP][PASSED] - setText(findTestObject("Opportunity repository/Page_Calendar/input__date_start act opp"), "test"): Text 'test' is set on object 'Object Repository/Opportunity repository/Page_Calendar/input__date_start act opp'

2020-07-16 22:00:53 - [MESSAGE][PASSED] - Text 'test' is set on object 'Object Repository/Opportunity repository/Page_Calendar/input__date_start act opp'

2020-07-16 22:00:53 - [TEST_STEP][PASSED] - delay(1): Delayed 1 second(s)

2020-07-16 22:00:54 - [MESSAGE][PASSED] - Delayed 1 second(s)

2020-07-16 22:00:54 - [TEST_STEP][PASSED] - setText(findTestObject("Opportunity repository/Page_Calendar/input__date_start act opp"), findTestData("Opportunity Test Data/D7").getValue(7, 1)): Text '11/02/20' is set on object 'Object Repository/Opportunity repository/Page_Calendar/input__date_start act opp'

2020-07-16 22:00:54 - [MESSAGE][PASSED] - Text '11/02/20' is set on object 'Object Repository/Opportunity repository/Page_Calendar/input__date_start act opp'

2020-07-16 22:00:54 - [TEST_STEP][PASSED] - setText(findTestObject("Opportunity repository/Page_Calendar/input__time_start act opp"), findTestData("Opportunity Test Data/D7").getValue(8, 1)): Text '03:19 PM' is set on object 'Object Repository/Opportunity repository/Page_Calendar/input__time_start act opp'

2020-07-16 22:00:56 - [MESSAGE][PASSED] - Text '03:19 PM' is set on object 'Object Repository/Opportunity repository/Page_Calendar/input__time_start act opp'

2020-07-16 22:00:56 - [TEST_STEP][PASSED] - setText(findTestObject("Opportunity repository/Page_Calendar/input__due_date act opp"), findTestData("Opportunity Test Data/D7").getValue(9, 1)): Text '11/02/2020' is set on object 'Object Repository/Opportunity repository/Page_Calendar/input__due_date act opp'

2020-07-16 22:00:57 - [MESSAGE][PASSED] - Text '11/02/2020' is set on object 'Object Repository/Opportunity repository/Page_Calendar/input__due_date act opp'

2020-07-16 22:00:57 - [TEST_STEP][PASSED] - setText(findTestObject("Opportunity repository/Page_Calendar/input__time_end act opp"), findTestData("Opportunity Test Data/D7").getValue(10, 1)): Text '03:24 PM' is set on object 'Object Repository/Opportunity repository/Page_Calendar/input__time_end act opp'

2020-07-16 22:00:58 - [MESSAGE][PASSED] - Text '03:24 PM' is set on object 'Object Repository/Opportunity repository/Page_Calendar/input__time_end act opp'

2020-07-16 22:00:58 - [TEST_STEP][PASSED] - delay(1): Delayed 1 second(s)

2020-07-16 22:00:59 - [MESSAGE][PASSED] - Delayed 1 second(s)

2020-07-16 22:00:59 - [TEST_STEP][PASSED] - click(findTestObject("Opportunity repository/Page_Calendar/product group act opp")): Object: 'Object Repository/Opportunity repository/Page_Calendar/product group act opp' is clicked on

2020-07-16 22:00:59 - [MESSAGE][PASSED] - Object: 'Object Repository/Opportunity repository/Page_Calendar/product group act opp' is clicked on

2020-07-16 22:00:59 - [TEST_STEP][PASSED] - setText(findTestObject("Opportunity repository/Page_Calendar/input product group act opp"), "No Product"): Text 'No Product' is set on object 'Object Repository/Opportunity repository/Page_Calendar/input product group act opp'

2020-07-16 22:01:00 - [MESSAGE][PASSED] - Text 'No Product' is set on object 'Object Repository/Opportunity repository/Page_Calendar/input product group act opp'

2020-07-16 22:01:00 - [TEST_STEP][PASSED] - sendKeys(findTestObject("Opportunity repository/Page_Calendar/input product group act opp"), Keys.chord(ENTER)): Keys 'ENTER + ' sent to object: 'Object Repository/Opportunity repository/Page_Calendar/input product group act opp'

2020-07-16 22:01:01 - [MESSAGE][PASSED] - Keys 'ENTER + ' sent to object: 'Object Repository/Opportunity repository/Page_Calendar/input product group act opp'

2020-07-16 22:01:01 - [TEST_STEP][PASSED] - click(findTestObject("Opportunity repository/Page_Calendar/show time as act opp")): Object: 'Object Repository/Opportunity repository/Page_Calendar/show time as act opp' is clicked on

2020-07-16 22:01:01 - [MESSAGE][PASSED] - Object: 'Object Repository/Opportunity repository/Page_Calendar/show time as act opp' is clicked on

2020-07-16 22:01:01 - [TEST_STEP][PASSED] - setText(findTestObject("Opportunity repository/Page_Calendar/input show time as act opp"), findTestData("Opportunity Test Data/D7").getValue(13, 1)): Text 'Out of Office' is set on object 'Object Repository/Opportunity repository/Page_Calendar/input show time as act opp'

2020-07-16 22:01:02 - [MESSAGE][PASSED] - Text 'Out of Office' is set on object 'Object Repository/Opportunity repository/Page_Calendar/input show time as act opp'

2020-07-16 22:01:02 - [TEST_STEP][PASSED] - sendKeys(findTestObject("Opportunity repository/Page_Calendar/input show time as act opp"), Keys.chord(ENTER)): Keys 'ENTER + ' sent to object: 'Object Repository/Opportunity repository/Page_Calendar/input show time as act opp'

2020-07-16 22:01:03 - [MESSAGE][PASSED] - Keys 'ENTER + ' sent to object: 'Object Repository/Opportunity repository/Page_Calendar/input show time as act opp'

2020-07-16 22:01:03 - [TEST_STEP][PASSED] - setText(findTestObject("Opportunity repository/Page_Calendar/textarea__description act opp"), findTestData("Opportunity Test Data/D7").getValue(14, 1)): Text 'Anatomy of Ultraman' is set on object 'Object Repository/Opportunity repository/Page_Calendar/textarea__description act opp'

2020-07-16 22:01:04 - [MESSAGE][PASSED] - Text 'Anatomy of Ultraman' is set on object 'Object Repository/Opportunity repository/Page_Calendar/textarea__description act opp'

2020-07-16 22:01:04 - [TEST_STEP][PASSED] - click(findTestObject("Opportunity repository/Page_Calendar/button_Save Activity opp")): Object: 'Object Repository/Opportunity repository/Page_Calendar/button_Save Activity opp' is clicked on

2020-07-16 22:01:04 - [MESSAGE][PASSED] - Object: 'Object Repository/Opportunity repository/Page_Calendar/button_Save Activity opp' is clicked on

2020-07-16 22:01:04 - [TEST_STEP][PASSED] - delay(2): Delayed 2 second(s)

2020-07-16 22:01:06 - [MESSAGE][PASSED] - Delayed 2 second(s)]]></system-out>
         <system-err><![CDATA[]]></system-err>
      </testcase>
      <testcase name="Test Cases/Calendar Test Case/8" time="33.055" classname="Test Cases/Calendar Test Case/8" status="PASSED">
         <system-out><![CDATA[2020-07-16 22:01:06 - [TEST_CASE][PASSED] - Test Cases/Calendar Test Case/8: Test Cases/Calendar Test Case/8

2020-07-16 22:01:06 - [TEST_STEP][PASSED] - click(findTestObject("Opportunity repository/Page_Calendar/act type opp")): Object: 'Object Repository/Opportunity repository/Page_Calendar/act type opp' is clicked on

2020-07-16 22:01:07 - [MESSAGE][PASSED] - Object: 'Object Repository/Opportunity repository/Page_Calendar/act type opp' is clicked on

2020-07-16 22:01:07 - [TEST_STEP][PASSED] - setText(findTestObject("Opportunity repository/Page_Calendar/input act type opp"), findTestData("Opportunity Test Data/D7").getValue(2, 1)): Text 'Call' is set on object 'Object Repository/Opportunity repository/Page_Calendar/input act type opp'

2020-07-16 22:01:08 - [MESSAGE][PASSED] - Text 'Call' is set on object 'Object Repository/Opportunity repository/Page_Calendar/input act type opp'

2020-07-16 22:01:08 - [TEST_STEP][PASSED] - sendKeys(findTestObject("Opportunity repository/Page_Calendar/input act type opp"), Keys.chord(ENTER)): Keys 'ENTER + ' sent to object: 'Object Repository/Opportunity repository/Page_Calendar/input act type opp'

2020-07-16 22:01:08 - [MESSAGE][PASSED] - Keys 'ENTER + ' sent to object: 'Object Repository/Opportunity repository/Page_Calendar/input act type opp'

2020-07-16 22:01:08 - [TEST_STEP][PASSED] - click(findTestObject("Opportunity repository/Page_Calendar/assign to act opp")): Object: 'Object Repository/Opportunity repository/Page_Calendar/assign to act opp' is clicked on

2020-07-16 22:01:09 - [MESSAGE][PASSED] - Object: 'Object Repository/Opportunity repository/Page_Calendar/assign to act opp' is clicked on

2020-07-16 22:01:09 - [TEST_STEP][PASSED] - setText(findTestObject("Opportunity repository/Page_Calendar/input assign to act opp"), findTestData("Opportunity Test Data/D7").getValue(3, 1)): Text 'RIS System' is set on object 'Object Repository/Opportunity repository/Page_Calendar/input assign to act opp'

2020-07-16 22:01:09 - [MESSAGE][PASSED] - Text 'RIS System' is set on object 'Object Repository/Opportunity repository/Page_Calendar/input assign to act opp'

2020-07-16 22:01:09 - [TEST_STEP][PASSED] - sendKeys(findTestObject("Opportunity repository/Page_Calendar/input assign to act opp"), Keys.chord(ENTER)): Keys 'ENTER + ' sent to object: 'Object Repository/Opportunity repository/Page_Calendar/input assign to act opp'

2020-07-16 22:01:10 - [MESSAGE][PASSED] - Keys 'ENTER + ' sent to object: 'Object Repository/Opportunity repository/Page_Calendar/input assign to act opp'

2020-07-16 22:01:10 - [TEST_STEP][PASSED] - click(findTestObject("Opportunity repository/Page_Calendar/sale type act opp")): Object: 'Object Repository/Opportunity repository/Page_Calendar/sale type act opp' is clicked on

2020-07-16 22:01:10 - [MESSAGE][PASSED] - Object: 'Object Repository/Opportunity repository/Page_Calendar/sale type act opp' is clicked on

2020-07-16 22:01:10 - [TEST_STEP][PASSED] - setText(findTestObject("Opportunity repository/Page_Calendar/input sale type act opp"), findTestData("Opportunity Test Data/D7").getValue(4, 1)): Text 'Pre-Sales' is set on object 'Object Repository/Opportunity repository/Page_Calendar/input sale type act opp'

2020-07-16 22:01:11 - [MESSAGE][PASSED] - Text 'Pre-Sales' is set on object 'Object Repository/Opportunity repository/Page_Calendar/input sale type act opp'

2020-07-16 22:01:11 - [TEST_STEP][PASSED] - sendKeys(findTestObject("Opportunity repository/Page_Calendar/input sale type act opp"), Keys.chord(ENTER)): Keys 'ENTER + ' sent to object: 'Object Repository/Opportunity repository/Page_Calendar/input sale type act opp'

2020-07-16 22:01:12 - [MESSAGE][PASSED] - Keys 'ENTER + ' sent to object: 'Object Repository/Opportunity repository/Page_Calendar/input sale type act opp'

2020-07-16 22:01:12 - [TEST_STEP][PASSED] - setText(findTestObject("Opportunity repository/Page_Calendar/input__date_start act opp"), findTestData("Opportunity Test Data/D7").getValue(7, 1)): Text '11/02/20' is set on object 'Object Repository/Opportunity repository/Page_Calendar/input__date_start act opp'

2020-07-16 22:01:13 - [MESSAGE][PASSED] - Text '11/02/20' is set on object 'Object Repository/Opportunity repository/Page_Calendar/input__date_start act opp'

2020-07-16 22:01:13 - [TEST_STEP][PASSED] - setText(findTestObject("Opportunity repository/Page_Calendar/input__time_start act opp"), findTestData("Opportunity Test Data/D7").getValue(8, 1)): Text '03:19 PM' is set on object 'Object Repository/Opportunity repository/Page_Calendar/input__time_start act opp'

2020-07-16 22:01:14 - [MESSAGE][PASSED] - Text '03:19 PM' is set on object 'Object Repository/Opportunity repository/Page_Calendar/input__time_start act opp'

2020-07-16 22:01:14 - [TEST_STEP][PASSED] - setText(findTestObject("Opportunity repository/Page_Calendar/input__due_date act opp"), findTestData("Opportunity Test Data/D7").getValue(9, 1)): Text '11/02/2020' is set on object 'Object Repository/Opportunity repository/Page_Calendar/input__due_date act opp'

2020-07-16 22:01:15 - [MESSAGE][PASSED] - Text '11/02/2020' is set on object 'Object Repository/Opportunity repository/Page_Calendar/input__due_date act opp'

2020-07-16 22:01:15 - [TEST_STEP][PASSED] - setText(findTestObject("Opportunity repository/Page_Calendar/input__time_end act opp"), findTestData("Opportunity Test Data/D7").getValue(10, 1)): Text '03:24 PM' is set on object 'Object Repository/Opportunity repository/Page_Calendar/input__time_end act opp'

2020-07-16 22:01:16 - [MESSAGE][PASSED] - Text '03:24 PM' is set on object 'Object Repository/Opportunity repository/Page_Calendar/input__time_end act opp'

2020-07-16 22:01:16 - [TEST_STEP][PASSED] - click(findTestObject("Opportunity repository/Page_Calendar/input__subject act opp")): Object: 'Object Repository/Opportunity repository/Page_Calendar/input__subject act opp' is clicked on

2020-07-16 22:01:17 - [MESSAGE][PASSED] - Object: 'Object Repository/Opportunity repository/Page_Calendar/input__subject act opp' is clicked on

2020-07-16 22:01:17 - [TEST_STEP][PASSED] - setText(findTestObject("Opportunity repository/Page_Calendar/input__subject act opp"), findTestData("Opportunity Test Data/D7").getValue(1, 1)): Text 'Anatomy' is set on object 'Object Repository/Opportunity repository/Page_Calendar/input__subject act opp'

2020-07-16 22:01:18 - [MESSAGE][PASSED] - Text 'Anatomy' is set on object 'Object Repository/Opportunity repository/Page_Calendar/input__subject act opp'

2020-07-16 22:01:18 - [TEST_STEP][PASSED] - delay(1): Delayed 1 second(s)

2020-07-16 22:01:19 - [MESSAGE][PASSED] - Delayed 1 second(s)

2020-07-16 22:01:19 - [TEST_STEP][PASSED] - click(findTestObject("Opportunity repository/Page_Calendar/status result act opp")): Object: 'Object Repository/Opportunity repository/Page_Calendar/status result act opp' is clicked on

2020-07-16 22:01:19 - [MESSAGE][PASSED] - Object: 'Object Repository/Opportunity repository/Page_Calendar/status result act opp' is clicked on

2020-07-16 22:01:19 - [TEST_STEP][PASSED] - setText(findTestObject("Opportunity repository/Page_Calendar/input status result act opp"), findTestData("Opportunity Test Data/D7").getValue(12, 1)): Text 'Done' is set on object 'Object Repository/Opportunity repository/Page_Calendar/input status result act opp'

2020-07-16 22:01:20 - [MESSAGE][PASSED] - Text 'Done' is set on object 'Object Repository/Opportunity repository/Page_Calendar/input status result act opp'

2020-07-16 22:01:20 - [TEST_STEP][PASSED] - sendKeys(findTestObject("Opportunity repository/Page_Calendar/input status result act opp"), Keys.chord(ENTER)): Keys 'ENTER + ' sent to object: 'Object Repository/Opportunity repository/Page_Calendar/input status result act opp'

2020-07-16 22:01:20 - [MESSAGE][PASSED] - Keys 'ENTER + ' sent to object: 'Object Repository/Opportunity repository/Page_Calendar/input status result act opp'

2020-07-16 22:01:20 - [TEST_STEP][PASSED] - click(findTestObject("Calendar repository/Page_Calendar/select NA")): Object: 'Object Repository/Calendar repository/Page_Calendar/select NA' is clicked on

2020-07-16 22:01:21 - [MESSAGE][PASSED] - Object: 'Object Repository/Calendar repository/Page_Calendar/select NA' is clicked on

2020-07-16 22:01:21 - [TEST_STEP][PASSED] - setText(findTestObject("Calendar repository/Page_Calendar/input b select NA"), findTestData("Calendar Test Data/D2").getValue(5, 1)): Text 'Opportunities' is set on object 'Object Repository/Calendar repository/Page_Calendar/input b select NA'

2020-07-16 22:01:22 - [MESSAGE][PASSED] - Text 'Opportunities' is set on object 'Object Repository/Calendar repository/Page_Calendar/input b select NA'

2020-07-16 22:01:22 - [TEST_STEP][PASSED] - sendKeys(findTestObject("Calendar repository/Page_Calendar/input b select NA"), Keys.chord(ENTER)): Keys 'ENTER + ' sent to object: 'Object Repository/Calendar repository/Page_Calendar/input b select NA'

2020-07-16 22:01:22 - [MESSAGE][PASSED] - Keys 'ENTER + ' sent to object: 'Object Repository/Calendar repository/Page_Calendar/input b select NA'

2020-07-16 22:01:22 - [TEST_STEP][PASSED] - sendKeys(findTestObject("Calendar repository/Page_Calendar/input b select NA"), Keys.chord(ENTER)): Keys 'ENTER + ' sent to object: 'Object Repository/Calendar repository/Page_Calendar/input b select NA'

2020-07-16 22:01:23 - [MESSAGE][PASSED] - Keys 'ENTER + ' sent to object: 'Object Repository/Calendar repository/Page_Calendar/input b select NA'

2020-07-16 22:01:23 - [TEST_STEP][PASSED] - click(findTestObject("Calendar repository/Page_Calendar/Searh b select NA")): Object: 'Object Repository/Calendar repository/Page_Calendar/Searh b select NA' is clicked on

2020-07-16 22:01:23 - [MESSAGE][PASSED] - Object: 'Object Repository/Calendar repository/Page_Calendar/Searh b select NA' is clicked on

2020-07-16 22:01:23 - [TEST_STEP][PASSED] - switchToWindowTitle("Opportunities"): Switched to window with title: 'Opportunities'

2020-07-16 22:01:25 - [MESSAGE][PASSED] - Switched to window with title: 'Opportunities'

2020-07-16 22:01:25 - [TEST_STEP][PASSED] - click(findTestObject("Calendar repository/Page_Opportunities/a_ - BW Printer NA")): Object: 'Object Repository/Calendar repository/Page_Opportunities/a_ - BW Printer NA' is clicked on

2020-07-16 22:01:26 - [MESSAGE][PASSED] - Object: 'Object Repository/Calendar repository/Page_Opportunities/a_ - BW Printer NA' is clicked on

2020-07-16 22:01:26 - [TEST_STEP][PASSED] - switchToDefaultContent(): null

2020-07-16 22:01:28 - [TEST_STEP][PASSED] - click(findTestObject("Opportunity repository/Page_Calendar/searct contact name act opp")): Object: 'Object Repository/Opportunity repository/Page_Calendar/searct contact name act opp' is clicked on

2020-07-16 22:01:28 - [MESSAGE][PASSED] - Object: 'Object Repository/Opportunity repository/Page_Calendar/searct contact name act opp' is clicked on

2020-07-16 22:01:28 - [TEST_STEP][PASSED] - switchToWindowTitle("Contacts"): Switched to window with title: 'Contacts'

2020-07-16 22:01:30 - [MESSAGE][PASSED] - Switched to window with title: 'Contacts'

2020-07-16 22:01:30 - [TEST_STEP][PASSED] - click(findTestObject("Calendar repository/Page_Contacts/a_Suwanna NA")): Object: 'Object Repository/Calendar repository/Page_Contacts/a_Suwanna NA' is clicked on

2020-07-16 22:01:30 - [MESSAGE][PASSED] - Object: 'Object Repository/Calendar repository/Page_Contacts/a_Suwanna NA' is clicked on

2020-07-16 22:01:30 - [TEST_STEP][PASSED] - switchToDefaultContent(): null

2020-07-16 22:01:33 - [TEST_STEP][PASSED] - click(findTestObject("Opportunity repository/Page_Calendar/product group act opp")): Object: 'Object Repository/Opportunity repository/Page_Calendar/product group act opp' is clicked on

2020-07-16 22:01:33 - [MESSAGE][PASSED] - Object: 'Object Repository/Opportunity repository/Page_Calendar/product group act opp' is clicked on

2020-07-16 22:01:33 - [TEST_STEP][PASSED] - setText(findTestObject("Opportunity repository/Page_Calendar/input product group act opp"), "No Product"): Text 'No Product' is set on object 'Object Repository/Opportunity repository/Page_Calendar/input product group act opp'

2020-07-16 22:01:34 - [MESSAGE][PASSED] - Text 'No Product' is set on object 'Object Repository/Opportunity repository/Page_Calendar/input product group act opp'

2020-07-16 22:01:34 - [TEST_STEP][PASSED] - sendKeys(findTestObject("Opportunity repository/Page_Calendar/input product group act opp"), Keys.chord(ENTER)): Keys 'ENTER + ' sent to object: 'Object Repository/Opportunity repository/Page_Calendar/input product group act opp'

2020-07-16 22:01:34 - [MESSAGE][PASSED] - Keys 'ENTER + ' sent to object: 'Object Repository/Opportunity repository/Page_Calendar/input product group act opp'

2020-07-16 22:01:34 - [TEST_STEP][PASSED] - click(findTestObject("Opportunity repository/Page_Calendar/show time as act opp")): Object: 'Object Repository/Opportunity repository/Page_Calendar/show time as act opp' is clicked on

2020-07-16 22:01:35 - [MESSAGE][PASSED] - Object: 'Object Repository/Opportunity repository/Page_Calendar/show time as act opp' is clicked on

2020-07-16 22:01:35 - [TEST_STEP][PASSED] - setText(findTestObject("Opportunity repository/Page_Calendar/input show time as act opp"), findTestData("Opportunity Test Data/D7").getValue(13, 1)): Text 'Out of Office' is set on object 'Object Repository/Opportunity repository/Page_Calendar/input show time as act opp'

2020-07-16 22:01:36 - [MESSAGE][PASSED] - Text 'Out of Office' is set on object 'Object Repository/Opportunity repository/Page_Calendar/input show time as act opp'

2020-07-16 22:01:36 - [TEST_STEP][PASSED] - sendKeys(findTestObject("Opportunity repository/Page_Calendar/input show time as act opp"), Keys.chord()): Keys '' sent to object: 'Object Repository/Opportunity repository/Page_Calendar/input show time as act opp'

2020-07-16 22:01:36 - [MESSAGE][PASSED] - Keys '' sent to object: 'Object Repository/Opportunity repository/Page_Calendar/input show time as act opp'

2020-07-16 22:01:36 - [TEST_STEP][PASSED] - setText(findTestObject("Opportunity repository/Page_Calendar/textarea__description act opp"), findTestData("Opportunity Test Data/D7").getValue(14, 1)): Text 'Anatomy of Ultraman' is set on object 'Object Repository/Opportunity repository/Page_Calendar/textarea__description act opp'

2020-07-16 22:01:37 - [MESSAGE][PASSED] - Text 'Anatomy of Ultraman' is set on object 'Object Repository/Opportunity repository/Page_Calendar/textarea__description act opp'

2020-07-16 22:01:37 - [TEST_STEP][PASSED] - click(findTestObject("Opportunity repository/Page_Calendar/button_Save Activity opp")): Object: 'Object Repository/Opportunity repository/Page_Calendar/button_Save Activity opp' is clicked on

2020-07-16 22:01:39 - [MESSAGE][PASSED] - Object: 'Object Repository/Opportunity repository/Page_Calendar/button_Save Activity opp' is clicked on]]></system-out>
         <system-err><![CDATA[]]></system-err>
      </testcase>
      <system-out><![CDATA[2020-07-16 22:00:21 - [TEST_SUITE][PASSED] - 6: Test Cases/Calendar Test Case/8]]></system-out>
      <system-err><![CDATA[]]></system-err>
   </testsuite>
</testsuites>
