<?xml version="1.0" encoding="UTF-8"?>
<testsuites name="14" time="32.338" tests="4" failures="0" errors="0">
   <testsuite name="14" tests="4" failures="0" errors="0" time="32.338" timestamp="2020-06-21 23:26:00" hostname="WIN10 - DESKTOP-0NVCT6K" id="Test Suites/Account Usecase/14">
      <properties>
         <property name="deviceName" value=""/>
         <property name="devicePlatform" value=""/>
         <property name="logFolder" value="C:\\Users\\WIN10\\git\\Best-Project\\Reports\\20200621_232559\\Account Usecase\\14\\20200621_232559"/>
         <property name="logFiles" value="C:\\Users\\WIN10\\git\\Best-Project\\Reports\\20200621_232559\\Account Usecase\\14\\20200621_232559\\execution0.log"/>
         <property name="attachments" value=""/>
         <property name="hostName" value="WIN10 - DESKTOP-0NVCT6K"/>
         <property name="os" value="Windows 10 64bit"/>
         <property name="katalonVersion" value="7.5.2.1"/>
         <property name="browser" value="Chrome 83.0.4103.106"/>
         <property name="hostAddress" value="192.168.1.2"/>
         <property name="sessionId" value="7b383fc95b0836449275b201f3d6e0b7"/>
         <property name="seleniumVersion" value="3.141.59"/>
         <property name="proxyInformation" value="ProxyInformation { proxyOption=NO_PROXY, proxyServerType=HTTP, username=, password=********, proxyServerAddress=, proxyServerPort=0, executionList=\&quot;\&quot;, isApplyToDesiredCapabilities=true }"/>
         <property name="platform" value="Windows 10"/>
      </properties>
      <testcase name="Test Cases/Account Test Case/1-View the layout information in the List View" time="9.627" classname="Test Cases/Account Test Case/1-View the layout information in the List View" status="PASSED">
         <system-out><![CDATA[2020-06-21 23:26:00 - [TEST_CASE][PASSED] - Test Cases/Account Test Case/1-View the layout information in the List View: Test Cases/Account Test Case/1-View the layout information in the List View

2020-06-21 23:26:01 - [TEST_STEP][PASSED] - openBrowser("http://crmc.opencloud.digital:64216/index.php"): Browser is opened with url: 'http://crmc.opencloud.digital:64216/index.php'

2020-06-21 23:26:01 - [MESSAGE][INFO] - Starting 'Chrome' driver

2020-06-21 23:26:01 - [MESSAGE][INFO] - Action delay is set to 0 milliseconds

2020-06-21 23:26:05 - [MESSAGE][PASSED] - Browser is opened with url: 'http://crmc.opencloud.digital:64216/index.php'

2020-06-21 23:26:05 - [TEST_STEP][PASSED] - maximizeWindow(): Current window maximized

2020-06-21 23:26:07 - [MESSAGE][PASSED] - Current window maximized

2020-06-21 23:26:07 - [TEST_STEP][PASSED] - setText(findTestObject("Account repository/Login/input_User name_username"), findTestData("Account Test Data/D1").getValue(1, 1)): Text 'Admin' is set on object 'Object Repository/Account repository/Login/input_User name_username'

2020-06-21 23:26:08 - [MESSAGE][PASSED] - Text 'Admin' is set on object 'Object Repository/Account repository/Login/input_User name_username'

2020-06-21 23:26:08 - [TEST_STEP][PASSED] - setText(findTestObject("Account repository/Login/input_Password_password"), findTestData("Account Test Data/D1").getValue(2, 1)): Text '1qaz2WSX3edc ' is set on object 'Object Repository/Account repository/Login/input_Password_password'

2020-06-21 23:26:09 - [MESSAGE][PASSED] - Text '1qaz2WSX3edc ' is set on object 'Object Repository/Account repository/Login/input_Password_password'

2020-06-21 23:26:09 - [TEST_STEP][PASSED] - click(findTestObject("Account repository/Login/button_Sign in")): Object: 'Object Repository/Account repository/Login/button_Sign in' is clicked on

2020-06-21 23:26:10 - [MESSAGE][PASSED] - Object: 'Object Repository/Account repository/Login/button_Sign in' is clicked on]]></system-out>
         <system-err><![CDATA[]]></system-err>
      </testcase>
      <testcase name="Test Cases/Account Test Case/5-View the Detail View information" time="12.902" classname="Test Cases/Account Test Case/5-View the Detail View information" status="PASSED">
         <system-out><![CDATA[2020-06-21 23:26:10 - [TEST_CASE][PASSED] - Test Cases/Account Test Case/5-View the Detail View information: Test Cases/Account Test Case/5-View the Detail View information

2020-06-21 23:26:10 - [TEST_STEP][PASSED] - click(findTestObject("Account repository/Page_Home/strong_Accounts")): Object: 'Object Repository/Account repository/Page_Home/strong_Accounts' is clicked on

2020-06-21 23:26:14 - [MESSAGE][PASSED] - Object: 'Object Repository/Account repository/Page_Home/strong_Accounts' is clicked on

2020-06-21 23:26:14 - [TEST_STEP][PASSED] - setText(findTestObject("Account repository/Page_Accounts/Search Account Name"), findTestData("Account Test Data/D4").getValue(1, 1)): Text 'บริษัท วี จี ไอ โกลบอล มีเดีย จำกัด (มหาชน) ' is set on object 'Object Repository/Account repository/Page_Accounts/Search Account Name'

2020-06-21 23:26:15 - [MESSAGE][PASSED] - Text 'บริษัท วี จี ไอ โกลบอล มีเดีย จำกัด (มหาชน) ' is set on object 'Object Repository/Account repository/Page_Accounts/Search Account Name'

2020-06-21 23:26:15 - [TEST_STEP][PASSED] - click(findTestObject("Account repository/Page_Accounts/button_Search")): Object: 'Object Repository/Account repository/Page_Accounts/button_Search' is clicked on

2020-06-21 23:26:15 - [MESSAGE][PASSED] - Object: 'Object Repository/Account repository/Page_Accounts/button_Search' is clicked on

2020-06-21 23:26:15 - [TEST_STEP][PASSED] - click(findTestObject("Account repository/Page_Accounts/click v g o")): Object: 'Object Repository/Account repository/Page_Accounts/click v g o' is clicked on

2020-06-21 23:26:23 - [MESSAGE][PASSED] - Object: 'Object Repository/Account repository/Page_Accounts/click v g o' is clicked on]]></system-out>
         <system-err><![CDATA[]]></system-err>
      </testcase>
      <testcase name="Test Cases/Account Test Case/28" time="4.924" classname="Test Cases/Account Test Case/28" status="PASSED">
         <system-out><![CDATA[2020-06-21 23:26:23 - [TEST_CASE][PASSED] - Test Cases/Account Test Case/28: Test Cases/Account Test Case/28

2020-06-21 23:26:23 - [TEST_STEP][PASSED] - click(findTestObject("Account repository/Page_Accounts Related/a_Sale Entries  1")): Object: 'Object Repository/Account repository/Page_Accounts Related/a_Sale Entries  1' is clicked on

2020-06-21 23:26:24 - [MESSAGE][PASSED] - Object: 'Object Repository/Account repository/Page_Accounts Related/a_Sale Entries  1' is clicked on

2020-06-21 23:26:24 - [TEST_STEP][PASSED] - click(findTestObject("Account repository/Page_Accounts Related/button_Add Sale Entry")): Object: 'Object Repository/Account repository/Page_Accounts Related/button_Add Sale Entry' is clicked on

2020-06-21 23:26:26 - [MESSAGE][PASSED] - Object: 'Object Repository/Account repository/Page_Accounts Related/button_Add Sale Entry' is clicked on

2020-06-21 23:26:26 - [TEST_STEP][PASSED] - setText(findTestObject("Account repository/Page_Sale Entry/input__saleentries"), ""): Text '' is set on object 'Object Repository/Account repository/Page_Sale Entry/input__saleentries'

2020-06-21 23:26:28 - [MESSAGE][PASSED] - Text '' is set on object 'Object Repository/Account repository/Page_Sale Entry/input__saleentries'

2020-06-21 23:26:28 - [TEST_STEP][PASSED] - click(findTestObject("Account repository/Page_Sale Entry/button_Save")): Object: 'Object Repository/Account repository/Page_Sale Entry/button_Save' is clicked on

2020-06-21 23:26:28 - [MESSAGE][PASSED] - Object: 'Object Repository/Account repository/Page_Sale Entry/button_Save' is clicked on]]></system-out>
         <system-err><![CDATA[]]></system-err>
      </testcase>
      <testcase name="Test Cases/Account Test Case/26" time="4.011" classname="Test Cases/Account Test Case/26" status="PASSED">
         <system-out><![CDATA[2020-06-21 23:26:28 - [TEST_CASE][PASSED] - Test Cases/Account Test Case/26: Test Cases/Account Test Case/26

2020-06-21 23:26:28 - [TEST_STEP][PASSED] - delay(1): Delayed 1 second(s)

2020-06-21 23:26:29 - [MESSAGE][PASSED] - Delayed 1 second(s)

2020-06-21 23:26:29 - [TEST_STEP][PASSED] - click(findTestObject("Account repository/Page_Sale Entry/clear sale entry")): Object: 'Object Repository/Account repository/Page_Sale Entry/clear sale entry' is clicked on

2020-06-21 23:26:29 - [MESSAGE][PASSED] - Object: 'Object Repository/Account repository/Page_Sale Entry/clear sale entry' is clicked on

2020-06-21 23:26:29 - [TEST_STEP][PASSED] - setText(findTestObject("Account repository/Page_Sale Entry/input__saleentries"), findTestData("Account Test Data/D15").getValue(2, 1)): Text 'SE-592115023' is set on object 'Object Repository/Account repository/Page_Sale Entry/input__saleentries'

2020-06-21 23:26:30 - [MESSAGE][PASSED] - Text 'SE-592115023' is set on object 'Object Repository/Account repository/Page_Sale Entry/input__saleentries'

2020-06-21 23:26:30 - [TEST_STEP][PASSED] - click(findTestObject("Account repository/Page_Sale Entry/button_Save")): Object: 'Object Repository/Account repository/Page_Sale Entry/button_Save' is clicked on

2020-06-21 23:26:32 - [MESSAGE][PASSED] - Object: 'Object Repository/Account repository/Page_Sale Entry/button_Save' is clicked on]]></system-out>
         <system-err><![CDATA[]]></system-err>
      </testcase>
      <system-out><![CDATA[2020-06-21 23:26:00 - [TEST_SUITE][PASSED] - 14: Test Cases/Account Test Case/26]]></system-out>
      <system-err><![CDATA[]]></system-err>
   </testsuite>
</testsuites>
