<?xml version="1.0" encoding="UTF-8"?>
<testsuites name="16.Add the Case information in Related List" time="33.691" tests="5" failures="0" errors="0">
   <testsuite name="16.Add the Case information in Related List" tests="5" failures="0" errors="0" time="33.691" timestamp="2020-07-13 13:39:15" hostname="WIN10 - DESKTOP-0NVCT6K" id="Test Suites/Opportunity Usecase/16.Add the Case information in Related List">
      <properties>
         <property name="deviceName" value=""/>
         <property name="devicePlatform" value=""/>
         <property name="logFolder" value="C:\\Users\\WIN10\\git\\Best-Project\\Reports\\20200713_133913\\Opportunity Usecase\\16.Add the Case information in Related List\\20200713_133913"/>
         <property name="logFiles" value="C:\\Users\\WIN10\\git\\Best-Project\\Reports\\20200713_133913\\Opportunity Usecase\\16.Add the Case information in Related List\\20200713_133913\\execution0.log"/>
         <property name="attachments" value=""/>
         <property name="hostName" value="WIN10 - DESKTOP-0NVCT6K"/>
         <property name="os" value="Windows 10 64bit"/>
         <property name="katalonVersion" value="7.5.2.1"/>
         <property name="browser" value="Chrome 83.0.4103.116"/>
         <property name="hostAddress" value="192.168.1.2"/>
         <property name="sessionId" value="53922a648b5f4a7221322fd49cea22fb"/>
         <property name="seleniumVersion" value="3.141.59"/>
         <property name="proxyInformation" value="ProxyInformation { proxyOption=NO_PROXY, proxyServerType=HTTP, username=, password=********, proxyServerAddress=, proxyServerPort=0, executionList=\&quot;\&quot;, isApplyToDesiredCapabilities=true }"/>
         <property name="platform" value="Windows 10"/>
      </properties>
      <testcase name="Test Cases/Opportunity Test Case/1.View the layout information in the List View" time="16.296" classname="Test Cases/Opportunity Test Case/1.View the layout information in the List View" status="PASSED">
         <system-out><![CDATA[2020-07-13 13:39:15 - [TEST_CASE][PASSED] - Test Cases/Opportunity Test Case/1.View the layout information in the List View: Test Cases/Opportunity Test Case/1.View the layout information in the List View

2020-07-13 13:39:15 - [TEST_STEP][PASSED] - openBrowser("http://crmc.opencloud.digital:64216/index.php"): Browser is opened with url: 'http://crmc.opencloud.digital:64216/index.php'

2020-07-13 13:39:16 - [MESSAGE][INFO] - Starting 'Chrome' driver

2020-07-13 13:39:16 - [MESSAGE][INFO] - Action delay is set to 0 milliseconds

2020-07-13 13:39:20 - [MESSAGE][PASSED] - Browser is opened with url: 'http://crmc.opencloud.digital:64216/index.php'

2020-07-13 13:39:20 - [TEST_STEP][PASSED] - setText(findTestObject("Account repository/Login/input_User name_username"), findTestData("Opportunity Test Data/D1").getValue(1, 1)): Text 'Admin' is set on object 'Object Repository/Account repository/Login/input_User name_username'

2020-07-13 13:39:21 - [MESSAGE][PASSED] - Text 'Admin' is set on object 'Object Repository/Account repository/Login/input_User name_username'

2020-07-13 13:39:21 - [TEST_STEP][PASSED] - setText(findTestObject("Account repository/Login/input_Password_password"), findTestData("Opportunity Test Data/D1").getValue(2, 1)): Text '1qaz2WSX3edc ' is set on object 'Object Repository/Account repository/Login/input_Password_password'

2020-07-13 13:39:21 - [MESSAGE][PASSED] - Text '1qaz2WSX3edc ' is set on object 'Object Repository/Account repository/Login/input_Password_password'

2020-07-13 13:39:21 - [TEST_STEP][PASSED] - click(findTestObject("Account repository/Login/button_Sign in")): Object: 'Object Repository/Account repository/Login/button_Sign in' is clicked on

2020-07-13 13:39:23 - [MESSAGE][PASSED] - Object: 'Object Repository/Account repository/Login/button_Sign in' is clicked on

2020-07-13 13:39:23 - [TEST_STEP][PASSED] - click(findTestObject("Opportunity repository/Page_Home/a_Opportunities")): Object: 'Object Repository/Opportunity repository/Page_Home/a_Opportunities' is clicked on

2020-07-13 13:39:29 - [MESSAGE][PASSED] - Object: 'Object Repository/Opportunity repository/Page_Home/a_Opportunities' is clicked on

2020-07-13 13:39:29 - [TEST_STEP][PASSED] - delay(2): Delayed 2 second(s)

2020-07-13 13:39:31 - [MESSAGE][PASSED] - Delayed 2 second(s)]]></system-out>
         <system-err><![CDATA[]]></system-err>
      </testcase>
      <testcase name="Test Cases/Opportunity Test Case/5.View the Detail View information" time="7.65" classname="Test Cases/Opportunity Test Case/5.View the Detail View information" status="PASSED">
         <system-out><![CDATA[2020-07-13 13:39:31 - [TEST_CASE][PASSED] - Test Cases/Opportunity Test Case/5.View the Detail View information: Test Cases/Opportunity Test Case/5.View the Detail View information

2020-07-13 13:39:31 - [TEST_STEP][PASSED] - setText(findTestObject("Opportunity repository/Page_Opportunities/input_Contact Name_potentialname Search"), findTestData("Opportunity Test Data/D2").getValue(1, 1)): Text 'โครงการนำเสนอPro C751-บจก. ฐานการพิมพ์' is set on object 'Object Repository/Opportunity repository/Page_Opportunities/input_Contact Name_potentialname Search'

2020-07-13 13:39:32 - [MESSAGE][PASSED] - Text 'โครงการนำเสนอPro C751-บจก. ฐานการพิมพ์' is set on object 'Object Repository/Opportunity repository/Page_Opportunities/input_Contact Name_potentialname Search'

2020-07-13 13:39:32 - [TEST_STEP][PASSED] - click(findTestObject("Opportunity repository/Page_Opportunities/button_Search Oppotunity name")): Object: 'Object Repository/Opportunity repository/Page_Opportunities/button_Search Oppotunity name' is clicked on

2020-07-13 13:39:33 - [MESSAGE][PASSED] - Object: 'Object Repository/Opportunity repository/Page_Opportunities/button_Search Oppotunity name' is clicked on

2020-07-13 13:39:33 - [TEST_STEP][PASSED] - click(findTestObject("Opportunity repository/Page_Opportunities/a_Pro C751-")): Object: 'Object Repository/Opportunity repository/Page_Opportunities/a_Pro C751-' is clicked on

2020-07-13 13:39:37 - [MESSAGE][PASSED] - Object: 'Object Repository/Opportunity repository/Page_Opportunities/a_Pro C751-' is clicked on

2020-07-13 13:39:37 - [TEST_STEP][PASSED] - delay(2): Delayed 2 second(s)

2020-07-13 13:39:39 - [MESSAGE][PASSED] - Delayed 2 second(s)]]></system-out>
         <system-err><![CDATA[]]></system-err>
      </testcase>
      <testcase name="Test Cases/Opportunity Test Case/32.Add the Case information in Related List with non information" time="5.282" classname="Test Cases/Opportunity Test Case/32.Add the Case information in Related List with non information" status="PASSED">
         <system-out><![CDATA[2020-07-13 13:39:39 - [TEST_CASE][PASSED] - Test Cases/Opportunity Test Case/32.Add the Case information in Related List with non information: Test Cases/Opportunity Test Case/32.Add the Case information in Related List with non information

2020-07-13 13:39:39 - [TEST_STEP][PASSED] - click(findTestObject("Opportunity repository/Page_Opportunities/a_Cases  opp")): Object: 'Object Repository/Opportunity repository/Page_Opportunities/a_Cases  opp' is clicked on

2020-07-13 13:39:39 - [MESSAGE][PASSED] - Object: 'Object Repository/Opportunity repository/Page_Opportunities/a_Cases  opp' is clicked on

2020-07-13 13:39:39 - [TEST_STEP][PASSED] - click(findTestObject("Opportunity repository/Page_Opportunities/button_Add Cases opp")): Object: 'Object Repository/Opportunity repository/Page_Opportunities/button_Add Cases opp' is clicked on

2020-07-13 13:39:41 - [MESSAGE][PASSED] - Object: 'Object Repository/Opportunity repository/Page_Opportunities/button_Add Cases opp' is clicked on

2020-07-13 13:39:41 - [TEST_STEP][PASSED] - click(findTestObject("Opportunity repository/Page_Cases/button_Save case opp")): Object: 'Object Repository/Opportunity repository/Page_Cases/button_Save case opp' is clicked on

2020-07-13 13:39:42 - [MESSAGE][PASSED] - Object: 'Object Repository/Opportunity repository/Page_Cases/button_Save case opp' is clicked on

2020-07-13 13:39:42 - [TEST_STEP][PASSED] - delay(2): Delayed 2 second(s)

2020-07-13 13:39:44 - [MESSAGE][PASSED] - Delayed 2 second(s)]]></system-out>
         <system-err><![CDATA[]]></system-err>
      </testcase>
      <testcase name="Test Cases/Opportunity Test Case/31.Add the Case information in Related List with invalid information" time="2.474" classname="Test Cases/Opportunity Test Case/31.Add the Case information in Related List with invalid information" status="PASSED">
         <system-out><![CDATA[2020-07-13 13:39:44 - [TEST_CASE][PASSED] - Test Cases/Opportunity Test Case/31.Add the Case information in Related List with invalid information: Test Cases/Opportunity Test Case/31.Add the Case information in Related List with invalid information

2020-07-13 13:39:44 - [TEST_STEP][PASSED] - click(findTestObject("Opportunity repository/Page_Cases/button_Save case opp")): Object: 'Object Repository/Opportunity repository/Page_Cases/button_Save case opp' is clicked on

2020-07-13 13:39:45 - [MESSAGE][PASSED] - Object: 'Object Repository/Opportunity repository/Page_Cases/button_Save case opp' is clicked on

2020-07-13 13:39:45 - [TEST_STEP][PASSED] - delay(2): Delayed 2 second(s)

2020-07-13 13:39:47 - [MESSAGE][PASSED] - Delayed 2 second(s)]]></system-out>
         <system-err><![CDATA[]]></system-err>
      </testcase>
      <testcase name="Test Cases/Opportunity Test Case/30.Add the Case information in Related List with valid information" time="1.076" classname="Test Cases/Opportunity Test Case/30.Add the Case information in Related List with valid information" status="PASSED">
         <system-out><![CDATA[2020-07-13 13:39:47 - [TEST_CASE][PASSED] - Test Cases/Opportunity Test Case/30.Add the Case information in Related List with valid information: Test Cases/Opportunity Test Case/30.Add the Case information in Related List with valid information

2020-07-13 13:39:47 - [TEST_STEP][PASSED] - setText(findTestObject("Opportunity repository/Page_Cases/input__cases request opp"), findTestData("Opportunity Test Data/D5").getValue(2, 1)): Text 'CRM-C' is set on object 'Object Repository/Opportunity repository/Page_Cases/input__cases request opp'

2020-07-13 13:39:47 - [MESSAGE][PASSED] - Text 'CRM-C' is set on object 'Object Repository/Opportunity repository/Page_Cases/input__cases request opp'

2020-07-13 13:39:47 - [TEST_STEP][PASSED] - click(findTestObject("Opportunity repository/Page_Cases/button_Save case opp")): Object: 'Object Repository/Opportunity repository/Page_Cases/button_Save case opp' is clicked on

2020-07-13 13:39:48 - [MESSAGE][PASSED] - Object: 'Object Repository/Opportunity repository/Page_Cases/button_Save case opp' is clicked on]]></system-out>
         <system-err><![CDATA[]]></system-err>
      </testcase>
      <system-out><![CDATA[2020-07-13 13:39:15 - [TEST_SUITE][PASSED] - 16.Add the Case information in Related List: Test Cases/Opportunity Test Case/30.Add the Case information in Related List with valid information]]></system-out>
      <system-err><![CDATA[]]></system-err>
   </testsuite>
</testsuites>
