<?xml version="1.0" encoding="UTF-8"?>
<testsuites name="3.View the Detail View information" time="23.329" tests="2" failures="0" errors="0">
   <testsuite name="3.View the Detail View information" tests="2" failures="0" errors="0" time="23.329" timestamp="2020-07-13 12:28:44" hostname="WIN10 - DESKTOP-0NVCT6K" id="Test Suites/Case Usecase/3.View the Detail View information">
      <properties>
         <property name="deviceName" value=""/>
         <property name="devicePlatform" value=""/>
         <property name="logFolder" value="C:\\Users\\WIN10\\git\\Best-Project\\Reports\\20200713_122842\\Case Usecase\\3.View the Detail View information\\20200713_122842"/>
         <property name="logFiles" value="C:\\Users\\WIN10\\git\\Best-Project\\Reports\\20200713_122842\\Case Usecase\\3.View the Detail View information\\20200713_122842\\execution0.log"/>
         <property name="attachments" value=""/>
         <property name="hostName" value="WIN10 - DESKTOP-0NVCT6K"/>
         <property name="os" value="Windows 10 64bit"/>
         <property name="katalonVersion" value="7.5.2.1"/>
         <property name="browser" value="Chrome 83.0.4103.116"/>
         <property name="hostAddress" value="192.168.1.2"/>
         <property name="sessionId" value="95a8eb68c93637a614aa3280b78dbb9a"/>
         <property name="seleniumVersion" value="3.141.59"/>
         <property name="proxyInformation" value="ProxyInformation { proxyOption=NO_PROXY, proxyServerType=HTTP, username=, password=********, proxyServerAddress=, proxyServerPort=0, executionList=\&quot;\&quot;, isApplyToDesiredCapabilities=true }"/>
         <property name="platform" value="Windows 10"/>
      </properties>
      <testcase name="Test Cases/Case Test Case/1.View the layout information in the List View" time="16.863" classname="Test Cases/Case Test Case/1.View the layout information in the List View" status="PASSED">
         <system-out><![CDATA[2020-07-13 12:28:44 - [TEST_CASE][PASSED] - Test Cases/Case Test Case/1.View the layout information in the List View: Test Cases/Case Test Case/1.View the layout information in the List View

2020-07-13 12:28:45 - [TEST_STEP][PASSED] - openBrowser("http://crmc.opencloud.digital:64216/index.php"): Browser is opened with url: 'http://crmc.opencloud.digital:64216/index.php'

2020-07-13 12:28:45 - [MESSAGE][INFO] - Starting 'Chrome' driver

2020-07-13 12:28:45 - [MESSAGE][INFO] - Action delay is set to 0 milliseconds

2020-07-13 12:28:50 - [MESSAGE][PASSED] - Browser is opened with url: 'http://crmc.opencloud.digital:64216/index.php'

2020-07-13 12:28:50 - [TEST_STEP][PASSED] - maximizeWindow(): Current window maximized

2020-07-13 12:28:52 - [MESSAGE][PASSED] - Current window maximized

2020-07-13 12:28:52 - [TEST_STEP][PASSED] - setText(findTestObject("Case repository/Page_Users/input_User name_username"), findTestData("Contact Test Data/D1").getValue(1, 1)): Text 'Admin' is set on object 'Object Repository/Case repository/Page_Users/input_User name_username'

2020-07-13 12:28:53 - [MESSAGE][PASSED] - Text 'Admin' is set on object 'Object Repository/Case repository/Page_Users/input_User name_username'

2020-07-13 12:28:53 - [TEST_STEP][PASSED] - setText(findTestObject("DBD repository/login/input_Password_password"), findTestData("Case Test Data/D1").getValue(2, 1)): Text '1qaz2WSX3edc ' is set on object 'Object Repository/DBD repository/login/input_Password_password'

2020-07-13 12:28:53 - [MESSAGE][PASSED] - Text '1qaz2WSX3edc ' is set on object 'Object Repository/DBD repository/login/input_Password_password'

2020-07-13 12:28:53 - [TEST_STEP][PASSED] - click(findTestObject("DBD repository/login/button_Sign in")): Object: 'Object Repository/DBD repository/login/button_Sign in' is clicked on

2020-07-13 12:28:55 - [MESSAGE][PASSED] - Object: 'Object Repository/DBD repository/login/button_Sign in' is clicked on

2020-07-13 12:28:55 - [TEST_STEP][PASSED] - click(findTestObject("Case repository/Page_Home/a_Cases")): Object: 'Object Repository/Case repository/Page_Home/a_Cases' is clicked on

2020-07-13 12:28:59 - [MESSAGE][PASSED] - Object: 'Object Repository/Case repository/Page_Home/a_Cases' is clicked on

2020-07-13 12:28:59 - [TEST_STEP][PASSED] - delay(2): Delayed 2 second(s)

2020-07-13 12:29:01 - [MESSAGE][PASSED] - Delayed 2 second(s)]]></system-out>
         <system-err><![CDATA[]]></system-err>
      </testcase>
      <testcase name="Test Cases/Case Test Case/5.View the Detail View information" time="5.614" classname="Test Cases/Case Test Case/5.View the Detail View information" status="PASSED">
         <system-out><![CDATA[2020-07-13 12:29:01 - [TEST_CASE][PASSED] - Test Cases/Case Test Case/5.View the Detail View information: Test Cases/Case Test Case/5.View the Detail View information

2020-07-13 12:29:01 - [TEST_STEP][PASSED] - setText(findTestObject("Case repository/Page_Cases/Search Case Number"), findTestData("Case Test Data/D4").getValue(1, 1)): Text '00065215' is set on object 'Object Repository/Case repository/Page_Cases/Search Case Number'

2020-07-13 12:29:02 - [MESSAGE][PASSED] - Text '00065215' is set on object 'Object Repository/Case repository/Page_Cases/Search Case Number'

2020-07-13 12:29:02 - [TEST_STEP][PASSED] - click(findTestObject("Case repository/Page_Cases/button_Search Case")): Object: 'Object Repository/Case repository/Page_Cases/button_Search Case' is clicked on

2020-07-13 12:29:03 - [MESSAGE][PASSED] - Object: 'Object Repository/Case repository/Page_Cases/button_Search Case' is clicked on

2020-07-13 12:29:03 - [TEST_STEP][PASSED] - delay(1): Delayed 1 second(s)

2020-07-13 12:29:04 - [MESSAGE][PASSED] - Delayed 1 second(s)

2020-07-13 12:29:04 - [TEST_STEP][PASSED] - click(findTestObject("Case repository/Page_Cases/td_00065215")): Object: 'Object Repository/Case repository/Page_Cases/td_00065215' is clicked on

2020-07-13 12:29:05 - [MESSAGE][PASSED] - Object: 'Object Repository/Case repository/Page_Cases/td_00065215' is clicked on

2020-07-13 12:29:05 - [TEST_STEP][PASSED] - delay(2): Delayed 2 second(s)

2020-07-13 12:29:07 - [MESSAGE][PASSED] - Delayed 2 second(s)]]></system-out>
         <system-err><![CDATA[]]></system-err>
      </testcase>
      <system-out><![CDATA[2020-07-13 12:28:44 - [TEST_SUITE][PASSED] - 3.View the Detail View information: Test Cases/Case Test Case/5.View the Detail View information]]></system-out>
      <system-err><![CDATA[]]></system-err>
   </testsuite>
</testsuites>
