<?xml version="1.0" encoding="UTF-8"?>
<testsuites name="Usecase6" time="61.709" tests="3" failures="0" errors="0">
   <testsuite name="Usecase6" tests="3" failures="0" errors="0" time="61.709" timestamp="2563-06-17 14:35:29" hostname="ACER - DESKTOP-TSJL4HJ" id="Test Suites/Account Usecase/Usecase6">
      <properties>
         <property name="deviceName" value=""/>
         <property name="devicePlatform" value=""/>
         <property name="logFolder" value="C:\\Users\\ACER\\git\\Best-Project\\Reports\\25630617_143527\\Account Usecase\\Usecase6\\25630617_143527"/>
         <property name="logFiles" value="C:\\Users\\ACER\\git\\Best-Project\\Reports\\25630617_143527\\Account Usecase\\Usecase6\\25630617_143527\\execution0.log"/>
         <property name="attachments" value=""/>
         <property name="hostName" value="ACER - DESKTOP-TSJL4HJ"/>
         <property name="os" value="Windows 10 64bit"/>
         <property name="katalonVersion" value="7.5.2.1"/>
         <property name="browser" value="Chrome 83.0.4103.97"/>
         <property name="hostAddress" value="192.168.1.126"/>
         <property name="sessionId" value="618297a408c0a65aeb60a60183f9e3d3"/>
         <property name="seleniumVersion" value="3.141.59"/>
         <property name="proxyInformation" value="ProxyInformation { proxyOption=NO_PROXY, proxyServerType=HTTP, username=, password=********, proxyServerAddress=, proxyServerPort=0, executionList=\&quot;\&quot;, isApplyToDesiredCapabilities=true }"/>
         <property name="platform" value="Windows 10"/>
      </properties>
      <testcase name="Test Cases/Account Test Case/Test Case 1" time="14.516" classname="Test Cases/Account Test Case/Test Case 1" status="PASSED">
         <system-out><![CDATA[2563-06-17 14:35:29 - [TEST_CASE][PASSED] - Test Cases/Account Test Case/Test Case 1: Test Cases/Account Test Case/Test Case 1

2563-06-17 14:35:30 - [TEST_STEP][PASSED] - openBrowser("http://rthv1.opencloud.digital/"): Browser is opened with url: 'http://rthv1.opencloud.digital/'

2563-06-17 14:35:30 - [MESSAGE][INFO] - Starting 'Chrome' driver

2563-06-17 14:35:30 - [MESSAGE][INFO] - Action delay is set to 0 milliseconds

2563-06-17 14:35:36 - [MESSAGE][PASSED] - Browser is opened with url: 'http://rthv1.opencloud.digital/'

2563-06-17 14:35:36 - [TEST_STEP][PASSED] - maximizeWindow(): Current window maximized

2563-06-17 14:35:39 - [MESSAGE][PASSED] - Current window maximized

2563-06-17 14:35:39 - [TEST_STEP][PASSED] - setText(findTestObject("Account repository/Login/input_User name_username"), findTestData("Account Test Data/D1").getValue(1, 1)): Text 'Admin' is set on object 'Object Repository/Account repository/Login/input_User name_username'

2563-06-17 14:35:39 - [MESSAGE][PASSED] - Text 'Admin' is set on object 'Object Repository/Account repository/Login/input_User name_username'

2563-06-17 14:35:39 - [TEST_STEP][PASSED] - setText(findTestObject("Account repository/Login/input_Password_password"), findTestData("Account Test Data/D1").getValue(2, 1)): Text '1qaz2WSX3edc ' is set on object 'Object Repository/Account repository/Login/input_Password_password'

2563-06-17 14:35:40 - [MESSAGE][PASSED] - Text '1qaz2WSX3edc ' is set on object 'Object Repository/Account repository/Login/input_Password_password'

2563-06-17 14:35:40 - [TEST_STEP][PASSED] - click(findTestObject("Account repository/Login/button_Sign in")): Object: 'Object Repository/Account repository/Login/button_Sign in' is clicked on

2563-06-17 14:35:44 - [MESSAGE][PASSED] - Object: 'Object Repository/Account repository/Login/button_Sign in' is clicked on]]></system-out>
         <system-err><![CDATA[]]></system-err>
      </testcase>
      <testcase name="Test Cases/Account Test Case/Test Case 5" time="43.698" classname="Test Cases/Account Test Case/Test Case 5" status="PASSED">
         <system-out><![CDATA[2563-06-17 14:35:44 - [TEST_CASE][PASSED] - Test Cases/Account Test Case/Test Case 5: Test Cases/Account Test Case/Test Case 5

2563-06-17 14:35:44 - [TEST_STEP][PASSED] - click(findTestObject("Account repository/Page_Home/strong_Accounts")): Object: 'Object Repository/Account repository/Page_Home/strong_Accounts' is clicked on

2563-06-17 14:36:00 - [MESSAGE][PASSED] - Object: 'Object Repository/Account repository/Page_Home/strong_Accounts' is clicked on

2563-06-17 14:36:00 - [TEST_STEP][PASSED] - setText(findTestObject("Account repository/Page_Accounts/Search Account Name"), findTestData("Account Test Data/D4").getValue(1, 1)): Text 'บริษัท วี จี ไอ โกลบอล มีเดีย จำกัด (มหาชน) ' is set on object 'Object Repository/Account repository/Page_Accounts/Search Account Name'

2563-06-17 14:36:01 - [MESSAGE][PASSED] - Text 'บริษัท วี จี ไอ โกลบอล มีเดีย จำกัด (มหาชน) ' is set on object 'Object Repository/Account repository/Page_Accounts/Search Account Name'

2563-06-17 14:36:01 - [TEST_STEP][PASSED] - click(findTestObject("Account repository/Page_Accounts/button_Search")): Object: 'Object Repository/Account repository/Page_Accounts/button_Search' is clicked on

2563-06-17 14:36:02 - [MESSAGE][PASSED] - Object: 'Object Repository/Account repository/Page_Accounts/button_Search' is clicked on

2563-06-17 14:36:02 - [TEST_STEP][PASSED] - click(findTestObject("Account repository/Page_Accounts/click v g o")): Object: 'Object Repository/Account repository/Page_Accounts/click v g o' is clicked on

2563-06-17 14:36:28 - [MESSAGE][PASSED] - Object: 'Object Repository/Account repository/Page_Accounts/click v g o' is clicked on]]></system-out>
         <system-err><![CDATA[]]></system-err>
      </testcase>
      <testcase name="Test Cases/Account Test Case/Test Case 10" time="2.318" classname="Test Cases/Account Test Case/Test Case 10" status="PASSED">
         <system-out><![CDATA[2563-06-17 14:36:28 - [TEST_CASE][PASSED] - Test Cases/Account Test Case/Test Case 10: Test Cases/Account Test Case/Test Case 10

2563-06-17 14:36:28 - [TEST_STEP][PASSED] - click(findTestObject("Account repository/Page_Accounts/button_More account")): Object: 'Object Repository/Account repository/Page_Accounts/button_More account' is clicked on

2563-06-17 14:36:29 - [MESSAGE][PASSED] - Object: 'Object Repository/Account repository/Page_Accounts/button_More account' is clicked on

2563-06-17 14:36:29 - [TEST_STEP][PASSED] - click(findTestObject("Account repository/Page_Accounts/a_Delete Account")): Object: 'Object Repository/Account repository/Page_Accounts/a_Delete Account' is clicked on

2563-06-17 14:36:29 - [MESSAGE][PASSED] - Object: 'Object Repository/Account repository/Page_Accounts/a_Delete Account' is clicked on

2563-06-17 14:36:29 - [TEST_STEP][PASSED] - click(findTestObject("Account repository/Page_Accounts/delete a_Yes")): Object: 'Object Repository/Account repository/Page_Accounts/delete a_Yes' is clicked on

2563-06-17 14:36:30 - [MESSAGE][PASSED] - Object: 'Object Repository/Account repository/Page_Accounts/delete a_Yes' is clicked on]]></system-out>
         <system-err><![CDATA[]]></system-err>
      </testcase>
      <system-out><![CDATA[2563-06-17 14:35:29 - [TEST_SUITE][PASSED] - Usecase6: Test Cases/Account Test Case/Test Case 10]]></system-out>
      <system-err><![CDATA[]]></system-err>
   </testsuite>
</testsuites>
