<?xml version="1.0" encoding="UTF-8"?>
<testsuites name="17" time="69.492" tests="5" failures="0" errors="0">
   <testsuite name="17" tests="5" failures="0" errors="0" time="69.492" timestamp="2020-06-22 10:00:40" hostname="WIN10 - DESKTOP-0NVCT6K" id="Test Suites/Account Usecase/17">
      <properties>
         <property name="deviceName" value=""/>
         <property name="devicePlatform" value=""/>
         <property name="logFolder" value="C:\\Users\\WIN10\\git\\Best-Project\\Reports\\20200622_100038\\Account Usecase\\17\\20200622_100038"/>
         <property name="logFiles" value="C:\\Users\\WIN10\\git\\Best-Project\\Reports\\20200622_100038\\Account Usecase\\17\\20200622_100038\\execution0.log"/>
         <property name="attachments" value=""/>
         <property name="hostName" value="WIN10 - DESKTOP-0NVCT6K"/>
         <property name="os" value="Windows 10 64bit"/>
         <property name="katalonVersion" value="7.5.2.1"/>
         <property name="browser" value="Chrome 83.0.4103.106"/>
         <property name="hostAddress" value="192.168.1.2"/>
         <property name="sessionId" value="706852ece029375c6ce710e91a9a1867"/>
         <property name="seleniumVersion" value="3.141.59"/>
         <property name="proxyInformation" value="ProxyInformation { proxyOption=NO_PROXY, proxyServerType=HTTP, username=, password=********, proxyServerAddress=, proxyServerPort=0, executionList=\&quot;\&quot;, isApplyToDesiredCapabilities=true }"/>
         <property name="platform" value="Windows 10"/>
      </properties>
      <testcase name="Test Cases/Account Test Case/1-View the layout information in the List View" time="9.892" classname="Test Cases/Account Test Case/1-View the layout information in the List View" status="PASSED">
         <system-out><![CDATA[2020-06-22 10:00:40 - [TEST_CASE][PASSED] - Test Cases/Account Test Case/1-View the layout information in the List View: Test Cases/Account Test Case/1-View the layout information in the List View

2020-06-22 10:00:40 - [TEST_STEP][PASSED] - openBrowser("http://crmc.opencloud.digital:64216/index.php"): Browser is opened with url: 'http://crmc.opencloud.digital:64216/index.php'

2020-06-22 10:00:40 - [MESSAGE][INFO] - Starting 'Chrome' driver

2020-06-22 10:00:40 - [MESSAGE][INFO] - Action delay is set to 0 milliseconds

2020-06-22 10:00:44 - [MESSAGE][PASSED] - Browser is opened with url: 'http://crmc.opencloud.digital:64216/index.php'

2020-06-22 10:00:44 - [TEST_STEP][PASSED] - maximizeWindow(): Current window maximized

2020-06-22 10:00:47 - [MESSAGE][PASSED] - Current window maximized

2020-06-22 10:00:47 - [TEST_STEP][PASSED] - setText(findTestObject("Account repository/Login/input_User name_username"), findTestData("Account Test Data/D1").getValue(1, 1)): Text 'Admin' is set on object 'Object Repository/Account repository/Login/input_User name_username'

2020-06-22 10:00:47 - [MESSAGE][PASSED] - Text 'Admin' is set on object 'Object Repository/Account repository/Login/input_User name_username'

2020-06-22 10:00:47 - [TEST_STEP][PASSED] - setText(findTestObject("Account repository/Login/input_Password_password"), findTestData("Account Test Data/D1").getValue(2, 1)): Text '1qaz2WSX3edc ' is set on object 'Object Repository/Account repository/Login/input_Password_password'

2020-06-22 10:00:48 - [MESSAGE][PASSED] - Text '1qaz2WSX3edc ' is set on object 'Object Repository/Account repository/Login/input_Password_password'

2020-06-22 10:00:48 - [TEST_STEP][PASSED] - click(findTestObject("Account repository/Login/button_Sign in")): Object: 'Object Repository/Account repository/Login/button_Sign in' is clicked on

2020-06-22 10:00:50 - [MESSAGE][PASSED] - Object: 'Object Repository/Account repository/Login/button_Sign in' is clicked on]]></system-out>
         <system-err><![CDATA[]]></system-err>
      </testcase>
      <testcase name="Test Cases/Account Test Case/5-View the Detail View information" time="12.331" classname="Test Cases/Account Test Case/5-View the Detail View information" status="PASSED">
         <system-out><![CDATA[2020-06-22 10:00:50 - [TEST_CASE][PASSED] - Test Cases/Account Test Case/5-View the Detail View information: Test Cases/Account Test Case/5-View the Detail View information

2020-06-22 10:00:50 - [TEST_STEP][PASSED] - click(findTestObject("Account repository/Page_Home/strong_Accounts")): Object: 'Object Repository/Account repository/Page_Home/strong_Accounts' is clicked on

2020-06-22 10:00:56 - [MESSAGE][PASSED] - Object: 'Object Repository/Account repository/Page_Home/strong_Accounts' is clicked on

2020-06-22 10:00:56 - [TEST_STEP][PASSED] - setText(findTestObject("Account repository/Page_Accounts/Search Account Name"), findTestData("Account Test Data/D4").getValue(1, 1)): Text 'บริษัท วี จี ไอ โกลบอล มีเดีย จำกัด (มหาชน) ' is set on object 'Object Repository/Account repository/Page_Accounts/Search Account Name'

2020-06-22 10:00:57 - [MESSAGE][PASSED] - Text 'บริษัท วี จี ไอ โกลบอล มีเดีย จำกัด (มหาชน) ' is set on object 'Object Repository/Account repository/Page_Accounts/Search Account Name'

2020-06-22 10:00:57 - [TEST_STEP][PASSED] - click(findTestObject("Account repository/Page_Accounts/button_Search")): Object: 'Object Repository/Account repository/Page_Accounts/button_Search' is clicked on

2020-06-22 10:00:57 - [MESSAGE][PASSED] - Object: 'Object Repository/Account repository/Page_Accounts/button_Search' is clicked on

2020-06-22 10:00:57 - [TEST_STEP][PASSED] - click(findTestObject("Account repository/Page_Accounts/click v g o")): Object: 'Object Repository/Account repository/Page_Accounts/click v g o' is clicked on

2020-06-22 10:01:02 - [MESSAGE][PASSED] - Object: 'Object Repository/Account repository/Page_Accounts/click v g o' is clicked on]]></system-out>
         <system-err><![CDATA[]]></system-err>
      </testcase>
      <testcase name="Test Cases/Account Test Case/37" time="3.341" classname="Test Cases/Account Test Case/37" status="PASSED">
         <system-out><![CDATA[2020-06-22 10:01:02 - [TEST_CASE][PASSED] - Test Cases/Account Test Case/37: Test Cases/Account Test Case/37

2020-06-22 10:01:02 - [TEST_STEP][PASSED] - click(findTestObject("Account repository/Page_Accounts Related/a_Activities  related")): Object: 'Object Repository/Account repository/Page_Accounts Related/a_Activities  related' is clicked on

2020-06-22 10:01:03 - [MESSAGE][PASSED] - Object: 'Object Repository/Account repository/Page_Accounts Related/a_Activities  related' is clicked on

2020-06-22 10:01:03 - [TEST_STEP][PASSED] - click(findTestObject("Account repository/Page_Accounts Related/button_Add Activity related")): Object: 'Object Repository/Account repository/Page_Accounts Related/button_Add Activity related' is clicked on

2020-06-22 10:01:05 - [MESSAGE][PASSED] - Object: 'Object Repository/Account repository/Page_Accounts Related/button_Add Activity related' is clicked on

2020-06-22 10:01:05 - [TEST_STEP][PASSED] - click(findTestObject("Account repository/Page_Calendar activity related/button_Save acti rel")): Object: 'Object Repository/Account repository/Page_Calendar activity related/button_Save acti rel' is clicked on

2020-06-22 10:01:05 - [MESSAGE][PASSED] - Object: 'Object Repository/Account repository/Page_Calendar activity related/button_Save acti rel' is clicked on]]></system-out>
         <system-err><![CDATA[]]></system-err>
      </testcase>
      <testcase name="Test Cases/Account Test Case/36" time="21.349" classname="Test Cases/Account Test Case/36" status="PASSED">
         <system-out><![CDATA[2020-06-22 10:01:05 - [TEST_CASE][PASSED] - Test Cases/Account Test Case/36: Test Cases/Account Test Case/36

2020-06-22 10:01:06 - [TEST_STEP][PASSED] - delay(1): Delayed 1 second(s)

2020-06-22 10:01:07 - [MESSAGE][PASSED] - Delayed 1 second(s)

2020-06-22 10:01:07 - [TEST_STEP][PASSED] - click(findTestObject("Account repository/Page_Calendar activity related/clear acti rel")): Object: 'Object Repository/Account repository/Page_Calendar activity related/clear acti rel' is clicked on

2020-06-22 10:01:07 - [MESSAGE][PASSED] - Object: 'Object Repository/Account repository/Page_Calendar activity related/clear acti rel' is clicked on

2020-06-22 10:01:07 - [TEST_STEP][PASSED] - delay(3): Delayed 3 second(s)

2020-06-22 10:01:10 - [MESSAGE][PASSED] - Delayed 3 second(s)

2020-06-22 10:01:10 - [TEST_STEP][PASSED] - click(findTestObject("Account repository/Page_Calendar activity related/sale type acti rel")): Object: 'Object Repository/Account repository/Page_Calendar activity related/sale type acti rel' is clicked on

2020-06-22 10:01:10 - [MESSAGE][PASSED] - Object: 'Object Repository/Account repository/Page_Calendar activity related/sale type acti rel' is clicked on

2020-06-22 10:01:10 - [TEST_STEP][PASSED] - setText(findTestObject("Account repository/Page_Calendar activity related/input sale type acti rel"), findTestData("Account Test Data/D11").getValue(4, 1)): Text 'Pre-Sales' is set on object 'Object Repository/Account repository/Page_Calendar activity related/input sale type acti rel'

2020-06-22 10:01:12 - [MESSAGE][PASSED] - Text 'Pre-Sales' is set on object 'Object Repository/Account repository/Page_Calendar activity related/input sale type acti rel'

2020-06-22 10:01:12 - [TEST_STEP][PASSED] - sendKeys(findTestObject("Account repository/Page_Calendar activity related/input sale type acti rel"), Keys.chord(ENTER)): Keys 'ENTER + ' sent to object: 'Object Repository/Account repository/Page_Calendar activity related/input sale type acti rel'

2020-06-22 10:01:12 - [MESSAGE][PASSED] - Keys 'ENTER + ' sent to object: 'Object Repository/Account repository/Page_Calendar activity related/input sale type acti rel'

2020-06-22 10:01:12 - [TEST_STEP][PASSED] - setText(findTestObject("Account repository/Page_Calendar activity related/input__date_start acti rel"), findTestData("Account Test Data/D11").getValue(7, 1)): Text '11/02/2020' is set on object 'Object Repository/Account repository/Page_Calendar activity related/input__date_start acti rel'

2020-06-22 10:01:13 - [MESSAGE][PASSED] - Text '11/02/2020' is set on object 'Object Repository/Account repository/Page_Calendar activity related/input__date_start acti rel'

2020-06-22 10:01:13 - [TEST_STEP][PASSED] - setText(findTestObject("Account repository/Page_Calendar activity related/input__time_start acti rel"), findTestData("Account Test Data/D11").getValue(8, 1)): Text '03:19 PM' is set on object 'Object Repository/Account repository/Page_Calendar activity related/input__time_start acti rel'

2020-06-22 10:01:14 - [MESSAGE][PASSED] - Text '03:19 PM' is set on object 'Object Repository/Account repository/Page_Calendar activity related/input__time_start acti rel'

2020-06-22 10:01:14 - [TEST_STEP][PASSED] - setText(findTestObject("Account repository/Page_Calendar activity related/input__due_date acti rel"), findTestData("Account Test Data/D11").getValue(9, 1)): Text '11/02/2020' is set on object 'Object Repository/Account repository/Page_Calendar activity related/input__due_date acti rel'

2020-06-22 10:01:15 - [MESSAGE][PASSED] - Text '11/02/2020' is set on object 'Object Repository/Account repository/Page_Calendar activity related/input__due_date acti rel'

2020-06-22 10:01:15 - [TEST_STEP][PASSED] - setText(findTestObject("Account repository/Page_Calendar activity related/input__time_end acti rel"), findTestData("Account Test Data/D11").getValue(10, 1)): Text '03:24 PM' is set on object 'Object Repository/Account repository/Page_Calendar activity related/input__time_end acti rel'

2020-06-22 10:01:16 - [MESSAGE][PASSED] - Text '03:24 PM' is set on object 'Object Repository/Account repository/Page_Calendar activity related/input__time_end acti rel'

2020-06-22 10:01:16 - [TEST_STEP][PASSED] - click(findTestObject("Account repository/Page_Calendar activity related/clear acti rel")): Object: 'Object Repository/Account repository/Page_Calendar activity related/clear acti rel' is clicked on

2020-06-22 10:01:17 - [MESSAGE][PASSED] - Object: 'Object Repository/Account repository/Page_Calendar activity related/clear acti rel' is clicked on

2020-06-22 10:01:17 - [TEST_STEP][PASSED] - click(findTestObject("Account repository/Page_Calendar activity related/search contact name acti rel")): Object: 'Object Repository/Account repository/Page_Calendar activity related/search contact name acti rel' is clicked on

2020-06-22 10:01:17 - [MESSAGE][PASSED] - Object: 'Object Repository/Account repository/Page_Calendar activity related/search contact name acti rel' is clicked on

2020-06-22 10:01:17 - [TEST_STEP][PASSED] - switchToWindowTitle("Contacts"): Switched to window with title: 'Contacts'

2020-06-22 10:01:19 - [MESSAGE][PASSED] - Switched to window with title: 'Contacts'

2020-06-22 10:01:19 - [TEST_STEP][PASSED] - click(findTestObject("Page_Contacts/a_OldSales2")): Object: 'Object Repository/Page_Contacts/a_OldSales2' is clicked on

2020-06-22 10:01:20 - [MESSAGE][PASSED] - Object: 'Object Repository/Page_Contacts/a_OldSales2' is clicked on

2020-06-22 10:01:20 - [TEST_STEP][PASSED] - switchToDefaultContent(): null

2020-06-22 10:01:22 - [TEST_STEP][PASSED] - click(findTestObject("Account repository/Page_Calendar activity related/status result acti rel")): Object: 'Object Repository/Account repository/Page_Calendar activity related/status result acti rel' is clicked on

2020-06-22 10:01:22 - [MESSAGE][PASSED] - Object: 'Object Repository/Account repository/Page_Calendar activity related/status result acti rel' is clicked on

2020-06-22 10:01:22 - [TEST_STEP][PASSED] - setText(findTestObject("Account repository/Page_Calendar activity related/input status result acti rel"), findTestData("Account Test Data/D11").getValue(12, 1)): Text 'Done' is set on object 'Object Repository/Account repository/Page_Calendar activity related/input status result acti rel'

2020-06-22 10:01:23 - [MESSAGE][PASSED] - Text 'Done' is set on object 'Object Repository/Account repository/Page_Calendar activity related/input status result acti rel'

2020-06-22 10:01:23 - [TEST_STEP][PASSED] - sendKeys(findTestObject("Account repository/Page_Calendar activity related/input status result acti rel"), Keys.chord(ENTER)): Keys 'ENTER + ' sent to object: 'Object Repository/Account repository/Page_Calendar activity related/input status result acti rel'

2020-06-22 10:01:24 - [MESSAGE][PASSED] - Keys 'ENTER + ' sent to object: 'Object Repository/Account repository/Page_Calendar activity related/input status result acti rel'

2020-06-22 10:01:24 - [TEST_STEP][PASSED] - click(findTestObject("Account repository/Page_Calendar activity related/show time as acti rel")): Object: 'Object Repository/Account repository/Page_Calendar activity related/show time as acti rel' is clicked on

2020-06-22 10:01:24 - [MESSAGE][PASSED] - Object: 'Object Repository/Account repository/Page_Calendar activity related/show time as acti rel' is clicked on

2020-06-22 10:01:24 - [TEST_STEP][PASSED] - setText(findTestObject("Account repository/Page_Calendar activity related/input show time as acti rel"), findTestData("Account Test Data/D11").getValue(13, 1)): Text 'Out of Office' is set on object 'Object Repository/Account repository/Page_Calendar activity related/input show time as acti rel'

2020-06-22 10:01:25 - [MESSAGE][PASSED] - Text 'Out of Office' is set on object 'Object Repository/Account repository/Page_Calendar activity related/input show time as acti rel'

2020-06-22 10:01:25 - [TEST_STEP][PASSED] - sendKeys(findTestObject("Account repository/Page_Calendar activity related/input show time as acti rel"), Keys.chord(ENTER)): Keys 'ENTER + ' sent to object: 'Object Repository/Account repository/Page_Calendar activity related/input show time as acti rel'

2020-06-22 10:01:25 - [MESSAGE][PASSED] - Keys 'ENTER + ' sent to object: 'Object Repository/Account repository/Page_Calendar activity related/input show time as acti rel'

2020-06-22 10:01:25 - [TEST_STEP][PASSED] - setText(findTestObject("Account repository/Page_Calendar activity related/textarea__description acti rel"), findTestData("Account Test Data/D11").getValue(14, 1)): Text 'Anatomy of Ultraman' is set on object 'Object Repository/Account repository/Page_Calendar activity related/textarea__description acti rel'

2020-06-22 10:01:26 - [MESSAGE][PASSED] - Text 'Anatomy of Ultraman' is set on object 'Object Repository/Account repository/Page_Calendar activity related/textarea__description acti rel'

2020-06-22 10:01:26 - [TEST_STEP][PASSED] - click(findTestObject("Account repository/Page_Calendar activity related/button_Save acti rel")): Object: 'Object Repository/Account repository/Page_Calendar activity related/button_Save acti rel' is clicked on

2020-06-22 10:01:27 - [MESSAGE][PASSED] - Object: 'Object Repository/Account repository/Page_Calendar activity related/button_Save acti rel' is clicked on]]></system-out>
         <system-err><![CDATA[]]></system-err>
      </testcase>
      <testcase name="Test Cases/Account Test Case/35" time="21.704" classname="Test Cases/Account Test Case/35" status="PASSED">
         <system-out><![CDATA[2020-06-22 10:01:27 - [TEST_CASE][PASSED] - Test Cases/Account Test Case/35: Test Cases/Account Test Case/35

2020-06-22 10:01:27 - [TEST_STEP][PASSED] - delay(1): Delayed 1 second(s)

2020-06-22 10:01:28 - [MESSAGE][PASSED] - Delayed 1 second(s)

2020-06-22 10:01:28 - [TEST_STEP][PASSED] - click(findTestObject("Account repository/Page_Calendar activity related/clear acti rel")): Object: 'Object Repository/Account repository/Page_Calendar activity related/clear acti rel' is clicked on

2020-06-22 10:01:28 - [MESSAGE][PASSED] - Object: 'Object Repository/Account repository/Page_Calendar activity related/clear acti rel' is clicked on

2020-06-22 10:01:28 - [TEST_STEP][PASSED] - delay(1): Delayed 1 second(s)

2020-06-22 10:01:29 - [MESSAGE][PASSED] - Delayed 1 second(s)

2020-06-22 10:01:29 - [TEST_STEP][PASSED] - setText(findTestObject("Account repository/Page_Calendar activity related/input__subject acti rel"), findTestData("Account Test Data/D11").getValue(1, 1)): Text 'Anatomy' is set on object 'Object Repository/Account repository/Page_Calendar activity related/input__subject acti rel'

2020-06-22 10:01:30 - [MESSAGE][PASSED] - Text 'Anatomy' is set on object 'Object Repository/Account repository/Page_Calendar activity related/input__subject acti rel'

2020-06-22 10:01:30 - [TEST_STEP][PASSED] - click(findTestObject("Account repository/Page_Calendar activity related/acti type rel")): Object: 'Object Repository/Account repository/Page_Calendar activity related/acti type rel' is clicked on

2020-06-22 10:01:30 - [MESSAGE][PASSED] - Object: 'Object Repository/Account repository/Page_Calendar activity related/acti type rel' is clicked on

2020-06-22 10:01:30 - [TEST_STEP][PASSED] - setText(findTestObject("Account repository/Page_Calendar activity related/input acti type rel"), findTestData("Account Test Data/D11").getValue(2, 1)): Text 'Call' is set on object 'Object Repository/Account repository/Page_Calendar activity related/input acti type rel'

2020-06-22 10:01:31 - [MESSAGE][PASSED] - Text 'Call' is set on object 'Object Repository/Account repository/Page_Calendar activity related/input acti type rel'

2020-06-22 10:01:31 - [TEST_STEP][PASSED] - sendKeys(findTestObject("Account repository/Page_Calendar activity related/input acti type rel"), Keys.chord(ENTER)): Keys 'ENTER + ' sent to object: 'Object Repository/Account repository/Page_Calendar activity related/input acti type rel'

2020-06-22 10:01:32 - [MESSAGE][PASSED] - Keys 'ENTER + ' sent to object: 'Object Repository/Account repository/Page_Calendar activity related/input acti type rel'

2020-06-22 10:01:32 - [TEST_STEP][PASSED] - click(findTestObject("Account repository/Page_Calendar activity related/sale type acti rel")): Object: 'Object Repository/Account repository/Page_Calendar activity related/sale type acti rel' is clicked on

2020-06-22 10:01:32 - [MESSAGE][PASSED] - Object: 'Object Repository/Account repository/Page_Calendar activity related/sale type acti rel' is clicked on

2020-06-22 10:01:32 - [TEST_STEP][PASSED] - setText(findTestObject("Account repository/Page_Calendar activity related/input sale type acti rel"), findTestData("Account Test Data/D11").getValue(4, 1)): Text 'Pre-Sales' is set on object 'Object Repository/Account repository/Page_Calendar activity related/input sale type acti rel'

2020-06-22 10:01:33 - [MESSAGE][PASSED] - Text 'Pre-Sales' is set on object 'Object Repository/Account repository/Page_Calendar activity related/input sale type acti rel'

2020-06-22 10:01:33 - [TEST_STEP][PASSED] - sendKeys(findTestObject("Account repository/Page_Calendar activity related/input sale type acti rel"), Keys.chord(ENTER)): Keys 'ENTER + ' sent to object: 'Object Repository/Account repository/Page_Calendar activity related/input sale type acti rel'

2020-06-22 10:01:33 - [MESSAGE][PASSED] - Keys 'ENTER + ' sent to object: 'Object Repository/Account repository/Page_Calendar activity related/input sale type acti rel'

2020-06-22 10:01:33 - [TEST_STEP][PASSED] - setText(findTestObject("Account repository/Page_Calendar activity related/input__date_start acti rel"), findTestData("Account Test Data/D11").getValue(7, 1)): Text '11/02/2020' is set on object 'Object Repository/Account repository/Page_Calendar activity related/input__date_start acti rel'

2020-06-22 10:01:35 - [MESSAGE][PASSED] - Text '11/02/2020' is set on object 'Object Repository/Account repository/Page_Calendar activity related/input__date_start acti rel'

2020-06-22 10:01:35 - [TEST_STEP][PASSED] - setText(findTestObject("Account repository/Page_Calendar activity related/input__time_start acti rel"), findTestData("Account Test Data/D11").getValue(8, 1)): Text '03:19 PM' is set on object 'Object Repository/Account repository/Page_Calendar activity related/input__time_start acti rel'

2020-06-22 10:01:36 - [MESSAGE][PASSED] - Text '03:19 PM' is set on object 'Object Repository/Account repository/Page_Calendar activity related/input__time_start acti rel'

2020-06-22 10:01:36 - [TEST_STEP][PASSED] - setText(findTestObject("Account repository/Page_Calendar activity related/input__due_date acti rel"), findTestData("Account Test Data/D11").getValue(9, 1)): Text '11/02/2020' is set on object 'Object Repository/Account repository/Page_Calendar activity related/input__due_date acti rel'

2020-06-22 10:01:37 - [MESSAGE][PASSED] - Text '11/02/2020' is set on object 'Object Repository/Account repository/Page_Calendar activity related/input__due_date acti rel'

2020-06-22 10:01:37 - [TEST_STEP][PASSED] - setText(findTestObject("Account repository/Page_Calendar activity related/input__time_end acti rel"), findTestData("Account Test Data/D11").getValue(10, 1)): Text '03:24 PM' is set on object 'Object Repository/Account repository/Page_Calendar activity related/input__time_end acti rel'

2020-06-22 10:01:38 - [MESSAGE][PASSED] - Text '03:24 PM' is set on object 'Object Repository/Account repository/Page_Calendar activity related/input__time_end acti rel'

2020-06-22 10:01:38 - [TEST_STEP][PASSED] - click(findTestObject("Account repository/Page_Calendar activity related/clear acti rel")): Object: 'Object Repository/Account repository/Page_Calendar activity related/clear acti rel' is clicked on

2020-06-22 10:01:38 - [MESSAGE][PASSED] - Object: 'Object Repository/Account repository/Page_Calendar activity related/clear acti rel' is clicked on

2020-06-22 10:01:38 - [TEST_STEP][PASSED] - click(findTestObject("Account repository/Page_Calendar activity related/search contact name acti rel")): Object: 'Object Repository/Account repository/Page_Calendar activity related/search contact name acti rel' is clicked on

2020-06-22 10:01:39 - [MESSAGE][PASSED] - Object: 'Object Repository/Account repository/Page_Calendar activity related/search contact name acti rel' is clicked on

2020-06-22 10:01:39 - [TEST_STEP][PASSED] - switchToWindowTitle("Contacts"): Switched to window with title: 'Contacts'

2020-06-22 10:01:41 - [MESSAGE][PASSED] - Switched to window with title: 'Contacts'

2020-06-22 10:01:41 - [TEST_STEP][PASSED] - click(findTestObject("Page_Contacts/a_OldSales2")): Object: 'Object Repository/Page_Contacts/a_OldSales2' is clicked on

2020-06-22 10:01:41 - [MESSAGE][PASSED] - Object: 'Object Repository/Page_Contacts/a_OldSales2' is clicked on

2020-06-22 10:01:41 - [TEST_STEP][PASSED] - switchToDefaultContent(): null

2020-06-22 10:01:43 - [TEST_STEP][PASSED] - click(findTestObject("Account repository/Page_Calendar activity related/status result acti rel")): Object: 'Object Repository/Account repository/Page_Calendar activity related/status result acti rel' is clicked on

2020-06-22 10:01:44 - [MESSAGE][PASSED] - Object: 'Object Repository/Account repository/Page_Calendar activity related/status result acti rel' is clicked on

2020-06-22 10:01:44 - [TEST_STEP][PASSED] - setText(findTestObject("Account repository/Page_Calendar activity related/input status result acti rel"), findTestData("Account Test Data/D11").getValue(12, 1)): Text 'Done' is set on object 'Object Repository/Account repository/Page_Calendar activity related/input status result acti rel'

2020-06-22 10:01:45 - [MESSAGE][PASSED] - Text 'Done' is set on object 'Object Repository/Account repository/Page_Calendar activity related/input status result acti rel'

2020-06-22 10:01:45 - [TEST_STEP][PASSED] - sendKeys(findTestObject("Account repository/Page_Calendar activity related/input status result acti rel"), Keys.chord(ENTER)): Keys 'ENTER + ' sent to object: 'Object Repository/Account repository/Page_Calendar activity related/input status result acti rel'

2020-06-22 10:01:45 - [MESSAGE][PASSED] - Keys 'ENTER + ' sent to object: 'Object Repository/Account repository/Page_Calendar activity related/input status result acti rel'

2020-06-22 10:01:45 - [TEST_STEP][PASSED] - click(findTestObject("Account repository/Page_Calendar activity related/show time as acti rel")): Object: 'Object Repository/Account repository/Page_Calendar activity related/show time as acti rel' is clicked on

2020-06-22 10:01:46 - [MESSAGE][PASSED] - Object: 'Object Repository/Account repository/Page_Calendar activity related/show time as acti rel' is clicked on

2020-06-22 10:01:46 - [TEST_STEP][PASSED] - setText(findTestObject("Account repository/Page_Calendar activity related/input show time as acti rel"), findTestData("Account Test Data/D11").getValue(13, 1)): Text 'Out of Office' is set on object 'Object Repository/Account repository/Page_Calendar activity related/input show time as acti rel'

2020-06-22 10:01:46 - [MESSAGE][PASSED] - Text 'Out of Office' is set on object 'Object Repository/Account repository/Page_Calendar activity related/input show time as acti rel'

2020-06-22 10:01:46 - [TEST_STEP][PASSED] - sendKeys(findTestObject("Account repository/Page_Calendar activity related/input show time as acti rel"), Keys.chord(ENTER)): Keys 'ENTER + ' sent to object: 'Object Repository/Account repository/Page_Calendar activity related/input show time as acti rel'

2020-06-22 10:01:47 - [MESSAGE][PASSED] - Keys 'ENTER + ' sent to object: 'Object Repository/Account repository/Page_Calendar activity related/input show time as acti rel'

2020-06-22 10:01:47 - [TEST_STEP][PASSED] - setText(findTestObject("Account repository/Page_Calendar activity related/textarea__description acti rel"), findTestData("Account Test Data/D11").getValue(14, 1)): Text 'Anatomy of Ultraman' is set on object 'Object Repository/Account repository/Page_Calendar activity related/textarea__description acti rel'

2020-06-22 10:01:48 - [MESSAGE][PASSED] - Text 'Anatomy of Ultraman' is set on object 'Object Repository/Account repository/Page_Calendar activity related/textarea__description acti rel'

2020-06-22 10:01:48 - [TEST_STEP][PASSED] - click(findTestObject("Account repository/Page_Calendar activity related/button_Save acti rel")): Object: 'Object Repository/Account repository/Page_Calendar activity related/button_Save acti rel' is clicked on

2020-06-22 10:01:48 - [MESSAGE][PASSED] - Object: 'Object Repository/Account repository/Page_Calendar activity related/button_Save acti rel' is clicked on]]></system-out>
         <system-err><![CDATA[]]></system-err>
      </testcase>
      <system-out><![CDATA[2020-06-22 10:00:40 - [TEST_SUITE][PASSED] - 17: Test Cases/Account Test Case/35]]></system-out>
      <system-err><![CDATA[]]></system-err>
   </testsuite>
</testsuites>
