<?xml version="1.0" encoding="UTF-8"?>
<testsuites name="6" time="25.665" tests="3" failures="0" errors="0">
   <testsuite name="6" tests="3" failures="0" errors="0" time="25.665" timestamp="2020-07-16 23:38:25" hostname="WIN10 - DESKTOP-0NVCT6K" id="Test Suites/E-Lead Usecase/6">
      <properties>
         <property name="deviceName" value=""/>
         <property name="devicePlatform" value=""/>
         <property name="logFolder" value="C:\\Users\\WIN10\\git\\Best-Project\\Reports\\20200716_233823\\E-Lead Usecase\\6\\20200716_233823"/>
         <property name="logFiles" value="C:\\Users\\WIN10\\git\\Best-Project\\Reports\\20200716_233823\\E-Lead Usecase\\6\\20200716_233823\\execution0.log"/>
         <property name="attachments" value=""/>
         <property name="hostName" value="WIN10 - DESKTOP-0NVCT6K"/>
         <property name="os" value="Windows 10 64bit"/>
         <property name="katalonVersion" value="7.5.2.1"/>
         <property name="browser" value="Chrome 83.0.4103.116"/>
         <property name="hostAddress" value="192.168.1.2"/>
         <property name="sessionId" value="948bde3c53e5a2fd8c77d980a7cf413a"/>
         <property name="seleniumVersion" value="3.141.59"/>
         <property name="proxyInformation" value="ProxyInformation { proxyOption=NO_PROXY, proxyServerType=HTTP, username=, password=********, proxyServerAddress=, proxyServerPort=0, executionList=\&quot;\&quot;, isApplyToDesiredCapabilities=true }"/>
         <property name="platform" value="Windows 10"/>
      </properties>
      <testcase name="Test Cases/E-Lead Test Case/1" time="14.395" classname="Test Cases/E-Lead Test Case/1" status="PASSED">
         <system-out><![CDATA[2020-07-16 23:38:26 - [TEST_CASE][PASSED] - Test Cases/E-Lead Test Case/1: Test Cases/E-Lead Test Case/1

2020-07-16 23:38:26 - [TEST_STEP][PASSED] - openBrowser("http://crmc.opencloud.digital:64216/index.php"): Browser is opened with url: 'http://crmc.opencloud.digital:64216/index.php'

2020-07-16 23:38:26 - [MESSAGE][INFO] - Starting 'Chrome' driver

2020-07-16 23:38:26 - [MESSAGE][INFO] - Action delay is set to 0 milliseconds

2020-07-16 23:38:31 - [MESSAGE][PASSED] - Browser is opened with url: 'http://crmc.opencloud.digital:64216/index.php'

2020-07-16 23:38:31 - [TEST_STEP][PASSED] - setText(findTestObject("Account repository/Login/input_User name_username"), findTestData("Calendar Test Data/D1").getValue(1, 1)): Text 'admin' is set on object 'Object Repository/Account repository/Login/input_User name_username'

2020-07-16 23:38:32 - [MESSAGE][PASSED] - Text 'admin' is set on object 'Object Repository/Account repository/Login/input_User name_username'

2020-07-16 23:38:32 - [TEST_STEP][PASSED] - setText(findTestObject("Account repository/Login/input_Password_password"), findTestData("Calendar Test Data/D1").getValue(2, 1)): Text '1qaz2WSX3edc ' is set on object 'Object Repository/Account repository/Login/input_Password_password'

2020-07-16 23:38:33 - [MESSAGE][PASSED] - Text '1qaz2WSX3edc ' is set on object 'Object Repository/Account repository/Login/input_Password_password'

2020-07-16 23:38:33 - [TEST_STEP][PASSED] - click(findTestObject("Account repository/Login/button_Sign in")): Object: 'Object Repository/Account repository/Login/button_Sign in' is clicked on

2020-07-16 23:38:34 - [MESSAGE][PASSED] - Object: 'Object Repository/Account repository/Login/button_Sign in' is clicked on

2020-07-16 23:38:34 - [TEST_STEP][PASSED] - click(findTestObject("E-Lead repository/Page_Home/a_E-Lead")): Object: 'Object Repository/E-Lead repository/Page_Home/a_E-Lead' is clicked on

2020-07-16 23:38:38 - [MESSAGE][PASSED] - Object: 'Object Repository/E-Lead repository/Page_Home/a_E-Lead' is clicked on

2020-07-16 23:38:38 - [TEST_STEP][PASSED] - delay(2): Delayed 2 second(s)

2020-07-16 23:38:40 - [MESSAGE][PASSED] - Delayed 2 second(s)]]></system-out>
         <system-err><![CDATA[]]></system-err>
      </testcase>
      <testcase name="Test Cases/E-Lead Test Case/5" time="6.982" classname="Test Cases/E-Lead Test Case/5" status="PASSED">
         <system-out><![CDATA[2020-07-16 23:38:40 - [TEST_CASE][PASSED] - Test Cases/E-Lead Test Case/5: Test Cases/E-Lead Test Case/5

2020-07-16 23:38:40 - [TEST_STEP][PASSED] - setText(findTestObject("E-Lead repository/Page_E-Lead/input_Created DateTime_eleadname"), findTestData("E-Lead Test Data/D2").getValue(1, 1)): Text 'เครื่องคอมพิวเตอร์' is set on object 'Object Repository/E-Lead repository/Page_E-Lead/input_Created DateTime_eleadname'

2020-07-16 23:38:41 - [MESSAGE][PASSED] - Text 'เครื่องคอมพิวเตอร์' is set on object 'Object Repository/E-Lead repository/Page_E-Lead/input_Created DateTime_eleadname'

2020-07-16 23:38:41 - [TEST_STEP][PASSED] - click(findTestObject("E-Lead repository/Page_E-Lead/button_Search")): Object: 'Object Repository/E-Lead repository/Page_E-Lead/button_Search' is clicked on

2020-07-16 23:38:42 - [MESSAGE][PASSED] - Object: 'Object Repository/E-Lead repository/Page_E-Lead/button_Search' is clicked on

2020-07-16 23:38:42 - [TEST_STEP][PASSED] - click(findTestObject("E-Lead repository/Page_E-Lead/a_")): Object: 'Object Repository/E-Lead repository/Page_E-Lead/a_' is clicked on

2020-07-16 23:38:45 - [MESSAGE][PASSED] - Object: 'Object Repository/E-Lead repository/Page_E-Lead/a_' is clicked on

2020-07-16 23:38:45 - [TEST_STEP][PASSED] - delay(2): Delayed 2 second(s)

2020-07-16 23:38:47 - [MESSAGE][PASSED] - Delayed 2 second(s)]]></system-out>
         <system-err><![CDATA[]]></system-err>
      </testcase>
      <testcase name="Test Cases/E-Lead Test Case/12" time="3.322" classname="Test Cases/E-Lead Test Case/12" status="PASSED">
         <system-out><![CDATA[2020-07-16 23:38:47 - [TEST_CASE][PASSED] - Test Cases/E-Lead Test Case/12: Test Cases/E-Lead Test Case/12

2020-07-16 23:38:47 - [TEST_STEP][PASSED] - click(findTestObject("E-Lead repository/Page_E-Lead/button_Printable View")): Object: 'Object Repository/E-Lead repository/Page_E-Lead/button_Printable View' is clicked on

2020-07-16 23:38:48 - [MESSAGE][PASSED] - Object: 'Object Repository/E-Lead repository/Page_E-Lead/button_Printable View' is clicked on

2020-07-16 23:38:48 - [TEST_STEP][PASSED] - delay(2): Delayed 2 second(s)

2020-07-16 23:38:50 - [MESSAGE][PASSED] - Delayed 2 second(s)]]></system-out>
         <system-err><![CDATA[]]></system-err>
      </testcase>
      <system-out><![CDATA[2020-07-16 23:38:25 - [TEST_SUITE][PASSED] - 6: Test Cases/E-Lead Test Case/12]]></system-out>
      <system-err><![CDATA[]]></system-err>
   </testsuite>
</testsuites>
