<?xml version="1.0" encoding="UTF-8"?>
<testsuites name="10" time="71.308" tests="5" failures="0" errors="0">
   <testsuite name="10" tests="5" failures="0" errors="0" time="71.308" timestamp="2020-07-17 00:12:49" hostname="WIN10 - DESKTOP-0NVCT6K" id="Test Suites/E-Lead Usecase/10">
      <properties>
         <property name="deviceName" value=""/>
         <property name="devicePlatform" value=""/>
         <property name="logFolder" value="C:\\Users\\WIN10\\git\\Best-Project\\Reports\\20200717_001247\\E-Lead Usecase\\10\\20200717_001247"/>
         <property name="logFiles" value="C:\\Users\\WIN10\\git\\Best-Project\\Reports\\20200717_001247\\E-Lead Usecase\\10\\20200717_001247\\execution0.log"/>
         <property name="attachments" value=""/>
         <property name="hostName" value="WIN10 - DESKTOP-0NVCT6K"/>
         <property name="os" value="Windows 10 64bit"/>
         <property name="katalonVersion" value="7.5.2.1"/>
         <property name="browser" value="Chrome 83.0.4103.116"/>
         <property name="hostAddress" value="192.168.1.2"/>
         <property name="sessionId" value="9e958bd9dfcc0776c18171de736510b4"/>
         <property name="seleniumVersion" value="3.141.59"/>
         <property name="proxyInformation" value="ProxyInformation { proxyOption=NO_PROXY, proxyServerType=HTTP, username=, password=********, proxyServerAddress=, proxyServerPort=0, executionList=\&quot;\&quot;, isApplyToDesiredCapabilities=true }"/>
         <property name="platform" value="Windows 10"/>
      </properties>
      <testcase name="Test Cases/E-Lead Test Case/1" time="16.709" classname="Test Cases/E-Lead Test Case/1" status="PASSED">
         <system-out><![CDATA[2020-07-17 00:12:49 - [TEST_CASE][PASSED] - Test Cases/E-Lead Test Case/1: Test Cases/E-Lead Test Case/1

2020-07-17 00:12:49 - [TEST_STEP][PASSED] - openBrowser("http://crmc.opencloud.digital:64216/index.php"): Browser is opened with url: 'http://crmc.opencloud.digital:64216/index.php'

2020-07-17 00:12:50 - [MESSAGE][INFO] - Starting 'Chrome' driver

2020-07-17 00:12:50 - [MESSAGE][INFO] - Action delay is set to 0 milliseconds

2020-07-17 00:12:54 - [MESSAGE][PASSED] - Browser is opened with url: 'http://crmc.opencloud.digital:64216/index.php'

2020-07-17 00:12:54 - [TEST_STEP][PASSED] - setText(findTestObject("Account repository/Login/input_User name_username"), findTestData("Calendar Test Data/D1").getValue(1, 1)): Text 'admin' is set on object 'Object Repository/Account repository/Login/input_User name_username'

2020-07-17 00:12:55 - [MESSAGE][PASSED] - Text 'admin' is set on object 'Object Repository/Account repository/Login/input_User name_username'

2020-07-17 00:12:55 - [TEST_STEP][PASSED] - setText(findTestObject("Account repository/Login/input_Password_password"), findTestData("Calendar Test Data/D1").getValue(2, 1)): Text '1qaz2WSX3edc ' is set on object 'Object Repository/Account repository/Login/input_Password_password'

2020-07-17 00:12:56 - [MESSAGE][PASSED] - Text '1qaz2WSX3edc ' is set on object 'Object Repository/Account repository/Login/input_Password_password'

2020-07-17 00:12:56 - [TEST_STEP][PASSED] - click(findTestObject("Account repository/Login/button_Sign in")): Object: 'Object Repository/Account repository/Login/button_Sign in' is clicked on

2020-07-17 00:12:57 - [MESSAGE][PASSED] - Object: 'Object Repository/Account repository/Login/button_Sign in' is clicked on

2020-07-17 00:12:57 - [TEST_STEP][PASSED] - click(findTestObject("E-Lead repository/Page_Home/a_E-Lead")): Object: 'Object Repository/E-Lead repository/Page_Home/a_E-Lead' is clicked on

2020-07-17 00:13:04 - [MESSAGE][PASSED] - Object: 'Object Repository/E-Lead repository/Page_Home/a_E-Lead' is clicked on

2020-07-17 00:13:04 - [TEST_STEP][PASSED] - delay(2): Delayed 2 second(s)

2020-07-17 00:13:06 - [MESSAGE][PASSED] - Delayed 2 second(s)]]></system-out>
         <system-err><![CDATA[]]></system-err>
      </testcase>
      <testcase name="Test Cases/E-Lead Test Case/5" time="6.46" classname="Test Cases/E-Lead Test Case/5" status="PASSED">
         <system-out><![CDATA[2020-07-17 00:13:06 - [TEST_CASE][PASSED] - Test Cases/E-Lead Test Case/5: Test Cases/E-Lead Test Case/5

2020-07-17 00:13:06 - [TEST_STEP][PASSED] - setText(findTestObject("E-Lead repository/Page_E-Lead/input_Created DateTime_eleadname"), findTestData("E-Lead Test Data/D2").getValue(1, 1)): Text 'เครื่องคอมพิวเตอร์' is set on object 'Object Repository/E-Lead repository/Page_E-Lead/input_Created DateTime_eleadname'

2020-07-17 00:13:07 - [MESSAGE][PASSED] - Text 'เครื่องคอมพิวเตอร์' is set on object 'Object Repository/E-Lead repository/Page_E-Lead/input_Created DateTime_eleadname'

2020-07-17 00:13:07 - [TEST_STEP][PASSED] - click(findTestObject("E-Lead repository/Page_E-Lead/button_Search")): Object: 'Object Repository/E-Lead repository/Page_E-Lead/button_Search' is clicked on

2020-07-17 00:13:07 - [MESSAGE][PASSED] - Object: 'Object Repository/E-Lead repository/Page_E-Lead/button_Search' is clicked on

2020-07-17 00:13:07 - [TEST_STEP][PASSED] - click(findTestObject("E-Lead repository/Page_E-Lead/a_")): Object: 'Object Repository/E-Lead repository/Page_E-Lead/a_' is clicked on

2020-07-17 00:13:10 - [MESSAGE][PASSED] - Object: 'Object Repository/E-Lead repository/Page_E-Lead/a_' is clicked on

2020-07-17 00:13:10 - [TEST_STEP][PASSED] - delay(2): Delayed 2 second(s)

2020-07-17 00:13:12 - [MESSAGE][PASSED] - Delayed 2 second(s)]]></system-out>
         <system-err><![CDATA[]]></system-err>
      </testcase>
      <testcase name="Test Cases/E-Lead Test Case/18" time="5.221" classname="Test Cases/E-Lead Test Case/18" status="PASSED">
         <system-out><![CDATA[2020-07-17 00:13:12 - [TEST_CASE][PASSED] - Test Cases/E-Lead Test Case/18: Test Cases/E-Lead Test Case/18

2020-07-17 00:13:12 - [TEST_STEP][PASSED] - click(findTestObject("E-Lead repository/Page_E-Lead/a_Activities  1")): Object: 'Object Repository/E-Lead repository/Page_E-Lead/a_Activities  1' is clicked on

2020-07-17 00:13:13 - [MESSAGE][PASSED] - Object: 'Object Repository/E-Lead repository/Page_E-Lead/a_Activities  1' is clicked on

2020-07-17 00:13:13 - [TEST_STEP][PASSED] - click(findTestObject("E-Lead repository/Page_E-Lead/button_Add Activity")): Object: 'Object Repository/E-Lead repository/Page_E-Lead/button_Add Activity' is clicked on

2020-07-17 00:13:15 - [MESSAGE][PASSED] - Object: 'Object Repository/E-Lead repository/Page_E-Lead/button_Add Activity' is clicked on

2020-07-17 00:13:15 - [TEST_STEP][PASSED] - click(findTestObject("Opportunity repository/Page_Calendar/button_Save Activity opp")): Object: 'Object Repository/Opportunity repository/Page_Calendar/button_Save Activity opp' is clicked on

2020-07-17 00:13:15 - [MESSAGE][PASSED] - Object: 'Object Repository/Opportunity repository/Page_Calendar/button_Save Activity opp' is clicked on

2020-07-17 00:13:15 - [TEST_STEP][PASSED] - delay(2): Delayed 2 second(s)

2020-07-17 00:13:18 - [MESSAGE][PASSED] - Delayed 2 second(s)]]></system-out>
         <system-err><![CDATA[]]></system-err>
      </testcase>
      <testcase name="Test Cases/E-Lead Test Case/17" time="20.33" classname="Test Cases/E-Lead Test Case/17" status="PASSED">
         <system-out><![CDATA[2020-07-17 00:13:18 - [TEST_CASE][PASSED] - Test Cases/E-Lead Test Case/17: Test Cases/E-Lead Test Case/17

2020-07-17 00:13:18 - [TEST_STEP][PASSED] - delay(1): Delayed 1 second(s)

2020-07-17 00:13:19 - [MESSAGE][PASSED] - Delayed 1 second(s)

2020-07-17 00:13:19 - [TEST_STEP][PASSED] - click(findTestObject("E-Lead repository/Page_E-Lead/CLEAR E-LEAD")): Object: 'Object Repository/E-Lead repository/Page_E-Lead/CLEAR E-LEAD' is clicked on

2020-07-17 00:13:19 - [MESSAGE][PASSED] - Object: 'Object Repository/E-Lead repository/Page_E-Lead/CLEAR E-LEAD' is clicked on

2020-07-17 00:13:19 - [TEST_STEP][PASSED] - delay(3): Delayed 3 second(s)

2020-07-17 00:13:22 - [MESSAGE][PASSED] - Delayed 3 second(s)

2020-07-17 00:13:22 - [TEST_STEP][PASSED] - click(findTestObject("Account repository/Page_Calendar activity related/sale type acti rel")): Object: 'Object Repository/Account repository/Page_Calendar activity related/sale type acti rel' is clicked on

2020-07-17 00:13:22 - [MESSAGE][PASSED] - Object: 'Object Repository/Account repository/Page_Calendar activity related/sale type acti rel' is clicked on

2020-07-17 00:13:22 - [TEST_STEP][PASSED] - setText(findTestObject("Account repository/Page_Calendar activity related/input sale type acti rel"), findTestData("Account Test Data/D11").getValue(4, 1)): Text 'Pre-Sales' is set on object 'Object Repository/Account repository/Page_Calendar activity related/input sale type acti rel'

2020-07-17 00:13:23 - [MESSAGE][PASSED] - Text 'Pre-Sales' is set on object 'Object Repository/Account repository/Page_Calendar activity related/input sale type acti rel'

2020-07-17 00:13:23 - [TEST_STEP][PASSED] - sendKeys(findTestObject("Account repository/Page_Calendar activity related/input sale type acti rel"), ""): Keys '' sent to object: 'Object Repository/Account repository/Page_Calendar activity related/input sale type acti rel'

2020-07-17 00:13:24 - [MESSAGE][PASSED] - Keys '' sent to object: 'Object Repository/Account repository/Page_Calendar activity related/input sale type acti rel'

2020-07-17 00:13:24 - [TEST_STEP][PASSED] - setText(findTestObject("Account repository/Page_Calendar activity related/input__date_start acti rel"), findTestData("Account Test Data/D11").getValue(7, 1)): Text '11/02/2020' is set on object 'Object Repository/Account repository/Page_Calendar activity related/input__date_start acti rel'

2020-07-17 00:13:24 - [MESSAGE][PASSED] - Text '11/02/2020' is set on object 'Object Repository/Account repository/Page_Calendar activity related/input__date_start acti rel'

2020-07-17 00:13:24 - [TEST_STEP][PASSED] - setText(findTestObject("Account repository/Page_Calendar activity related/input__time_start acti rel"), findTestData("Account Test Data/D11").getValue(8, 1)): Text '03:19 PM' is set on object 'Object Repository/Account repository/Page_Calendar activity related/input__time_start acti rel'

2020-07-17 00:13:26 - [MESSAGE][PASSED] - Text '03:19 PM' is set on object 'Object Repository/Account repository/Page_Calendar activity related/input__time_start acti rel'

2020-07-17 00:13:26 - [TEST_STEP][PASSED] - setText(findTestObject("Account repository/Page_Calendar activity related/input__due_date acti rel"), findTestData("Account Test Data/D11").getValue(9, 1)): Text '11/02/2020' is set on object 'Object Repository/Account repository/Page_Calendar activity related/input__due_date acti rel'

2020-07-17 00:13:26 - [MESSAGE][PASSED] - Text '11/02/2020' is set on object 'Object Repository/Account repository/Page_Calendar activity related/input__due_date acti rel'

2020-07-17 00:13:26 - [TEST_STEP][PASSED] - setText(findTestObject("Account repository/Page_Calendar activity related/input__time_end acti rel"), findTestData("Account Test Data/D11").getValue(10, 1)): Text '03:24 PM' is set on object 'Object Repository/Account repository/Page_Calendar activity related/input__time_end acti rel'

2020-07-17 00:13:27 - [MESSAGE][PASSED] - Text '03:24 PM' is set on object 'Object Repository/Account repository/Page_Calendar activity related/input__time_end acti rel'

2020-07-17 00:13:27 - [TEST_STEP][PASSED] - click(findTestObject("E-Lead repository/Page_E-Lead/CLEAR E-LEAD")): Object: 'Object Repository/E-Lead repository/Page_E-Lead/CLEAR E-LEAD' is clicked on

2020-07-17 00:13:28 - [MESSAGE][PASSED] - Object: 'Object Repository/E-Lead repository/Page_E-Lead/CLEAR E-LEAD' is clicked on

2020-07-17 00:13:28 - [TEST_STEP][PASSED] - click(findTestObject("Account repository/Page_Calendar activity related/status result acti rel")): Object: 'Object Repository/Account repository/Page_Calendar activity related/status result acti rel' is clicked on

2020-07-17 00:13:29 - [MESSAGE][PASSED] - Object: 'Object Repository/Account repository/Page_Calendar activity related/status result acti rel' is clicked on

2020-07-17 00:13:29 - [TEST_STEP][PASSED] - setText(findTestObject("Account repository/Page_Calendar/input status result acti"), findTestData("Account Test Data/D11").getValue(12, 1)): Text 'Done' is set on object 'Object Repository/Account repository/Page_Calendar/input status result acti'

2020-07-17 00:13:29 - [MESSAGE][PASSED] - Text 'Done' is set on object 'Object Repository/Account repository/Page_Calendar/input status result acti'

2020-07-17 00:13:29 - [TEST_STEP][PASSED] - sendKeys(findTestObject("Account repository/Page_Calendar/input status result acti"), Keys.chord(ENTER)): Keys 'ENTER + ' sent to object: 'Object Repository/Account repository/Page_Calendar/input status result acti'

2020-07-17 00:13:30 - [MESSAGE][PASSED] - Keys 'ENTER + ' sent to object: 'Object Repository/Account repository/Page_Calendar/input status result acti'

2020-07-17 00:13:30 - [TEST_STEP][PASSED] - click(findTestObject("Account repository/Page_Calendar activity related/search contact name acti rel")): Object: 'Object Repository/Account repository/Page_Calendar activity related/search contact name acti rel' is clicked on

2020-07-17 00:13:30 - [MESSAGE][PASSED] - Object: 'Object Repository/Account repository/Page_Calendar activity related/search contact name acti rel' is clicked on

2020-07-17 00:13:30 - [TEST_STEP][PASSED] - switchToWindowTitle("Contacts"): Switched to window with title: 'Contacts'

2020-07-17 00:13:33 - [MESSAGE][PASSED] - Switched to window with title: 'Contacts'

2020-07-17 00:13:33 - [TEST_STEP][PASSED] - click(findTestObject("Account repository/Page_Contacts/a_OldSales2")): Object: 'Object Repository/Account repository/Page_Contacts/a_OldSales2' is clicked on

2020-07-17 00:13:33 - [MESSAGE][PASSED] - Object: 'Object Repository/Account repository/Page_Contacts/a_OldSales2' is clicked on

2020-07-17 00:13:33 - [TEST_STEP][PASSED] - switchToDefaultContent(): null

2020-07-17 00:13:35 - [TEST_STEP][PASSED] - click(findTestObject("Account repository/Page_Calendar activity related/show time as acti rel")): Object: 'Object Repository/Account repository/Page_Calendar activity related/show time as acti rel' is clicked on

2020-07-17 00:13:35 - [MESSAGE][PASSED] - Object: 'Object Repository/Account repository/Page_Calendar activity related/show time as acti rel' is clicked on

2020-07-17 00:13:35 - [TEST_STEP][PASSED] - setText(findTestObject("Account repository/Page_Calendar/input show time as"), findTestData("Account Test Data/D11").getValue(13, 1)): Text 'Out of Office' is set on object 'Object Repository/Account repository/Page_Calendar/input show time as'

2020-07-17 00:13:36 - [MESSAGE][PASSED] - Text 'Out of Office' is set on object 'Object Repository/Account repository/Page_Calendar/input show time as'

2020-07-17 00:13:36 - [TEST_STEP][PASSED] - sendKeys(findTestObject("Account repository/Page_Calendar/input show time as"), Keys.chord(ENTER)): Keys 'ENTER + ' sent to object: 'Object Repository/Account repository/Page_Calendar/input show time as'

2020-07-17 00:13:37 - [MESSAGE][PASSED] - Keys 'ENTER + ' sent to object: 'Object Repository/Account repository/Page_Calendar/input show time as'

2020-07-17 00:13:37 - [TEST_STEP][PASSED] - setText(findTestObject("Account repository/Page_Calendar activity related/textarea__description acti rel"), findTestData("Account Test Data/D11").getValue(14, 1)): Text 'Anatomy of Ultraman' is set on object 'Object Repository/Account repository/Page_Calendar activity related/textarea__description acti rel'

2020-07-17 00:13:37 - [MESSAGE][PASSED] - Text 'Anatomy of Ultraman' is set on object 'Object Repository/Account repository/Page_Calendar activity related/textarea__description acti rel'

2020-07-17 00:13:37 - [TEST_STEP][PASSED] - click(findTestObject("Account repository/Page_Calendar activity related/button_Save acti rel")): Object: 'Object Repository/Account repository/Page_Calendar activity related/button_Save acti rel' is clicked on

2020-07-17 00:13:38 - [MESSAGE][PASSED] - Object: 'Object Repository/Account repository/Page_Calendar activity related/button_Save acti rel' is clicked on]]></system-out>
         <system-err><![CDATA[]]></system-err>
      </testcase>
      <testcase name="Test Cases/E-Lead Test Case/16" time="21.74" classname="Test Cases/E-Lead Test Case/16" status="PASSED">
         <system-out><![CDATA[2020-07-17 00:13:38 - [TEST_CASE][PASSED] - Test Cases/E-Lead Test Case/16: Test Cases/E-Lead Test Case/16

2020-07-17 00:13:38 - [TEST_STEP][PASSED] - delay(1): Delayed 1 second(s)

2020-07-17 00:13:39 - [MESSAGE][PASSED] - Delayed 1 second(s)

2020-07-17 00:13:39 - [TEST_STEP][PASSED] - click(findTestObject("E-Lead repository/Page_E-Lead/CLEAR E-LEAD")): Object: 'Object Repository/E-Lead repository/Page_E-Lead/CLEAR E-LEAD' is clicked on

2020-07-17 00:13:39 - [MESSAGE][PASSED] - Object: 'Object Repository/E-Lead repository/Page_E-Lead/CLEAR E-LEAD' is clicked on

2020-07-17 00:13:39 - [TEST_STEP][PASSED] - delay(1): Delayed 1 second(s)

2020-07-17 00:13:40 - [MESSAGE][PASSED] - Delayed 1 second(s)

2020-07-17 00:13:40 - [TEST_STEP][PASSED] - setText(findTestObject("Account repository/Page_Calendar activity related/input__subject acti rel"), findTestData("Account Test Data/D11").getValue(1, 1)): Text 'Anatomy' is set on object 'Object Repository/Account repository/Page_Calendar activity related/input__subject acti rel'

2020-07-17 00:13:41 - [MESSAGE][PASSED] - Text 'Anatomy' is set on object 'Object Repository/Account repository/Page_Calendar activity related/input__subject acti rel'

2020-07-17 00:13:41 - [TEST_STEP][PASSED] - click(findTestObject("Account repository/Page_Calendar activity related/acti type rel")): Object: 'Object Repository/Account repository/Page_Calendar activity related/acti type rel' is clicked on

2020-07-17 00:13:41 - [MESSAGE][PASSED] - Object: 'Object Repository/Account repository/Page_Calendar activity related/acti type rel' is clicked on

2020-07-17 00:13:41 - [TEST_STEP][PASSED] - setText(findTestObject("Account repository/Page_Calendar activity related/input acti type rel"), findTestData("Account Test Data/D11").getValue(2, 1)): Text 'Call' is set on object 'Object Repository/Account repository/Page_Calendar activity related/input acti type rel'

2020-07-17 00:13:42 - [MESSAGE][PASSED] - Text 'Call' is set on object 'Object Repository/Account repository/Page_Calendar activity related/input acti type rel'

2020-07-17 00:13:42 - [TEST_STEP][PASSED] - sendKeys(findTestObject("Account repository/Page_Calendar activity related/input acti type rel"), Keys.chord(ENTER)): Keys 'ENTER + ' sent to object: 'Object Repository/Account repository/Page_Calendar activity related/input acti type rel'

2020-07-17 00:13:43 - [MESSAGE][PASSED] - Keys 'ENTER + ' sent to object: 'Object Repository/Account repository/Page_Calendar activity related/input acti type rel'

2020-07-17 00:13:43 - [TEST_STEP][PASSED] - click(findTestObject("Account repository/Page_Calendar activity related/sale type acti rel")): Object: 'Object Repository/Account repository/Page_Calendar activity related/sale type acti rel' is clicked on

2020-07-17 00:13:43 - [MESSAGE][PASSED] - Object: 'Object Repository/Account repository/Page_Calendar activity related/sale type acti rel' is clicked on

2020-07-17 00:13:43 - [TEST_STEP][PASSED] - setText(findTestObject("Account repository/Page_Calendar activity related/input sale type acti rel"), findTestData("Account Test Data/D11").getValue(4, 1)): Text 'Pre-Sales' is set on object 'Object Repository/Account repository/Page_Calendar activity related/input sale type acti rel'

2020-07-17 00:13:44 - [MESSAGE][PASSED] - Text 'Pre-Sales' is set on object 'Object Repository/Account repository/Page_Calendar activity related/input sale type acti rel'

2020-07-17 00:13:44 - [TEST_STEP][PASSED] - sendKeys(findTestObject("Account repository/Page_Calendar activity related/input sale type acti rel"), Keys.chord(ENTER)): Keys 'ENTER + ' sent to object: 'Object Repository/Account repository/Page_Calendar activity related/input sale type acti rel'

2020-07-17 00:13:45 - [MESSAGE][PASSED] - Keys 'ENTER + ' sent to object: 'Object Repository/Account repository/Page_Calendar activity related/input sale type acti rel'

2020-07-17 00:13:45 - [TEST_STEP][PASSED] - setText(findTestObject("Account repository/Page_Calendar activity related/input__date_start acti rel"), findTestData("Account Test Data/D11").getValue(7, 1)): Text '11/02/2020' is set on object 'Object Repository/Account repository/Page_Calendar activity related/input__date_start acti rel'

2020-07-17 00:13:46 - [MESSAGE][PASSED] - Text '11/02/2020' is set on object 'Object Repository/Account repository/Page_Calendar activity related/input__date_start acti rel'

2020-07-17 00:13:46 - [TEST_STEP][PASSED] - setText(findTestObject("Account repository/Page_Calendar activity related/input__time_start acti rel"), findTestData("Account Test Data/D11").getValue(8, 1)): Text '03:19 PM' is set on object 'Object Repository/Account repository/Page_Calendar activity related/input__time_start acti rel'

2020-07-17 00:13:47 - [MESSAGE][PASSED] - Text '03:19 PM' is set on object 'Object Repository/Account repository/Page_Calendar activity related/input__time_start acti rel'

2020-07-17 00:13:47 - [TEST_STEP][PASSED] - setText(findTestObject("Account repository/Page_Calendar activity related/input__due_date acti rel"), findTestData("Account Test Data/D11").getValue(9, 1)): Text '11/02/2020' is set on object 'Object Repository/Account repository/Page_Calendar activity related/input__due_date acti rel'

2020-07-17 00:13:48 - [MESSAGE][PASSED] - Text '11/02/2020' is set on object 'Object Repository/Account repository/Page_Calendar activity related/input__due_date acti rel'

2020-07-17 00:13:48 - [TEST_STEP][PASSED] - setText(findTestObject("Account repository/Page_Calendar activity related/input__time_end acti rel"), findTestData("Account Test Data/D11").getValue(10, 1)): Text '03:24 PM' is set on object 'Object Repository/Account repository/Page_Calendar activity related/input__time_end acti rel'

2020-07-17 00:13:49 - [MESSAGE][PASSED] - Text '03:24 PM' is set on object 'Object Repository/Account repository/Page_Calendar activity related/input__time_end acti rel'

2020-07-17 00:13:49 - [TEST_STEP][PASSED] - click(findTestObject("E-Lead repository/Page_E-Lead/CLEAR E-LEAD")): Object: 'Object Repository/E-Lead repository/Page_E-Lead/CLEAR E-LEAD' is clicked on

2020-07-17 00:13:49 - [MESSAGE][PASSED] - Object: 'Object Repository/E-Lead repository/Page_E-Lead/CLEAR E-LEAD' is clicked on

2020-07-17 00:13:49 - [TEST_STEP][PASSED] - click(findTestObject("Account repository/Page_Calendar activity related/status result acti rel")): Object: 'Object Repository/Account repository/Page_Calendar activity related/status result acti rel' is clicked on

2020-07-17 00:13:50 - [MESSAGE][PASSED] - Object: 'Object Repository/Account repository/Page_Calendar activity related/status result acti rel' is clicked on

2020-07-17 00:13:50 - [TEST_STEP][PASSED] - setText(findTestObject("Account repository/Page_Calendar/input status result acti"), findTestData("Account Test Data/D11").getValue(12, 1)): Text 'Done' is set on object 'Object Repository/Account repository/Page_Calendar/input status result acti'

2020-07-17 00:13:51 - [MESSAGE][PASSED] - Text 'Done' is set on object 'Object Repository/Account repository/Page_Calendar/input status result acti'

2020-07-17 00:13:51 - [TEST_STEP][PASSED] - sendKeys(findTestObject("Account repository/Page_Calendar/input status result acti"), Keys.chord(ENTER)): Keys 'ENTER + ' sent to object: 'Object Repository/Account repository/Page_Calendar/input status result acti'

2020-07-17 00:13:51 - [MESSAGE][PASSED] - Keys 'ENTER + ' sent to object: 'Object Repository/Account repository/Page_Calendar/input status result acti'

2020-07-17 00:13:51 - [TEST_STEP][PASSED] - click(findTestObject("Account repository/Page_Calendar activity related/search contact name acti rel")): Object: 'Object Repository/Account repository/Page_Calendar activity related/search contact name acti rel' is clicked on

2020-07-17 00:13:52 - [MESSAGE][PASSED] - Object: 'Object Repository/Account repository/Page_Calendar activity related/search contact name acti rel' is clicked on

2020-07-17 00:13:52 - [TEST_STEP][PASSED] - switchToWindowTitle("Contacts"): Switched to window with title: 'Contacts'

2020-07-17 00:13:54 - [MESSAGE][PASSED] - Switched to window with title: 'Contacts'

2020-07-17 00:13:54 - [TEST_STEP][PASSED] - click(findTestObject("Account repository/Page_Contacts/a_OldSales2")): Object: 'Object Repository/Account repository/Page_Contacts/a_OldSales2' is clicked on

2020-07-17 00:13:54 - [MESSAGE][PASSED] - Object: 'Object Repository/Account repository/Page_Contacts/a_OldSales2' is clicked on

2020-07-17 00:13:54 - [TEST_STEP][PASSED] - switchToDefaultContent(): null

2020-07-17 00:13:56 - [TEST_STEP][PASSED] - click(findTestObject("Account repository/Page_Calendar activity related/show time as acti rel")): Object: 'Object Repository/Account repository/Page_Calendar activity related/show time as acti rel' is clicked on

2020-07-17 00:13:57 - [MESSAGE][PASSED] - Object: 'Object Repository/Account repository/Page_Calendar activity related/show time as acti rel' is clicked on

2020-07-17 00:13:57 - [TEST_STEP][PASSED] - setText(findTestObject("Account repository/Page_Calendar/input show time as"), findTestData("Account Test Data/D11").getValue(13, 1)): Text 'Out of Office' is set on object 'Object Repository/Account repository/Page_Calendar/input show time as'

2020-07-17 00:13:58 - [MESSAGE][PASSED] - Text 'Out of Office' is set on object 'Object Repository/Account repository/Page_Calendar/input show time as'

2020-07-17 00:13:58 - [TEST_STEP][PASSED] - sendKeys(findTestObject("Account repository/Page_Calendar/input show time as"), Keys.chord(ENTER)): Keys 'ENTER + ' sent to object: 'Object Repository/Account repository/Page_Calendar/input show time as'

2020-07-17 00:13:58 - [MESSAGE][PASSED] - Keys 'ENTER + ' sent to object: 'Object Repository/Account repository/Page_Calendar/input show time as'

2020-07-17 00:13:58 - [TEST_STEP][PASSED] - setText(findTestObject("Account repository/Page_Calendar activity related/textarea__description acti rel"), findTestData("Account Test Data/D11").getValue(14, 1)): Text 'Anatomy of Ultraman' is set on object 'Object Repository/Account repository/Page_Calendar activity related/textarea__description acti rel'

2020-07-17 00:13:59 - [MESSAGE][PASSED] - Text 'Anatomy of Ultraman' is set on object 'Object Repository/Account repository/Page_Calendar activity related/textarea__description acti rel'

2020-07-17 00:13:59 - [TEST_STEP][PASSED] - click(findTestObject("Account repository/Page_Calendar activity related/button_Save acti rel")): Object: 'Object Repository/Account repository/Page_Calendar activity related/button_Save acti rel' is clicked on

2020-07-17 00:14:00 - [MESSAGE][PASSED] - Object: 'Object Repository/Account repository/Page_Calendar activity related/button_Save acti rel' is clicked on]]></system-out>
         <system-err><![CDATA[]]></system-err>
      </testcase>
      <system-out><![CDATA[2020-07-17 00:12:49 - [TEST_SUITE][PASSED] - 10: Test Cases/E-Lead Test Case/16]]></system-out>
      <system-err><![CDATA[]]></system-err>
   </testsuite>
</testsuites>
