<?xml version="1.0" encoding="UTF-8"?>
<testsuites name="5-Duplicate the Contact information" time="31.662" tests="3" failures="0" errors="0">
   <testsuite name="5-Duplicate the Contact information" tests="3" failures="0" errors="0" time="31.662" timestamp="2020-06-23 14:44:42" hostname="WIN10 - DESKTOP-0NVCT6K" id="Test Suites/Contact Usecase/5-Duplicate the Contact information">
      <properties>
         <property name="deviceName" value=""/>
         <property name="devicePlatform" value=""/>
         <property name="logFolder" value="C:\\Users\\WIN10\\git\\Best-Project\\Reports\\20200623_144440\\Contact Usecase\\5-Duplicate the Contact information\\20200623_144440"/>
         <property name="logFiles" value="C:\\Users\\WIN10\\git\\Best-Project\\Reports\\20200623_144440\\Contact Usecase\\5-Duplicate the Contact information\\20200623_144440\\execution0.log"/>
         <property name="attachments" value=""/>
         <property name="hostName" value="WIN10 - DESKTOP-0NVCT6K"/>
         <property name="os" value="Windows 10 64bit"/>
         <property name="katalonVersion" value="7.5.2.1"/>
         <property name="browser" value="Chrome 83.0.4103.116"/>
         <property name="hostAddress" value="192.168.1.2"/>
         <property name="sessionId" value="2a44d79a648aa3b97acf578f831ded31"/>
         <property name="seleniumVersion" value="3.141.59"/>
         <property name="proxyInformation" value="ProxyInformation { proxyOption=NO_PROXY, proxyServerType=HTTP, username=, password=********, proxyServerAddress=, proxyServerPort=0, executionList=\&quot;\&quot;, isApplyToDesiredCapabilities=true }"/>
         <property name="platform" value="Windows 10"/>
      </properties>
      <testcase name="Test Cases/Contact Test Case/1-View the layout information in the List View" time="15.225" classname="Test Cases/Contact Test Case/1-View the layout information in the List View" status="PASSED">
         <system-out><![CDATA[2020-06-23 14:44:42 - [TEST_CASE][PASSED] - Test Cases/Contact Test Case/1-View the layout information in the List View: Test Cases/Contact Test Case/1-View the layout information in the List View

2020-06-23 14:44:42 - [TEST_STEP][PASSED] - openBrowser("http://crmc.opencloud.digital:64216/index.php"): Browser is opened with url: 'http://crmc.opencloud.digital:64216/index.php'

2020-06-23 14:44:43 - [MESSAGE][INFO] - Starting 'Chrome' driver

2020-06-23 14:44:43 - [MESSAGE][INFO] - Action delay is set to 0 milliseconds

2020-06-23 14:44:47 - [MESSAGE][PASSED] - Browser is opened with url: 'http://crmc.opencloud.digital:64216/index.php'

2020-06-23 14:44:47 - [TEST_STEP][PASSED] - maximizeWindow(): Current window maximized

2020-06-23 14:44:49 - [MESSAGE][PASSED] - Current window maximized

2020-06-23 14:44:49 - [TEST_STEP][PASSED] - setText(findTestObject("Contact repository/Page_Users/input_User name_username"), findTestData("Contact Test Data/D1").getValue(1, 1)): Text 'Admin' is set on object 'Object Repository/Contact repository/Page_Users/input_User name_username'

2020-06-23 14:44:50 - [MESSAGE][PASSED] - Text 'Admin' is set on object 'Object Repository/Contact repository/Page_Users/input_User name_username'

2020-06-23 14:44:50 - [TEST_STEP][PASSED] - setText(findTestObject("Contact repository/Page_Users/input_Password_password"), findTestData("Contact Test Data/D1").getValue(2, 1)): Text '1qaz2WSX3edc ' is set on object 'Object Repository/Contact repository/Page_Users/input_Password_password'

2020-06-23 14:44:50 - [MESSAGE][PASSED] - Text '1qaz2WSX3edc ' is set on object 'Object Repository/Contact repository/Page_Users/input_Password_password'

2020-06-23 14:44:50 - [TEST_STEP][PASSED] - click(findTestObject("Contact repository/Page_Users/button_Sign in")): Object: 'Object Repository/Contact repository/Page_Users/button_Sign in' is clicked on

2020-06-23 14:44:52 - [MESSAGE][PASSED] - Object: 'Object Repository/Contact repository/Page_Users/button_Sign in' is clicked on

2020-06-23 14:44:52 - [TEST_STEP][PASSED] - click(findTestObject("Contact repository/Page_Home/strong_Contacts")): Object: 'Object Repository/Contact repository/Page_Home/strong_Contacts' is clicked on

2020-06-23 14:44:57 - [MESSAGE][PASSED] - Object: 'Object Repository/Contact repository/Page_Home/strong_Contacts' is clicked on]]></system-out>
         <system-err><![CDATA[]]></system-err>
      </testcase>
      <testcase name="Test Cases/Contact Test Case/2-View the Detail View information" time="10.164" classname="Test Cases/Contact Test Case/2-View the Detail View information" status="PASSED">
         <system-out><![CDATA[2020-06-23 14:44:57 - [TEST_CASE][PASSED] - Test Cases/Contact Test Case/2-View the Detail View information: Test Cases/Contact Test Case/2-View the Detail View information

2020-06-23 14:44:58 - [TEST_STEP][PASSED] - setText(findTestObject("Contact repository/Page_Contacts/input_First name contact search"), "Pumipat"): Text 'Pumipat' is set on object 'Object Repository/Contact repository/Page_Contacts/input_First name contact search'

2020-06-23 14:44:58 - [MESSAGE][PASSED] - Text 'Pumipat' is set on object 'Object Repository/Contact repository/Page_Contacts/input_First name contact search'

2020-06-23 14:44:58 - [TEST_STEP][PASSED] - click(findTestObject("Contact repository/Page_Contacts/button_Search contact")): Object: 'Object Repository/Contact repository/Page_Contacts/button_Search contact' is clicked on

2020-06-23 14:44:59 - [MESSAGE][PASSED] - Object: 'Object Repository/Contact repository/Page_Contacts/button_Search contact' is clicked on

2020-06-23 14:44:59 - [TEST_STEP][PASSED] - click(findTestObject("Contact repository/Page_Contacts/a_ wiriya 2")): Object: 'Object Repository/Contact repository/Page_Contacts/a_ wiriya 2' is clicked on

2020-06-23 14:45:05 - [MESSAGE][PASSED] - Object: 'Object Repository/Contact repository/Page_Contacts/a_ wiriya 2' is clicked on

2020-06-23 14:45:05 - [TEST_STEP][PASSED] - delay(3): Delayed 3 second(s)

2020-06-23 14:45:08 - [MESSAGE][PASSED] - Delayed 3 second(s)]]></system-out>
         <system-err><![CDATA[]]></system-err>
      </testcase>
      <testcase name="Test Cases/Contact Test Case/5-Duplicate the Contact information" time="5.352" classname="Test Cases/Contact Test Case/5-Duplicate the Contact information" status="PASSED">
         <system-out><![CDATA[2020-06-23 14:45:08 - [TEST_CASE][PASSED] - Test Cases/Contact Test Case/5-Duplicate the Contact information: Test Cases/Contact Test Case/5-Duplicate the Contact information

2020-06-23 14:45:08 - [TEST_STEP][PASSED] - click(findTestObject("Contact repository/Page_Contacts/button_More Contact")): Object: 'Object Repository/Contact repository/Page_Contacts/button_More Contact' is clicked on

2020-06-23 14:45:08 - [MESSAGE][PASSED] - Object: 'Object Repository/Contact repository/Page_Contacts/button_More Contact' is clicked on

2020-06-23 14:45:08 - [TEST_STEP][PASSED] - click(findTestObject("Contact repository/Page_Contacts/a_Duplicate contact")): Object: 'Object Repository/Contact repository/Page_Contacts/a_Duplicate contact' is clicked on

2020-06-23 14:45:09 - [MESSAGE][PASSED] - Object: 'Object Repository/Contact repository/Page_Contacts/a_Duplicate contact' is clicked on

2020-06-23 14:45:09 - [TEST_STEP][PASSED] - click(findTestObject("Contact repository/Page_Contacts/button_Save Duplicate")): Object: 'Object Repository/Contact repository/Page_Contacts/button_Save Duplicate' is clicked on

2020-06-23 14:45:10 - [MESSAGE][PASSED] - Object: 'Object Repository/Contact repository/Page_Contacts/button_Save Duplicate' is clicked on

2020-06-23 14:45:10 - [TEST_STEP][PASSED] - delay(3): Delayed 3 second(s)

2020-06-23 14:45:13 - [MESSAGE][PASSED] - Delayed 3 second(s)]]></system-out>
         <system-err><![CDATA[]]></system-err>
      </testcase>
      <system-out><![CDATA[2020-06-23 14:44:42 - [TEST_SUITE][PASSED] - 5-Duplicate the Contact information: Test Cases/Contact Test Case/5-Duplicate the Contact information]]></system-out>
      <system-err><![CDATA[]]></system-err>
   </testsuite>
</testsuites>
