<?xml version="1.0" encoding="UTF-8"?>
<testsuites name="8" time="33.794" tests="5" failures="0" errors="0">
   <testsuite name="8" tests="5" failures="0" errors="0" time="33.794" timestamp="2020-06-22 16:09:22" hostname="WIN10 - DESKTOP-0NVCT6K" id="Test Suites/Contact Usecase/8">
      <properties>
         <property name="deviceName" value=""/>
         <property name="devicePlatform" value=""/>
         <property name="logFolder" value="C:\\Users\\WIN10\\git\\Best-Project\\Reports\\20200622_160920\\Contact Usecase\\8\\20200622_160920"/>
         <property name="logFiles" value="C:\\Users\\WIN10\\git\\Best-Project\\Reports\\20200622_160920\\Contact Usecase\\8\\20200622_160920\\execution0.log"/>
         <property name="attachments" value=""/>
         <property name="hostName" value="WIN10 - DESKTOP-0NVCT6K"/>
         <property name="os" value="Windows 10 64bit"/>
         <property name="katalonVersion" value="7.5.2.1"/>
         <property name="browser" value="Chrome 83.0.4103.106"/>
         <property name="hostAddress" value="192.168.1.2"/>
         <property name="sessionId" value="f56c9bf6f09fccba374ab05a71d6196b"/>
         <property name="seleniumVersion" value="3.141.59"/>
         <property name="proxyInformation" value="ProxyInformation { proxyOption=NO_PROXY, proxyServerType=HTTP, username=, password=********, proxyServerAddress=, proxyServerPort=0, executionList=\&quot;\&quot;, isApplyToDesiredCapabilities=true }"/>
         <property name="platform" value="Windows 10"/>
      </properties>
      <testcase name="Test Cases/Contact Test Case/1" time="16.799" classname="Test Cases/Contact Test Case/1" status="PASSED">
         <system-out><![CDATA[2020-06-22 16:09:22 - [TEST_CASE][PASSED] - Test Cases/Contact Test Case/1: Test Cases/Contact Test Case/1

2020-06-22 16:09:22 - [TEST_STEP][PASSED] - openBrowser("http://crmc.opencloud.digital:64216/index.php"): Browser is opened with url: 'http://crmc.opencloud.digital:64216/index.php'

2020-06-22 16:09:23 - [MESSAGE][INFO] - Starting 'Chrome' driver

2020-06-22 16:09:23 - [MESSAGE][INFO] - Action delay is set to 0 milliseconds

2020-06-22 16:09:28 - [MESSAGE][PASSED] - Browser is opened with url: 'http://crmc.opencloud.digital:64216/index.php'

2020-06-22 16:09:28 - [TEST_STEP][PASSED] - maximizeWindow(): Current window maximized

2020-06-22 16:09:30 - [MESSAGE][PASSED] - Current window maximized

2020-06-22 16:09:30 - [TEST_STEP][PASSED] - setText(findTestObject("Contact repository/Page_Users/input_User name_username"), findTestData("Contact Test Data/D1").getValue(1, 1)): Text 'Admin' is set on object 'Object Repository/Contact repository/Page_Users/input_User name_username'

2020-06-22 16:09:31 - [MESSAGE][PASSED] - Text 'Admin' is set on object 'Object Repository/Contact repository/Page_Users/input_User name_username'

2020-06-22 16:09:31 - [TEST_STEP][PASSED] - setText(findTestObject("Contact repository/Page_Users/input_Password_password"), findTestData("Contact Test Data/D1").getValue(2, 1)): Text '1qaz2WSX3edc ' is set on object 'Object Repository/Contact repository/Page_Users/input_Password_password'

2020-06-22 16:09:31 - [MESSAGE][PASSED] - Text '1qaz2WSX3edc ' is set on object 'Object Repository/Contact repository/Page_Users/input_Password_password'

2020-06-22 16:09:31 - [TEST_STEP][PASSED] - click(findTestObject("Contact repository/Page_Users/button_Sign in")): Object: 'Object Repository/Contact repository/Page_Users/button_Sign in' is clicked on

2020-06-22 16:09:33 - [MESSAGE][PASSED] - Object: 'Object Repository/Contact repository/Page_Users/button_Sign in' is clicked on

2020-06-22 16:09:33 - [TEST_STEP][PASSED] - click(findTestObject("Contact repository/Page_Home/strong_Contacts")): Object: 'Object Repository/Contact repository/Page_Home/strong_Contacts' is clicked on

2020-06-22 16:09:39 - [MESSAGE][PASSED] - Object: 'Object Repository/Contact repository/Page_Home/strong_Contacts' is clicked on]]></system-out>
         <system-err><![CDATA[]]></system-err>
      </testcase>
      <testcase name="Test Cases/Contact Test Case/2" time="10.133" classname="Test Cases/Contact Test Case/2" status="PASSED">
         <system-out><![CDATA[2020-06-22 16:09:39 - [TEST_CASE][PASSED] - Test Cases/Contact Test Case/2: Test Cases/Contact Test Case/2

2020-06-22 16:09:39 - [TEST_STEP][PASSED] - setText(findTestObject("Contact repository/Page_Contacts/input_First name contact search"), "Pumipat"): Text 'Pumipat' is set on object 'Object Repository/Contact repository/Page_Contacts/input_First name contact search'

2020-06-22 16:09:40 - [MESSAGE][PASSED] - Text 'Pumipat' is set on object 'Object Repository/Contact repository/Page_Contacts/input_First name contact search'

2020-06-22 16:09:40 - [TEST_STEP][PASSED] - click(findTestObject("Contact repository/Page_Contacts/button_Search contact")): Object: 'Object Repository/Contact repository/Page_Contacts/button_Search contact' is clicked on

2020-06-22 16:09:40 - [MESSAGE][PASSED] - Object: 'Object Repository/Contact repository/Page_Contacts/button_Search contact' is clicked on

2020-06-22 16:09:40 - [TEST_STEP][PASSED] - click(findTestObject("Contact repository/Page_Contacts/a_ wiriya 2")): Object: 'Object Repository/Contact repository/Page_Contacts/a_ wiriya 2' is clicked on

2020-06-22 16:09:46 - [MESSAGE][PASSED] - Object: 'Object Repository/Contact repository/Page_Contacts/a_ wiriya 2' is clicked on

2020-06-22 16:09:46 - [TEST_STEP][PASSED] - delay(3): Delayed 3 second(s)

2020-06-22 16:09:49 - [MESSAGE][PASSED] - Delayed 3 second(s)]]></system-out>
         <system-err><![CDATA[]]></system-err>
      </testcase>
      <testcase name="Test Cases/Contact Test Case/12" time="1.561" classname="Test Cases/Contact Test Case/12" status="PASSED">
         <system-out><![CDATA[2020-06-22 16:09:49 - [TEST_CASE][PASSED] - Test Cases/Contact Test Case/12: Test Cases/Contact Test Case/12

2020-06-22 16:09:49 - [TEST_STEP][PASSED] - click(findTestObject("Contact repository/Page_Contacts/button_More Contact")): Object: 'Object Repository/Contact repository/Page_Contacts/button_More Contact' is clicked on

2020-06-22 16:09:50 - [MESSAGE][PASSED] - Object: 'Object Repository/Contact repository/Page_Contacts/button_More Contact' is clicked on

2020-06-22 16:09:50 - [TEST_STEP][PASSED] - click(findTestObject("Contact repository/Page_Contacts/a_Transfer Ownership Contact")): Object: 'Object Repository/Contact repository/Page_Contacts/a_Transfer Ownership Contact' is clicked on

2020-06-22 16:09:50 - [MESSAGE][PASSED] - Object: 'Object Repository/Contact repository/Page_Contacts/a_Transfer Ownership Contact' is clicked on

2020-06-22 16:09:50 - [TEST_STEP][PASSED] - click(findTestObject("Contact repository/Page_Contacts/button_Save Transfer contact")): Object: 'Object Repository/Contact repository/Page_Contacts/button_Save Transfer contact' is clicked on

2020-06-22 16:09:51 - [MESSAGE][PASSED] - Object: 'Object Repository/Contact repository/Page_Contacts/button_Save Transfer contact' is clicked on]]></system-out>
         <system-err><![CDATA[]]></system-err>
      </testcase>
      <testcase name="Test Cases/Contact Test Case/11" time="2.527" classname="Test Cases/Contact Test Case/11" status="PASSED">
         <system-out><![CDATA[2020-06-22 16:09:51 - [TEST_CASE][PASSED] - Test Cases/Contact Test Case/11: Test Cases/Contact Test Case/11

2020-06-22 16:09:51 - [TEST_STEP][PASSED] - delay(2): Delayed 2 second(s)

2020-06-22 16:09:53 - [MESSAGE][PASSED] - Delayed 2 second(s)

2020-06-22 16:09:53 - [TEST_STEP][PASSED] - click(findTestObject("Contact repository/Page_Contacts/button_Save Transfer contact")): Object: 'Object Repository/Contact repository/Page_Contacts/button_Save Transfer contact' is clicked on

2020-06-22 16:09:53 - [MESSAGE][PASSED] - Object: 'Object Repository/Contact repository/Page_Contacts/button_Save Transfer contact' is clicked on]]></system-out>
         <system-err><![CDATA[]]></system-err>
      </testcase>
      <testcase name="Test Cases/Contact Test Case/10" time="1.833" classname="Test Cases/Contact Test Case/10" status="PASSED">
         <system-out><![CDATA[2020-06-22 16:09:53 - [TEST_CASE][PASSED] - Test Cases/Contact Test Case/10: Test Cases/Contact Test Case/10

2020-06-22 16:09:53 - [TEST_STEP][PASSED] - setText(findTestObject("Contact repository/Page_Contacts/Select Related Modules Transfer"), findTestData("Contact Test Data/D5").getValue(1, 1)): Text 'Contact' is set on object 'Object Repository/Contact repository/Page_Contacts/Select Related Modules Transfer'

2020-06-22 16:09:54 - [MESSAGE][PASSED] - Text 'Contact' is set on object 'Object Repository/Contact repository/Page_Contacts/Select Related Modules Transfer'

2020-06-22 16:09:54 - [TEST_STEP][PASSED] - click(findTestObject("Contact repository/Page_Contacts/button_Save Transfer contact")): Object: 'Object Repository/Contact repository/Page_Contacts/button_Save Transfer contact' is clicked on

2020-06-22 16:09:55 - [MESSAGE][PASSED] - Object: 'Object Repository/Contact repository/Page_Contacts/button_Save Transfer contact' is clicked on]]></system-out>
         <system-err><![CDATA[]]></system-err>
      </testcase>
      <system-out><![CDATA[2020-06-22 16:09:22 - [TEST_SUITE][PASSED] - 8: Test Cases/Contact Test Case/10]]></system-out>
      <system-err><![CDATA[]]></system-err>
   </testsuite>
</testsuites>
