<?xml version="1.0" encoding="UTF-8"?>
<testsuites name="19" time="31.867" tests="4" failures="0" errors="0">
   <testsuite name="19" tests="4" failures="0" errors="0" time="31.867" timestamp="2020-06-22 10:28:43" hostname="WIN10 - DESKTOP-0NVCT6K" id="Test Suites/Account Usecase/19">
      <properties>
         <property name="deviceName" value=""/>
         <property name="devicePlatform" value=""/>
         <property name="logFolder" value="C:\\Users\\WIN10\\git\\Best-Project\\Reports\\20200622_102841\\Account Usecase\\19\\20200622_102841"/>
         <property name="logFiles" value="C:\\Users\\WIN10\\git\\Best-Project\\Reports\\20200622_102841\\Account Usecase\\19\\20200622_102841\\execution0.log"/>
         <property name="attachments" value=""/>
         <property name="hostName" value="WIN10 - DESKTOP-0NVCT6K"/>
         <property name="os" value="Windows 10 64bit"/>
         <property name="katalonVersion" value="7.5.2.1"/>
         <property name="browser" value="Chrome 83.0.4103.106"/>
         <property name="hostAddress" value="192.168.1.2"/>
         <property name="sessionId" value="4d621bd0d822dc76e4939335db420b66"/>
         <property name="seleniumVersion" value="3.141.59"/>
         <property name="proxyInformation" value="ProxyInformation { proxyOption=NO_PROXY, proxyServerType=HTTP, username=, password=********, proxyServerAddress=, proxyServerPort=0, executionList=\&quot;\&quot;, isApplyToDesiredCapabilities=true }"/>
         <property name="platform" value="Windows 10"/>
      </properties>
      <testcase name="Test Cases/Account Test Case/1-View the layout information in the List View" time="9.507" classname="Test Cases/Account Test Case/1-View the layout information in the List View" status="PASSED">
         <system-out><![CDATA[2020-06-22 10:28:43 - [TEST_CASE][PASSED] - Test Cases/Account Test Case/1-View the layout information in the List View: Test Cases/Account Test Case/1-View the layout information in the List View

2020-06-22 10:28:43 - [TEST_STEP][PASSED] - openBrowser("http://crmc.opencloud.digital:64216/index.php"): Browser is opened with url: 'http://crmc.opencloud.digital:64216/index.php'

2020-06-22 10:28:44 - [MESSAGE][INFO] - Starting 'Chrome' driver

2020-06-22 10:28:44 - [MESSAGE][INFO] - Action delay is set to 0 milliseconds

2020-06-22 10:28:48 - [MESSAGE][PASSED] - Browser is opened with url: 'http://crmc.opencloud.digital:64216/index.php'

2020-06-22 10:28:48 - [TEST_STEP][PASSED] - maximizeWindow(): Current window maximized

2020-06-22 10:28:50 - [MESSAGE][PASSED] - Current window maximized

2020-06-22 10:28:50 - [TEST_STEP][PASSED] - setText(findTestObject("Account repository/Login/input_User name_username"), findTestData("Account Test Data/D1").getValue(1, 1)): Text 'Admin' is set on object 'Object Repository/Account repository/Login/input_User name_username'

2020-06-22 10:28:51 - [MESSAGE][PASSED] - Text 'Admin' is set on object 'Object Repository/Account repository/Login/input_User name_username'

2020-06-22 10:28:51 - [TEST_STEP][PASSED] - setText(findTestObject("Account repository/Login/input_Password_password"), findTestData("Account Test Data/D1").getValue(2, 1)): Text '1qaz2WSX3edc ' is set on object 'Object Repository/Account repository/Login/input_Password_password'

2020-06-22 10:28:51 - [MESSAGE][PASSED] - Text '1qaz2WSX3edc ' is set on object 'Object Repository/Account repository/Login/input_Password_password'

2020-06-22 10:28:51 - [TEST_STEP][PASSED] - click(findTestObject("Account repository/Login/button_Sign in")): Object: 'Object Repository/Account repository/Login/button_Sign in' is clicked on

2020-06-22 10:28:53 - [MESSAGE][PASSED] - Object: 'Object Repository/Account repository/Login/button_Sign in' is clicked on]]></system-out>
         <system-err><![CDATA[]]></system-err>
      </testcase>
      <testcase name="Test Cases/Account Test Case/5-View the Detail View information" time="10.374" classname="Test Cases/Account Test Case/5-View the Detail View information" status="PASSED">
         <system-out><![CDATA[2020-06-22 10:28:53 - [TEST_CASE][PASSED] - Test Cases/Account Test Case/5-View the Detail View information: Test Cases/Account Test Case/5-View the Detail View information

2020-06-22 10:28:53 - [TEST_STEP][PASSED] - click(findTestObject("Account repository/Page_Home/strong_Accounts")): Object: 'Object Repository/Account repository/Page_Home/strong_Accounts' is clicked on

2020-06-22 10:28:56 - [MESSAGE][PASSED] - Object: 'Object Repository/Account repository/Page_Home/strong_Accounts' is clicked on

2020-06-22 10:28:56 - [TEST_STEP][PASSED] - setText(findTestObject("Account repository/Page_Accounts/Search Account Name"), findTestData("Account Test Data/D4").getValue(1, 1)): Text 'บริษัท วี จี ไอ โกลบอล มีเดีย จำกัด (มหาชน) ' is set on object 'Object Repository/Account repository/Page_Accounts/Search Account Name'

2020-06-22 10:28:57 - [MESSAGE][PASSED] - Text 'บริษัท วี จี ไอ โกลบอล มีเดีย จำกัด (มหาชน) ' is set on object 'Object Repository/Account repository/Page_Accounts/Search Account Name'

2020-06-22 10:28:57 - [TEST_STEP][PASSED] - click(findTestObject("Account repository/Page_Accounts/button_Search")): Object: 'Object Repository/Account repository/Page_Accounts/button_Search' is clicked on

2020-06-22 10:28:57 - [MESSAGE][PASSED] - Object: 'Object Repository/Account repository/Page_Accounts/button_Search' is clicked on

2020-06-22 10:28:57 - [TEST_STEP][PASSED] - click(findTestObject("Account repository/Page_Accounts/click v g o")): Object: 'Object Repository/Account repository/Page_Accounts/click v g o' is clicked on

2020-06-22 10:29:03 - [MESSAGE][PASSED] - Object: 'Object Repository/Account repository/Page_Accounts/click v g o' is clicked on]]></system-out>
         <system-err><![CDATA[]]></system-err>
      </testcase>
      <testcase name="Test Cases/Account Test Case/42" time="2.948" classname="Test Cases/Account Test Case/42" status="PASSED">
         <system-out><![CDATA[2020-06-22 10:29:03 - [TEST_CASE][PASSED] - Test Cases/Account Test Case/42: Test Cases/Account Test Case/42

2020-06-22 10:29:03 - [TEST_STEP][PASSED] - click(findTestObject("Account repository/Page_Accounts Related/a_Global Contract  0")): Object: 'Object Repository/Account repository/Page_Accounts Related/a_Global Contract  0' is clicked on

2020-06-22 10:29:04 - [MESSAGE][PASSED] - Object: 'Object Repository/Account repository/Page_Accounts Related/a_Global Contract  0' is clicked on

2020-06-22 10:29:04 - [TEST_STEP][PASSED] - click(findTestObject("Account repository/Page_Accounts Related/button_Add Global Contract")): Object: 'Object Repository/Account repository/Page_Accounts Related/button_Add Global Contract' is clicked on

2020-06-22 10:29:06 - [MESSAGE][PASSED] - Object: 'Object Repository/Account repository/Page_Accounts Related/button_Add Global Contract' is clicked on]]></system-out>
         <system-err><![CDATA[]]></system-err>
      </testcase>
      <testcase name="Test Cases/Account Test Case/41" time="8.177" classname="Test Cases/Account Test Case/41" status="PASSED">
         <system-out><![CDATA[2020-06-22 10:29:06 - [TEST_CASE][PASSED] - Test Cases/Account Test Case/41: Test Cases/Account Test Case/41

2020-06-22 10:29:06 - [TEST_STEP][PASSED] - delay(1): Delayed 1 second(s)

2020-06-22 10:29:07 - [MESSAGE][PASSED] - Delayed 1 second(s)

2020-06-22 10:29:07 - [TEST_STEP][PASSED] - click(findTestObject("Account repository/Page_GlobalContract/search contact name Global")): Object: 'Object Repository/Account repository/Page_GlobalContract/search contact name Global' is clicked on

2020-06-22 10:29:07 - [MESSAGE][PASSED] - Object: 'Object Repository/Account repository/Page_GlobalContract/search contact name Global' is clicked on

2020-06-22 10:29:07 - [TEST_STEP][PASSED] - switchToWindowTitle("Accounts"): Switched to window with title: 'Accounts'

2020-06-22 10:29:09 - [MESSAGE][PASSED] - Switched to window with title: 'Accounts'

2020-06-22 10:29:09 - [TEST_STEP][PASSED] - click(findTestObject("Account repository/Page_Accounts Related/td_SFTPA")): Object: 'Object Repository/Account repository/Page_Accounts Related/td_SFTPA' is clicked on

2020-06-22 10:29:10 - [MESSAGE][PASSED] - Object: 'Object Repository/Account repository/Page_Accounts Related/td_SFTPA' is clicked on

2020-06-22 10:29:10 - [TEST_STEP][PASSED] - switchToDefaultContent(): null

2020-06-22 10:29:12 - [TEST_STEP][PASSED] - click(findTestObject("Account repository/Page_GlobalContract/button_Save Global")): Object: 'Object Repository/Account repository/Page_GlobalContract/button_Save Global' is clicked on

2020-06-22 10:29:14 - [MESSAGE][PASSED] - Object: 'Object Repository/Account repository/Page_GlobalContract/button_Save Global' is clicked on]]></system-out>
         <system-err><![CDATA[]]></system-err>
      </testcase>
      <system-out><![CDATA[2020-06-22 10:28:43 - [TEST_SUITE][PASSED] - 19: Test Cases/Account Test Case/41]]></system-out>
      <system-err><![CDATA[]]></system-err>
   </testsuite>
</testsuites>
