<?xml version="1.0" encoding="UTF-8"?>
<testsuites name="12" time="52.732" tests="6" failures="0" errors="0">
   <testsuite name="12" tests="6" failures="0" errors="0" time="52.732" timestamp="2020-07-16 22:31:42" hostname="WIN10 - DESKTOP-0NVCT6K" id="Test Suites/Calendar Usecase/12">
      <properties>
         <property name="deviceName" value=""/>
         <property name="devicePlatform" value=""/>
         <property name="logFolder" value="C:\\Users\\WIN10\\git\\Best-Project\\Reports\\20200716_223140\\Calendar Usecase\\12\\20200716_223140"/>
         <property name="logFiles" value="C:\\Users\\WIN10\\git\\Best-Project\\Reports\\20200716_223140\\Calendar Usecase\\12\\20200716_223140\\execution0.log"/>
         <property name="attachments" value=""/>
         <property name="hostName" value="WIN10 - DESKTOP-0NVCT6K"/>
         <property name="os" value="Windows 10 64bit"/>
         <property name="katalonVersion" value="7.5.2.1"/>
         <property name="browser" value="Chrome 83.0.4103.116"/>
         <property name="hostAddress" value="192.168.1.2"/>
         <property name="sessionId" value="c69c92373edf7899e3a0f559104cd51c"/>
         <property name="seleniumVersion" value="3.141.59"/>
         <property name="proxyInformation" value="ProxyInformation { proxyOption=NO_PROXY, proxyServerType=HTTP, username=, password=********, proxyServerAddress=, proxyServerPort=0, executionList=\&quot;\&quot;, isApplyToDesiredCapabilities=true }"/>
         <property name="platform" value="Windows 10"/>
      </properties>
      <testcase name="Test Cases/Calendar Test Case/1" time="13.359" classname="Test Cases/Calendar Test Case/1" status="PASSED">
         <system-out><![CDATA[2020-07-16 22:31:42 - [TEST_CASE][PASSED] - Test Cases/Calendar Test Case/1: Test Cases/Calendar Test Case/1

2020-07-16 22:31:43 - [TEST_STEP][PASSED] - openBrowser("http://crmc.opencloud.digital:64216/index.php"): Browser is opened with url: 'http://crmc.opencloud.digital:64216/index.php'

2020-07-16 22:31:43 - [MESSAGE][INFO] - Starting 'Chrome' driver

2020-07-16 22:31:43 - [MESSAGE][INFO] - Action delay is set to 0 milliseconds

2020-07-16 22:31:48 - [MESSAGE][PASSED] - Browser is opened with url: 'http://crmc.opencloud.digital:64216/index.php'

2020-07-16 22:31:48 - [TEST_STEP][PASSED] - setText(findTestObject("Account repository/Login/input_User name_username"), findTestData("Calendar Test Data/D1").getValue(1, 1)): Text 'admin' is set on object 'Object Repository/Account repository/Login/input_User name_username'

2020-07-16 22:31:49 - [MESSAGE][PASSED] - Text 'admin' is set on object 'Object Repository/Account repository/Login/input_User name_username'

2020-07-16 22:31:49 - [TEST_STEP][PASSED] - setText(findTestObject("Account repository/Login/input_Password_password"), findTestData("Calendar Test Data/D1").getValue(2, 1)): Text '1qaz2WSX3edc ' is set on object 'Object Repository/Account repository/Login/input_Password_password'

2020-07-16 22:31:50 - [MESSAGE][PASSED] - Text '1qaz2WSX3edc ' is set on object 'Object Repository/Account repository/Login/input_Password_password'

2020-07-16 22:31:50 - [TEST_STEP][PASSED] - click(findTestObject("Account repository/Login/button_Sign in")): Object: 'Object Repository/Account repository/Login/button_Sign in' is clicked on

2020-07-16 22:31:51 - [MESSAGE][PASSED] - Object: 'Object Repository/Account repository/Login/button_Sign in' is clicked on

2020-07-16 22:31:51 - [TEST_STEP][PASSED] - click(findTestObject("Calendar repository/Page_Home/a_Calendar")): Object: 'Object Repository/Calendar repository/Page_Home/a_Calendar' is clicked on

2020-07-16 22:31:54 - [MESSAGE][PASSED] - Object: 'Object Repository/Calendar repository/Page_Home/a_Calendar' is clicked on

2020-07-16 22:31:54 - [TEST_STEP][PASSED] - delay(2): Delayed 2 second(s)

2020-07-16 22:31:56 - [MESSAGE][PASSED] - Delayed 2 second(s)]]></system-out>
         <system-err><![CDATA[]]></system-err>
      </testcase>
      <testcase name="Test Cases/Calendar Test Case/12" time="6.399" classname="Test Cases/Calendar Test Case/12" status="PASSED">
         <system-out><![CDATA[2020-07-16 22:31:56 - [TEST_CASE][PASSED] - Test Cases/Calendar Test Case/12: Test Cases/Calendar Test Case/12

2020-07-16 22:31:56 - [TEST_STEP][PASSED] - click(findTestObject("Calendar repository/Page_Calendar/p_Calendar List")): Object: 'Object Repository/Calendar repository/Page_Calendar/p_Calendar List' is clicked on

2020-07-16 22:32:00 - [MESSAGE][PASSED] - Object: 'Object Repository/Calendar repository/Page_Calendar/p_Calendar List' is clicked on

2020-07-16 22:32:00 - [TEST_STEP][PASSED] - delay(2): Delayed 2 second(s)

2020-07-16 22:32:02 - [MESSAGE][PASSED] - Delayed 2 second(s)]]></system-out>
         <system-err><![CDATA[]]></system-err>
      </testcase>
      <testcase name="Test Cases/Calendar Test Case/19" time="9.508" classname="Test Cases/Calendar Test Case/19" status="PASSED">
         <system-out><![CDATA[2020-07-16 22:32:02 - [TEST_CASE][PASSED] - Test Cases/Calendar Test Case/19: Test Cases/Calendar Test Case/19

2020-07-16 22:32:02 - [TEST_STEP][PASSED] - maximizeWindow(): Current window maximized

2020-07-16 22:32:04 - [MESSAGE][PASSED] - Current window maximized

2020-07-16 22:32:04 - [TEST_STEP][PASSED] - setText(findTestObject("Calendar repository/Page_Calendar/Seach select Calendar"), findTestData("Calendar Test Data/D4").getValue(1, 1)): Text 'Other' is set on object 'Object Repository/Calendar repository/Page_Calendar/Seach select Calendar'

2020-07-16 22:32:05 - [MESSAGE][PASSED] - Text 'Other' is set on object 'Object Repository/Calendar repository/Page_Calendar/Seach select Calendar'

2020-07-16 22:32:05 - [TEST_STEP][PASSED] - sendKeys(findTestObject("Calendar repository/Page_Calendar/Seach select Calendar"), Keys.chord(ENTER)): Keys 'ENTER + ' sent to object: 'Object Repository/Calendar repository/Page_Calendar/Seach select Calendar'

2020-07-16 22:32:06 - [MESSAGE][PASSED] - Keys 'ENTER + ' sent to object: 'Object Repository/Calendar repository/Page_Calendar/Seach select Calendar'

2020-07-16 22:32:06 - [TEST_STEP][PASSED] - click(findTestObject("Calendar repository/Page_Calendar/button_Search select Calendar")): Object: 'Object Repository/Calendar repository/Page_Calendar/button_Search select Calendar' is clicked on

2020-07-16 22:32:06 - [MESSAGE][PASSED] - Object: 'Object Repository/Calendar repository/Page_Calendar/button_Search select Calendar' is clicked on

2020-07-16 22:32:06 - [TEST_STEP][PASSED] - click(findTestObject("Calendar repository/Page_Calendar/td_Natcha Thanakornjiropast")): Object: 'Object Repository/Calendar repository/Page_Calendar/td_Natcha Thanakornjiropast' is clicked on

2020-07-16 22:32:10 - [MESSAGE][PASSED] - Object: 'Object Repository/Calendar repository/Page_Calendar/td_Natcha Thanakornjiropast' is clicked on

2020-07-16 22:32:10 - [TEST_STEP][PASSED] - delay(2): Delayed 2 second(s)

2020-07-16 22:32:12 - [MESSAGE][PASSED] - Delayed 2 second(s)]]></system-out>
         <system-err><![CDATA[]]></system-err>
      </testcase>
      <testcase name="Test Cases/Calendar Test Case/22" time="5.121" classname="Test Cases/Calendar Test Case/22" status="PASSED">
         <system-out><![CDATA[2020-07-16 22:32:12 - [TEST_CASE][PASSED] - Test Cases/Calendar Test Case/22: Test Cases/Calendar Test Case/22

2020-07-16 22:32:12 - [TEST_STEP][PASSED] - click(findTestObject("Calendar repository/Page_Calendar/a_Documents")): Object: 'Object Repository/Calendar repository/Page_Calendar/a_Documents' is clicked on

2020-07-16 22:32:12 - [MESSAGE][PASSED] - Object: 'Object Repository/Calendar repository/Page_Calendar/a_Documents' is clicked on

2020-07-16 22:32:12 - [TEST_STEP][PASSED] - click(findTestObject("Calendar repository/Page_Calendar/button_Add Document")): Object: 'Object Repository/Calendar repository/Page_Calendar/button_Add Document' is clicked on

2020-07-16 22:32:14 - [MESSAGE][PASSED] - Object: 'Object Repository/Calendar repository/Page_Calendar/button_Add Document' is clicked on

2020-07-16 22:32:14 - [TEST_STEP][PASSED] - click(findTestObject("Calendar repository/Page_Documents/button_Save DOC")): Object: 'Object Repository/Calendar repository/Page_Documents/button_Save DOC' is clicked on

2020-07-16 22:32:15 - [MESSAGE][PASSED] - Object: 'Object Repository/Calendar repository/Page_Documents/button_Save DOC' is clicked on

2020-07-16 22:32:15 - [TEST_STEP][PASSED] - delay(2): Delayed 2 second(s)

2020-07-16 22:32:17 - [MESSAGE][PASSED] - Delayed 2 second(s)]]></system-out>
         <system-err><![CDATA[]]></system-err>
      </testcase>
      <testcase name="Test Cases/Calendar Test Case/21" time="8.76" classname="Test Cases/Calendar Test Case/21" status="PASSED">
         <system-out><![CDATA[2020-07-16 22:32:17 - [TEST_CASE][PASSED] - Test Cases/Calendar Test Case/21: Test Cases/Calendar Test Case/21

2020-07-16 22:32:17 - [TEST_STEP][PASSED] - delay(1): Delayed 1 second(s)

2020-07-16 22:32:18 - [MESSAGE][PASSED] - Delayed 1 second(s)

2020-07-16 22:32:18 - [TEST_STEP][PASSED] - click(findTestObject("Case repository/Page_Documents/b doc select case")): Object: 'Object Repository/Case repository/Page_Documents/b doc select case' is clicked on

2020-07-16 22:32:18 - [MESSAGE][PASSED] - Object: 'Object Repository/Case repository/Page_Documents/b doc select case' is clicked on

2020-07-16 22:32:18 - [TEST_STEP][PASSED] - setText(findTestObject("Case repository/Page_Documents/input b doc select case"), findTestData("Case Test Data/D6").getValue(3, 1)): Text 'Accounts' is set on object 'Object Repository/Case repository/Page_Documents/input b doc select case'

2020-07-16 22:32:19 - [MESSAGE][PASSED] - Text 'Accounts' is set on object 'Object Repository/Case repository/Page_Documents/input b doc select case'

2020-07-16 22:32:19 - [TEST_STEP][PASSED] - sendKeys(findTestObject("Case repository/Page_Documents/input b doc select case"), Keys.chord(ENTER)): Keys 'ENTER + ' sent to object: 'Object Repository/Case repository/Page_Documents/input b doc select case'

2020-07-16 22:32:20 - [MESSAGE][PASSED] - Keys 'ENTER + ' sent to object: 'Object Repository/Case repository/Page_Documents/input b doc select case'

2020-07-16 22:32:20 - [TEST_STEP][PASSED] - click(findTestObject("Case repository/Page_Documents/search case field")): Object: 'Object Repository/Case repository/Page_Documents/search case field' is clicked on

2020-07-16 22:32:21 - [MESSAGE][PASSED] - Object: 'Object Repository/Case repository/Page_Documents/search case field' is clicked on

2020-07-16 22:32:21 - [TEST_STEP][PASSED] - switchToWindowTitle("Accounts"): Switched to window with title: 'Accounts'

2020-07-16 22:32:23 - [MESSAGE][PASSED] - Switched to window with title: 'Accounts'

2020-07-16 22:32:23 - [TEST_STEP][PASSED] - click(findTestObject("Case repository/Page_Accounts/td_BKK ECS Sales")): Object: 'Object Repository/Case repository/Page_Accounts/td_BKK ECS Sales' is clicked on

2020-07-16 22:32:23 - [MESSAGE][PASSED] - Object: 'Object Repository/Case repository/Page_Accounts/td_BKK ECS Sales' is clicked on

2020-07-16 22:32:23 - [TEST_STEP][PASSED] - switchToDefaultContent(): null

2020-07-16 22:32:25 - [TEST_STEP][PASSED] - click(findTestObject("Case repository/Page_Documents/button_Save doc case")): Object: 'Object Repository/Case repository/Page_Documents/button_Save doc case' is clicked on

2020-07-16 22:32:25 - [MESSAGE][PASSED] - Object: 'Object Repository/Case repository/Page_Documents/button_Save doc case' is clicked on]]></system-out>
         <system-err><![CDATA[]]></system-err>
      </testcase>
      <testcase name="Test Cases/Calendar Test Case/20" time="8.57" classname="Test Cases/Calendar Test Case/20" status="PASSED">
         <system-out><![CDATA[2020-07-16 22:32:25 - [TEST_CASE][PASSED] - Test Cases/Calendar Test Case/20: Test Cases/Calendar Test Case/20

2020-07-16 22:32:26 - [TEST_STEP][PASSED] - setText(findTestObject("Case repository/Page_Documents/input__notes_title doc Case"), findTestData("Case Test Data/D6").getValue(1, 1)): Text 'Document test' is set on object 'Object Repository/Case repository/Page_Documents/input__notes_title doc Case'

2020-07-16 22:32:26 - [MESSAGE][PASSED] - Text 'Document test' is set on object 'Object Repository/Case repository/Page_Documents/input__notes_title doc Case'

2020-07-16 22:32:26 - [TEST_STEP][PASSED] - click(findTestObject("Case repository/Page_Documents/b doc select case")): Object: 'Object Repository/Case repository/Page_Documents/b doc select case' is clicked on

2020-07-16 22:32:27 - [MESSAGE][PASSED] - Object: 'Object Repository/Case repository/Page_Documents/b doc select case' is clicked on

2020-07-16 22:32:27 - [TEST_STEP][PASSED] - setText(findTestObject("Case repository/Page_Documents/input b doc select case"), findTestData("Case Test Data/D6").getValue(3, 1)): Text 'Accounts' is set on object 'Object Repository/Case repository/Page_Documents/input b doc select case'

2020-07-16 22:32:28 - [MESSAGE][PASSED] - Text 'Accounts' is set on object 'Object Repository/Case repository/Page_Documents/input b doc select case'

2020-07-16 22:32:28 - [TEST_STEP][PASSED] - sendKeys(findTestObject("Case repository/Page_Documents/input b doc select case"), Keys.chord(ENTER)): Keys 'ENTER + ' sent to object: 'Object Repository/Case repository/Page_Documents/input b doc select case'

2020-07-16 22:32:29 - [MESSAGE][PASSED] - Keys 'ENTER + ' sent to object: 'Object Repository/Case repository/Page_Documents/input b doc select case'

2020-07-16 22:32:29 - [TEST_STEP][PASSED] - click(findTestObject("Case repository/Page_Documents/search case field")): Object: 'Object Repository/Case repository/Page_Documents/search case field' is clicked on

2020-07-16 22:32:29 - [MESSAGE][PASSED] - Object: 'Object Repository/Case repository/Page_Documents/search case field' is clicked on

2020-07-16 22:32:29 - [TEST_STEP][PASSED] - switchToWindowTitle("Accounts"): Switched to window with title: 'Accounts'

2020-07-16 22:32:31 - [MESSAGE][PASSED] - Switched to window with title: 'Accounts'

2020-07-16 22:32:31 - [TEST_STEP][PASSED] - click(findTestObject("Case repository/Page_Accounts/td_BKK ECS Sales")): Object: 'Object Repository/Case repository/Page_Accounts/td_BKK ECS Sales' is clicked on

2020-07-16 22:32:32 - [MESSAGE][PASSED] - Object: 'Object Repository/Case repository/Page_Accounts/td_BKK ECS Sales' is clicked on

2020-07-16 22:32:32 - [TEST_STEP][PASSED] - switchToDefaultContent(): null

2020-07-16 22:32:34 - [TEST_STEP][PASSED] - click(findTestObject("Case repository/Page_Documents/button_Save doc case")): Object: 'Object Repository/Case repository/Page_Documents/button_Save doc case' is clicked on

2020-07-16 22:32:34 - [MESSAGE][PASSED] - Object: 'Object Repository/Case repository/Page_Documents/button_Save doc case' is clicked on]]></system-out>
         <system-err><![CDATA[]]></system-err>
      </testcase>
      <system-out><![CDATA[2020-07-16 22:31:42 - [TEST_SUITE][PASSED] - 12: Test Cases/Calendar Test Case/20]]></system-out>
      <system-err><![CDATA[]]></system-err>
   </testsuite>
</testsuites>
