<?xml version="1.0" encoding="UTF-8"?>
<testsuites name="2" time="42.767" tests="4" failures="0" errors="0">
   <testsuite name="2" tests="4" failures="0" errors="0" time="42.767" timestamp="2563-07-03 17:10:45" hostname="ACER - host.docker.internal" id="Test Suites/Case Usecase/2">
      <properties>
         <property name="deviceName" value=""/>
         <property name="devicePlatform" value=""/>
         <property name="logFolder" value="C:\\Users\\ACER\\git\\Best-Project\\Reports\\25630703_171041\\Case Usecase\\2\\25630703_171041"/>
         <property name="logFiles" value="C:\\Users\\ACER\\git\\Best-Project\\Reports\\25630703_171041\\Case Usecase\\2\\25630703_171041\\execution0.log"/>
         <property name="attachments" value=""/>
         <property name="hostName" value="ACER - host.docker.internal"/>
         <property name="os" value="Windows 10 64bit"/>
         <property name="katalonVersion" value="7.5.2.1"/>
         <property name="browser" value="Chrome 83.0.4103.116"/>
         <property name="hostAddress" value="192.168.1.5"/>
         <property name="sessionId" value="4a9839bfbbbde03ce8cdef2fbb24d6f9"/>
         <property name="seleniumVersion" value="3.141.59"/>
         <property name="proxyInformation" value="ProxyInformation { proxyOption=NO_PROXY, proxyServerType=HTTP, username=, password=********, proxyServerAddress=, proxyServerPort=0, executionList=\&quot;\&quot;, isApplyToDesiredCapabilities=true }"/>
         <property name="platform" value="Windows 10"/>
      </properties>
      <testcase name="Test Cases/Case Test Case/1" time="25.462" classname="Test Cases/Case Test Case/1" status="PASSED">
         <system-out><![CDATA[2563-07-03 17:10:45 - [TEST_CASE][PASSED] - Test Cases/Case Test Case/1: Test Cases/Case Test Case/1

2563-07-03 17:10:46 - [TEST_STEP][PASSED] - openBrowser("http://crmc.opencloud.digital:64216/index.php"): Browser is opened with url: 'http://crmc.opencloud.digital:64216/index.php'

2563-07-03 17:10:46 - [MESSAGE][INFO] - Starting 'Chrome' driver

2563-07-03 17:10:46 - [MESSAGE][INFO] - Action delay is set to 0 milliseconds

2563-07-03 17:10:53 - [MESSAGE][PASSED] - Browser is opened with url: 'http://crmc.opencloud.digital:64216/index.php'

2563-07-03 17:10:53 - [TEST_STEP][PASSED] - maximizeWindow(): Current window maximized

2563-07-03 17:10:55 - [MESSAGE][PASSED] - Current window maximized

2563-07-03 17:10:55 - [TEST_STEP][PASSED] - setText(findTestObject("Case repository/Page_Users/input_User name_username"), findTestData("Contact Test Data/D1").getValue(1, 1)): Text 'Admin' is set on object 'Object Repository/Case repository/Page_Users/input_User name_username'

2563-07-03 17:10:56 - [MESSAGE][PASSED] - Text 'Admin' is set on object 'Object Repository/Case repository/Page_Users/input_User name_username'

2563-07-03 17:10:56 - [TEST_STEP][PASSED] - setText(findTestObject("DBD repository/login/input_Password_password"), findTestData("Case Test Data/D1").getValue(2, 1)): Text '1qaz2WSX3edc ' is set on object 'Object Repository/DBD repository/login/input_Password_password'

2563-07-03 17:10:57 - [MESSAGE][PASSED] - Text '1qaz2WSX3edc ' is set on object 'Object Repository/DBD repository/login/input_Password_password'

2563-07-03 17:10:57 - [TEST_STEP][PASSED] - click(findTestObject("DBD repository/login/button_Sign in")): Object: 'Object Repository/DBD repository/login/button_Sign in' is clicked on

2563-07-03 17:11:01 - [MESSAGE][PASSED] - Object: 'Object Repository/DBD repository/login/button_Sign in' is clicked on

2563-07-03 17:11:01 - [TEST_STEP][PASSED] - click(findTestObject("Case repository/Page_Home/a_Cases")): Object: 'Object Repository/Case repository/Page_Home/a_Cases' is clicked on

2563-07-03 17:11:08 - [MESSAGE][PASSED] - Object: 'Object Repository/Case repository/Page_Home/a_Cases' is clicked on

2563-07-03 17:11:08 - [TEST_STEP][PASSED] - delay(2): Delayed 2 second(s)

2563-07-03 17:11:11 - [MESSAGE][PASSED] - Delayed 2 second(s)]]></system-out>
         <system-err><![CDATA[]]></system-err>
      </testcase>
      <testcase name="Test Cases/Case Test Case/4" time="2.837" classname="Test Cases/Case Test Case/4" status="PASSED">
         <system-out><![CDATA[2563-07-03 17:11:11 - [TEST_CASE][PASSED] - Test Cases/Case Test Case/4: Test Cases/Case Test Case/4

2563-07-03 17:11:11 - [TEST_STEP][PASSED] - click(findTestObject("Case repository/Page_Cases/button_Add Cases")): Object: 'Object Repository/Case repository/Page_Cases/button_Add Cases' is clicked on

2563-07-03 17:11:12 - [MESSAGE][PASSED] - Object: 'Object Repository/Case repository/Page_Cases/button_Add Cases' is clicked on

2563-07-03 17:11:12 - [TEST_STEP][PASSED] - delay(1): Delayed 1 second(s)

2563-07-03 17:11:13 - [MESSAGE][PASSED] - Delayed 1 second(s)

2563-07-03 17:11:13 - [TEST_STEP][PASSED] - click(findTestObject("Case repository/Page_Cases/button_Save Case")): Object: 'Object Repository/Case repository/Page_Cases/button_Save Case' is clicked on

2563-07-03 17:11:13 - [MESSAGE][PASSED] - Object: 'Object Repository/Case repository/Page_Cases/button_Save Case' is clicked on]]></system-out>
         <system-err><![CDATA[]]></system-err>
      </testcase>
      <testcase name="Test Cases/Case Test Case/3" time="6.204" classname="Test Cases/Case Test Case/3" status="PASSED">
         <system-out><![CDATA[2563-07-03 17:11:13 - [TEST_CASE][PASSED] - Test Cases/Case Test Case/3: Test Cases/Case Test Case/3

2563-07-03 17:11:14 - [TEST_STEP][PASSED] - delay(2): Delayed 2 second(s)

2563-07-03 17:11:16 - [MESSAGE][PASSED] - Delayed 2 second(s)

2563-07-03 17:11:16 - [TEST_STEP][PASSED] - click(findTestObject("Case repository/Page_Cases/Case Owner")): Object: 'Object Repository/Case repository/Page_Cases/Case Owner' is clicked on

2563-07-03 17:11:16 - [MESSAGE][PASSED] - Object: 'Object Repository/Case repository/Page_Cases/Case Owner' is clicked on

2563-07-03 17:11:16 - [TEST_STEP][PASSED] - setText(findTestObject("Case repository/Page_Cases/input Case owner"), findTestData("Case Test Data/D2").getValue(1, 1)): Text 'RIS System' is set on object 'Object Repository/Case repository/Page_Cases/input Case owner'

2563-07-03 17:11:18 - [MESSAGE][PASSED] - Text 'RIS System' is set on object 'Object Repository/Case repository/Page_Cases/input Case owner'

2563-07-03 17:11:18 - [TEST_STEP][PASSED] - sendKeys(findTestObject("Case repository/Page_Cases/input Case owner"), Keys.chord(ENTER)): Keys 'ENTER + ' sent to object: 'Object Repository/Case repository/Page_Cases/input Case owner'

2563-07-03 17:11:18 - [MESSAGE][PASSED] - Keys 'ENTER + ' sent to object: 'Object Repository/Case repository/Page_Cases/input Case owner'

2563-07-03 17:11:18 - [TEST_STEP][PASSED] - click(findTestObject("Case repository/Page_Cases/button_Save Case")): Object: 'Object Repository/Case repository/Page_Cases/button_Save Case' is clicked on

2563-07-03 17:11:19 - [MESSAGE][PASSED] - Object: 'Object Repository/Case repository/Page_Cases/button_Save Case' is clicked on

2563-07-03 17:11:19 - [TEST_STEP][PASSED] - delay(1): Delayed 1 second(s)

2563-07-03 17:11:20 - [MESSAGE][PASSED] - Delayed 1 second(s)]]></system-out>
         <system-err><![CDATA[]]></system-err>
      </testcase>
      <testcase name="Test Cases/Case Test Case/2" time="6.936" classname="Test Cases/Case Test Case/2" status="PASSED">
         <system-out><![CDATA[2563-07-03 17:11:20 - [TEST_CASE][PASSED] - Test Cases/Case Test Case/2: Test Cases/Case Test Case/2

2563-07-03 17:11:20 - [TEST_STEP][PASSED] - delay(2): Delayed 2 second(s)

2563-07-03 17:11:22 - [MESSAGE][PASSED] - Delayed 2 second(s)

2563-07-03 17:11:22 - [TEST_STEP][PASSED] - click(findTestObject("Case repository/Page_Cases/Case Owner")): Object: 'Object Repository/Case repository/Page_Cases/Case Owner' is clicked on

2563-07-03 17:11:22 - [MESSAGE][PASSED] - Object: 'Object Repository/Case repository/Page_Cases/Case Owner' is clicked on

2563-07-03 17:11:22 - [TEST_STEP][PASSED] - setText(findTestObject("Case repository/Page_Cases/input Case owner"), findTestData("Case Test Data/D2").getValue(1, 1)): Text 'RIS System' is set on object 'Object Repository/Case repository/Page_Cases/input Case owner'

2563-07-03 17:11:24 - [MESSAGE][PASSED] - Text 'RIS System' is set on object 'Object Repository/Case repository/Page_Cases/input Case owner'

2563-07-03 17:11:24 - [TEST_STEP][PASSED] - sendKeys(findTestObject("Case repository/Page_Cases/input Case owner"), Keys.chord(ENTER)): Keys 'ENTER + ' sent to object: 'Object Repository/Case repository/Page_Cases/input Case owner'

2563-07-03 17:11:24 - [MESSAGE][PASSED] - Keys 'ENTER + ' sent to object: 'Object Repository/Case repository/Page_Cases/input Case owner'

2563-07-03 17:11:24 - [TEST_STEP][PASSED] - setText(findTestObject("Case repository/Page_Cases/input__cases Title"), findTestData("Case Test Data/D2").getValue(2, 1)): Text 'CRM-C' is set on object 'Object Repository/Case repository/Page_Cases/input__cases Title'

2563-07-03 17:11:25 - [MESSAGE][PASSED] - Text 'CRM-C' is set on object 'Object Repository/Case repository/Page_Cases/input__cases Title'

2563-07-03 17:11:25 - [TEST_STEP][PASSED] - click(findTestObject("Case repository/Page_Cases/button_Save Case")): Object: 'Object Repository/Case repository/Page_Cases/button_Save Case' is clicked on

2563-07-03 17:11:26 - [MESSAGE][PASSED] - Object: 'Object Repository/Case repository/Page_Cases/button_Save Case' is clicked on

2563-07-03 17:11:26 - [TEST_STEP][PASSED] - delay(1): Delayed 1 second(s)

2563-07-03 17:11:27 - [MESSAGE][PASSED] - Delayed 1 second(s)]]></system-out>
         <system-err><![CDATA[]]></system-err>
      </testcase>
      <system-out><![CDATA[2563-07-03 17:10:45 - [TEST_SUITE][PASSED] - 2: Test Cases/Case Test Case/2]]></system-out>
      <system-err><![CDATA[]]></system-err>
   </testsuite>
</testsuites>
