<?xml version="1.0" encoding="UTF-8"?>
<testsuites name="12" time="28.658" tests="3" failures="0" errors="0">
   <testsuite name="12" tests="3" failures="0" errors="0" time="28.658" timestamp="2020-06-21 21:53:18" hostname="WIN10 - DESKTOP-0NVCT6K" id="Test Suites/Account Usecase/12">
      <properties>
         <property name="deviceName" value=""/>
         <property name="devicePlatform" value=""/>
         <property name="logFolder" value="C:\\Users\\WIN10\\git\\Best-Project\\Reports\\20200621_215316\\Account Usecase\\12\\20200621_215316"/>
         <property name="logFiles" value="C:\\Users\\WIN10\\git\\Best-Project\\Reports\\20200621_215316\\Account Usecase\\12\\20200621_215316\\execution0.log"/>
         <property name="attachments" value=""/>
         <property name="hostName" value="WIN10 - DESKTOP-0NVCT6K"/>
         <property name="os" value="Windows 10 64bit"/>
         <property name="katalonVersion" value="7.5.2.1"/>
         <property name="browser" value="Chrome 83.0.4103.106"/>
         <property name="hostAddress" value="192.168.1.2"/>
         <property name="sessionId" value="d5e06a48e87325e7842adab8cce1089a"/>
         <property name="seleniumVersion" value="3.141.59"/>
         <property name="proxyInformation" value="ProxyInformation { proxyOption=NO_PROXY, proxyServerType=HTTP, username=, password=********, proxyServerAddress=, proxyServerPort=0, executionList=\&quot;\&quot;, isApplyToDesiredCapabilities=true }"/>
         <property name="platform" value="Windows 10"/>
      </properties>
      <testcase name="Test Cases/Account Test Case/1-View the layout information in the List View" time="9.864" classname="Test Cases/Account Test Case/1-View the layout information in the List View" status="PASSED">
         <system-out><![CDATA[2020-06-21 21:53:18 - [TEST_CASE][PASSED] - Test Cases/Account Test Case/1-View the layout information in the List View: Test Cases/Account Test Case/1-View the layout information in the List View

2020-06-21 21:53:18 - [TEST_STEP][PASSED] - openBrowser("http://crmc.opencloud.digital:64216/index.php"): Browser is opened with url: 'http://crmc.opencloud.digital:64216/index.php'

2020-06-21 21:53:18 - [MESSAGE][INFO] - Starting 'Chrome' driver

2020-06-21 21:53:18 - [MESSAGE][INFO] - Action delay is set to 0 milliseconds

2020-06-21 21:53:23 - [MESSAGE][PASSED] - Browser is opened with url: 'http://crmc.opencloud.digital:64216/index.php'

2020-06-21 21:53:23 - [TEST_STEP][PASSED] - maximizeWindow(): Current window maximized

2020-06-21 21:53:25 - [MESSAGE][PASSED] - Current window maximized

2020-06-21 21:53:25 - [TEST_STEP][PASSED] - setText(findTestObject("Account repository/Login/input_User name_username"), findTestData("Account Test Data/D1").getValue(1, 1)): Text 'Admin' is set on object 'Object Repository/Account repository/Login/input_User name_username'

2020-06-21 21:53:26 - [MESSAGE][PASSED] - Text 'Admin' is set on object 'Object Repository/Account repository/Login/input_User name_username'

2020-06-21 21:53:26 - [TEST_STEP][PASSED] - setText(findTestObject("Account repository/Login/input_Password_password"), findTestData("Account Test Data/D1").getValue(2, 1)): Text '1qaz2WSX3edc ' is set on object 'Object Repository/Account repository/Login/input_Password_password'

2020-06-21 21:53:26 - [MESSAGE][PASSED] - Text '1qaz2WSX3edc ' is set on object 'Object Repository/Account repository/Login/input_Password_password'

2020-06-21 21:53:26 - [TEST_STEP][PASSED] - click(findTestObject("Account repository/Login/button_Sign in")): Object: 'Object Repository/Account repository/Login/button_Sign in' is clicked on

2020-06-21 21:53:28 - [MESSAGE][PASSED] - Object: 'Object Repository/Account repository/Login/button_Sign in' is clicked on]]></system-out>
         <system-err><![CDATA[]]></system-err>
      </testcase>
      <testcase name="Test Cases/Account Test Case/5-View the Detail View information" time="15.49" classname="Test Cases/Account Test Case/5-View the Detail View information" status="PASSED">
         <system-out><![CDATA[2020-06-21 21:53:28 - [TEST_CASE][PASSED] - Test Cases/Account Test Case/5-View the Detail View information: Test Cases/Account Test Case/5-View the Detail View information

2020-06-21 21:53:28 - [TEST_STEP][PASSED] - click(findTestObject("Account repository/Page_Home/strong_Accounts")): Object: 'Object Repository/Account repository/Page_Home/strong_Accounts' is clicked on

2020-06-21 21:53:35 - [MESSAGE][PASSED] - Object: 'Object Repository/Account repository/Page_Home/strong_Accounts' is clicked on

2020-06-21 21:53:35 - [TEST_STEP][PASSED] - setText(findTestObject("Account repository/Page_Accounts/Search Account Name"), findTestData("Account Test Data/D4").getValue(1, 1)): Text 'บริษัท วี จี ไอ โกลบอล มีเดีย จำกัด (มหาชน) ' is set on object 'Object Repository/Account repository/Page_Accounts/Search Account Name'

2020-06-21 21:53:36 - [MESSAGE][PASSED] - Text 'บริษัท วี จี ไอ โกลบอล มีเดีย จำกัด (มหาชน) ' is set on object 'Object Repository/Account repository/Page_Accounts/Search Account Name'

2020-06-21 21:53:36 - [TEST_STEP][PASSED] - click(findTestObject("Account repository/Page_Accounts/button_Search")): Object: 'Object Repository/Account repository/Page_Accounts/button_Search' is clicked on

2020-06-21 21:53:36 - [MESSAGE][PASSED] - Object: 'Object Repository/Account repository/Page_Accounts/button_Search' is clicked on

2020-06-21 21:53:36 - [TEST_STEP][PASSED] - click(findTestObject("Account repository/Page_Accounts/click v g o")): Object: 'Object Repository/Account repository/Page_Accounts/click v g o' is clicked on

2020-06-21 21:53:43 - [MESSAGE][PASSED] - Object: 'Object Repository/Account repository/Page_Accounts/click v g o' is clicked on]]></system-out>
         <system-err><![CDATA[]]></system-err>
      </testcase>
      <testcase name="Test Cases/Account Test Case/22" time="2.43" classname="Test Cases/Account Test Case/22" status="PASSED">
         <system-out><![CDATA[2020-06-21 21:53:43 - [TEST_CASE][PASSED] - Test Cases/Account Test Case/22: Test Cases/Account Test Case/22

2020-06-21 21:53:43 - [TEST_STEP][PASSED] - click(findTestObject("Account repository/Page_Accounts/button_More account")): Object: 'Object Repository/Account repository/Page_Accounts/button_More account' is clicked on

2020-06-21 21:53:44 - [MESSAGE][PASSED] - Object: 'Object Repository/Account repository/Page_Accounts/button_More account' is clicked on

2020-06-21 21:53:44 - [TEST_STEP][PASSED] - click(findTestObject("Account repository/Page_Accounts/a_Add To Do")): Object: 'Object Repository/Account repository/Page_Accounts/a_Add To Do' is clicked on

2020-06-21 21:53:45 - [MESSAGE][PASSED] - Object: 'Object Repository/Account repository/Page_Accounts/a_Add To Do' is clicked on

2020-06-21 21:53:45 - [TEST_STEP][PASSED] - click(findTestObject("Account repository/Page_Calendar todo/button_Save to")): Object: 'Object Repository/Account repository/Page_Calendar todo/button_Save to' is clicked on

2020-06-21 21:53:46 - [MESSAGE][PASSED] - Object: 'Object Repository/Account repository/Page_Calendar todo/button_Save to' is clicked on]]></system-out>
         <system-err><![CDATA[]]></system-err>
      </testcase>
      <system-out><![CDATA[2020-06-21 21:53:18 - [TEST_SUITE][PASSED] - 12: Test Cases/Account Test Case/22]]></system-out>
      <system-err><![CDATA[]]></system-err>
   </testsuite>
</testsuites>
