<?xml version="1.0" encoding="UTF-8"?>
<testsuites name="Usecase5" time="70.011" tests="3" failures="0" errors="0">
   <testsuite name="Usecase5" tests="3" failures="0" errors="0" time="70.011" timestamp="2563-06-17 14:29:01" hostname="ACER - DESKTOP-TSJL4HJ" id="Test Suites/Account Usecase/Usecase5">
      <properties>
         <property name="deviceName" value=""/>
         <property name="devicePlatform" value=""/>
         <property name="logFolder" value="C:\\Users\\ACER\\git\\Best-Project\\Reports\\25630617_142858\\Account Usecase\\Usecase5\\25630617_142858"/>
         <property name="logFiles" value="C:\\Users\\ACER\\git\\Best-Project\\Reports\\25630617_142858\\Account Usecase\\Usecase5\\25630617_142858\\execution0.log"/>
         <property name="attachments" value=""/>
         <property name="hostName" value="ACER - DESKTOP-TSJL4HJ"/>
         <property name="os" value="Windows 10 64bit"/>
         <property name="katalonVersion" value="7.5.2.1"/>
         <property name="browser" value="Chrome 83.0.4103.97"/>
         <property name="hostAddress" value="192.168.1.126"/>
         <property name="sessionId" value="d93afbe745b640a495ed4f6691cb28b6"/>
         <property name="seleniumVersion" value="3.141.59"/>
         <property name="proxyInformation" value="ProxyInformation { proxyOption=NO_PROXY, proxyServerType=HTTP, username=, password=********, proxyServerAddress=, proxyServerPort=0, executionList=\&quot;\&quot;, isApplyToDesiredCapabilities=true }"/>
         <property name="platform" value="Windows 10"/>
      </properties>
      <testcase name="Test Cases/Account Test Case/Test Case 1" time="15.727" classname="Test Cases/Account Test Case/Test Case 1" status="PASSED">
         <system-out><![CDATA[2563-06-17 14:29:02 - [TEST_CASE][PASSED] - Test Cases/Account Test Case/Test Case 1: Test Cases/Account Test Case/Test Case 1

2563-06-17 14:29:02 - [TEST_STEP][PASSED] - openBrowser("http://rthv1.opencloud.digital/"): Browser is opened with url: 'http://rthv1.opencloud.digital/'

2563-06-17 14:29:03 - [MESSAGE][INFO] - Starting 'Chrome' driver

2563-06-17 14:29:03 - [MESSAGE][INFO] - Action delay is set to 0 milliseconds

2563-06-17 14:29:10 - [MESSAGE][PASSED] - Browser is opened with url: 'http://rthv1.opencloud.digital/'

2563-06-17 14:29:10 - [TEST_STEP][PASSED] - maximizeWindow(): Current window maximized

2563-06-17 14:29:12 - [MESSAGE][PASSED] - Current window maximized

2563-06-17 14:29:12 - [TEST_STEP][PASSED] - setText(findTestObject("Account repository/Login/input_User name_username"), findTestData("Account Test Data/D1").getValue(1, 1)): Text 'Admin' is set on object 'Object Repository/Account repository/Login/input_User name_username'

2563-06-17 14:29:13 - [MESSAGE][PASSED] - Text 'Admin' is set on object 'Object Repository/Account repository/Login/input_User name_username'

2563-06-17 14:29:13 - [TEST_STEP][PASSED] - setText(findTestObject("Account repository/Login/input_Password_password"), findTestData("Account Test Data/D1").getValue(2, 1)): Text '1qaz2WSX3edc ' is set on object 'Object Repository/Account repository/Login/input_Password_password'

2563-06-17 14:29:14 - [MESSAGE][PASSED] - Text '1qaz2WSX3edc ' is set on object 'Object Repository/Account repository/Login/input_Password_password'

2563-06-17 14:29:14 - [TEST_STEP][PASSED] - click(findTestObject("Account repository/Login/button_Sign in")): Object: 'Object Repository/Account repository/Login/button_Sign in' is clicked on

2563-06-17 14:29:17 - [MESSAGE][PASSED] - Object: 'Object Repository/Account repository/Login/button_Sign in' is clicked on]]></system-out>
         <system-err><![CDATA[]]></system-err>
      </testcase>
      <testcase name="Test Cases/Account Test Case/Test Case 5" time="39.464" classname="Test Cases/Account Test Case/Test Case 5" status="PASSED">
         <system-out><![CDATA[2563-06-17 14:29:17 - [TEST_CASE][PASSED] - Test Cases/Account Test Case/Test Case 5: Test Cases/Account Test Case/Test Case 5

2563-06-17 14:29:18 - [TEST_STEP][PASSED] - click(findTestObject("Account repository/Page_Home/strong_Accounts")): Object: 'Object Repository/Account repository/Page_Home/strong_Accounts' is clicked on

2563-06-17 14:29:34 - [MESSAGE][PASSED] - Object: 'Object Repository/Account repository/Page_Home/strong_Accounts' is clicked on

2563-06-17 14:29:34 - [TEST_STEP][PASSED] - setText(findTestObject("Account repository/Page_Accounts/Search Account Name"), findTestData("Account Test Data/D4").getValue(1, 1)): Text 'บริษัท วี จี ไอ โกลบอล มีเดีย จำกัด (มหาชน) ' is set on object 'Object Repository/Account repository/Page_Accounts/Search Account Name'

2563-06-17 14:29:35 - [MESSAGE][PASSED] - Text 'บริษัท วี จี ไอ โกลบอล มีเดีย จำกัด (มหาชน) ' is set on object 'Object Repository/Account repository/Page_Accounts/Search Account Name'

2563-06-17 14:29:35 - [TEST_STEP][PASSED] - click(findTestObject("Account repository/Page_Accounts/button_Search")): Object: 'Object Repository/Account repository/Page_Accounts/button_Search' is clicked on

2563-06-17 14:29:36 - [MESSAGE][PASSED] - Object: 'Object Repository/Account repository/Page_Accounts/button_Search' is clicked on

2563-06-17 14:29:36 - [TEST_STEP][PASSED] - click(findTestObject("Account repository/Page_Accounts/click v g o")): Object: 'Object Repository/Account repository/Page_Accounts/click v g o' is clicked on

2563-06-17 14:29:57 - [MESSAGE][PASSED] - Object: 'Object Repository/Account repository/Page_Accounts/click v g o' is clicked on]]></system-out>
         <system-err><![CDATA[]]></system-err>
      </testcase>
      <testcase name="Test Cases/Account Test Case/Test Case 8" time="13.506" classname="Test Cases/Account Test Case/Test Case 8" status="PASSED">
         <system-out><![CDATA[2563-06-17 14:29:57 - [TEST_CASE][PASSED] - Test Cases/Account Test Case/Test Case 8: Test Cases/Account Test Case/Test Case 8

2563-06-17 14:29:57 - [TEST_STEP][PASSED] - click(findTestObject("Account repository/Page_Accounts/button_Request Edit Account")): Object: 'Object Repository/Account repository/Page_Accounts/button_Request Edit Account' is clicked on

2563-06-17 14:30:04 - [MESSAGE][PASSED] - Object: 'Object Repository/Account repository/Page_Accounts/button_Request Edit Account' is clicked on

2563-06-17 14:30:04 - [TEST_STEP][PASSED] - click(findTestObject("Account repository/Page_Accounts/button_Save request edit")): Object: 'Object Repository/Account repository/Page_Accounts/button_Save request edit' is clicked on

2563-06-17 14:30:05 - [MESSAGE][PASSED] - Object: 'Object Repository/Account repository/Page_Accounts/button_Save request edit' is clicked on

2563-06-17 14:30:05 - [TEST_STEP][PASSED] - delay(1): Delayed 1 second(s)

2563-06-17 14:30:06 - [MESSAGE][PASSED] - Delayed 1 second(s)

2563-06-17 14:30:06 - [TEST_STEP][PASSED] - setText(findTestObject("Account repository/Page_Accounts/input__Remark"), findTestData("Account Test Data/D5").getValue(2, 1)): Text 'Wrong selection' is set on object 'Object Repository/Account repository/Page_Accounts/input__Remark'

2563-06-17 14:30:06 - [MESSAGE][PASSED] - Text 'Wrong selection' is set on object 'Object Repository/Account repository/Page_Accounts/input__Remark'

2563-06-17 14:30:06 - [TEST_STEP][PASSED] - click(findTestObject("Account repository/Page_Accounts/button_Save request edit")): Object: 'Object Repository/Account repository/Page_Accounts/button_Save request edit' is clicked on

2563-06-17 14:30:07 - [MESSAGE][PASSED] - Object: 'Object Repository/Account repository/Page_Accounts/button_Save request edit' is clicked on

2563-06-17 14:30:07 - [TEST_STEP][PASSED] - click(findTestObject("Account repository/Page_Accounts/request edit a_Yes")): Object: 'Object Repository/Account repository/Page_Accounts/request edit a_Yes' is clicked on

2563-06-17 14:30:10 - [MESSAGE][PASSED] - Object: 'Object Repository/Account repository/Page_Accounts/request edit a_Yes' is clicked on]]></system-out>
         <system-err><![CDATA[]]></system-err>
      </testcase>
      <system-out><![CDATA[2563-06-17 14:29:01 - [TEST_SUITE][PASSED] - Usecase5: Test Cases/Account Test Case/Test Case 8]]></system-out>
      <system-err><![CDATA[]]></system-err>
   </testsuite>
</testsuites>
