<?xml version="1.0" encoding="UTF-8"?>
<testsuites name="15-Add the Contact information in Related List" time="45.308" tests="5" failures="0" errors="0">
   <testsuite name="15-Add the Contact information in Related List" tests="5" failures="0" errors="0" time="45.308" timestamp="2020-06-23 14:21:47" hostname="WIN10 - DESKTOP-0NVCT6K" id="Test Suites/Account Usecase/15-Add the Contact information in Related List">
      <properties>
         <property name="deviceName" value=""/>
         <property name="devicePlatform" value=""/>
         <property name="logFolder" value="C:\\Users\\WIN10\\git\\Best-Project\\Reports\\20200623_142146\\Account Usecase\\15-Add the Contact information in Related List\\20200623_142146"/>
         <property name="logFiles" value="C:\\Users\\WIN10\\git\\Best-Project\\Reports\\20200623_142146\\Account Usecase\\15-Add the Contact information in Related List\\20200623_142146\\execution0.log"/>
         <property name="attachments" value=""/>
         <property name="hostName" value="WIN10 - DESKTOP-0NVCT6K"/>
         <property name="os" value="Windows 10 64bit"/>
         <property name="katalonVersion" value="7.5.2.1"/>
         <property name="browser" value="Chrome 83.0.4103.116"/>
         <property name="hostAddress" value="192.168.1.2"/>
         <property name="sessionId" value="de4117602ab310de39b78efd58e0882d"/>
         <property name="seleniumVersion" value="3.141.59"/>
         <property name="proxyInformation" value="ProxyInformation { proxyOption=NO_PROXY, proxyServerType=HTTP, username=, password=********, proxyServerAddress=, proxyServerPort=0, executionList=\&quot;\&quot;, isApplyToDesiredCapabilities=true }"/>
         <property name="platform" value="Windows 10"/>
      </properties>
      <testcase name="Test Cases/Account Test Case/1-View the layout information in the List View" time="10.777" classname="Test Cases/Account Test Case/1-View the layout information in the List View" status="PASSED">
         <system-out><![CDATA[2020-06-23 14:21:47 - [TEST_CASE][PASSED] - Test Cases/Account Test Case/1-View the layout information in the List View: Test Cases/Account Test Case/1-View the layout information in the List View

2020-06-23 14:21:48 - [TEST_STEP][PASSED] - openBrowser("http://crmc.opencloud.digital:64216/index.php"): Browser is opened with url: 'http://crmc.opencloud.digital:64216/index.php'

2020-06-23 14:21:48 - [MESSAGE][INFO] - Starting 'Chrome' driver

2020-06-23 14:21:48 - [MESSAGE][INFO] - Action delay is set to 0 milliseconds

2020-06-23 14:21:52 - [MESSAGE][PASSED] - Browser is opened with url: 'http://crmc.opencloud.digital:64216/index.php'

2020-06-23 14:21:52 - [TEST_STEP][PASSED] - maximizeWindow(): Current window maximized

2020-06-23 14:21:54 - [MESSAGE][PASSED] - Current window maximized

2020-06-23 14:21:54 - [TEST_STEP][PASSED] - setText(findTestObject("Account repository/Login/input_User name_username"), findTestData("Account Test Data/D1").getValue(1, 1)): Text 'Admin' is set on object 'Object Repository/Account repository/Login/input_User name_username'

2020-06-23 14:21:55 - [MESSAGE][PASSED] - Text 'Admin' is set on object 'Object Repository/Account repository/Login/input_User name_username'

2020-06-23 14:21:55 - [TEST_STEP][PASSED] - setText(findTestObject("Account repository/Login/input_Password_password"), findTestData("Account Test Data/D1").getValue(2, 1)): Text '1qaz2WSX3edc ' is set on object 'Object Repository/Account repository/Login/input_Password_password'

2020-06-23 14:21:55 - [MESSAGE][PASSED] - Text '1qaz2WSX3edc ' is set on object 'Object Repository/Account repository/Login/input_Password_password'

2020-06-23 14:21:55 - [TEST_STEP][PASSED] - click(findTestObject("Account repository/Login/button_Sign in")): Object: 'Object Repository/Account repository/Login/button_Sign in' is clicked on

2020-06-23 14:21:58 - [MESSAGE][PASSED] - Object: 'Object Repository/Account repository/Login/button_Sign in' is clicked on]]></system-out>
         <system-err><![CDATA[]]></system-err>
      </testcase>
      <testcase name="Test Cases/Account Test Case/5-View the Detail View information" time="11.682" classname="Test Cases/Account Test Case/5-View the Detail View information" status="PASSED">
         <system-out><![CDATA[2020-06-23 14:21:58 - [TEST_CASE][PASSED] - Test Cases/Account Test Case/5-View the Detail View information: Test Cases/Account Test Case/5-View the Detail View information

2020-06-23 14:21:58 - [TEST_STEP][PASSED] - click(findTestObject("Account repository/Page_Home/strong_Accounts")): Object: 'Object Repository/Account repository/Page_Home/strong_Accounts' is clicked on

2020-06-23 14:22:04 - [MESSAGE][PASSED] - Object: 'Object Repository/Account repository/Page_Home/strong_Accounts' is clicked on

2020-06-23 14:22:04 - [TEST_STEP][PASSED] - setText(findTestObject("Account repository/Page_Accounts/Search Account Name"), findTestData("Account Test Data/D4").getValue(1, 1)): Text 'บริษัท วี จี ไอ โกลบอล มีเดีย จำกัด (มหาชน) ' is set on object 'Object Repository/Account repository/Page_Accounts/Search Account Name'

2020-06-23 14:22:05 - [MESSAGE][PASSED] - Text 'บริษัท วี จี ไอ โกลบอล มีเดีย จำกัด (มหาชน) ' is set on object 'Object Repository/Account repository/Page_Accounts/Search Account Name'

2020-06-23 14:22:05 - [TEST_STEP][PASSED] - click(findTestObject("Account repository/Page_Accounts/button_Search")): Object: 'Object Repository/Account repository/Page_Accounts/button_Search' is clicked on

2020-06-23 14:22:05 - [MESSAGE][PASSED] - Object: 'Object Repository/Account repository/Page_Accounts/button_Search' is clicked on

2020-06-23 14:22:05 - [TEST_STEP][PASSED] - click(findTestObject("Account repository/Page_Accounts/click v g o")): Object: 'Object Repository/Account repository/Page_Accounts/click v g o' is clicked on

2020-06-23 14:22:10 - [MESSAGE][PASSED] - Object: 'Object Repository/Account repository/Page_Accounts/click v g o' is clicked on]]></system-out>
         <system-err><![CDATA[]]></system-err>
      </testcase>
      <testcase name="Test Cases/Account Test Case/31-Add the Contact information in Related List with non information" time="3.311" classname="Test Cases/Account Test Case/31-Add the Contact information in Related List with non information" status="PASSED">
         <system-out><![CDATA[2020-06-23 14:22:10 - [TEST_CASE][PASSED] - Test Cases/Account Test Case/31-Add the Contact information in Related List with non information: Test Cases/Account Test Case/31-Add the Contact information in Related List with non information

2020-06-23 14:22:10 - [TEST_STEP][PASSED] - click(findTestObject("Account repository/Page_Accounts Related/a_Contacts  5")): Object: 'Object Repository/Account repository/Page_Accounts Related/a_Contacts  5' is clicked on

2020-06-23 14:22:10 - [MESSAGE][PASSED] - Object: 'Object Repository/Account repository/Page_Accounts Related/a_Contacts  5' is clicked on

2020-06-23 14:22:10 - [TEST_STEP][PASSED] - click(findTestObject("Account repository/Page_Accounts Related/button_Add Contact")): Object: 'Object Repository/Account repository/Page_Accounts Related/button_Add Contact' is clicked on

2020-06-23 14:22:12 - [MESSAGE][PASSED] - Object: 'Object Repository/Account repository/Page_Accounts Related/button_Add Contact' is clicked on

2020-06-23 14:22:12 - [TEST_STEP][PASSED] - click(findTestObject("Account repository/Page_Contacts related/button_Save contact")): Object: 'Object Repository/Account repository/Page_Contacts related/button_Save contact' is clicked on

2020-06-23 14:22:13 - [MESSAGE][PASSED] - Object: 'Object Repository/Account repository/Page_Contacts related/button_Save contact' is clicked on]]></system-out>
         <system-err><![CDATA[]]></system-err>
      </testcase>
      <testcase name="Test Cases/Account Test Case/30-Add the Contact information in Related List with invalid information" time="8.065" classname="Test Cases/Account Test Case/30-Add the Contact information in Related List with invalid information" status="PASSED">
         <system-out><![CDATA[2020-06-23 14:22:13 - [TEST_CASE][PASSED] - Test Cases/Account Test Case/30-Add the Contact information in Related List with invalid information: Test Cases/Account Test Case/30-Add the Contact information in Related List with invalid information

2020-06-23 14:22:13 - [TEST_STEP][PASSED] - delay(1): Delayed 1 second(s)

2020-06-23 14:22:14 - [MESSAGE][PASSED] - Delayed 1 second(s)

2020-06-23 14:22:14 - [TEST_STEP][PASSED] - click(findTestObject("Account repository/Page_Contacts related/clear contact")): Object: 'Object Repository/Account repository/Page_Contacts related/clear contact' is clicked on

2020-06-23 14:22:15 - [MESSAGE][PASSED] - Object: 'Object Repository/Account repository/Page_Contacts related/clear contact' is clicked on

2020-06-23 14:22:15 - [TEST_STEP][PASSED] - delay(1): Delayed 1 second(s)

2020-06-23 14:22:16 - [MESSAGE][PASSED] - Delayed 1 second(s)

2020-06-23 14:22:16 - [TEST_STEP][PASSED] - click(findTestObject("Account repository/Page_Contacts related/Title contact")): Object: 'Object Repository/Account repository/Page_Contacts related/Title contact' is clicked on

2020-06-23 14:22:16 - [MESSAGE][PASSED] - Object: 'Object Repository/Account repository/Page_Contacts related/Title contact' is clicked on

2020-06-23 14:22:16 - [TEST_STEP][PASSED] - setText(findTestObject("Account repository/Page_Contacts related/input title contact"), findTestData("Account Test Data/D17").getValue(3, 1)): Text 'Mr.' is set on object 'Object Repository/Account repository/Page_Contacts related/input title contact'

2020-06-23 14:22:17 - [MESSAGE][PASSED] - Text 'Mr.' is set on object 'Object Repository/Account repository/Page_Contacts related/input title contact'

2020-06-23 14:22:17 - [TEST_STEP][PASSED] - sendKeys(findTestObject("Account repository/Page_Contacts related/input title contact"), Keys.chord(ENTER)): Keys 'ENTER + ' sent to object: 'Object Repository/Account repository/Page_Contacts related/input title contact'

2020-06-23 14:22:17 - [MESSAGE][PASSED] - Keys 'ENTER + ' sent to object: 'Object Repository/Account repository/Page_Contacts related/input title contact'

2020-06-23 14:22:17 - [TEST_STEP][PASSED] - setText(findTestObject("Account repository/Page_Contacts related/input__job position contact"), findTestData("Account Test Data/D17").getValue(4, 1)): Text 'IT Manager' is set on object 'Object Repository/Account repository/Page_Contacts related/input__job position contact'

2020-06-23 14:22:18 - [MESSAGE][PASSED] - Text 'IT Manager' is set on object 'Object Repository/Account repository/Page_Contacts related/input__job position contact'

2020-06-23 14:22:18 - [TEST_STEP][PASSED] - setText(findTestObject("Account repository/Page_Contacts related/input__firstname contact"), findTestData("Account Test Data/D17").getValue(5, 1)): Text 'Peetikorn' is set on object 'Object Repository/Account repository/Page_Contacts related/input__firstname contact'

2020-06-23 14:22:19 - [MESSAGE][PASSED] - Text 'Peetikorn' is set on object 'Object Repository/Account repository/Page_Contacts related/input__firstname contact'

2020-06-23 14:22:19 - [TEST_STEP][PASSED] - setText(findTestObject("Account repository/Page_Contacts related/input__homephone contact"), findTestData("Account Test Data/D17").getValue(12, 1)): Text '023239041 #148' is set on object 'Object Repository/Account repository/Page_Contacts related/input__homephone contact'

2020-06-23 14:22:20 - [MESSAGE][PASSED] - Text '023239041 #148' is set on object 'Object Repository/Account repository/Page_Contacts related/input__homephone contact'

2020-06-23 14:22:20 - [TEST_STEP][PASSED] - setText(findTestObject("Account repository/Page_Contacts related/input__email contact"), findTestData("Account Test Data/D17").getValue(13, 1)): Text 'peetikorn_s@ykk.co.th' is set on object 'Object Repository/Account repository/Page_Contacts related/input__email contact'

2020-06-23 14:22:21 - [MESSAGE][PASSED] - Text 'peetikorn_s@ykk.co.th' is set on object 'Object Repository/Account repository/Page_Contacts related/input__email contact'

2020-06-23 14:22:21 - [TEST_STEP][PASSED] - click(findTestObject("Account repository/Page_Contacts related/button_Save contact")): Object: 'Object Repository/Account repository/Page_Contacts related/button_Save contact' is clicked on

2020-06-23 14:22:21 - [MESSAGE][PASSED] - Object: 'Object Repository/Account repository/Page_Contacts related/button_Save contact' is clicked on]]></system-out>
         <system-err><![CDATA[]]></system-err>
      </testcase>
      <testcase name="Test Cases/Account Test Case/29-Add the Contact information in Related List with valid information" time="10.54" classname="Test Cases/Account Test Case/29-Add the Contact information in Related List with valid information" status="PASSED">
         <system-out><![CDATA[2020-06-23 14:22:21 - [TEST_CASE][PASSED] - Test Cases/Account Test Case/29-Add the Contact information in Related List with valid information: Test Cases/Account Test Case/29-Add the Contact information in Related List with valid information

2020-06-23 14:22:21 - [TEST_STEP][PASSED] - delay(1): Delayed 1 second(s)

2020-06-23 14:22:22 - [MESSAGE][PASSED] - Delayed 1 second(s)

2020-06-23 14:22:22 - [TEST_STEP][PASSED] - click(findTestObject("Account repository/Page_Contacts related/clear contact")): Object: 'Object Repository/Account repository/Page_Contacts related/clear contact' is clicked on

2020-06-23 14:22:23 - [MESSAGE][PASSED] - Object: 'Object Repository/Account repository/Page_Contacts related/clear contact' is clicked on

2020-06-23 14:22:23 - [TEST_STEP][PASSED] - delay(1): Delayed 1 second(s)

2020-06-23 14:22:24 - [MESSAGE][PASSED] - Delayed 1 second(s)

2020-06-23 14:22:24 - [TEST_STEP][PASSED] - click(findTestObject("Account repository/Page_Contacts related/Title contact")): Object: 'Object Repository/Account repository/Page_Contacts related/Title contact' is clicked on

2020-06-23 14:22:24 - [MESSAGE][PASSED] - Object: 'Object Repository/Account repository/Page_Contacts related/Title contact' is clicked on

2020-06-23 14:22:24 - [TEST_STEP][PASSED] - setText(findTestObject("Account repository/Page_Contacts related/input title contact"), findTestData("Account Test Data/D17").getValue(3, 1)): Text 'Mr.' is set on object 'Object Repository/Account repository/Page_Contacts related/input title contact'

2020-06-23 14:22:25 - [MESSAGE][PASSED] - Text 'Mr.' is set on object 'Object Repository/Account repository/Page_Contacts related/input title contact'

2020-06-23 14:22:25 - [TEST_STEP][PASSED] - sendKeys(findTestObject("Account repository/Page_Contacts related/input title contact"), Keys.chord(ENTER)): Keys 'ENTER + ' sent to object: 'Object Repository/Account repository/Page_Contacts related/input title contact'

2020-06-23 14:22:25 - [MESSAGE][PASSED] - Keys 'ENTER + ' sent to object: 'Object Repository/Account repository/Page_Contacts related/input title contact'

2020-06-23 14:22:25 - [TEST_STEP][PASSED] - setText(findTestObject("Account repository/Page_Contacts related/input__job position contact"), findTestData("Account Test Data/D17").getValue(4, 1)): Text 'IT Manager' is set on object 'Object Repository/Account repository/Page_Contacts related/input__job position contact'

2020-06-23 14:22:26 - [MESSAGE][PASSED] - Text 'IT Manager' is set on object 'Object Repository/Account repository/Page_Contacts related/input__job position contact'

2020-06-23 14:22:26 - [TEST_STEP][PASSED] - setText(findTestObject("Account repository/Page_Contacts related/input__firstname contact"), findTestData("Account Test Data/D17").getValue(5, 1)): Text 'Peetikorn' is set on object 'Object Repository/Account repository/Page_Contacts related/input__firstname contact'

2020-06-23 14:22:27 - [MESSAGE][PASSED] - Text 'Peetikorn' is set on object 'Object Repository/Account repository/Page_Contacts related/input__firstname contact'

2020-06-23 14:22:27 - [TEST_STEP][PASSED] - setText(findTestObject("Account repository/Page_Contacts related/input__homephone contact"), findTestData("Account Test Data/D17").getValue(12, 1)): Text '023239041 #148' is set on object 'Object Repository/Account repository/Page_Contacts related/input__homephone contact'

2020-06-23 14:22:28 - [MESSAGE][PASSED] - Text '023239041 #148' is set on object 'Object Repository/Account repository/Page_Contacts related/input__homephone contact'

2020-06-23 14:22:28 - [TEST_STEP][PASSED] - setText(findTestObject("Account repository/Page_Contacts related/input__email contact"), findTestData("Account Test Data/D17").getValue(13, 1)): Text 'peetikorn_s@ykk.co.th' is set on object 'Object Repository/Account repository/Page_Contacts related/input__email contact'

2020-06-23 14:22:29 - [MESSAGE][PASSED] - Text 'peetikorn_s@ykk.co.th' is set on object 'Object Repository/Account repository/Page_Contacts related/input__email contact'

2020-06-23 14:22:29 - [TEST_STEP][PASSED] - click(findTestObject("Account repository/Page_Contacts related/EDM contact")): Object: 'Object Repository/Account repository/Page_Contacts related/EDM contact' is clicked on

2020-06-23 14:22:30 - [MESSAGE][PASSED] - Object: 'Object Repository/Account repository/Page_Contacts related/EDM contact' is clicked on

2020-06-23 14:22:30 - [TEST_STEP][PASSED] - setText(findTestObject("Account repository/Page_Contacts related/input EDM contact"), findTestData("Account Test Data/D17").getValue(14, 1)): Text 'Yes' is set on object 'Object Repository/Account repository/Page_Contacts related/input EDM contact'

2020-06-23 14:22:31 - [MESSAGE][PASSED] - Text 'Yes' is set on object 'Object Repository/Account repository/Page_Contacts related/input EDM contact'

2020-06-23 14:22:31 - [TEST_STEP][PASSED] - sendKeys(findTestObject("Account repository/Page_Contacts related/input EDM contact"), Keys.chord(ENTER)): Keys 'ENTER + ' sent to object: 'Object Repository/Account repository/Page_Contacts related/input EDM contact'

2020-06-23 14:22:31 - [MESSAGE][PASSED] - Keys 'ENTER + ' sent to object: 'Object Repository/Account repository/Page_Contacts related/input EDM contact'

2020-06-23 14:22:31 - [TEST_STEP][PASSED] - click(findTestObject("Account repository/Page_Contacts related/button_Save contact")): Object: 'Object Repository/Account repository/Page_Contacts related/button_Save contact' is clicked on

2020-06-23 14:22:32 - [MESSAGE][PASSED] - Object: 'Object Repository/Account repository/Page_Contacts related/button_Save contact' is clicked on]]></system-out>
         <system-err><![CDATA[]]></system-err>
      </testcase>
      <system-out><![CDATA[2020-06-23 14:21:47 - [TEST_SUITE][PASSED] - 15-Add the Contact information in Related List: Test Cases/Account Test Case/29-Add the Contact information in Related List with valid information]]></system-out>
      <system-err><![CDATA[]]></system-err>
   </testsuite>
</testsuites>
