<?xml version="1.0" encoding="UTF-8"?>
<testsuites name="12" time="50.254" tests="5" failures="0" errors="0">
   <testsuite name="12" tests="5" failures="0" errors="0" time="50.254" timestamp="2020-07-17 00:25:32" hostname="WIN10 - DESKTOP-0NVCT6K" id="Test Suites/E-Lead Usecase/12">
      <properties>
         <property name="deviceName" value=""/>
         <property name="devicePlatform" value=""/>
         <property name="logFolder" value="C:\\Users\\WIN10\\git\\Best-Project\\Reports\\20200717_002531\\E-Lead Usecase\\12\\20200717_002531"/>
         <property name="logFiles" value="C:\\Users\\WIN10\\git\\Best-Project\\Reports\\20200717_002531\\E-Lead Usecase\\12\\20200717_002531\\execution0.log"/>
         <property name="attachments" value=""/>
         <property name="hostName" value="WIN10 - DESKTOP-0NVCT6K"/>
         <property name="os" value="Windows 10 64bit"/>
         <property name="katalonVersion" value="7.5.2.1"/>
         <property name="browser" value="Chrome 83.0.4103.116"/>
         <property name="hostAddress" value="192.168.1.2"/>
         <property name="sessionId" value="eea71541d15144df7de0b52bc57b8e80"/>
         <property name="seleniumVersion" value="3.141.59"/>
         <property name="proxyInformation" value="ProxyInformation { proxyOption=NO_PROXY, proxyServerType=HTTP, username=, password=********, proxyServerAddress=, proxyServerPort=0, executionList=\&quot;\&quot;, isApplyToDesiredCapabilities=true }"/>
         <property name="platform" value="Windows 10"/>
      </properties>
      <testcase name="Test Cases/E-Lead Test Case/1" time="17.854" classname="Test Cases/E-Lead Test Case/1" status="PASSED">
         <system-out><![CDATA[2020-07-17 00:25:33 - [TEST_CASE][PASSED] - Test Cases/E-Lead Test Case/1: Test Cases/E-Lead Test Case/1

2020-07-17 00:25:33 - [TEST_STEP][PASSED] - openBrowser("http://crmc.opencloud.digital:64216/index.php"): Browser is opened with url: 'http://crmc.opencloud.digital:64216/index.php'

2020-07-17 00:25:33 - [MESSAGE][INFO] - Starting 'Chrome' driver

2020-07-17 00:25:33 - [MESSAGE][INFO] - Action delay is set to 0 milliseconds

2020-07-17 00:25:39 - [MESSAGE][PASSED] - Browser is opened with url: 'http://crmc.opencloud.digital:64216/index.php'

2020-07-17 00:25:39 - [TEST_STEP][PASSED] - setText(findTestObject("Account repository/Login/input_User name_username"), findTestData("Calendar Test Data/D1").getValue(1, 1)): Text 'admin' is set on object 'Object Repository/Account repository/Login/input_User name_username'

2020-07-17 00:25:40 - [MESSAGE][PASSED] - Text 'admin' is set on object 'Object Repository/Account repository/Login/input_User name_username'

2020-07-17 00:25:40 - [TEST_STEP][PASSED] - setText(findTestObject("Account repository/Login/input_Password_password"), findTestData("Calendar Test Data/D1").getValue(2, 1)): Text '1qaz2WSX3edc ' is set on object 'Object Repository/Account repository/Login/input_Password_password'

2020-07-17 00:25:40 - [MESSAGE][PASSED] - Text '1qaz2WSX3edc ' is set on object 'Object Repository/Account repository/Login/input_Password_password'

2020-07-17 00:25:40 - [TEST_STEP][PASSED] - click(findTestObject("Account repository/Login/button_Sign in")): Object: 'Object Repository/Account repository/Login/button_Sign in' is clicked on

2020-07-17 00:25:42 - [MESSAGE][PASSED] - Object: 'Object Repository/Account repository/Login/button_Sign in' is clicked on

2020-07-17 00:25:42 - [TEST_STEP][PASSED] - click(findTestObject("E-Lead repository/Page_Home/a_E-Lead")): Object: 'Object Repository/E-Lead repository/Page_Home/a_E-Lead' is clicked on

2020-07-17 00:25:49 - [MESSAGE][PASSED] - Object: 'Object Repository/E-Lead repository/Page_Home/a_E-Lead' is clicked on

2020-07-17 00:25:49 - [TEST_STEP][PASSED] - delay(2): Delayed 2 second(s)

2020-07-17 00:25:51 - [MESSAGE][PASSED] - Delayed 2 second(s)]]></system-out>
         <system-err><![CDATA[]]></system-err>
      </testcase>
      <testcase name="Test Cases/E-Lead Test Case/5" time="8.115" classname="Test Cases/E-Lead Test Case/5" status="PASSED">
         <system-out><![CDATA[2020-07-17 00:25:51 - [TEST_CASE][PASSED] - Test Cases/E-Lead Test Case/5: Test Cases/E-Lead Test Case/5

2020-07-17 00:25:51 - [TEST_STEP][PASSED] - setText(findTestObject("E-Lead repository/Page_E-Lead/input_Created DateTime_eleadname"), findTestData("E-Lead Test Data/D2").getValue(1, 1)): Text 'เครื่องคอมพิวเตอร์' is set on object 'Object Repository/E-Lead repository/Page_E-Lead/input_Created DateTime_eleadname'

2020-07-17 00:25:51 - [MESSAGE][PASSED] - Text 'เครื่องคอมพิวเตอร์' is set on object 'Object Repository/E-Lead repository/Page_E-Lead/input_Created DateTime_eleadname'

2020-07-17 00:25:51 - [TEST_STEP][PASSED] - click(findTestObject("E-Lead repository/Page_E-Lead/button_Search")): Object: 'Object Repository/E-Lead repository/Page_E-Lead/button_Search' is clicked on

2020-07-17 00:25:52 - [MESSAGE][PASSED] - Object: 'Object Repository/E-Lead repository/Page_E-Lead/button_Search' is clicked on

2020-07-17 00:25:52 - [TEST_STEP][PASSED] - click(findTestObject("E-Lead repository/Page_E-Lead/a_")): Object: 'Object Repository/E-Lead repository/Page_E-Lead/a_' is clicked on

2020-07-17 00:25:57 - [MESSAGE][PASSED] - Object: 'Object Repository/E-Lead repository/Page_E-Lead/a_' is clicked on

2020-07-17 00:25:57 - [TEST_STEP][PASSED] - delay(2): Delayed 2 second(s)

2020-07-17 00:25:59 - [MESSAGE][PASSED] - Delayed 2 second(s)]]></system-out>
         <system-err><![CDATA[]]></system-err>
      </testcase>
      <testcase name="Test Cases/E-Lead Test Case/24" time="4.812" classname="Test Cases/E-Lead Test Case/24" status="PASSED">
         <system-out><![CDATA[2020-07-17 00:25:59 - [TEST_CASE][PASSED] - Test Cases/E-Lead Test Case/24: Test Cases/E-Lead Test Case/24

2020-07-17 00:25:59 - [TEST_STEP][PASSED] - click(findTestObject("E-Lead repository/Page_E-Lead/a_Document  0")): Object: 'Object Repository/E-Lead repository/Page_E-Lead/a_Document  0' is clicked on

2020-07-17 00:25:59 - [MESSAGE][PASSED] - Object: 'Object Repository/E-Lead repository/Page_E-Lead/a_Document  0' is clicked on

2020-07-17 00:25:59 - [TEST_STEP][PASSED] - click(findTestObject("E-Lead repository/Page_E-Lead/button_Add Document")): Object: 'Object Repository/E-Lead repository/Page_E-Lead/button_Add Document' is clicked on

2020-07-17 00:26:01 - [MESSAGE][PASSED] - Object: 'Object Repository/E-Lead repository/Page_E-Lead/button_Add Document' is clicked on

2020-07-17 00:26:01 - [TEST_STEP][PASSED] - click(findTestObject("Case repository/Page_Documents/button_Save doc case")): Object: 'Object Repository/Case repository/Page_Documents/button_Save doc case' is clicked on

2020-07-17 00:26:01 - [MESSAGE][PASSED] - Object: 'Object Repository/Case repository/Page_Documents/button_Save doc case' is clicked on

2020-07-17 00:26:01 - [TEST_STEP][PASSED] - delay(2): Delayed 2 second(s)

2020-07-17 00:26:03 - [MESSAGE][PASSED] - Delayed 2 second(s)]]></system-out>
         <system-err><![CDATA[]]></system-err>
      </testcase>
      <testcase name="Test Cases/E-Lead Test Case/23" time="8.465" classname="Test Cases/E-Lead Test Case/23" status="PASSED">
         <system-out><![CDATA[2020-07-17 00:26:03 - [TEST_CASE][PASSED] - Test Cases/E-Lead Test Case/23: Test Cases/E-Lead Test Case/23

2020-07-17 00:26:04 - [TEST_STEP][PASSED] - delay(1): Delayed 1 second(s)

2020-07-17 00:26:05 - [MESSAGE][PASSED] - Delayed 1 second(s)

2020-07-17 00:26:05 - [TEST_STEP][PASSED] - click(findTestObject("Case repository/Page_Documents/b doc select case")): Object: 'Object Repository/Case repository/Page_Documents/b doc select case' is clicked on

2020-07-17 00:26:05 - [MESSAGE][PASSED] - Object: 'Object Repository/Case repository/Page_Documents/b doc select case' is clicked on

2020-07-17 00:26:05 - [TEST_STEP][PASSED] - setText(findTestObject("Case repository/Page_Documents/input b doc select case"), findTestData("Case Test Data/D6").getValue(3, 1)): Text 'Accounts' is set on object 'Object Repository/Case repository/Page_Documents/input b doc select case'

2020-07-17 00:26:06 - [MESSAGE][PASSED] - Text 'Accounts' is set on object 'Object Repository/Case repository/Page_Documents/input b doc select case'

2020-07-17 00:26:06 - [TEST_STEP][PASSED] - sendKeys(findTestObject("Case repository/Page_Documents/input b doc select case"), Keys.chord(ENTER)): Keys 'ENTER + ' sent to object: 'Object Repository/Case repository/Page_Documents/input b doc select case'

2020-07-17 00:26:07 - [MESSAGE][PASSED] - Keys 'ENTER + ' sent to object: 'Object Repository/Case repository/Page_Documents/input b doc select case'

2020-07-17 00:26:07 - [TEST_STEP][PASSED] - click(findTestObject("Case repository/Page_Documents/search case field")): Object: 'Object Repository/Case repository/Page_Documents/search case field' is clicked on

2020-07-17 00:26:07 - [MESSAGE][PASSED] - Object: 'Object Repository/Case repository/Page_Documents/search case field' is clicked on

2020-07-17 00:26:07 - [TEST_STEP][PASSED] - switchToWindowTitle("Accounts"): Switched to window with title: 'Accounts'

2020-07-17 00:26:09 - [MESSAGE][PASSED] - Switched to window with title: 'Accounts'

2020-07-17 00:26:09 - [TEST_STEP][PASSED] - click(findTestObject("Case repository/Page_Accounts/td_BKK ECS Sales")): Object: 'Object Repository/Case repository/Page_Accounts/td_BKK ECS Sales' is clicked on

2020-07-17 00:26:10 - [MESSAGE][PASSED] - Object: 'Object Repository/Case repository/Page_Accounts/td_BKK ECS Sales' is clicked on

2020-07-17 00:26:10 - [TEST_STEP][PASSED] - switchToDefaultContent(): null

2020-07-17 00:26:12 - [TEST_STEP][PASSED] - click(findTestObject("Case repository/Page_Documents/button_Save doc case")): Object: 'Object Repository/Case repository/Page_Documents/button_Save doc case' is clicked on

2020-07-17 00:26:12 - [MESSAGE][PASSED] - Object: 'Object Repository/Case repository/Page_Documents/button_Save doc case' is clicked on]]></system-out>
         <system-err><![CDATA[]]></system-err>
      </testcase>
      <testcase name="Test Cases/E-Lead Test Case/22" time="9.219" classname="Test Cases/E-Lead Test Case/22" status="PASSED">
         <system-out><![CDATA[2020-07-17 00:26:12 - [TEST_CASE][PASSED] - Test Cases/E-Lead Test Case/22: Test Cases/E-Lead Test Case/22

2020-07-17 00:26:12 - [TEST_STEP][PASSED] - delay(1): Delayed 1 second(s)

2020-07-17 00:26:13 - [MESSAGE][PASSED] - Delayed 1 second(s)

2020-07-17 00:26:13 - [TEST_STEP][PASSED] - setText(findTestObject("Case repository/Page_Documents/input__notes_title doc Case"), findTestData("Case Test Data/D6").getValue(1, 1)): Text 'Document test' is set on object 'Object Repository/Case repository/Page_Documents/input__notes_title doc Case'

2020-07-17 00:26:14 - [MESSAGE][PASSED] - Text 'Document test' is set on object 'Object Repository/Case repository/Page_Documents/input__notes_title doc Case'

2020-07-17 00:26:14 - [TEST_STEP][PASSED] - click(findTestObject("Case repository/Page_Documents/b doc select case")): Object: 'Object Repository/Case repository/Page_Documents/b doc select case' is clicked on

2020-07-17 00:26:14 - [MESSAGE][PASSED] - Object: 'Object Repository/Case repository/Page_Documents/b doc select case' is clicked on

2020-07-17 00:26:14 - [TEST_STEP][PASSED] - setText(findTestObject("Case repository/Page_Documents/input b doc select case"), findTestData("Case Test Data/D6").getValue(3, 1)): Text 'Accounts' is set on object 'Object Repository/Case repository/Page_Documents/input b doc select case'

2020-07-17 00:26:15 - [MESSAGE][PASSED] - Text 'Accounts' is set on object 'Object Repository/Case repository/Page_Documents/input b doc select case'

2020-07-17 00:26:15 - [TEST_STEP][PASSED] - sendKeys(findTestObject("Case repository/Page_Documents/input b doc select case"), Keys.chord(ENTER)): Keys 'ENTER + ' sent to object: 'Object Repository/Case repository/Page_Documents/input b doc select case'

2020-07-17 00:26:16 - [MESSAGE][PASSED] - Keys 'ENTER + ' sent to object: 'Object Repository/Case repository/Page_Documents/input b doc select case'

2020-07-17 00:26:16 - [TEST_STEP][PASSED] - click(findTestObject("Case repository/Page_Documents/search case field")): Object: 'Object Repository/Case repository/Page_Documents/search case field' is clicked on

2020-07-17 00:26:16 - [MESSAGE][PASSED] - Object: 'Object Repository/Case repository/Page_Documents/search case field' is clicked on

2020-07-17 00:26:16 - [TEST_STEP][PASSED] - switchToWindowTitle("Accounts"): Switched to window with title: 'Accounts'

2020-07-17 00:26:18 - [MESSAGE][PASSED] - Switched to window with title: 'Accounts'

2020-07-17 00:26:18 - [TEST_STEP][PASSED] - click(findTestObject("Case repository/Page_Accounts/td_BKK ECS Sales")): Object: 'Object Repository/Case repository/Page_Accounts/td_BKK ECS Sales' is clicked on

2020-07-17 00:26:19 - [MESSAGE][PASSED] - Object: 'Object Repository/Case repository/Page_Accounts/td_BKK ECS Sales' is clicked on

2020-07-17 00:26:19 - [TEST_STEP][PASSED] - switchToDefaultContent(): null

2020-07-17 00:26:21 - [TEST_STEP][PASSED] - click(findTestObject("Case repository/Page_Documents/button_Save doc case")): Object: 'Object Repository/Case repository/Page_Documents/button_Save doc case' is clicked on

2020-07-17 00:26:21 - [MESSAGE][PASSED] - Object: 'Object Repository/Case repository/Page_Documents/button_Save doc case' is clicked on]]></system-out>
         <system-err><![CDATA[]]></system-err>
      </testcase>
      <system-out><![CDATA[2020-07-17 00:25:32 - [TEST_SUITE][PASSED] - 12: Test Cases/E-Lead Test Case/22]]></system-out>
      <system-err><![CDATA[]]></system-err>
   </testsuite>
</testsuites>
