<?xml version="1.0" encoding="UTF-8"?>
<testsuites name="1.View the layout information" time="20.132" tests="1" failures="0" errors="0">
   <testsuite name="1.View the layout information" tests="1" failures="0" errors="0" time="20.132" timestamp="2020-07-13 12:32:30" hostname="WIN10 - DESKTOP-0NVCT6K" id="Test Suites/SalesEntries Usecase/1.View the layout information">
      <properties>
         <property name="deviceName" value=""/>
         <property name="devicePlatform" value=""/>
         <property name="logFolder" value="C:\\Users\\WIN10\\git\\Best-Project\\Reports\\20200713_123228\\SalesEntries Usecase\\1.View the layout information\\20200713_123228"/>
         <property name="logFiles" value="C:\\Users\\WIN10\\git\\Best-Project\\Reports\\20200713_123228\\SalesEntries Usecase\\1.View the layout information\\20200713_123228\\execution0.log"/>
         <property name="attachments" value=""/>
         <property name="hostName" value="WIN10 - DESKTOP-0NVCT6K"/>
         <property name="os" value="Windows 10 64bit"/>
         <property name="katalonVersion" value="7.5.2.1"/>
         <property name="browser" value="Chrome 83.0.4103.116"/>
         <property name="hostAddress" value="192.168.1.2"/>
         <property name="sessionId" value="420e47171258080cfaa60000d0ec7972"/>
         <property name="seleniumVersion" value="3.141.59"/>
         <property name="proxyInformation" value="ProxyInformation { proxyOption=NO_PROXY, proxyServerType=HTTP, username=, password=********, proxyServerAddress=, proxyServerPort=0, executionList=\&quot;\&quot;, isApplyToDesiredCapabilities=true }"/>
         <property name="platform" value="Windows 10"/>
      </properties>
      <testcase name="Test Cases/SalesEntries Test Case/1.View the layout information in the List View" time="19.212" classname="Test Cases/SalesEntries Test Case/1.View the layout information in the List View" status="PASSED">
         <system-out><![CDATA[2020-07-13 12:32:30 - [TEST_CASE][PASSED] - Test Cases/SalesEntries Test Case/1.View the layout information in the List View: Test Cases/SalesEntries Test Case/1.View the layout information in the List View

2020-07-13 12:32:30 - [TEST_STEP][PASSED] - openBrowser("http://crmc.opencloud.digital:64216/index.php"): Browser is opened with url: 'http://crmc.opencloud.digital:64216/index.php'

2020-07-13 12:32:31 - [MESSAGE][INFO] - Starting 'Chrome' driver

2020-07-13 12:32:31 - [MESSAGE][INFO] - Action delay is set to 0 milliseconds

2020-07-13 12:32:36 - [MESSAGE][PASSED] - Browser is opened with url: 'http://crmc.opencloud.digital:64216/index.php'

2020-07-13 12:32:36 - [TEST_STEP][PASSED] - maximizeWindow(): Current window maximized

2020-07-13 12:32:38 - [MESSAGE][PASSED] - Current window maximized

2020-07-13 12:32:38 - [TEST_STEP][PASSED] - setText(findTestObject("Account repository/Login/input_User name_username"), findTestData("SalesEntries Test Data/D1").getValue(1, 1)): Text 'Admin' is set on object 'Object Repository/Account repository/Login/input_User name_username'

2020-07-13 12:32:39 - [MESSAGE][PASSED] - Text 'Admin' is set on object 'Object Repository/Account repository/Login/input_User name_username'

2020-07-13 12:32:39 - [TEST_STEP][PASSED] - setText(findTestObject("Account repository/Login/input_Password_password"), findTestData("SalesEntries Test Data/D1").getValue(2, 1)): Text '1qaz2WSX3edc ' is set on object 'Object Repository/Account repository/Login/input_Password_password'

2020-07-13 12:32:39 - [MESSAGE][PASSED] - Text '1qaz2WSX3edc ' is set on object 'Object Repository/Account repository/Login/input_Password_password'

2020-07-13 12:32:39 - [TEST_STEP][PASSED] - click(findTestObject("Account repository/Login/button_Sign in")): Object: 'Object Repository/Account repository/Login/button_Sign in' is clicked on

2020-07-13 12:32:41 - [MESSAGE][PASSED] - Object: 'Object Repository/Account repository/Login/button_Sign in' is clicked on

2020-07-13 12:32:41 - [TEST_STEP][PASSED] - click(findTestObject("SalesEntries repository/Page_Cases/a_Sale Entry")): Object: 'Object Repository/SalesEntries repository/Page_Cases/a_Sale Entry' is clicked on

2020-07-13 12:32:47 - [MESSAGE][PASSED] - Object: 'Object Repository/SalesEntries repository/Page_Cases/a_Sale Entry' is clicked on

2020-07-13 12:32:47 - [TEST_STEP][PASSED] - delay(2): Delayed 2 second(s)

2020-07-13 12:32:49 - [MESSAGE][PASSED] - Delayed 2 second(s)]]></system-out>
         <system-err><![CDATA[]]></system-err>
      </testcase>
      <system-out><![CDATA[2020-07-13 12:32:30 - [TEST_SUITE][PASSED] - 1.View the layout information: Test Cases/SalesEntries Test Case/1.View the layout information in the List View]]></system-out>
      <system-err><![CDATA[]]></system-err>
   </testsuite>
</testsuites>
