<?xml version="1.0" encoding="UTF-8"?>
<testsuites name="2" time="35.461" tests="4" failures="0" errors="0">
   <testsuite name="2" tests="4" failures="0" errors="0" time="35.461" timestamp="2563-07-03 19:51:31" hostname="ACER - host.docker.internal" id="Test Suites/SalesEntries Usecase/2">
      <properties>
         <property name="deviceName" value=""/>
         <property name="devicePlatform" value=""/>
         <property name="logFolder" value="C:\\Users\\ACER\\git\\Best-Project\\Reports\\25630703_195127\\SalesEntries Usecase\\2\\25630703_195127"/>
         <property name="logFiles" value="C:\\Users\\ACER\\git\\Best-Project\\Reports\\25630703_195127\\SalesEntries Usecase\\2\\25630703_195127\\execution0.log"/>
         <property name="attachments" value=""/>
         <property name="hostName" value="ACER - host.docker.internal"/>
         <property name="os" value="Windows 10 64bit"/>
         <property name="katalonVersion" value="7.5.2.1"/>
         <property name="browser" value="Chrome 83.0.4103.116"/>
         <property name="hostAddress" value="192.168.1.5"/>
         <property name="sessionId" value="f0456b68684d3c45ebdde61672ce30fe"/>
         <property name="seleniumVersion" value="3.141.59"/>
         <property name="proxyInformation" value="ProxyInformation { proxyOption=NO_PROXY, proxyServerType=HTTP, username=, password=********, proxyServerAddress=, proxyServerPort=0, executionList=\&quot;\&quot;, isApplyToDesiredCapabilities=true }"/>
         <property name="platform" value="Windows 10"/>
      </properties>
      <testcase name="Test Cases/SalesEntries Test Case/1" time="21.621" classname="Test Cases/SalesEntries Test Case/1" status="PASSED">
         <system-out><![CDATA[2563-07-03 19:51:31 - [TEST_CASE][PASSED] - Test Cases/SalesEntries Test Case/1: Test Cases/SalesEntries Test Case/1

2563-07-03 19:51:32 - [TEST_STEP][PASSED] - openBrowser("http://crmc.opencloud.digital:64216/index.php"): Browser is opened with url: 'http://crmc.opencloud.digital:64216/index.php'

2563-07-03 19:51:32 - [MESSAGE][INFO] - Starting 'Chrome' driver

2563-07-03 19:51:32 - [MESSAGE][INFO] - Action delay is set to 0 milliseconds

2563-07-03 19:51:39 - [MESSAGE][PASSED] - Browser is opened with url: 'http://crmc.opencloud.digital:64216/index.php'

2563-07-03 19:51:39 - [TEST_STEP][PASSED] - maximizeWindow(): Current window maximized

2563-07-03 19:51:41 - [MESSAGE][PASSED] - Current window maximized

2563-07-03 19:51:41 - [TEST_STEP][PASSED] - setText(findTestObject("Account repository/Login/input_User name_username"), findTestData("SalesEntries Test Data/D1").getValue(1, 1)): Text 'Admin' is set on object 'Object Repository/Account repository/Login/input_User name_username'

2563-07-03 19:51:42 - [MESSAGE][PASSED] - Text 'Admin' is set on object 'Object Repository/Account repository/Login/input_User name_username'

2563-07-03 19:51:42 - [TEST_STEP][PASSED] - setText(findTestObject("Account repository/Login/input_Password_password"), findTestData("SalesEntries Test Data/D1").getValue(2, 1)): Text '1qaz2WSX3edc ' is set on object 'Object Repository/Account repository/Login/input_Password_password'

2563-07-03 19:51:43 - [MESSAGE][PASSED] - Text '1qaz2WSX3edc ' is set on object 'Object Repository/Account repository/Login/input_Password_password'

2563-07-03 19:51:43 - [TEST_STEP][PASSED] - click(findTestObject("Account repository/Login/button_Sign in")): Object: 'Object Repository/Account repository/Login/button_Sign in' is clicked on

2563-07-03 19:51:45 - [MESSAGE][PASSED] - Object: 'Object Repository/Account repository/Login/button_Sign in' is clicked on

2563-07-03 19:51:45 - [TEST_STEP][PASSED] - click(findTestObject("SalesEntries repository/Page_Cases/a_Sale Entry")): Object: 'Object Repository/SalesEntries repository/Page_Cases/a_Sale Entry' is clicked on

2563-07-03 19:51:51 - [MESSAGE][PASSED] - Object: 'Object Repository/SalesEntries repository/Page_Cases/a_Sale Entry' is clicked on

2563-07-03 19:51:51 - [TEST_STEP][PASSED] - delay(2): Delayed 2 second(s)

2563-07-03 19:51:53 - [MESSAGE][PASSED] - Delayed 2 second(s)]]></system-out>
         <system-err><![CDATA[]]></system-err>
      </testcase>
      <testcase name="Test Cases/SalesEntries Test Case/4" time="4.328" classname="Test Cases/SalesEntries Test Case/4" status="PASSED">
         <system-out><![CDATA[2563-07-03 19:51:53 - [TEST_CASE][PASSED] - Test Cases/SalesEntries Test Case/4: Test Cases/SalesEntries Test Case/4

2563-07-03 19:51:53 - [TEST_STEP][PASSED] - click(findTestObject("SalesEntries repository/Page_Sale Entry/button_Add Sale Entry")): Object: 'Object Repository/SalesEntries repository/Page_Sale Entry/button_Add Sale Entry' is clicked on

2563-07-03 19:51:55 - [MESSAGE][PASSED] - Object: 'Object Repository/SalesEntries repository/Page_Sale Entry/button_Add Sale Entry' is clicked on

2563-07-03 19:51:55 - [TEST_STEP][PASSED] - delay(1): Delayed 1 second(s)

2563-07-03 19:51:56 - [MESSAGE][PASSED] - Delayed 1 second(s)

2563-07-03 19:51:56 - [TEST_STEP][PASSED] - click(findTestObject("SalesEntries repository/Page_Sale Entry/button_Save Sale Entry (1)")): Object: 'Object Repository/SalesEntries repository/Page_Sale Entry/button_Save Sale Entry (1)' is clicked on

2563-07-03 19:51:56 - [MESSAGE][PASSED] - Object: 'Object Repository/SalesEntries repository/Page_Sale Entry/button_Save Sale Entry (1)' is clicked on

2563-07-03 19:51:56 - [TEST_STEP][PASSED] - delay(1): Delayed 1 second(s)

2563-07-03 19:51:57 - [MESSAGE][PASSED] - Delayed 1 second(s)]]></system-out>
         <system-err><![CDATA[]]></system-err>
      </testcase>
      <testcase name="Test Cases/SalesEntries Test Case/3" time="2.727" classname="Test Cases/SalesEntries Test Case/3" status="PASSED">
         <system-out><![CDATA[2563-07-03 19:51:57 - [TEST_CASE][PASSED] - Test Cases/SalesEntries Test Case/3: Test Cases/SalesEntries Test Case/3

2563-07-03 19:51:57 - [TEST_STEP][PASSED] - delay(1): Delayed 1 second(s)

2563-07-03 19:51:58 - [MESSAGE][PASSED] - Delayed 1 second(s)

2563-07-03 19:51:58 - [TEST_STEP][PASSED] - click(findTestObject("SalesEntries repository/Page_Sale Entry/button_Save Sale Entry")): Object: 'Object Repository/SalesEntries repository/Page_Sale Entry/button_Save Sale Entry' is clicked on

2563-07-03 19:51:59 - [MESSAGE][PASSED] - Object: 'Object Repository/SalesEntries repository/Page_Sale Entry/button_Save Sale Entry' is clicked on

2563-07-03 19:51:59 - [TEST_STEP][PASSED] - delay(1): Delayed 1 second(s)

2563-07-03 19:52:00 - [MESSAGE][PASSED] - Delayed 1 second(s)]]></system-out>
         <system-err><![CDATA[]]></system-err>
      </testcase>
      <testcase name="Test Cases/SalesEntries Test Case/2" time="5.538" classname="Test Cases/SalesEntries Test Case/2" status="PASSED">
         <system-out><![CDATA[2563-07-03 19:52:00 - [TEST_CASE][PASSED] - Test Cases/SalesEntries Test Case/2: Test Cases/SalesEntries Test Case/2

2563-07-03 19:52:00 - [TEST_STEP][PASSED] - delay(1): Delayed 1 second(s)

2563-07-03 19:52:01 - [MESSAGE][PASSED] - Delayed 1 second(s)

2563-07-03 19:52:01 - [TEST_STEP][PASSED] - setText(findTestObject("SalesEntries repository/Page_Sale Entry/input__saleentries"), findTestData("SalesEntries Test Data/D2").getValue(1, 1)): Text 'SE-17060389483405' is set on object 'Object Repository/SalesEntries repository/Page_Sale Entry/input__saleentries'

2563-07-03 19:52:02 - [MESSAGE][PASSED] - Text 'SE-17060389483405' is set on object 'Object Repository/SalesEntries repository/Page_Sale Entry/input__saleentries'

2563-07-03 19:52:02 - [TEST_STEP][PASSED] - click(findTestObject("SalesEntries repository/Page_Sale Entry/button_Save Sale Entry")): Object: 'Object Repository/SalesEntries repository/Page_Sale Entry/button_Save Sale Entry' is clicked on

2563-07-03 19:52:04 - [MESSAGE][PASSED] - Object: 'Object Repository/SalesEntries repository/Page_Sale Entry/button_Save Sale Entry' is clicked on

2563-07-03 19:52:04 - [TEST_STEP][PASSED] - delay(1): Delayed 1 second(s)

2563-07-03 19:52:05 - [MESSAGE][PASSED] - Delayed 1 second(s)]]></system-out>
         <system-err><![CDATA[]]></system-err>
      </testcase>
      <system-out><![CDATA[2563-07-03 19:51:31 - [TEST_SUITE][PASSED] - 2: Test Cases/SalesEntries Test Case/2]]></system-out>
      <system-err><![CDATA[]]></system-err>
   </testsuite>
</testsuites>
