<?xml version="1.0" encoding="UTF-8"?>
<testsuites name="18.Add the Document information in Related List" time="48.589" tests="5" failures="0" errors="0">
   <testsuite name="18.Add the Document information in Related List" tests="5" failures="0" errors="0" time="48.589" timestamp="2020-07-13 13:40:51" hostname="WIN10 - DESKTOP-0NVCT6K" id="Test Suites/Opportunity Usecase/18.Add the Document information in Related List">
      <properties>
         <property name="deviceName" value=""/>
         <property name="devicePlatform" value=""/>
         <property name="logFolder" value="C:\\Users\\WIN10\\git\\Best-Project\\Reports\\20200713_134049\\Opportunity Usecase\\18.Add the Document information in Related List\\20200713_134049"/>
         <property name="logFiles" value="C:\\Users\\WIN10\\git\\Best-Project\\Reports\\20200713_134049\\Opportunity Usecase\\18.Add the Document information in Related List\\20200713_134049\\execution0.log"/>
         <property name="attachments" value=""/>
         <property name="hostName" value="WIN10 - DESKTOP-0NVCT6K"/>
         <property name="os" value="Windows 10 64bit"/>
         <property name="katalonVersion" value="7.5.2.1"/>
         <property name="browser" value="Chrome 83.0.4103.116"/>
         <property name="hostAddress" value="192.168.1.2"/>
         <property name="sessionId" value="033eef849ae2ba19d436282e4807c900"/>
         <property name="seleniumVersion" value="3.141.59"/>
         <property name="proxyInformation" value="ProxyInformation { proxyOption=NO_PROXY, proxyServerType=HTTP, username=, password=********, proxyServerAddress=, proxyServerPort=0, executionList=\&quot;\&quot;, isApplyToDesiredCapabilities=true }"/>
         <property name="platform" value="Windows 10"/>
      </properties>
      <testcase name="Test Cases/Opportunity Test Case/1.View the layout information in the List View" time="16.021" classname="Test Cases/Opportunity Test Case/1.View the layout information in the List View" status="PASSED">
         <system-out><![CDATA[2020-07-13 13:40:51 - [TEST_CASE][PASSED] - Test Cases/Opportunity Test Case/1.View the layout information in the List View: Test Cases/Opportunity Test Case/1.View the layout information in the List View

2020-07-13 13:40:51 - [TEST_STEP][PASSED] - openBrowser("http://crmc.opencloud.digital:64216/index.php"): Browser is opened with url: 'http://crmc.opencloud.digital:64216/index.php'

2020-07-13 13:40:52 - [MESSAGE][INFO] - Starting 'Chrome' driver

2020-07-13 13:40:52 - [MESSAGE][INFO] - Action delay is set to 0 milliseconds

2020-07-13 13:40:56 - [MESSAGE][PASSED] - Browser is opened with url: 'http://crmc.opencloud.digital:64216/index.php'

2020-07-13 13:40:56 - [TEST_STEP][PASSED] - setText(findTestObject("Account repository/Login/input_User name_username"), findTestData("Opportunity Test Data/D1").getValue(1, 1)): Text 'Admin' is set on object 'Object Repository/Account repository/Login/input_User name_username'

2020-07-13 13:40:57 - [MESSAGE][PASSED] - Text 'Admin' is set on object 'Object Repository/Account repository/Login/input_User name_username'

2020-07-13 13:40:57 - [TEST_STEP][PASSED] - setText(findTestObject("Account repository/Login/input_Password_password"), findTestData("Opportunity Test Data/D1").getValue(2, 1)): Text '1qaz2WSX3edc ' is set on object 'Object Repository/Account repository/Login/input_Password_password'

2020-07-13 13:40:57 - [MESSAGE][PASSED] - Text '1qaz2WSX3edc ' is set on object 'Object Repository/Account repository/Login/input_Password_password'

2020-07-13 13:40:57 - [TEST_STEP][PASSED] - click(findTestObject("Account repository/Login/button_Sign in")): Object: 'Object Repository/Account repository/Login/button_Sign in' is clicked on

2020-07-13 13:40:59 - [MESSAGE][PASSED] - Object: 'Object Repository/Account repository/Login/button_Sign in' is clicked on

2020-07-13 13:40:59 - [TEST_STEP][PASSED] - click(findTestObject("Opportunity repository/Page_Home/a_Opportunities")): Object: 'Object Repository/Opportunity repository/Page_Home/a_Opportunities' is clicked on

2020-07-13 13:41:05 - [MESSAGE][PASSED] - Object: 'Object Repository/Opportunity repository/Page_Home/a_Opportunities' is clicked on

2020-07-13 13:41:05 - [TEST_STEP][PASSED] - delay(2): Delayed 2 second(s)

2020-07-13 13:41:07 - [MESSAGE][PASSED] - Delayed 2 second(s)]]></system-out>
         <system-err><![CDATA[]]></system-err>
      </testcase>
      <testcase name="Test Cases/Opportunity Test Case/5.View the Detail View information" time="7.628" classname="Test Cases/Opportunity Test Case/5.View the Detail View information" status="PASSED">
         <system-out><![CDATA[2020-07-13 13:41:07 - [TEST_CASE][PASSED] - Test Cases/Opportunity Test Case/5.View the Detail View information: Test Cases/Opportunity Test Case/5.View the Detail View information

2020-07-13 13:41:07 - [TEST_STEP][PASSED] - setText(findTestObject("Opportunity repository/Page_Opportunities/input_Contact Name_potentialname Search"), findTestData("Opportunity Test Data/D2").getValue(1, 1)): Text 'โครงการนำเสนอPro C751-บจก. ฐานการพิมพ์' is set on object 'Object Repository/Opportunity repository/Page_Opportunities/input_Contact Name_potentialname Search'

2020-07-13 13:41:08 - [MESSAGE][PASSED] - Text 'โครงการนำเสนอPro C751-บจก. ฐานการพิมพ์' is set on object 'Object Repository/Opportunity repository/Page_Opportunities/input_Contact Name_potentialname Search'

2020-07-13 13:41:08 - [TEST_STEP][PASSED] - click(findTestObject("Opportunity repository/Page_Opportunities/button_Search Oppotunity name")): Object: 'Object Repository/Opportunity repository/Page_Opportunities/button_Search Oppotunity name' is clicked on

2020-07-13 13:41:08 - [MESSAGE][PASSED] - Object: 'Object Repository/Opportunity repository/Page_Opportunities/button_Search Oppotunity name' is clicked on

2020-07-13 13:41:08 - [TEST_STEP][PASSED] - click(findTestObject("Opportunity repository/Page_Opportunities/a_Pro C751-")): Object: 'Object Repository/Opportunity repository/Page_Opportunities/a_Pro C751-' is clicked on

2020-07-13 13:41:13 - [MESSAGE][PASSED] - Object: 'Object Repository/Opportunity repository/Page_Opportunities/a_Pro C751-' is clicked on

2020-07-13 13:41:13 - [TEST_STEP][PASSED] - delay(2): Delayed 2 second(s)

2020-07-13 13:41:15 - [MESSAGE][PASSED] - Delayed 2 second(s)]]></system-out>
         <system-err><![CDATA[]]></system-err>
      </testcase>
      <testcase name="Test Cases/Opportunity Test Case/36.Add the Document information in Related List with non information" time="5.068" classname="Test Cases/Opportunity Test Case/36.Add the Document information in Related List with non information" status="PASSED">
         <system-out><![CDATA[2020-07-13 13:41:15 - [TEST_CASE][PASSED] - Test Cases/Opportunity Test Case/36.Add the Document information in Related List with non information: Test Cases/Opportunity Test Case/36.Add the Document information in Related List with non information

2020-07-13 13:41:15 - [TEST_STEP][PASSED] - click(findTestObject("Opportunity repository/Page_Opportunities/a_Documents  opp")): Object: 'Object Repository/Opportunity repository/Page_Opportunities/a_Documents  opp' is clicked on

2020-07-13 13:41:15 - [MESSAGE][PASSED] - Object: 'Object Repository/Opportunity repository/Page_Opportunities/a_Documents  opp' is clicked on

2020-07-13 13:41:15 - [TEST_STEP][PASSED] - click(findTestObject("Opportunity repository/Page_Opportunities/button_Add Document opp")): Object: 'Object Repository/Opportunity repository/Page_Opportunities/button_Add Document opp' is clicked on

2020-07-13 13:41:17 - [MESSAGE][PASSED] - Object: 'Object Repository/Opportunity repository/Page_Opportunities/button_Add Document opp' is clicked on

2020-07-13 13:41:17 - [TEST_STEP][PASSED] - click(findTestObject("Opportunity repository/Page_Documents/button_Save doc opp")): Object: 'Object Repository/Opportunity repository/Page_Documents/button_Save doc opp' is clicked on

2020-07-13 13:41:18 - [MESSAGE][PASSED] - Object: 'Object Repository/Opportunity repository/Page_Documents/button_Save doc opp' is clicked on

2020-07-13 13:41:18 - [TEST_STEP][PASSED] - delay(2): Delayed 2 second(s)

2020-07-13 13:41:20 - [MESSAGE][PASSED] - Delayed 2 second(s)]]></system-out>
         <system-err><![CDATA[]]></system-err>
      </testcase>
      <testcase name="Test Cases/Opportunity Test Case/35.Add the Document information in Related List with invalid information" time="9.661" classname="Test Cases/Opportunity Test Case/35.Add the Document information in Related List with invalid information" status="PASSED">
         <system-out><![CDATA[2020-07-13 13:41:20 - [TEST_CASE][PASSED] - Test Cases/Opportunity Test Case/35.Add the Document information in Related List with invalid information: Test Cases/Opportunity Test Case/35.Add the Document information in Related List with invalid information

2020-07-13 13:41:20 - [TEST_STEP][PASSED] - click(findTestObject("Opportunity repository/Page_Documents/b select doc opp")): Object: 'Object Repository/Opportunity repository/Page_Documents/b select doc opp' is clicked on

2020-07-13 13:41:20 - [MESSAGE][PASSED] - Object: 'Object Repository/Opportunity repository/Page_Documents/b select doc opp' is clicked on

2020-07-13 13:41:20 - [TEST_STEP][PASSED] - setText(findTestObject("Opportunity repository/Page_Documents/input b select doc opp"), findTestData("Opportunity Test Data/D16").getValue(3, 1)): Text 'Accounts' is set on object 'Object Repository/Opportunity repository/Page_Documents/input b select doc opp'

2020-07-13 13:41:22 - [MESSAGE][PASSED] - Text 'Accounts' is set on object 'Object Repository/Opportunity repository/Page_Documents/input b select doc opp'

2020-07-13 13:41:22 - [TEST_STEP][PASSED] - sendKeys(findTestObject("Opportunity repository/Page_Documents/input b select doc opp"), Keys.chord(ENTER)): Keys 'ENTER + ' sent to object: 'Object Repository/Opportunity repository/Page_Documents/input b select doc opp'

2020-07-13 13:41:22 - [MESSAGE][PASSED] - Keys 'ENTER + ' sent to object: 'Object Repository/Opportunity repository/Page_Documents/input b select doc opp'

2020-07-13 13:41:22 - [TEST_STEP][PASSED] - click(findTestObject("Opportunity repository/Page_Documents/search account doc opp")): Object: 'Object Repository/Opportunity repository/Page_Documents/search account doc opp' is clicked on

2020-07-13 13:41:23 - [MESSAGE][PASSED] - Object: 'Object Repository/Opportunity repository/Page_Documents/search account doc opp' is clicked on

2020-07-13 13:41:23 - [TEST_STEP][PASSED] - switchToWindowTitle("Accounts"): Switched to window with title: 'Accounts'

2020-07-13 13:41:25 - [MESSAGE][PASSED] - Switched to window with title: 'Accounts'

2020-07-13 13:41:25 - [TEST_STEP][PASSED] - click(findTestObject("Opportunity repository/Page_Accounts/td_   sirinrut")): Object: 'Object Repository/Opportunity repository/Page_Accounts/td_   sirinrut' is clicked on

2020-07-13 13:41:25 - [MESSAGE][PASSED] - Object: 'Object Repository/Opportunity repository/Page_Accounts/td_   sirinrut' is clicked on

2020-07-13 13:41:25 - [TEST_STEP][PASSED] - switchToDefaultContent(): null

2020-07-13 13:41:27 - [TEST_STEP][PASSED] - click(findTestObject("Opportunity repository/Page_Documents/button_Save doc opp")): Object: 'Object Repository/Opportunity repository/Page_Documents/button_Save doc opp' is clicked on

2020-07-13 13:41:28 - [MESSAGE][PASSED] - Object: 'Object Repository/Opportunity repository/Page_Documents/button_Save doc opp' is clicked on

2020-07-13 13:41:28 - [TEST_STEP][PASSED] - delay(2): Delayed 2 second(s)

2020-07-13 13:41:30 - [MESSAGE][PASSED] - Delayed 2 second(s)]]></system-out>
         <system-err><![CDATA[]]></system-err>
      </testcase>
      <testcase name="Test Cases/Opportunity Test Case/34.Add the Document information in Related List with valid information" time="9.334" classname="Test Cases/Opportunity Test Case/34.Add the Document information in Related List with valid information" status="PASSED">
         <system-out><![CDATA[2020-07-13 13:41:30 - [TEST_CASE][PASSED] - Test Cases/Opportunity Test Case/34.Add the Document information in Related List with valid information: Test Cases/Opportunity Test Case/34.Add the Document information in Related List with valid information

2020-07-13 13:41:30 - [TEST_STEP][PASSED] - setText(findTestObject("Opportunity repository/Page_Documents/input__notes_title"), findTestData("Opportunity Test Data/D16").getValue(1, 1)): Text 'Document test' is set on object 'Object Repository/Opportunity repository/Page_Documents/input__notes_title'

2020-07-13 13:41:30 - [MESSAGE][PASSED] - Text 'Document test' is set on object 'Object Repository/Opportunity repository/Page_Documents/input__notes_title'

2020-07-13 13:41:30 - [TEST_STEP][PASSED] - click(findTestObject("Opportunity repository/Page_Documents/b select doc opp")): Object: 'Object Repository/Opportunity repository/Page_Documents/b select doc opp' is clicked on

2020-07-13 13:41:31 - [MESSAGE][PASSED] - Object: 'Object Repository/Opportunity repository/Page_Documents/b select doc opp' is clicked on

2020-07-13 13:41:31 - [TEST_STEP][PASSED] - setText(findTestObject("Opportunity repository/Page_Documents/input b select doc opp"), findTestData("Opportunity Test Data/D16").getValue(3, 1)): Text 'Accounts' is set on object 'Object Repository/Opportunity repository/Page_Documents/input b select doc opp'

2020-07-13 13:41:32 - [MESSAGE][PASSED] - Text 'Accounts' is set on object 'Object Repository/Opportunity repository/Page_Documents/input b select doc opp'

2020-07-13 13:41:32 - [TEST_STEP][PASSED] - sendKeys(findTestObject("Opportunity repository/Page_Documents/input b select doc opp"), Keys.chord(ENTER)): Keys 'ENTER + ' sent to object: 'Object Repository/Opportunity repository/Page_Documents/input b select doc opp'

2020-07-13 13:41:32 - [MESSAGE][PASSED] - Keys 'ENTER + ' sent to object: 'Object Repository/Opportunity repository/Page_Documents/input b select doc opp'

2020-07-13 13:41:32 - [TEST_STEP][PASSED] - click(findTestObject("Opportunity repository/Page_Documents/search account doc opp")): Object: 'Object Repository/Opportunity repository/Page_Documents/search account doc opp' is clicked on

2020-07-13 13:41:33 - [MESSAGE][PASSED] - Object: 'Object Repository/Opportunity repository/Page_Documents/search account doc opp' is clicked on

2020-07-13 13:41:33 - [TEST_STEP][PASSED] - switchToWindowTitle("Accounts"): Switched to window with title: 'Accounts'

2020-07-13 13:41:35 - [MESSAGE][PASSED] - Switched to window with title: 'Accounts'

2020-07-13 13:41:35 - [TEST_STEP][PASSED] - click(findTestObject("Opportunity repository/Page_Accounts/td_   sirinrut")): Object: 'Object Repository/Opportunity repository/Page_Accounts/td_   sirinrut' is clicked on

2020-07-13 13:41:35 - [MESSAGE][PASSED] - Object: 'Object Repository/Opportunity repository/Page_Accounts/td_   sirinrut' is clicked on

2020-07-13 13:41:35 - [TEST_STEP][PASSED] - switchToDefaultContent(): null

2020-07-13 13:41:37 - [TEST_STEP][PASSED] - click(findTestObject("Opportunity repository/Page_Documents/button_Save doc opp")): Object: 'Object Repository/Opportunity repository/Page_Documents/button_Save doc opp' is clicked on

2020-07-13 13:41:39 - [MESSAGE][PASSED] - Object: 'Object Repository/Opportunity repository/Page_Documents/button_Save doc opp' is clicked on]]></system-out>
         <system-err><![CDATA[]]></system-err>
      </testcase>
      <system-out><![CDATA[2020-07-13 13:40:51 - [TEST_SUITE][PASSED] - 18.Add the Document information in Related List: Test Cases/Opportunity Test Case/34.Add the Document information in Related List with valid information]]></system-out>
      <system-err><![CDATA[]]></system-err>
   </testsuite>
</testsuites>
