<?xml version="1.0" encoding="UTF-8"?>
<testsuites name="8-Add new the Document information to Account" time="46.197" tests="5" failures="0" errors="0">
   <testsuite name="8-Add new the Document information to Account" tests="5" failures="0" errors="0" time="46.197" timestamp="2020-06-23 14:16:16" hostname="WIN10 - DESKTOP-0NVCT6K" id="Test Suites/Account Usecase/8-Add new the Document information to Account">
      <properties>
         <property name="deviceName" value=""/>
         <property name="devicePlatform" value=""/>
         <property name="logFolder" value="C:\\Users\\WIN10\\git\\Best-Project\\Reports\\20200623_141614\\Account Usecase\\8-Add new the Document information to Account\\20200623_141614"/>
         <property name="logFiles" value="C:\\Users\\WIN10\\git\\Best-Project\\Reports\\20200623_141614\\Account Usecase\\8-Add new the Document information to Account\\20200623_141614\\execution0.log"/>
         <property name="attachments" value=""/>
         <property name="hostName" value="WIN10 - DESKTOP-0NVCT6K"/>
         <property name="os" value="Windows 10 64bit"/>
         <property name="katalonVersion" value="7.5.2.1"/>
         <property name="browser" value="Chrome 83.0.4103.116"/>
         <property name="hostAddress" value="192.168.1.2"/>
         <property name="sessionId" value="91a0ddd013c6810a1c5a6e389846dbaf"/>
         <property name="seleniumVersion" value="3.141.59"/>
         <property name="proxyInformation" value="ProxyInformation { proxyOption=NO_PROXY, proxyServerType=HTTP, username=, password=********, proxyServerAddress=, proxyServerPort=0, executionList=\&quot;\&quot;, isApplyToDesiredCapabilities=true }"/>
         <property name="platform" value="Windows 10"/>
      </properties>
      <testcase name="Test Cases/Account Test Case/1-View the layout information in the List View" time="9.362" classname="Test Cases/Account Test Case/1-View the layout information in the List View" status="PASSED">
         <system-out><![CDATA[2020-06-23 14:16:16 - [TEST_CASE][PASSED] - Test Cases/Account Test Case/1-View the layout information in the List View: Test Cases/Account Test Case/1-View the layout information in the List View

2020-06-23 14:16:17 - [TEST_STEP][PASSED] - openBrowser("http://crmc.opencloud.digital:64216/index.php"): Browser is opened with url: 'http://crmc.opencloud.digital:64216/index.php'

2020-06-23 14:16:17 - [MESSAGE][INFO] - Starting 'Chrome' driver

2020-06-23 14:16:17 - [MESSAGE][INFO] - Action delay is set to 0 milliseconds

2020-06-23 14:16:21 - [MESSAGE][PASSED] - Browser is opened with url: 'http://crmc.opencloud.digital:64216/index.php'

2020-06-23 14:16:21 - [TEST_STEP][PASSED] - maximizeWindow(): Current window maximized

2020-06-23 14:16:23 - [MESSAGE][PASSED] - Current window maximized

2020-06-23 14:16:23 - [TEST_STEP][PASSED] - setText(findTestObject("Account repository/Login/input_User name_username"), findTestData("Account Test Data/D1").getValue(1, 1)): Text 'Admin' is set on object 'Object Repository/Account repository/Login/input_User name_username'

2020-06-23 14:16:24 - [MESSAGE][PASSED] - Text 'Admin' is set on object 'Object Repository/Account repository/Login/input_User name_username'

2020-06-23 14:16:24 - [TEST_STEP][PASSED] - setText(findTestObject("Account repository/Login/input_Password_password"), findTestData("Account Test Data/D1").getValue(2, 1)): Text '1qaz2WSX3edc ' is set on object 'Object Repository/Account repository/Login/input_Password_password'

2020-06-23 14:16:24 - [MESSAGE][PASSED] - Text '1qaz2WSX3edc ' is set on object 'Object Repository/Account repository/Login/input_Password_password'

2020-06-23 14:16:24 - [TEST_STEP][PASSED] - click(findTestObject("Account repository/Login/button_Sign in")): Object: 'Object Repository/Account repository/Login/button_Sign in' is clicked on

2020-06-23 14:16:26 - [MESSAGE][PASSED] - Object: 'Object Repository/Account repository/Login/button_Sign in' is clicked on]]></system-out>
         <system-err><![CDATA[]]></system-err>
      </testcase>
      <testcase name="Test Cases/Account Test Case/5-View the Detail View information" time="12.44" classname="Test Cases/Account Test Case/5-View the Detail View information" status="PASSED">
         <system-out><![CDATA[2020-06-23 14:16:26 - [TEST_CASE][PASSED] - Test Cases/Account Test Case/5-View the Detail View information: Test Cases/Account Test Case/5-View the Detail View information

2020-06-23 14:16:26 - [TEST_STEP][PASSED] - click(findTestObject("Account repository/Page_Home/strong_Accounts")): Object: 'Object Repository/Account repository/Page_Home/strong_Accounts' is clicked on

2020-06-23 14:16:32 - [MESSAGE][PASSED] - Object: 'Object Repository/Account repository/Page_Home/strong_Accounts' is clicked on

2020-06-23 14:16:32 - [TEST_STEP][PASSED] - setText(findTestObject("Account repository/Page_Accounts/Search Account Name"), findTestData("Account Test Data/D4").getValue(1, 1)): Text 'บริษัท วี จี ไอ โกลบอล มีเดีย จำกัด (มหาชน) ' is set on object 'Object Repository/Account repository/Page_Accounts/Search Account Name'

2020-06-23 14:16:33 - [MESSAGE][PASSED] - Text 'บริษัท วี จี ไอ โกลบอล มีเดีย จำกัด (มหาชน) ' is set on object 'Object Repository/Account repository/Page_Accounts/Search Account Name'

2020-06-23 14:16:33 - [TEST_STEP][PASSED] - click(findTestObject("Account repository/Page_Accounts/button_Search")): Object: 'Object Repository/Account repository/Page_Accounts/button_Search' is clicked on

2020-06-23 14:16:33 - [MESSAGE][PASSED] - Object: 'Object Repository/Account repository/Page_Accounts/button_Search' is clicked on

2020-06-23 14:16:33 - [TEST_STEP][PASSED] - click(findTestObject("Account repository/Page_Accounts/click v g o")): Object: 'Object Repository/Account repository/Page_Accounts/click v g o' is clicked on

2020-06-23 14:16:38 - [MESSAGE][PASSED] - Object: 'Object Repository/Account repository/Page_Accounts/click v g o' is clicked on]]></system-out>
         <system-err><![CDATA[]]></system-err>
      </testcase>
      <testcase name="Test Cases/Account Test Case/14-Add new Document information to Account with non information" time="2.319" classname="Test Cases/Account Test Case/14-Add new Document information to Account with non information" status="PASSED">
         <system-out><![CDATA[2020-06-23 14:16:38 - [TEST_CASE][PASSED] - Test Cases/Account Test Case/14-Add new Document information to Account with non information: Test Cases/Account Test Case/14-Add new Document information to Account with non information

2020-06-23 14:16:38 - [TEST_STEP][PASSED] - click(findTestObject("Account repository/Page_Accounts/button_More account")): Object: 'Object Repository/Account repository/Page_Accounts/button_More account' is clicked on

2020-06-23 14:16:39 - [MESSAGE][PASSED] - Object: 'Object Repository/Account repository/Page_Accounts/button_More account' is clicked on

2020-06-23 14:16:39 - [TEST_STEP][PASSED] - click(findTestObject("Account repository/Page_Accounts/a_Add Document account")): Object: 'Object Repository/Account repository/Page_Accounts/a_Add Document account' is clicked on

2020-06-23 14:16:40 - [MESSAGE][PASSED] - Object: 'Object Repository/Account repository/Page_Accounts/a_Add Document account' is clicked on

2020-06-23 14:16:40 - [TEST_STEP][PASSED] - click(findTestObject("Account repository/Page_Documents/button_Save doc")): Object: 'Object Repository/Account repository/Page_Documents/button_Save doc' is clicked on

2020-06-23 14:16:40 - [MESSAGE][PASSED] - Object: 'Object Repository/Account repository/Page_Documents/button_Save doc' is clicked on

2020-06-23 14:16:40 - [TEST_STEP][PASSED] - delay(0): Delayed 0 second(s)

2020-06-23 14:16:40 - [MESSAGE][PASSED] - Delayed 0 second(s)]]></system-out>
         <system-err><![CDATA[]]></system-err>
      </testcase>
      <testcase name="Test Cases/Account Test Case/13-Add new Document information to Account with invalid information" time="11.017" classname="Test Cases/Account Test Case/13-Add new Document information to Account with invalid information" status="PASSED">
         <system-out><![CDATA[2020-06-23 14:16:40 - [TEST_CASE][PASSED] - Test Cases/Account Test Case/13-Add new Document information to Account with invalid information: Test Cases/Account Test Case/13-Add new Document information to Account with invalid information

2020-06-23 14:16:41 - [TEST_STEP][PASSED] - click(findTestObject("Account repository/Page_Documents/Created By")): Object: 'Object Repository/Account repository/Page_Documents/Created By' is clicked on

2020-06-23 14:16:42 - [MESSAGE][PASSED] - Object: 'Object Repository/Account repository/Page_Documents/Created By' is clicked on

2020-06-23 14:16:42 - [TEST_STEP][PASSED] - setText(findTestObject("Account repository/Page_Documents/input Created By"), findTestData("Account Test Data/D7").getValue(2, 1)): Text 'RIS System' is set on object 'Object Repository/Account repository/Page_Documents/input Created By'

2020-06-23 14:16:43 - [MESSAGE][PASSED] - Text 'RIS System' is set on object 'Object Repository/Account repository/Page_Documents/input Created By'

2020-06-23 14:16:43 - [TEST_STEP][PASSED] - sendKeys(findTestObject("Account repository/Page_Documents/input Created By"), Keys.chord(ENTER)): Keys 'ENTER + ' sent to object: 'Object Repository/Account repository/Page_Documents/input Created By'

2020-06-23 14:16:44 - [MESSAGE][PASSED] - Keys 'ENTER + ' sent to object: 'Object Repository/Account repository/Page_Documents/input Created By'

2020-06-23 14:16:44 - [TEST_STEP][PASSED] - click(findTestObject("Account repository/Page_Documents/calendar")): Object: 'Object Repository/Account repository/Page_Documents/calendar' is clicked on

2020-06-23 14:16:44 - [MESSAGE][PASSED] - Object: 'Object Repository/Account repository/Page_Documents/calendar' is clicked on

2020-06-23 14:16:44 - [TEST_STEP][PASSED] - setText(findTestObject("Account repository/Page_Documents/input calendat"), findTestData("Account Test Data/D7").getValue(3, 1)): Text 'Account' is set on object 'Object Repository/Account repository/Page_Documents/input calendat'

2020-06-23 14:16:45 - [MESSAGE][PASSED] - Text 'Account' is set on object 'Object Repository/Account repository/Page_Documents/input calendat'

2020-06-23 14:16:45 - [TEST_STEP][PASSED] - sendKeys(findTestObject("Account repository/Page_Documents/input calendat"), Keys.chord(ENTER)): Keys 'ENTER + ' sent to object: 'Object Repository/Account repository/Page_Documents/input calendat'

2020-06-23 14:16:46 - [MESSAGE][PASSED] - Keys 'ENTER + ' sent to object: 'Object Repository/Account repository/Page_Documents/input calendat'

2020-06-23 14:16:46 - [TEST_STEP][PASSED] - click(findTestObject("Account repository/Page_Documents/search add doc")): Object: 'Object Repository/Account repository/Page_Documents/search add doc' is clicked on

2020-06-23 14:16:47 - [MESSAGE][PASSED] - Object: 'Object Repository/Account repository/Page_Documents/search add doc' is clicked on

2020-06-23 14:16:47 - [TEST_STEP][PASSED] - switchToWindowTitle("Accounts"): Switched to window with title: 'Accounts'

2020-06-23 14:16:49 - [MESSAGE][PASSED] - Switched to window with title: 'Accounts'

2020-06-23 14:16:49 - [TEST_STEP][PASSED] - click(findTestObject("Account repository/Page_Accounts/td_1400")): Object: 'Object Repository/Account repository/Page_Accounts/td_1400' is clicked on

2020-06-23 14:16:49 - [MESSAGE][PASSED] - Object: 'Object Repository/Account repository/Page_Accounts/td_1400' is clicked on

2020-06-23 14:16:49 - [TEST_STEP][PASSED] - switchToDefaultContent(): null

2020-06-23 14:16:51 - [TEST_STEP][PASSED] - click(findTestObject("Account repository/Page_Documents/button_Save doc")): Object: 'Object Repository/Account repository/Page_Documents/button_Save doc' is clicked on

2020-06-23 14:16:51 - [MESSAGE][PASSED] - Object: 'Object Repository/Account repository/Page_Documents/button_Save doc' is clicked on]]></system-out>
         <system-err><![CDATA[]]></system-err>
      </testcase>
      <testcase name="Test Cases/Account Test Case/12-for test suite" time="10.15" classname="Test Cases/Account Test Case/12-for test suite" status="PASSED">
         <system-out><![CDATA[2020-06-23 14:16:51 - [TEST_CASE][PASSED] - Test Cases/Account Test Case/12-for test suite: Test Cases/Account Test Case/12-for test suite

2020-06-23 14:16:52 - [TEST_STEP][PASSED] - setText(findTestObject("Account repository/Page_Documents/input__notes_title"), findTestData("Account Test Data/D7").getValue(1, 1)): Text 'Document test' is set on object 'Object Repository/Account repository/Page_Documents/input__notes_title'

2020-06-23 14:16:52 - [MESSAGE][PASSED] - Text 'Document test' is set on object 'Object Repository/Account repository/Page_Documents/input__notes_title'

2020-06-23 14:16:52 - [TEST_STEP][PASSED] - click(findTestObject("Account repository/Page_Documents/Created By")): Object: 'Object Repository/Account repository/Page_Documents/Created By' is clicked on

2020-06-23 14:16:53 - [MESSAGE][PASSED] - Object: 'Object Repository/Account repository/Page_Documents/Created By' is clicked on

2020-06-23 14:16:53 - [TEST_STEP][PASSED] - setText(findTestObject("Account repository/Page_Documents/input Created By"), findTestData("Account Test Data/D7").getValue(2, 1)): Text 'RIS System' is set on object 'Object Repository/Account repository/Page_Documents/input Created By'

2020-06-23 14:16:54 - [MESSAGE][PASSED] - Text 'RIS System' is set on object 'Object Repository/Account repository/Page_Documents/input Created By'

2020-06-23 14:16:54 - [TEST_STEP][PASSED] - sendKeys(findTestObject("Account repository/Page_Documents/input Created By"), Keys.chord(ENTER)): Keys 'ENTER + ' sent to object: 'Object Repository/Account repository/Page_Documents/input Created By'

2020-06-23 14:16:54 - [MESSAGE][PASSED] - Keys 'ENTER + ' sent to object: 'Object Repository/Account repository/Page_Documents/input Created By'

2020-06-23 14:16:54 - [TEST_STEP][PASSED] - click(findTestObject("Account repository/Page_Documents/calendar")): Object: 'Object Repository/Account repository/Page_Documents/calendar' is clicked on

2020-06-23 14:16:55 - [MESSAGE][PASSED] - Object: 'Object Repository/Account repository/Page_Documents/calendar' is clicked on

2020-06-23 14:16:55 - [TEST_STEP][PASSED] - setText(findTestObject("Account repository/Page_Documents/input calendat"), findTestData("Account Test Data/D7").getValue(3, 1)): Text 'Account' is set on object 'Object Repository/Account repository/Page_Documents/input calendat'

2020-06-23 14:16:56 - [MESSAGE][PASSED] - Text 'Account' is set on object 'Object Repository/Account repository/Page_Documents/input calendat'

2020-06-23 14:16:56 - [TEST_STEP][PASSED] - sendKeys(findTestObject("Account repository/Page_Documents/input calendat"), Keys.chord(ENTER)): Keys 'ENTER + ' sent to object: 'Object Repository/Account repository/Page_Documents/input calendat'

2020-06-23 14:16:56 - [MESSAGE][PASSED] - Keys 'ENTER + ' sent to object: 'Object Repository/Account repository/Page_Documents/input calendat'

2020-06-23 14:16:56 - [TEST_STEP][PASSED] - click(findTestObject("Account repository/Page_Documents/search add doc")): Object: 'Object Repository/Account repository/Page_Documents/search add doc' is clicked on

2020-06-23 14:16:57 - [MESSAGE][PASSED] - Object: 'Object Repository/Account repository/Page_Documents/search add doc' is clicked on

2020-06-23 14:16:57 - [TEST_STEP][PASSED] - switchToWindowTitle("Accounts"): Switched to window with title: 'Accounts'

2020-06-23 14:16:59 - [MESSAGE][PASSED] - Switched to window with title: 'Accounts'

2020-06-23 14:16:59 - [TEST_STEP][PASSED] - click(findTestObject("Account repository/Page_Accounts/td_1400")): Object: 'Object Repository/Account repository/Page_Accounts/td_1400' is clicked on

2020-06-23 14:16:59 - [MESSAGE][PASSED] - Object: 'Object Repository/Account repository/Page_Accounts/td_1400' is clicked on

2020-06-23 14:16:59 - [TEST_STEP][PASSED] - switchToDefaultContent(): null

2020-06-23 14:17:01 - [TEST_STEP][PASSED] - click(findTestObject("Account repository/Page_Documents/button_Save doc")): Object: 'Object Repository/Account repository/Page_Documents/button_Save doc' is clicked on

2020-06-23 14:17:02 - [MESSAGE][PASSED] - Object: 'Object Repository/Account repository/Page_Documents/button_Save doc' is clicked on]]></system-out>
         <system-err><![CDATA[]]></system-err>
      </testcase>
      <system-out><![CDATA[2020-06-23 14:16:16 - [TEST_SUITE][PASSED] - 8-Add new the Document information to Account: Test Cases/Account Test Case/12-for test suite]]></system-out>
      <system-err><![CDATA[]]></system-err>
   </testsuite>
</testsuites>
