<?xml version="1.0" encoding="UTF-8"?>
<testsuites name="4-Edit the Account information" time="31.047" tests="3" failures="0" errors="0">
   <testsuite name="4-Edit the Account information" tests="3" failures="0" errors="0" time="31.047" timestamp="2020-06-23 14:13:59" hostname="WIN10 - DESKTOP-0NVCT6K" id="Test Suites/Account Usecase/4-Edit the Account information">
      <properties>
         <property name="deviceName" value=""/>
         <property name="devicePlatform" value=""/>
         <property name="logFolder" value="C:\\Users\\WIN10\\git\\Best-Project\\Reports\\20200623_141358\\Account Usecase\\4-Edit the Account information\\20200623_141358"/>
         <property name="logFiles" value="C:\\Users\\WIN10\\git\\Best-Project\\Reports\\20200623_141358\\Account Usecase\\4-Edit the Account information\\20200623_141358\\execution0.log"/>
         <property name="attachments" value=""/>
         <property name="hostName" value="WIN10 - DESKTOP-0NVCT6K"/>
         <property name="os" value="Windows 10 64bit"/>
         <property name="katalonVersion" value="7.5.2.1"/>
         <property name="browser" value="Chrome 83.0.4103.116"/>
         <property name="hostAddress" value="192.168.1.2"/>
         <property name="sessionId" value="60a2a0f22a991b81c3bf0988b64c92bb"/>
         <property name="seleniumVersion" value="3.141.59"/>
         <property name="proxyInformation" value="ProxyInformation { proxyOption=NO_PROXY, proxyServerType=HTTP, username=, password=********, proxyServerAddress=, proxyServerPort=0, executionList=\&quot;\&quot;, isApplyToDesiredCapabilities=true }"/>
         <property name="platform" value="Windows 10"/>
      </properties>
      <testcase name="Test Cases/Account Test Case/1-View the layout information in the List View" time="10.604" classname="Test Cases/Account Test Case/1-View the layout information in the List View" status="PASSED">
         <system-out><![CDATA[2020-06-23 14:14:00 - [TEST_CASE][PASSED] - Test Cases/Account Test Case/1-View the layout information in the List View: Test Cases/Account Test Case/1-View the layout information in the List View

2020-06-23 14:14:00 - [TEST_STEP][PASSED] - openBrowser("http://crmc.opencloud.digital:64216/index.php"): Browser is opened with url: 'http://crmc.opencloud.digital:64216/index.php'

2020-06-23 14:14:00 - [MESSAGE][INFO] - Starting 'Chrome' driver

2020-06-23 14:14:00 - [MESSAGE][INFO] - Action delay is set to 0 milliseconds

2020-06-23 14:14:05 - [MESSAGE][PASSED] - Browser is opened with url: 'http://crmc.opencloud.digital:64216/index.php'

2020-06-23 14:14:05 - [TEST_STEP][PASSED] - maximizeWindow(): Current window maximized

2020-06-23 14:14:07 - [MESSAGE][PASSED] - Current window maximized

2020-06-23 14:14:07 - [TEST_STEP][PASSED] - setText(findTestObject("Account repository/Login/input_User name_username"), findTestData("Account Test Data/D1").getValue(1, 1)): Text 'Admin' is set on object 'Object Repository/Account repository/Login/input_User name_username'

2020-06-23 14:14:08 - [MESSAGE][PASSED] - Text 'Admin' is set on object 'Object Repository/Account repository/Login/input_User name_username'

2020-06-23 14:14:08 - [TEST_STEP][PASSED] - setText(findTestObject("Account repository/Login/input_Password_password"), findTestData("Account Test Data/D1").getValue(2, 1)): Text '1qaz2WSX3edc ' is set on object 'Object Repository/Account repository/Login/input_Password_password'

2020-06-23 14:14:09 - [MESSAGE][PASSED] - Text '1qaz2WSX3edc ' is set on object 'Object Repository/Account repository/Login/input_Password_password'

2020-06-23 14:14:09 - [TEST_STEP][PASSED] - click(findTestObject("Account repository/Login/button_Sign in")): Object: 'Object Repository/Account repository/Login/button_Sign in' is clicked on

2020-06-23 14:14:10 - [MESSAGE][PASSED] - Object: 'Object Repository/Account repository/Login/button_Sign in' is clicked on]]></system-out>
         <system-err><![CDATA[]]></system-err>
      </testcase>
      <testcase name="Test Cases/Account Test Case/5-View the Detail View information" time="12.749" classname="Test Cases/Account Test Case/5-View the Detail View information" status="PASSED">
         <system-out><![CDATA[2020-06-23 14:14:10 - [TEST_CASE][PASSED] - Test Cases/Account Test Case/5-View the Detail View information: Test Cases/Account Test Case/5-View the Detail View information

2020-06-23 14:14:10 - [TEST_STEP][PASSED] - click(findTestObject("Account repository/Page_Home/strong_Accounts")): Object: 'Object Repository/Account repository/Page_Home/strong_Accounts' is clicked on

2020-06-23 14:14:17 - [MESSAGE][PASSED] - Object: 'Object Repository/Account repository/Page_Home/strong_Accounts' is clicked on

2020-06-23 14:14:17 - [TEST_STEP][PASSED] - setText(findTestObject("Account repository/Page_Accounts/Search Account Name"), findTestData("Account Test Data/D4").getValue(1, 1)): Text 'บริษัท วี จี ไอ โกลบอล มีเดีย จำกัด (มหาชน) ' is set on object 'Object Repository/Account repository/Page_Accounts/Search Account Name'

2020-06-23 14:14:18 - [MESSAGE][PASSED] - Text 'บริษัท วี จี ไอ โกลบอล มีเดีย จำกัด (มหาชน) ' is set on object 'Object Repository/Account repository/Page_Accounts/Search Account Name'

2020-06-23 14:14:18 - [TEST_STEP][PASSED] - click(findTestObject("Account repository/Page_Accounts/button_Search")): Object: 'Object Repository/Account repository/Page_Accounts/button_Search' is clicked on

2020-06-23 14:14:18 - [MESSAGE][PASSED] - Object: 'Object Repository/Account repository/Page_Accounts/button_Search' is clicked on

2020-06-23 14:14:18 - [TEST_STEP][PASSED] - click(findTestObject("Account repository/Page_Accounts/click v g o")): Object: 'Object Repository/Account repository/Page_Accounts/click v g o' is clicked on

2020-06-23 14:14:23 - [MESSAGE][PASSED] - Object: 'Object Repository/Account repository/Page_Accounts/click v g o' is clicked on]]></system-out>
         <system-err><![CDATA[]]></system-err>
      </testcase>
      <testcase name="Test Cases/Account Test Case/6-Edit the Account information" time="6.816" classname="Test Cases/Account Test Case/6-Edit the Account information" status="PASSED">
         <system-out><![CDATA[2020-06-23 14:14:23 - [TEST_CASE][PASSED] - Test Cases/Account Test Case/6-Edit the Account information: Test Cases/Account Test Case/6-Edit the Account information

2020-06-23 14:14:23 - [TEST_STEP][PASSED] - click(findTestObject("Account repository/Page_Accounts/Edit Account")): Object: 'Object Repository/Account repository/Page_Accounts/Edit Account' is clicked on

2020-06-23 14:14:25 - [MESSAGE][PASSED] - Object: 'Object Repository/Account repository/Page_Accounts/Edit Account' is clicked on

2020-06-23 14:14:25 - [TEST_STEP][PASSED] - setText(findTestObject("Account repository/Page_Accounts/Edit Purchasing Decision"), findTestData("Account Test Data/D2").getValue(6, 1)): Text 'จัดซื้อแยกLocalized Purchasing' is set on object 'Object Repository/Account repository/Page_Accounts/Edit Purchasing Decision'

2020-06-23 14:14:27 - [MESSAGE][PASSED] - Text 'จัดซื้อแยกLocalized Purchasing' is set on object 'Object Repository/Account repository/Page_Accounts/Edit Purchasing Decision'

2020-06-23 14:14:27 - [TEST_STEP][PASSED] - click(findTestObject("Account repository/Page_Accounts/button_Save Edit")): Object: 'Object Repository/Account repository/Page_Accounts/button_Save Edit' is clicked on

2020-06-23 14:14:27 - [MESSAGE][PASSED] - Object: 'Object Repository/Account repository/Page_Accounts/button_Save Edit' is clicked on

2020-06-23 14:14:27 - [TEST_STEP][PASSED] - click(findTestObject("Account repository/Page_Accounts/Edit a_Yes")): Object: 'Object Repository/Account repository/Page_Accounts/Edit a_Yes' is clicked on

2020-06-23 14:14:30 - [MESSAGE][PASSED] - Object: 'Object Repository/Account repository/Page_Accounts/Edit a_Yes' is clicked on]]></system-out>
         <system-err><![CDATA[]]></system-err>
      </testcase>
      <system-out><![CDATA[2020-06-23 14:13:59 - [TEST_SUITE][PASSED] - 4-Edit the Account information: Test Cases/Account Test Case/6-Edit the Account information]]></system-out>
      <system-err><![CDATA[]]></system-err>
   </testsuite>
</testsuites>
