<?xml version="1.0" encoding="UTF-8"?>
<testsuites name="9.Duplicate the Opportunity information" time="33.053" tests="3" failures="0" errors="0">
   <testsuite name="9.Duplicate the Opportunity information" tests="3" failures="0" errors="0" time="33.053" timestamp="2020-07-13 13:06:06" hostname="WIN10 - DESKTOP-0NVCT6K" id="Test Suites/Opportunity Usecase/9.Duplicate the Opportunity information">
      <properties>
         <property name="deviceName" value=""/>
         <property name="devicePlatform" value=""/>
         <property name="logFolder" value="C:\\Users\\WIN10\\git\\Best-Project\\Reports\\20200713_130604\\Opportunity Usecase\\9.Duplicate the Opportunity information\\20200713_130604"/>
         <property name="logFiles" value="C:\\Users\\WIN10\\git\\Best-Project\\Reports\\20200713_130604\\Opportunity Usecase\\9.Duplicate the Opportunity information\\20200713_130604\\execution0.log"/>
         <property name="attachments" value=""/>
         <property name="hostName" value="WIN10 - DESKTOP-0NVCT6K"/>
         <property name="os" value="Windows 10 64bit"/>
         <property name="katalonVersion" value="7.5.2.1"/>
         <property name="browser" value="Chrome 83.0.4103.116"/>
         <property name="hostAddress" value="192.168.1.2"/>
         <property name="sessionId" value="adcf74fdc205687225af9c3570f46790"/>
         <property name="seleniumVersion" value="3.141.59"/>
         <property name="proxyInformation" value="ProxyInformation { proxyOption=NO_PROXY, proxyServerType=HTTP, username=, password=********, proxyServerAddress=, proxyServerPort=0, executionList=\&quot;\&quot;, isApplyToDesiredCapabilities=true }"/>
         <property name="platform" value="Windows 10"/>
      </properties>
      <testcase name="Test Cases/Opportunity Test Case/1.View the layout information in the List View" time="13.987" classname="Test Cases/Opportunity Test Case/1.View the layout information in the List View" status="PASSED">
         <system-out><![CDATA[2020-07-13 13:06:06 - [TEST_CASE][PASSED] - Test Cases/Opportunity Test Case/1.View the layout information in the List View: Test Cases/Opportunity Test Case/1.View the layout information in the List View

2020-07-13 13:06:07 - [TEST_STEP][PASSED] - openBrowser("http://crmc.opencloud.digital:64216/index.php"): Browser is opened with url: 'http://crmc.opencloud.digital:64216/index.php'

2020-07-13 13:06:07 - [MESSAGE][INFO] - Starting 'Chrome' driver

2020-07-13 13:06:07 - [MESSAGE][INFO] - Action delay is set to 0 milliseconds

2020-07-13 13:06:11 - [MESSAGE][PASSED] - Browser is opened with url: 'http://crmc.opencloud.digital:64216/index.php'

2020-07-13 13:06:11 - [TEST_STEP][PASSED] - setText(findTestObject("Account repository/Login/input_User name_username"), findTestData("Opportunity Test Data/D1").getValue(1, 1)): Text 'Admin' is set on object 'Object Repository/Account repository/Login/input_User name_username'

2020-07-13 13:06:12 - [MESSAGE][PASSED] - Text 'Admin' is set on object 'Object Repository/Account repository/Login/input_User name_username'

2020-07-13 13:06:12 - [TEST_STEP][PASSED] - setText(findTestObject("Account repository/Login/input_Password_password"), findTestData("Opportunity Test Data/D1").getValue(2, 1)): Text '1qaz2WSX3edc ' is set on object 'Object Repository/Account repository/Login/input_Password_password'

2020-07-13 13:06:13 - [MESSAGE][PASSED] - Text '1qaz2WSX3edc ' is set on object 'Object Repository/Account repository/Login/input_Password_password'

2020-07-13 13:06:13 - [TEST_STEP][PASSED] - click(findTestObject("Account repository/Login/button_Sign in")): Object: 'Object Repository/Account repository/Login/button_Sign in' is clicked on

2020-07-13 13:06:15 - [MESSAGE][PASSED] - Object: 'Object Repository/Account repository/Login/button_Sign in' is clicked on

2020-07-13 13:06:15 - [TEST_STEP][PASSED] - click(findTestObject("Opportunity repository/Page_Home/a_Opportunities")): Object: 'Object Repository/Opportunity repository/Page_Home/a_Opportunities' is clicked on

2020-07-13 13:06:18 - [MESSAGE][PASSED] - Object: 'Object Repository/Opportunity repository/Page_Home/a_Opportunities' is clicked on

2020-07-13 13:06:18 - [TEST_STEP][PASSED] - delay(2): Delayed 2 second(s)

2020-07-13 13:06:20 - [MESSAGE][PASSED] - Delayed 2 second(s)]]></system-out>
         <system-err><![CDATA[]]></system-err>
      </testcase>
      <testcase name="Test Cases/Opportunity Test Case/5.View the Detail View information" time="7.603" classname="Test Cases/Opportunity Test Case/5.View the Detail View information" status="PASSED">
         <system-out><![CDATA[2020-07-13 13:06:20 - [TEST_CASE][PASSED] - Test Cases/Opportunity Test Case/5.View the Detail View information: Test Cases/Opportunity Test Case/5.View the Detail View information

2020-07-13 13:06:21 - [TEST_STEP][PASSED] - setText(findTestObject("Opportunity repository/Page_Opportunities/input_Contact Name_potentialname Search"), findTestData("Opportunity Test Data/D2").getValue(1, 1)): Text 'โครงการนำเสนอPro C751-บจก. ฐานการพิมพ์' is set on object 'Object Repository/Opportunity repository/Page_Opportunities/input_Contact Name_potentialname Search'

2020-07-13 13:06:21 - [MESSAGE][PASSED] - Text 'โครงการนำเสนอPro C751-บจก. ฐานการพิมพ์' is set on object 'Object Repository/Opportunity repository/Page_Opportunities/input_Contact Name_potentialname Search'

2020-07-13 13:06:21 - [TEST_STEP][PASSED] - click(findTestObject("Opportunity repository/Page_Opportunities/button_Search Oppotunity name")): Object: 'Object Repository/Opportunity repository/Page_Opportunities/button_Search Oppotunity name' is clicked on

2020-07-13 13:06:22 - [MESSAGE][PASSED] - Object: 'Object Repository/Opportunity repository/Page_Opportunities/button_Search Oppotunity name' is clicked on

2020-07-13 13:06:22 - [TEST_STEP][PASSED] - click(findTestObject("Opportunity repository/Page_Opportunities/a_Pro C751-")): Object: 'Object Repository/Opportunity repository/Page_Opportunities/a_Pro C751-' is clicked on

2020-07-13 13:06:26 - [MESSAGE][PASSED] - Object: 'Object Repository/Opportunity repository/Page_Opportunities/a_Pro C751-' is clicked on

2020-07-13 13:06:26 - [TEST_STEP][PASSED] - delay(2): Delayed 2 second(s)

2020-07-13 13:06:28 - [MESSAGE][PASSED] - Delayed 2 second(s)]]></system-out>
         <system-err><![CDATA[]]></system-err>
      </testcase>
      <testcase name="Test Cases/Opportunity Test Case/13.Duplicate the Account information" time="10.569" classname="Test Cases/Opportunity Test Case/13.Duplicate the Account information" status="PASSED">
         <system-out><![CDATA[2020-07-13 13:06:28 - [TEST_CASE][PASSED] - Test Cases/Opportunity Test Case/13.Duplicate the Account information: Test Cases/Opportunity Test Case/13.Duplicate the Account information

2020-07-13 13:06:28 - [TEST_STEP][PASSED] - click(findTestObject("Opportunity repository/Page_Opportunities/button_More opp")): Object: 'Object Repository/Opportunity repository/Page_Opportunities/button_More opp' is clicked on

2020-07-13 13:06:29 - [MESSAGE][PASSED] - Object: 'Object Repository/Opportunity repository/Page_Opportunities/button_More opp' is clicked on

2020-07-13 13:06:29 - [TEST_STEP][PASSED] - click(findTestObject("Opportunity repository/Page_Opportunities/a_Duplicate opp")): Object: 'Object Repository/Opportunity repository/Page_Opportunities/a_Duplicate opp' is clicked on

2020-07-13 13:06:30 - [MESSAGE][PASSED] - Object: 'Object Repository/Opportunity repository/Page_Opportunities/a_Duplicate opp' is clicked on

2020-07-13 13:06:30 - [TEST_STEP][PASSED] - delay(2): Delayed 2 second(s)

2020-07-13 13:06:32 - [MESSAGE][PASSED] - Delayed 2 second(s)

2020-07-13 13:06:32 - [TEST_STEP][PASSED] - click(findTestObject("Opportunity repository/Page_Opportunities/button_Save Duplicate opp")): Object: 'Object Repository/Opportunity repository/Page_Opportunities/button_Save Duplicate opp' is clicked on

2020-07-13 13:06:32 - [MESSAGE][PASSED] - Object: 'Object Repository/Opportunity repository/Page_Opportunities/button_Save Duplicate opp' is clicked on

2020-07-13 13:06:32 - [TEST_STEP][PASSED] - delay(2): Delayed 2 second(s)

2020-07-13 13:06:34 - [MESSAGE][PASSED] - Delayed 2 second(s)

2020-07-13 13:06:34 - [TEST_STEP][PASSED] - click(findTestObject("Opportunity repository/Page_Opportunities NEW ADD/stage opp")): Object: 'Object Repository/Opportunity repository/Page_Opportunities NEW ADD/stage opp' is clicked on

2020-07-13 13:06:34 - [MESSAGE][PASSED] - Object: 'Object Repository/Opportunity repository/Page_Opportunities NEW ADD/stage opp' is clicked on

2020-07-13 13:06:34 - [TEST_STEP][PASSED] - setText(findTestObject("Opportunity repository/Page_Opportunities NEW ADD/input stage opp"), "Win"): Text 'Win' is set on object 'Object Repository/Opportunity repository/Page_Opportunities NEW ADD/input stage opp'

2020-07-13 13:06:36 - [MESSAGE][PASSED] - Text 'Win' is set on object 'Object Repository/Opportunity repository/Page_Opportunities NEW ADD/input stage opp'

2020-07-13 13:06:36 - [TEST_STEP][PASSED] - sendKeys(findTestObject("Opportunity repository/Page_Opportunities NEW ADD/input stage opp"), Keys.chord(ENTER)): Keys 'ENTER + ' sent to object: 'Object Repository/Opportunity repository/Page_Opportunities NEW ADD/input stage opp'

2020-07-13 13:06:36 - [MESSAGE][PASSED] - Keys 'ENTER + ' sent to object: 'Object Repository/Opportunity repository/Page_Opportunities NEW ADD/input stage opp'

2020-07-13 13:06:36 - [TEST_STEP][PASSED] - click(findTestObject("Opportunity repository/Page_Opportunities/button_Save Duplicate opp")): Object: 'Object Repository/Opportunity repository/Page_Opportunities/button_Save Duplicate opp' is clicked on

2020-07-13 13:06:37 - [MESSAGE][PASSED] - Object: 'Object Repository/Opportunity repository/Page_Opportunities/button_Save Duplicate opp' is clicked on

2020-07-13 13:06:37 - [TEST_STEP][PASSED] - delay(2): Delayed 2 second(s)

2020-07-13 13:06:39 - [MESSAGE][PASSED] - Delayed 2 second(s)]]></system-out>
         <system-err><![CDATA[]]></system-err>
      </testcase>
      <system-out><![CDATA[2020-07-13 13:06:06 - [TEST_SUITE][PASSED] - 9.Duplicate the Opportunity information: Test Cases/Opportunity Test Case/13.Duplicate the Account information]]></system-out>
      <system-err><![CDATA[]]></system-err>
   </testsuite>
</testsuites>
