<?xml version="1.0" encoding="UTF-8"?>
<testsuites name="10" time="47.139" tests="5" failures="0" errors="0">
   <testsuite name="10" tests="5" failures="0" errors="0" time="47.139" timestamp="2020-06-23 14:49:43" hostname="WIN10 - DESKTOP-0NVCT6K" id="Test Suites/Contact Usecase/10">
      <properties>
         <property name="deviceName" value=""/>
         <property name="devicePlatform" value=""/>
         <property name="logFolder" value="C:\\Users\\WIN10\\git\\Best-Project\\Reports\\20200623_144942\\Contact Usecase\\10\\20200623_144942"/>
         <property name="logFiles" value="C:\\Users\\WIN10\\git\\Best-Project\\Reports\\20200623_144942\\Contact Usecase\\10\\20200623_144942\\execution0.log"/>
         <property name="attachments" value=""/>
         <property name="hostName" value="WIN10 - DESKTOP-0NVCT6K"/>
         <property name="os" value="Windows 10 64bit"/>
         <property name="katalonVersion" value="7.5.2.1"/>
         <property name="browser" value="Chrome 83.0.4103.116"/>
         <property name="hostAddress" value="192.168.1.2"/>
         <property name="sessionId" value="282397bafaeaae6c14120c7caca59609"/>
         <property name="seleniumVersion" value="3.141.59"/>
         <property name="proxyInformation" value="ProxyInformation { proxyOption=NO_PROXY, proxyServerType=HTTP, username=, password=********, proxyServerAddress=, proxyServerPort=0, executionList=\&quot;\&quot;, isApplyToDesiredCapabilities=true }"/>
         <property name="platform" value="Windows 10"/>
      </properties>
      <testcase name="Test Cases/Contact Test Case/1-for opportunity" time="11.743" classname="Test Cases/Contact Test Case/1-for opportunity" status="PASSED">
         <system-out><![CDATA[2020-06-23 14:49:43 - [TEST_CASE][PASSED] - Test Cases/Contact Test Case/1-for opportunity: Test Cases/Contact Test Case/1-for opportunity

2020-06-23 14:49:44 - [TEST_STEP][PASSED] - openBrowser("http://crmc.opencloud.digital:64216/index.php"): Browser is opened with url: 'http://crmc.opencloud.digital:64216/index.php'

2020-06-23 14:49:44 - [MESSAGE][INFO] - Starting 'Chrome' driver

2020-06-23 14:49:44 - [MESSAGE][INFO] - Action delay is set to 0 milliseconds

2020-06-23 14:49:48 - [MESSAGE][PASSED] - Browser is opened with url: 'http://crmc.opencloud.digital:64216/index.php'

2020-06-23 14:49:48 - [TEST_STEP][PASSED] - setText(findTestObject("Contact repository/Page_Users/input_User name_username"), findTestData("Contact Test Data/D1").getValue(1, 1)): Text 'Admin' is set on object 'Object Repository/Contact repository/Page_Users/input_User name_username'

2020-06-23 14:49:49 - [MESSAGE][PASSED] - Text 'Admin' is set on object 'Object Repository/Contact repository/Page_Users/input_User name_username'

2020-06-23 14:49:49 - [TEST_STEP][PASSED] - setText(findTestObject("Contact repository/Page_Users/input_Password_password"), findTestData("Contact Test Data/D1").getValue(2, 1)): Text '1qaz2WSX3edc ' is set on object 'Object Repository/Contact repository/Page_Users/input_Password_password'

2020-06-23 14:49:50 - [MESSAGE][PASSED] - Text '1qaz2WSX3edc ' is set on object 'Object Repository/Contact repository/Page_Users/input_Password_password'

2020-06-23 14:49:50 - [TEST_STEP][PASSED] - click(findTestObject("Contact repository/Page_Users/button_Sign in")): Object: 'Object Repository/Contact repository/Page_Users/button_Sign in' is clicked on

2020-06-23 14:49:52 - [MESSAGE][PASSED] - Object: 'Object Repository/Contact repository/Page_Users/button_Sign in' is clicked on

2020-06-23 14:49:52 - [TEST_STEP][PASSED] - click(findTestObject("Contact repository/Page_Home/strong_Contacts")): Object: 'Object Repository/Contact repository/Page_Home/strong_Contacts' is clicked on

2020-06-23 14:49:55 - [MESSAGE][PASSED] - Object: 'Object Repository/Contact repository/Page_Home/strong_Contacts' is clicked on]]></system-out>
         <system-err><![CDATA[]]></system-err>
      </testcase>
      <testcase name="Test Cases/Contact Test Case/2-View the Detail View information" time="11.801" classname="Test Cases/Contact Test Case/2-View the Detail View information" status="PASSED">
         <system-out><![CDATA[2020-06-23 14:49:55 - [TEST_CASE][PASSED] - Test Cases/Contact Test Case/2-View the Detail View information: Test Cases/Contact Test Case/2-View the Detail View information

2020-06-23 14:49:55 - [TEST_STEP][PASSED] - setText(findTestObject("Contact repository/Page_Contacts/input_First name contact search"), "Pumipat"): Text 'Pumipat' is set on object 'Object Repository/Contact repository/Page_Contacts/input_First name contact search'

2020-06-23 14:49:56 - [MESSAGE][PASSED] - Text 'Pumipat' is set on object 'Object Repository/Contact repository/Page_Contacts/input_First name contact search'

2020-06-23 14:49:56 - [TEST_STEP][PASSED] - click(findTestObject("Contact repository/Page_Contacts/button_Search contact")): Object: 'Object Repository/Contact repository/Page_Contacts/button_Search contact' is clicked on

2020-06-23 14:49:56 - [MESSAGE][PASSED] - Object: 'Object Repository/Contact repository/Page_Contacts/button_Search contact' is clicked on

2020-06-23 14:49:56 - [TEST_STEP][PASSED] - click(findTestObject("Contact repository/Page_Contacts/a_ wiriya 2")): Object: 'Object Repository/Contact repository/Page_Contacts/a_ wiriya 2' is clicked on

2020-06-23 14:50:04 - [MESSAGE][PASSED] - Object: 'Object Repository/Contact repository/Page_Contacts/a_ wiriya 2' is clicked on

2020-06-23 14:50:04 - [TEST_STEP][PASSED] - delay(3): Delayed 3 second(s)

2020-06-23 14:50:07 - [MESSAGE][PASSED] - Delayed 3 second(s)]]></system-out>
         <system-err><![CDATA[]]></system-err>
      </testcase>
      <testcase name="Test Cases/Contact Test Case/13-View the Related List" time="0.444" classname="Test Cases/Contact Test Case/13-View the Related List" status="PASSED">
         <system-out><![CDATA[2020-06-23 14:50:07 - [TEST_CASE][PASSED] - Test Cases/Contact Test Case/13-View the Related List: Test Cases/Contact Test Case/13-View the Related List

2020-06-23 14:50:07 - [TEST_STEP][PASSED] - click(findTestObject("Contact repository/Page_Contacts/a_Opportunities  contact")): Object: 'Object Repository/Contact repository/Page_Contacts/a_Opportunities  contact' is clicked on

2020-06-23 14:50:07 - [MESSAGE][PASSED] - Object: 'Object Repository/Contact repository/Page_Contacts/a_Opportunities  contact' is clicked on]]></system-out>
         <system-err><![CDATA[]]></system-err>
      </testcase>
      <testcase name="Test Cases/Contact Test Case/16" time="3.09" classname="Test Cases/Contact Test Case/16" status="PASSED">
         <system-out><![CDATA[2020-06-23 14:50:07 - [TEST_CASE][PASSED] - Test Cases/Contact Test Case/16: Test Cases/Contact Test Case/16

2020-06-23 14:50:07 - [TEST_STEP][PASSED] - click(findTestObject("Contact repository/Page_Contacts/button_Add Opportunity contact")): Object: 'Object Repository/Contact repository/Page_Contacts/button_Add Opportunity contact' is clicked on

2020-06-23 14:50:09 - [MESSAGE][PASSED] - Object: 'Object Repository/Contact repository/Page_Contacts/button_Add Opportunity contact' is clicked on

2020-06-23 14:50:09 - [TEST_STEP][PASSED] - click(findTestObject("Contact repository/Page_Opportunities/button_Save Opportunity")): Object: 'Object Repository/Contact repository/Page_Opportunities/button_Save Opportunity' is clicked on

2020-06-23 14:50:10 - [MESSAGE][PASSED] - Object: 'Object Repository/Contact repository/Page_Opportunities/button_Save Opportunity' is clicked on]]></system-out>
         <system-err><![CDATA[]]></system-err>
      </testcase>
      <testcase name="Test Cases/Contact Test Case/14" time="19.201" classname="Test Cases/Contact Test Case/14" status="PASSED">
         <system-out><![CDATA[2020-06-23 14:50:10 - [TEST_CASE][PASSED] - Test Cases/Contact Test Case/14: Test Cases/Contact Test Case/14

2020-06-23 14:50:11 - [TEST_STEP][PASSED] - delay(1): Delayed 1 second(s)

2020-06-23 14:50:12 - [MESSAGE][PASSED] - Delayed 1 second(s)

2020-06-23 14:50:12 - [TEST_STEP][PASSED] - click(findTestObject("Contact repository/Page_Opportunities/Clear Opportunity")): Object: 'Object Repository/Contact repository/Page_Opportunities/Clear Opportunity' is clicked on

2020-06-23 14:50:12 - [MESSAGE][PASSED] - Object: 'Object Repository/Contact repository/Page_Opportunities/Clear Opportunity' is clicked on

2020-06-23 14:50:12 - [TEST_STEP][PASSED] - delay(1): Delayed 1 second(s)

2020-06-23 14:50:13 - [MESSAGE][PASSED] - Delayed 1 second(s)

2020-06-23 14:50:13 - [TEST_STEP][PASSED] - setText(findTestObject("Contact repository/Page_Opportunities/input__potentialname"), findTestData("Contact Test Data/D7").getValue(1, 1)): Text 'ขึ้นดอย' is set on object 'Object Repository/Contact repository/Page_Opportunities/input__potentialname'

2020-06-23 14:50:14 - [MESSAGE][PASSED] - Text 'ขึ้นดอย' is set on object 'Object Repository/Contact repository/Page_Opportunities/input__potentialname'

2020-06-23 14:50:14 - [TEST_STEP][PASSED] - setText(findTestObject("Contact repository/Page_Opportunities/input__closingdate"), findTestData("Contact Test Data/D7").getValue(4, 1)): Text '01/02/2020' is set on object 'Object Repository/Contact repository/Page_Opportunities/input__closingdate'

2020-06-23 14:50:14 - [MESSAGE][PASSED] - Text '01/02/2020' is set on object 'Object Repository/Contact repository/Page_Opportunities/input__closingdate'

2020-06-23 14:50:14 - [TEST_STEP][PASSED] - click(findTestObject("Contact repository/Page_Opportunities/Clear Opportunity")): Object: 'Object Repository/Contact repository/Page_Opportunities/Clear Opportunity' is clicked on

2020-06-23 14:50:15 - [MESSAGE][PASSED] - Object: 'Object Repository/Contact repository/Page_Opportunities/Clear Opportunity' is clicked on

2020-06-23 14:50:15 - [TEST_STEP][PASSED] - click(findTestObject("Contact repository/Page_Opportunities/Stage")): Object: 'Object Repository/Contact repository/Page_Opportunities/Stage' is clicked on

2020-06-23 14:50:15 - [MESSAGE][PASSED] - Object: 'Object Repository/Contact repository/Page_Opportunities/Stage' is clicked on

2020-06-23 14:50:15 - [TEST_STEP][PASSED] - setText(findTestObject("Contact repository/Page_Opportunities/input stage"), findTestData("Contact Test Data/D7").getValue(5, 1)): Text 'Prospect' is set on object 'Object Repository/Contact repository/Page_Opportunities/input stage'

2020-06-23 14:50:16 - [MESSAGE][PASSED] - Text 'Prospect' is set on object 'Object Repository/Contact repository/Page_Opportunities/input stage'

2020-06-23 14:50:16 - [TEST_STEP][PASSED] - sendKeys(findTestObject("Contact repository/Page_Opportunities/input stage"), Keys.chord(ENTER)): Keys 'ENTER + ' sent to object: 'Object Repository/Contact repository/Page_Opportunities/input stage'

2020-06-23 14:50:16 - [MESSAGE][PASSED] - Keys 'ENTER + ' sent to object: 'Object Repository/Contact repository/Page_Opportunities/input stage'

2020-06-23 14:50:16 - [TEST_STEP][PASSED] - click(findTestObject("Contact repository/Page_Opportunities/MC trade")): Object: 'Object Repository/Contact repository/Page_Opportunities/MC trade' is clicked on

2020-06-23 14:50:17 - [MESSAGE][PASSED] - Object: 'Object Repository/Contact repository/Page_Opportunities/MC trade' is clicked on

2020-06-23 14:50:17 - [TEST_STEP][PASSED] - setText(findTestObject("Contact repository/Page_Opportunities/input MC Trade"), findTestData("Contact Test Data/D7").getValue(6, 1)): Text 'O to R' is set on object 'Object Repository/Contact repository/Page_Opportunities/input MC Trade'

2020-06-23 14:50:18 - [MESSAGE][PASSED] - Text 'O to R' is set on object 'Object Repository/Contact repository/Page_Opportunities/input MC Trade'

2020-06-23 14:50:18 - [TEST_STEP][PASSED] - sendKeys(findTestObject("Contact repository/Page_Opportunities/input MC Trade"), Keys.chord(ENTER)): Keys 'ENTER + ' sent to object: 'Object Repository/Contact repository/Page_Opportunities/input MC Trade'

2020-06-23 14:50:18 - [MESSAGE][PASSED] - Keys 'ENTER + ' sent to object: 'Object Repository/Contact repository/Page_Opportunities/input MC Trade'

2020-06-23 14:50:18 - [TEST_STEP][PASSED] - click(findTestObject("Contact repository/Page_Opportunities/Sale type")): Object: 'Object Repository/Contact repository/Page_Opportunities/Sale type' is clicked on

2020-06-23 14:50:19 - [MESSAGE][PASSED] - Object: 'Object Repository/Contact repository/Page_Opportunities/Sale type' is clicked on

2020-06-23 14:50:19 - [TEST_STEP][PASSED] - setText(findTestObject("Contact repository/Page_Opportunities/input sale type"), findTestData("Contact Test Data/D7").getValue(7, 1)): Text 'Leasing' is set on object 'Object Repository/Contact repository/Page_Opportunities/input sale type'

2020-06-23 14:50:20 - [MESSAGE][PASSED] - Text 'Leasing' is set on object 'Object Repository/Contact repository/Page_Opportunities/input sale type'

2020-06-23 14:50:20 - [TEST_STEP][PASSED] - sendKeys(findTestObject("Contact repository/Page_Opportunities/input sale type"), Keys.chord(ENTER)): Keys 'ENTER + ' sent to object: 'Object Repository/Contact repository/Page_Opportunities/input sale type'

2020-06-23 14:50:20 - [MESSAGE][PASSED] - Keys 'ENTER + ' sent to object: 'Object Repository/Contact repository/Page_Opportunities/input sale type'

2020-06-23 14:50:20 - [TEST_STEP][PASSED] - click(findTestObject("Contact repository/Page_Opportunities/input_Normal_cf_1392")): Object: 'Object Repository/Contact repository/Page_Opportunities/input_Normal_cf_1392' is clicked on

2020-06-23 14:50:21 - [MESSAGE][PASSED] - Object: 'Object Repository/Contact repository/Page_Opportunities/input_Normal_cf_1392' is clicked on

2020-06-23 14:50:21 - [TEST_STEP][PASSED] - click(findTestObject("Contact repository/Page_Opportunities/input_Lot Order_cf_1388")): Object: 'Object Repository/Contact repository/Page_Opportunities/input_Lot Order_cf_1388' is clicked on

2020-06-23 14:50:21 - [MESSAGE][PASSED] - Object: 'Object Repository/Contact repository/Page_Opportunities/input_Lot Order_cf_1388' is clicked on

2020-06-23 14:50:21 - [TEST_STEP][PASSED] - delay(1): Delayed 1 second(s)

2020-06-23 14:50:22 - [MESSAGE][PASSED] - Delayed 1 second(s)

2020-06-23 14:50:22 - [TEST_STEP][PASSED] - click(findTestObject("Contact repository/Page_Opportunities/Lot Order Remove Reason")): Object: 'Object Repository/Contact repository/Page_Opportunities/Lot Order Remove Reason' is clicked on

2020-06-23 14:50:22 - [MESSAGE][PASSED] - Object: 'Object Repository/Contact repository/Page_Opportunities/Lot Order Remove Reason' is clicked on

2020-06-23 14:50:22 - [TEST_STEP][PASSED] - setText(findTestObject("Contact repository/Page_Opportunities/input Lot Order Remove Reason"), findTestData("Contact Test Data/D7").getValue(8, 1)): Text 'True' is set on object 'Object Repository/Contact repository/Page_Opportunities/input Lot Order Remove Reason'

2020-06-23 14:50:23 - [MESSAGE][PASSED] - Text 'True' is set on object 'Object Repository/Contact repository/Page_Opportunities/input Lot Order Remove Reason'

2020-06-23 14:50:23 - [TEST_STEP][PASSED] - sendKeys(findTestObject("Contact repository/Page_Opportunities/input Lot Order Remove Reason"), Keys.chord(ENTER)): Keys 'ENTER + ' sent to object: 'Object Repository/Contact repository/Page_Opportunities/input Lot Order Remove Reason'

2020-06-23 14:50:24 - [MESSAGE][PASSED] - Keys 'ENTER + ' sent to object: 'Object Repository/Contact repository/Page_Opportunities/input Lot Order Remove Reason'

2020-06-23 14:50:24 - [TEST_STEP][PASSED] - click(findTestObject("Contact repository/Page_Opportunities/status MC")): Object: 'Object Repository/Contact repository/Page_Opportunities/status MC' is clicked on

2020-06-23 14:50:24 - [MESSAGE][PASSED] - Object: 'Object Repository/Contact repository/Page_Opportunities/status MC' is clicked on

2020-06-23 14:50:24 - [TEST_STEP][PASSED] - setText(findTestObject("Contact repository/Page_Opportunities/input status MC"), findTestData("Contact Test Data/D7").getValue(10, 1)): Text 'Acer' is set on object 'Object Repository/Contact repository/Page_Opportunities/input status MC'

2020-06-23 14:50:25 - [MESSAGE][PASSED] - Text 'Acer' is set on object 'Object Repository/Contact repository/Page_Opportunities/input status MC'

2020-06-23 14:50:25 - [TEST_STEP][PASSED] - delay(1): Delayed 1 second(s)

2020-06-23 14:50:26 - [MESSAGE][PASSED] - Delayed 1 second(s)

2020-06-23 14:50:26 - [TEST_STEP][PASSED] - sendKeys(findTestObject("Contact repository/Page_Opportunities/input status MC"), Keys.chord(ENTER)): Keys 'ENTER + ' sent to object: 'Object Repository/Contact repository/Page_Opportunities/input status MC'

2020-06-23 14:50:26 - [MESSAGE][PASSED] - Keys 'ENTER + ' sent to object: 'Object Repository/Contact repository/Page_Opportunities/input status MC'

2020-06-23 14:50:26 - [TEST_STEP][PASSED] - click(findTestObject("Contact repository/Page_Opportunities/Configuration")): Object: 'Object Repository/Contact repository/Page_Opportunities/Configuration' is clicked on

2020-06-23 14:50:26 - [MESSAGE][PASSED] - Object: 'Object Repository/Contact repository/Page_Opportunities/Configuration' is clicked on

2020-06-23 14:50:26 - [TEST_STEP][PASSED] - setText(findTestObject("Contact repository/Page_Opportunities/input Configuration"), findTestData("Contact Test Data/D7").getValue(11, 1)): Text 'New' is set on object 'Object Repository/Contact repository/Page_Opportunities/input Configuration'

2020-06-23 14:50:27 - [MESSAGE][PASSED] - Text 'New' is set on object 'Object Repository/Contact repository/Page_Opportunities/input Configuration'

2020-06-23 14:50:27 - [TEST_STEP][PASSED] - delay(1): Delayed 1 second(s)

2020-06-23 14:50:28 - [MESSAGE][PASSED] - Delayed 1 second(s)

2020-06-23 14:50:28 - [TEST_STEP][PASSED] - sendKeys(findTestObject("Contact repository/Page_Opportunities/input Configuration"), Keys.chord(ENTER)): Keys 'ENTER + ' sent to object: 'Object Repository/Contact repository/Page_Opportunities/input Configuration'

2020-06-23 14:50:28 - [MESSAGE][PASSED] - Keys 'ENTER + ' sent to object: 'Object Repository/Contact repository/Page_Opportunities/input Configuration'

2020-06-23 14:50:28 - [TEST_STEP][PASSED] - setText(findTestObject("Contact repository/Page_Opportunities/input_E_listPrice1"), findTestData("Contact Test Data/D7").getValue(12, 1)): Text 'A' is set on object 'Object Repository/Contact repository/Page_Opportunities/input_E_listPrice1'

2020-06-23 14:50:29 - [MESSAGE][PASSED] - Text 'A' is set on object 'Object Repository/Contact repository/Page_Opportunities/input_E_listPrice1'

2020-06-23 14:50:29 - [TEST_STEP][PASSED] - click(findTestObject("Contact repository/Page_Opportunities/button_Save Opportunity")): Object: 'Object Repository/Contact repository/Page_Opportunities/button_Save Opportunity' is clicked on

2020-06-23 14:50:30 - [MESSAGE][PASSED] - Object: 'Object Repository/Contact repository/Page_Opportunities/button_Save Opportunity' is clicked on]]></system-out>
         <system-err><![CDATA[]]></system-err>
      </testcase>
      <system-out><![CDATA[2020-06-23 14:49:43 - [TEST_SUITE][PASSED] - 10: Test Cases/Contact Test Case/14]]></system-out>
      <system-err><![CDATA[]]></system-err>
   </testsuite>
</testsuites>
