<?xml version="1.0" encoding="UTF-8"?>
<testsuites name="14" time="28.075" tests="3" failures="0" errors="0">
   <testsuite name="14" tests="3" failures="0" errors="0" time="28.075" timestamp="2020-06-21 23:19:50" hostname="WIN10 - DESKTOP-0NVCT6K" id="Test Suites/Account Usecase/14">
      <properties>
         <property name="deviceName" value=""/>
         <property name="devicePlatform" value=""/>
         <property name="logFolder" value="C:\\Users\\WIN10\\git\\Best-Project\\Reports\\20200621_231949\\Account Usecase\\14\\20200621_231949"/>
         <property name="logFiles" value="C:\\Users\\WIN10\\git\\Best-Project\\Reports\\20200621_231949\\Account Usecase\\14\\20200621_231949\\execution0.log"/>
         <property name="attachments" value=""/>
         <property name="hostName" value="WIN10 - DESKTOP-0NVCT6K"/>
         <property name="os" value="Windows 10 64bit"/>
         <property name="katalonVersion" value="7.5.2.1"/>
         <property name="browser" value="Chrome 83.0.4103.106"/>
         <property name="hostAddress" value="192.168.1.2"/>
         <property name="sessionId" value="8bab1108e703d47e43f84b9926d78872"/>
         <property name="seleniumVersion" value="3.141.59"/>
         <property name="proxyInformation" value="ProxyInformation { proxyOption=NO_PROXY, proxyServerType=HTTP, username=, password=********, proxyServerAddress=, proxyServerPort=0, executionList=\&quot;\&quot;, isApplyToDesiredCapabilities=true }"/>
         <property name="platform" value="Windows 10"/>
      </properties>
      <testcase name="Test Cases/Account Test Case/1-View the layout information in the List View" time="9.584" classname="Test Cases/Account Test Case/1-View the layout information in the List View" status="PASSED">
         <system-out><![CDATA[2020-06-21 23:19:50 - [TEST_CASE][PASSED] - Test Cases/Account Test Case/1-View the layout information in the List View: Test Cases/Account Test Case/1-View the layout information in the List View

2020-06-21 23:19:51 - [TEST_STEP][PASSED] - openBrowser("http://crmc.opencloud.digital:64216/index.php"): Browser is opened with url: 'http://crmc.opencloud.digital:64216/index.php'

2020-06-21 23:19:51 - [MESSAGE][INFO] - Starting 'Chrome' driver

2020-06-21 23:19:51 - [MESSAGE][INFO] - Action delay is set to 0 milliseconds

2020-06-21 23:19:55 - [MESSAGE][PASSED] - Browser is opened with url: 'http://crmc.opencloud.digital:64216/index.php'

2020-06-21 23:19:55 - [TEST_STEP][PASSED] - maximizeWindow(): Current window maximized

2020-06-21 23:19:57 - [MESSAGE][PASSED] - Current window maximized

2020-06-21 23:19:57 - [TEST_STEP][PASSED] - setText(findTestObject("Account repository/Login/input_User name_username"), findTestData("Account Test Data/D1").getValue(1, 1)): Text 'Admin' is set on object 'Object Repository/Account repository/Login/input_User name_username'

2020-06-21 23:19:58 - [MESSAGE][PASSED] - Text 'Admin' is set on object 'Object Repository/Account repository/Login/input_User name_username'

2020-06-21 23:19:58 - [TEST_STEP][PASSED] - setText(findTestObject("Account repository/Login/input_Password_password"), findTestData("Account Test Data/D1").getValue(2, 1)): Text '1qaz2WSX3edc ' is set on object 'Object Repository/Account repository/Login/input_Password_password'

2020-06-21 23:19:59 - [MESSAGE][PASSED] - Text '1qaz2WSX3edc ' is set on object 'Object Repository/Account repository/Login/input_Password_password'

2020-06-21 23:19:59 - [TEST_STEP][PASSED] - click(findTestObject("Account repository/Login/button_Sign in")): Object: 'Object Repository/Account repository/Login/button_Sign in' is clicked on

2020-06-21 23:20:00 - [MESSAGE][PASSED] - Object: 'Object Repository/Account repository/Login/button_Sign in' is clicked on]]></system-out>
         <system-err><![CDATA[]]></system-err>
      </testcase>
      <testcase name="Test Cases/Account Test Case/5-View the Detail View information" time="11.46" classname="Test Cases/Account Test Case/5-View the Detail View information" status="PASSED">
         <system-out><![CDATA[2020-06-21 23:20:00 - [TEST_CASE][PASSED] - Test Cases/Account Test Case/5-View the Detail View information: Test Cases/Account Test Case/5-View the Detail View information

2020-06-21 23:20:00 - [TEST_STEP][PASSED] - click(findTestObject("Account repository/Page_Home/strong_Accounts")): Object: 'Object Repository/Account repository/Page_Home/strong_Accounts' is clicked on

2020-06-21 23:20:04 - [MESSAGE][PASSED] - Object: 'Object Repository/Account repository/Page_Home/strong_Accounts' is clicked on

2020-06-21 23:20:04 - [TEST_STEP][PASSED] - setText(findTestObject("Account repository/Page_Accounts/Search Account Name"), findTestData("Account Test Data/D4").getValue(1, 1)): Text 'บริษัท วี จี ไอ โกลบอล มีเดีย จำกัด (มหาชน) ' is set on object 'Object Repository/Account repository/Page_Accounts/Search Account Name'

2020-06-21 23:20:05 - [MESSAGE][PASSED] - Text 'บริษัท วี จี ไอ โกลบอล มีเดีย จำกัด (มหาชน) ' is set on object 'Object Repository/Account repository/Page_Accounts/Search Account Name'

2020-06-21 23:20:05 - [TEST_STEP][PASSED] - click(findTestObject("Account repository/Page_Accounts/button_Search")): Object: 'Object Repository/Account repository/Page_Accounts/button_Search' is clicked on

2020-06-21 23:20:05 - [MESSAGE][PASSED] - Object: 'Object Repository/Account repository/Page_Accounts/button_Search' is clicked on

2020-06-21 23:20:05 - [TEST_STEP][PASSED] - click(findTestObject("Account repository/Page_Accounts/click v g o")): Object: 'Object Repository/Account repository/Page_Accounts/click v g o' is clicked on

2020-06-21 23:20:11 - [MESSAGE][PASSED] - Object: 'Object Repository/Account repository/Page_Accounts/click v g o' is clicked on]]></system-out>
         <system-err><![CDATA[]]></system-err>
      </testcase>
      <testcase name="Test Cases/Account Test Case/28" time="6.205" classname="Test Cases/Account Test Case/28" status="PASSED">
         <system-out><![CDATA[2020-06-21 23:20:11 - [TEST_CASE][PASSED] - Test Cases/Account Test Case/28: Test Cases/Account Test Case/28

2020-06-21 23:20:12 - [TEST_STEP][PASSED] - click(findTestObject("Account repository/Page_Accounts Related/a_Sale Entries  1")): Object: 'Object Repository/Account repository/Page_Accounts Related/a_Sale Entries  1' is clicked on

2020-06-21 23:20:13 - [MESSAGE][PASSED] - Object: 'Object Repository/Account repository/Page_Accounts Related/a_Sale Entries  1' is clicked on

2020-06-21 23:20:13 - [TEST_STEP][PASSED] - click(findTestObject("Account repository/Page_Accounts Related/button_Add Sale Entry")): Object: 'Object Repository/Account repository/Page_Accounts Related/button_Add Sale Entry' is clicked on

2020-06-21 23:20:15 - [MESSAGE][PASSED] - Object: 'Object Repository/Account repository/Page_Accounts Related/button_Add Sale Entry' is clicked on

2020-06-21 23:20:15 - [TEST_STEP][PASSED] - click(findTestObject("Account repository/Page_Sale Entry/button_Save")): Object: 'Object Repository/Account repository/Page_Sale Entry/button_Save' is clicked on

2020-06-21 23:20:18 - [MESSAGE][PASSED] - Object: 'Object Repository/Account repository/Page_Sale Entry/button_Save' is clicked on]]></system-out>
         <system-err><![CDATA[]]></system-err>
      </testcase>
      <system-out><![CDATA[2020-06-21 23:19:50 - [TEST_SUITE][PASSED] - 14: Test Cases/Account Test Case/28]]></system-out>
      <system-err><![CDATA[]]></system-err>
   </testsuite>
</testsuites>
