<?xml version="1.0" encoding="UTF-8"?>
<testsuites name="2" time="36.82" tests="4" failures="0" errors="0">
   <testsuite name="2" tests="4" failures="0" errors="0" time="36.82" timestamp="2563-07-03 19:50:16" hostname="ACER - host.docker.internal" id="Test Suites/SalesEntries Usecase/2">
      <properties>
         <property name="deviceName" value=""/>
         <property name="devicePlatform" value=""/>
         <property name="logFolder" value="C:\\Users\\ACER\\git\\Best-Project\\Reports\\25630703_195012\\SalesEntries Usecase\\2\\25630703_195012"/>
         <property name="logFiles" value="C:\\Users\\ACER\\git\\Best-Project\\Reports\\25630703_195012\\SalesEntries Usecase\\2\\25630703_195012\\execution0.log"/>
         <property name="attachments" value=""/>
         <property name="hostName" value="ACER - host.docker.internal"/>
         <property name="os" value="Windows 10 64bit"/>
         <property name="katalonVersion" value="7.5.2.1"/>
         <property name="browser" value="Chrome 83.0.4103.116"/>
         <property name="hostAddress" value="192.168.1.5"/>
         <property name="sessionId" value="0b3600b3f3400fa70fa76eb97accaded"/>
         <property name="seleniumVersion" value="3.141.59"/>
         <property name="proxyInformation" value="ProxyInformation { proxyOption=NO_PROXY, proxyServerType=HTTP, username=, password=********, proxyServerAddress=, proxyServerPort=0, executionList=\&quot;\&quot;, isApplyToDesiredCapabilities=true }"/>
         <property name="platform" value="Windows 10"/>
      </properties>
      <testcase name="Test Cases/SalesEntries Test Case/1" time="22.538" classname="Test Cases/SalesEntries Test Case/1" status="PASSED">
         <system-out><![CDATA[2563-07-03 19:50:17 - [TEST_CASE][PASSED] - Test Cases/SalesEntries Test Case/1: Test Cases/SalesEntries Test Case/1

2563-07-03 19:50:17 - [TEST_STEP][PASSED] - openBrowser("http://crmc.opencloud.digital:64216/index.php"): Browser is opened with url: 'http://crmc.opencloud.digital:64216/index.php'

2563-07-03 19:50:18 - [MESSAGE][INFO] - Starting 'Chrome' driver

2563-07-03 19:50:18 - [MESSAGE][INFO] - Action delay is set to 0 milliseconds

2563-07-03 19:50:25 - [MESSAGE][PASSED] - Browser is opened with url: 'http://crmc.opencloud.digital:64216/index.php'

2563-07-03 19:50:25 - [TEST_STEP][PASSED] - maximizeWindow(): Current window maximized

2563-07-03 19:50:27 - [MESSAGE][PASSED] - Current window maximized

2563-07-03 19:50:27 - [TEST_STEP][PASSED] - setText(findTestObject("Account repository/Login/input_User name_username"), findTestData("SalesEntries Test Data/D1").getValue(1, 1)): Text 'Admin' is set on object 'Object Repository/Account repository/Login/input_User name_username'

2563-07-03 19:50:28 - [MESSAGE][PASSED] - Text 'Admin' is set on object 'Object Repository/Account repository/Login/input_User name_username'

2563-07-03 19:50:28 - [TEST_STEP][PASSED] - setText(findTestObject("Account repository/Login/input_Password_password"), findTestData("SalesEntries Test Data/D1").getValue(2, 1)): Text '1qaz2WSX3edc ' is set on object 'Object Repository/Account repository/Login/input_Password_password'

2563-07-03 19:50:29 - [MESSAGE][PASSED] - Text '1qaz2WSX3edc ' is set on object 'Object Repository/Account repository/Login/input_Password_password'

2563-07-03 19:50:29 - [TEST_STEP][PASSED] - click(findTestObject("Account repository/Login/button_Sign in")): Object: 'Object Repository/Account repository/Login/button_Sign in' is clicked on

2563-07-03 19:50:32 - [MESSAGE][PASSED] - Object: 'Object Repository/Account repository/Login/button_Sign in' is clicked on

2563-07-03 19:50:32 - [TEST_STEP][PASSED] - click(findTestObject("SalesEntries repository/Page_Cases/a_Sale Entry")): Object: 'Object Repository/SalesEntries repository/Page_Cases/a_Sale Entry' is clicked on

2563-07-03 19:50:37 - [MESSAGE][PASSED] - Object: 'Object Repository/SalesEntries repository/Page_Cases/a_Sale Entry' is clicked on

2563-07-03 19:50:37 - [TEST_STEP][PASSED] - delay(2): Delayed 2 second(s)

2563-07-03 19:50:39 - [MESSAGE][PASSED] - Delayed 2 second(s)]]></system-out>
         <system-err><![CDATA[]]></system-err>
      </testcase>
      <testcase name="Test Cases/SalesEntries Test Case/4" time="4.413" classname="Test Cases/SalesEntries Test Case/4" status="PASSED">
         <system-out><![CDATA[2563-07-03 19:50:39 - [TEST_CASE][PASSED] - Test Cases/SalesEntries Test Case/4: Test Cases/SalesEntries Test Case/4

2563-07-03 19:50:39 - [TEST_STEP][PASSED] - click(findTestObject("SalesEntries repository/Page_Sale Entry/button_Add Sale Entry")): Object: 'Object Repository/SalesEntries repository/Page_Sale Entry/button_Add Sale Entry' is clicked on

2563-07-03 19:50:41 - [MESSAGE][PASSED] - Object: 'Object Repository/SalesEntries repository/Page_Sale Entry/button_Add Sale Entry' is clicked on

2563-07-03 19:50:41 - [TEST_STEP][PASSED] - delay(1): Delayed 1 second(s)

2563-07-03 19:50:42 - [MESSAGE][PASSED] - Delayed 1 second(s)

2563-07-03 19:50:42 - [TEST_STEP][PASSED] - click(findTestObject("SalesEntries repository/Page_Sale Entry/button_Save Sale Entry (1)")): Object: 'Object Repository/SalesEntries repository/Page_Sale Entry/button_Save Sale Entry (1)' is clicked on

2563-07-03 19:50:42 - [MESSAGE][PASSED] - Object: 'Object Repository/SalesEntries repository/Page_Sale Entry/button_Save Sale Entry (1)' is clicked on

2563-07-03 19:50:42 - [TEST_STEP][PASSED] - delay(1): Delayed 1 second(s)

2563-07-03 19:50:43 - [MESSAGE][PASSED] - Delayed 1 second(s)]]></system-out>
         <system-err><![CDATA[]]></system-err>
      </testcase>
      <testcase name="Test Cases/SalesEntries Test Case/3" time="2.708" classname="Test Cases/SalesEntries Test Case/3" status="PASSED">
         <system-out><![CDATA[2563-07-03 19:50:43 - [TEST_CASE][PASSED] - Test Cases/SalesEntries Test Case/3: Test Cases/SalesEntries Test Case/3

2563-07-03 19:50:44 - [TEST_STEP][PASSED] - delay(1): Delayed 1 second(s)

2563-07-03 19:50:45 - [MESSAGE][PASSED] - Delayed 1 second(s)

2563-07-03 19:50:45 - [TEST_STEP][PASSED] - click(findTestObject("SalesEntries repository/Page_Sale Entry/button_Save Sale Entry")): Object: 'Object Repository/SalesEntries repository/Page_Sale Entry/button_Save Sale Entry' is clicked on

2563-07-03 19:50:45 - [MESSAGE][PASSED] - Object: 'Object Repository/SalesEntries repository/Page_Sale Entry/button_Save Sale Entry' is clicked on

2563-07-03 19:50:45 - [TEST_STEP][PASSED] - delay(1): Delayed 1 second(s)

2563-07-03 19:50:46 - [MESSAGE][PASSED] - Delayed 1 second(s)]]></system-out>
         <system-err><![CDATA[]]></system-err>
      </testcase>
      <testcase name="Test Cases/SalesEntries Test Case/2" time="5.756" classname="Test Cases/SalesEntries Test Case/2" status="PASSED">
         <system-out><![CDATA[2563-07-03 19:50:46 - [TEST_CASE][PASSED] - Test Cases/SalesEntries Test Case/2: Test Cases/SalesEntries Test Case/2

2563-07-03 19:50:47 - [TEST_STEP][PASSED] - delay(1): Delayed 1 second(s)

2563-07-03 19:50:48 - [MESSAGE][PASSED] - Delayed 1 second(s)

2563-07-03 19:50:48 - [TEST_STEP][PASSED] - setText(findTestObject("SalesEntries repository/Page_Sale Entry/input__saleentries"), findTestData("SalesEntries Test Data/D1").getValue(1, 1)): Text 'Admin' is set on object 'Object Repository/SalesEntries repository/Page_Sale Entry/input__saleentries'

2563-07-03 19:50:48 - [MESSAGE][PASSED] - Text 'Admin' is set on object 'Object Repository/SalesEntries repository/Page_Sale Entry/input__saleentries'

2563-07-03 19:50:48 - [TEST_STEP][PASSED] - click(findTestObject("SalesEntries repository/Page_Sale Entry/button_Save Sale Entry")): Object: 'Object Repository/SalesEntries repository/Page_Sale Entry/button_Save Sale Entry' is clicked on

2563-07-03 19:50:51 - [MESSAGE][PASSED] - Object: 'Object Repository/SalesEntries repository/Page_Sale Entry/button_Save Sale Entry' is clicked on

2563-07-03 19:50:51 - [TEST_STEP][PASSED] - delay(1): Delayed 1 second(s)

2563-07-03 19:50:52 - [MESSAGE][PASSED] - Delayed 1 second(s)]]></system-out>
         <system-err><![CDATA[]]></system-err>
      </testcase>
      <system-out><![CDATA[2563-07-03 19:50:16 - [TEST_SUITE][PASSED] - 2: Test Cases/SalesEntries Test Case/2]]></system-out>
      <system-err><![CDATA[]]></system-err>
   </testsuite>
</testsuites>
