<?xml version="1.0" encoding="UTF-8"?>
<testsuites name="18-Add the Competitor information in Related List" time="39.662" tests="5" failures="0" errors="0">
   <testsuite name="18-Add the Competitor information in Related List" tests="5" failures="0" errors="0" time="39.662" timestamp="2020-06-23 14:23:57" hostname="WIN10 - DESKTOP-0NVCT6K" id="Test Suites/Account Usecase/18-Add the Competitor information in Related List">
      <properties>
         <property name="deviceName" value=""/>
         <property name="devicePlatform" value=""/>
         <property name="logFolder" value="C:\\Users\\WIN10\\git\\Best-Project\\Reports\\20200623_142355\\Account Usecase\\18-Add the Competitor information in Related List\\20200623_142355"/>
         <property name="logFiles" value="C:\\Users\\WIN10\\git\\Best-Project\\Reports\\20200623_142355\\Account Usecase\\18-Add the Competitor information in Related List\\20200623_142355\\execution0.log"/>
         <property name="attachments" value=""/>
         <property name="hostName" value="WIN10 - DESKTOP-0NVCT6K"/>
         <property name="os" value="Windows 10 64bit"/>
         <property name="katalonVersion" value="7.5.2.1"/>
         <property name="browser" value="Chrome 83.0.4103.116"/>
         <property name="hostAddress" value="192.168.1.2"/>
         <property name="sessionId" value="b2c7a49f2f4ecf08861ef227217f167f"/>
         <property name="seleniumVersion" value="3.141.59"/>
         <property name="proxyInformation" value="ProxyInformation { proxyOption=NO_PROXY, proxyServerType=HTTP, username=, password=********, proxyServerAddress=, proxyServerPort=0, executionList=\&quot;\&quot;, isApplyToDesiredCapabilities=true }"/>
         <property name="platform" value="Windows 10"/>
      </properties>
      <testcase name="Test Cases/Account Test Case/1-View the layout information in the List View" time="10.072" classname="Test Cases/Account Test Case/1-View the layout information in the List View" status="PASSED">
         <system-out><![CDATA[2020-06-23 14:23:57 - [TEST_CASE][PASSED] - Test Cases/Account Test Case/1-View the layout information in the List View: Test Cases/Account Test Case/1-View the layout information in the List View

2020-06-23 14:23:57 - [TEST_STEP][PASSED] - openBrowser("http://crmc.opencloud.digital:64216/index.php"): Browser is opened with url: 'http://crmc.opencloud.digital:64216/index.php'

2020-06-23 14:23:57 - [MESSAGE][INFO] - Starting 'Chrome' driver

2020-06-23 14:23:57 - [MESSAGE][INFO] - Action delay is set to 0 milliseconds

2020-06-23 14:24:02 - [MESSAGE][PASSED] - Browser is opened with url: 'http://crmc.opencloud.digital:64216/index.php'

2020-06-23 14:24:02 - [TEST_STEP][PASSED] - maximizeWindow(): Current window maximized

2020-06-23 14:24:05 - [MESSAGE][PASSED] - Current window maximized

2020-06-23 14:24:05 - [TEST_STEP][PASSED] - setText(findTestObject("Account repository/Login/input_User name_username"), findTestData("Account Test Data/D1").getValue(1, 1)): Text 'Admin' is set on object 'Object Repository/Account repository/Login/input_User name_username'

2020-06-23 14:24:05 - [MESSAGE][PASSED] - Text 'Admin' is set on object 'Object Repository/Account repository/Login/input_User name_username'

2020-06-23 14:24:05 - [TEST_STEP][PASSED] - setText(findTestObject("Account repository/Login/input_Password_password"), findTestData("Account Test Data/D1").getValue(2, 1)): Text '1qaz2WSX3edc ' is set on object 'Object Repository/Account repository/Login/input_Password_password'

2020-06-23 14:24:06 - [MESSAGE][PASSED] - Text '1qaz2WSX3edc ' is set on object 'Object Repository/Account repository/Login/input_Password_password'

2020-06-23 14:24:06 - [TEST_STEP][PASSED] - click(findTestObject("Account repository/Login/button_Sign in")): Object: 'Object Repository/Account repository/Login/button_Sign in' is clicked on

2020-06-23 14:24:07 - [MESSAGE][PASSED] - Object: 'Object Repository/Account repository/Login/button_Sign in' is clicked on]]></system-out>
         <system-err><![CDATA[]]></system-err>
      </testcase>
      <testcase name="Test Cases/Account Test Case/5-View the Detail View information" time="10.353" classname="Test Cases/Account Test Case/5-View the Detail View information" status="PASSED">
         <system-out><![CDATA[2020-06-23 14:24:07 - [TEST_CASE][PASSED] - Test Cases/Account Test Case/5-View the Detail View information: Test Cases/Account Test Case/5-View the Detail View information

2020-06-23 14:24:07 - [TEST_STEP][PASSED] - click(findTestObject("Account repository/Page_Home/strong_Accounts")): Object: 'Object Repository/Account repository/Page_Home/strong_Accounts' is clicked on

2020-06-23 14:24:10 - [MESSAGE][PASSED] - Object: 'Object Repository/Account repository/Page_Home/strong_Accounts' is clicked on

2020-06-23 14:24:10 - [TEST_STEP][PASSED] - setText(findTestObject("Account repository/Page_Accounts/Search Account Name"), findTestData("Account Test Data/D4").getValue(1, 1)): Text 'บริษัท วี จี ไอ โกลบอล มีเดีย จำกัด (มหาชน) ' is set on object 'Object Repository/Account repository/Page_Accounts/Search Account Name'

2020-06-23 14:24:11 - [MESSAGE][PASSED] - Text 'บริษัท วี จี ไอ โกลบอล มีเดีย จำกัด (มหาชน) ' is set on object 'Object Repository/Account repository/Page_Accounts/Search Account Name'

2020-06-23 14:24:11 - [TEST_STEP][PASSED] - click(findTestObject("Account repository/Page_Accounts/button_Search")): Object: 'Object Repository/Account repository/Page_Accounts/button_Search' is clicked on

2020-06-23 14:24:12 - [MESSAGE][PASSED] - Object: 'Object Repository/Account repository/Page_Accounts/button_Search' is clicked on

2020-06-23 14:24:12 - [TEST_STEP][PASSED] - click(findTestObject("Account repository/Page_Accounts/click v g o")): Object: 'Object Repository/Account repository/Page_Accounts/click v g o' is clicked on

2020-06-23 14:24:17 - [MESSAGE][PASSED] - Object: 'Object Repository/Account repository/Page_Accounts/click v g o' is clicked on]]></system-out>
         <system-err><![CDATA[]]></system-err>
      </testcase>
      <testcase name="Test Cases/Account Test Case/40-Add the Competitor information in Related List with non information" time="3.129" classname="Test Cases/Account Test Case/40-Add the Competitor information in Related List with non information" status="PASSED">
         <system-out><![CDATA[2020-06-23 14:24:17 - [TEST_CASE][PASSED] - Test Cases/Account Test Case/40-Add the Competitor information in Related List with non information: Test Cases/Account Test Case/40-Add the Competitor information in Related List with non information

2020-06-23 14:24:18 - [TEST_STEP][PASSED] - click(findTestObject("Account repository/Page_Accounts Related/a_Competitors  0")): Object: 'Object Repository/Account repository/Page_Accounts Related/a_Competitors  0' is clicked on

2020-06-23 14:24:18 - [MESSAGE][PASSED] - Object: 'Object Repository/Account repository/Page_Accounts Related/a_Competitors  0' is clicked on

2020-06-23 14:24:18 - [TEST_STEP][PASSED] - click(findTestObject("Account repository/Page_Accounts Related/button_Add Competitor")): Object: 'Object Repository/Account repository/Page_Accounts Related/button_Add Competitor' is clicked on

2020-06-23 14:24:20 - [MESSAGE][PASSED] - Object: 'Object Repository/Account repository/Page_Accounts Related/button_Add Competitor' is clicked on

2020-06-23 14:24:20 - [TEST_STEP][PASSED] - click(findTestObject("Account repository/Page_Competitor/button_Save competitor")): Object: 'Object Repository/Account repository/Page_Competitor/button_Save competitor' is clicked on

2020-06-23 14:24:21 - [MESSAGE][PASSED] - Object: 'Object Repository/Account repository/Page_Competitor/button_Save competitor' is clicked on]]></system-out>
         <system-err><![CDATA[]]></system-err>
      </testcase>
      <testcase name="Test Cases/Account Test Case/39-Add the Competitor information in Related List with invalid information" time="5.186" classname="Test Cases/Account Test Case/39-Add the Competitor information in Related List with invalid information" status="PASSED">
         <system-out><![CDATA[2020-06-23 14:24:21 - [TEST_CASE][PASSED] - Test Cases/Account Test Case/39-Add the Competitor information in Related List with invalid information: Test Cases/Account Test Case/39-Add the Competitor information in Related List with invalid information

2020-06-23 14:24:21 - [TEST_STEP][PASSED] - delay(1): Delayed 1 second(s)

2020-06-23 14:24:22 - [MESSAGE][PASSED] - Delayed 1 second(s)

2020-06-23 14:24:22 - [TEST_STEP][PASSED] - click(findTestObject("Account repository/Page_Competitor/clear competitor")): Object: 'Object Repository/Account repository/Page_Competitor/clear competitor' is clicked on

2020-06-23 14:24:22 - [MESSAGE][PASSED] - Object: 'Object Repository/Account repository/Page_Competitor/clear competitor' is clicked on

2020-06-23 14:24:22 - [TEST_STEP][PASSED] - delay(1): Delayed 1 second(s)

2020-06-23 14:24:23 - [MESSAGE][PASSED] - Delayed 1 second(s)

2020-06-23 14:24:23 - [TEST_STEP][PASSED] - setText(findTestObject("Account repository/Page_Competitor/input__competitor Name"), findTestData("Account Test Data/D21").getValue(1, 1)): Text 'Sun Advice' is set on object 'Object Repository/Account repository/Page_Competitor/input__competitor Name'

2020-06-23 14:24:24 - [MESSAGE][PASSED] - Text 'Sun Advice' is set on object 'Object Repository/Account repository/Page_Competitor/input__competitor Name'

2020-06-23 14:24:24 - [TEST_STEP][PASSED] - click(findTestObject("Account repository/Page_Competitor/company type competitot")): Object: 'Object Repository/Account repository/Page_Competitor/company type competitot' is clicked on

2020-06-23 14:24:24 - [MESSAGE][PASSED] - Object: 'Object Repository/Account repository/Page_Competitor/company type competitot' is clicked on

2020-06-23 14:24:24 - [TEST_STEP][PASSED] - setText(findTestObject("Account repository/Page_Competitor/input company type competitot"), findTestData("Account Test Data/D21").getValue(2, 1)): Text 'Corporate' is set on object 'Object Repository/Account repository/Page_Competitor/input company type competitot'

2020-06-23 14:24:25 - [MESSAGE][PASSED] - Text 'Corporate' is set on object 'Object Repository/Account repository/Page_Competitor/input company type competitot'

2020-06-23 14:24:25 - [TEST_STEP][PASSED] - sendKeys(findTestObject("Account repository/Page_Competitor/input company type competitot"), Keys.chord(ENTER)): Keys 'ENTER + ' sent to object: 'Object Repository/Account repository/Page_Competitor/input company type competitot'

2020-06-23 14:24:25 - [MESSAGE][PASSED] - Keys 'ENTER + ' sent to object: 'Object Repository/Account repository/Page_Competitor/input company type competitot'

2020-06-23 14:24:25 - [TEST_STEP][PASSED] - click(findTestObject("Account repository/Page_Competitor/button_Save competitor")): Object: 'Object Repository/Account repository/Page_Competitor/button_Save competitor' is clicked on

2020-06-23 14:24:26 - [MESSAGE][PASSED] - Object: 'Object Repository/Account repository/Page_Competitor/button_Save competitor' is clicked on]]></system-out>
         <system-err><![CDATA[]]></system-err>
      </testcase>
      <testcase name="Test Cases/Account Test Case/38-Add the Competitor information in Related List with valid information" time="10.007" classname="Test Cases/Account Test Case/38-Add the Competitor information in Related List with valid information" status="PASSED">
         <system-out><![CDATA[2020-06-23 14:24:26 - [TEST_CASE][PASSED] - Test Cases/Account Test Case/38-Add the Competitor information in Related List with valid information: Test Cases/Account Test Case/38-Add the Competitor information in Related List with valid information

2020-06-23 14:24:26 - [TEST_STEP][PASSED] - delay(1): Delayed 1 second(s)

2020-06-23 14:24:27 - [MESSAGE][PASSED] - Delayed 1 second(s)

2020-06-23 14:24:27 - [TEST_STEP][PASSED] - click(findTestObject("Account repository/Page_Competitor/clear competitor")): Object: 'Object Repository/Account repository/Page_Competitor/clear competitor' is clicked on

2020-06-23 14:24:27 - [MESSAGE][PASSED] - Object: 'Object Repository/Account repository/Page_Competitor/clear competitor' is clicked on

2020-06-23 14:24:27 - [TEST_STEP][PASSED] - delay(1): Delayed 1 second(s)

2020-06-23 14:24:28 - [MESSAGE][PASSED] - Delayed 1 second(s)

2020-06-23 14:24:28 - [TEST_STEP][PASSED] - setText(findTestObject("Account repository/Page_Competitor/input__competitor Name"), findTestData("Account Test Data/D21").getValue(1, 1)): Text 'Sun Advice' is set on object 'Object Repository/Account repository/Page_Competitor/input__competitor Name'

2020-06-23 14:24:29 - [MESSAGE][PASSED] - Text 'Sun Advice' is set on object 'Object Repository/Account repository/Page_Competitor/input__competitor Name'

2020-06-23 14:24:29 - [TEST_STEP][PASSED] - click(findTestObject("Account repository/Page_Competitor/company type competitot")): Object: 'Object Repository/Account repository/Page_Competitor/company type competitot' is clicked on

2020-06-23 14:24:29 - [MESSAGE][PASSED] - Object: 'Object Repository/Account repository/Page_Competitor/company type competitot' is clicked on

2020-06-23 14:24:29 - [TEST_STEP][PASSED] - setText(findTestObject("Account repository/Page_Competitor/input company type competitot"), findTestData("Account Test Data/D21").getValue(2, 1)): Text 'Corporate' is set on object 'Object Repository/Account repository/Page_Competitor/input company type competitot'

2020-06-23 14:24:30 - [MESSAGE][PASSED] - Text 'Corporate' is set on object 'Object Repository/Account repository/Page_Competitor/input company type competitot'

2020-06-23 14:24:30 - [TEST_STEP][PASSED] - sendKeys(findTestObject("Account repository/Page_Competitor/input company type competitot"), Keys.chord(ENTER)): Keys 'ENTER + ' sent to object: 'Object Repository/Account repository/Page_Competitor/input company type competitot'

2020-06-23 14:24:31 - [MESSAGE][PASSED] - Keys 'ENTER + ' sent to object: 'Object Repository/Account repository/Page_Competitor/input company type competitot'

2020-06-23 14:24:31 - [TEST_STEP][PASSED] - click(findTestObject("Account repository/Page_Competitor/Product type competitor")): Object: 'Object Repository/Account repository/Page_Competitor/Product type competitor' is clicked on

2020-06-23 14:24:31 - [MESSAGE][PASSED] - Object: 'Object Repository/Account repository/Page_Competitor/Product type competitor' is clicked on

2020-06-23 14:24:31 - [TEST_STEP][PASSED] - setText(findTestObject("Account repository/Page_Competitor/input Product type competitor"), findTestData("Account Test Data/D21").getValue(3, 1)): Text 'Other' is set on object 'Object Repository/Account repository/Page_Competitor/input Product type competitor'

2020-06-23 14:24:32 - [MESSAGE][PASSED] - Text 'Other' is set on object 'Object Repository/Account repository/Page_Competitor/input Product type competitor'

2020-06-23 14:24:32 - [TEST_STEP][PASSED] - sendKeys(findTestObject("Account repository/Page_Competitor/input Product type competitor"), Keys.chord(ENTER)): Keys 'ENTER + ' sent to object: 'Object Repository/Account repository/Page_Competitor/input Product type competitor'

2020-06-23 14:24:33 - [MESSAGE][PASSED] - Keys 'ENTER + ' sent to object: 'Object Repository/Account repository/Page_Competitor/input Product type competitor'

2020-06-23 14:24:33 - [TEST_STEP][PASSED] - click(findTestObject("Account repository/Page_Competitor/Commpetitor brand")): Object: 'Object Repository/Account repository/Page_Competitor/Commpetitor brand' is clicked on

2020-06-23 14:24:33 - [MESSAGE][PASSED] - Object: 'Object Repository/Account repository/Page_Competitor/Commpetitor brand' is clicked on

2020-06-23 14:24:33 - [TEST_STEP][PASSED] - setText(findTestObject("Account repository/Page_Competitor/input Commpetitor brand"), findTestData("Account Test Data/D21").getValue(4, 1)): Text 'Other' is set on object 'Object Repository/Account repository/Page_Competitor/input Commpetitor brand'

2020-06-23 14:24:34 - [MESSAGE][PASSED] - Text 'Other' is set on object 'Object Repository/Account repository/Page_Competitor/input Commpetitor brand'

2020-06-23 14:24:34 - [TEST_STEP][PASSED] - sendKeys(findTestObject("Account repository/Page_Competitor/input Commpetitor brand"), Keys.chord(ENTER)): Keys 'ENTER + ' sent to object: 'Object Repository/Account repository/Page_Competitor/input Commpetitor brand'

2020-06-23 14:24:34 - [MESSAGE][PASSED] - Keys 'ENTER + ' sent to object: 'Object Repository/Account repository/Page_Competitor/input Commpetitor brand'

2020-06-23 14:24:34 - [TEST_STEP][PASSED] - click(findTestObject("Account repository/Page_Competitor/button_Save competitor")): Object: 'Object Repository/Account repository/Page_Competitor/button_Save competitor' is clicked on

2020-06-23 14:24:36 - [MESSAGE][PASSED] - Object: 'Object Repository/Account repository/Page_Competitor/button_Save competitor' is clicked on]]></system-out>
         <system-err><![CDATA[]]></system-err>
      </testcase>
      <system-out><![CDATA[2020-06-23 14:23:57 - [TEST_SUITE][PASSED] - 18-Add the Competitor information in Related List: Test Cases/Account Test Case/38-Add the Competitor information in Related List with valid information]]></system-out>
      <system-err><![CDATA[]]></system-err>
   </testsuite>
</testsuites>
