<?xml version="1.0" encoding="UTF-8"?>
<testsuites name="20" time="30.075" tests="4" failures="0" errors="0">
   <testsuite name="20" tests="4" failures="0" errors="0" time="30.075" timestamp="2020-06-22 10:41:02" hostname="WIN10 - DESKTOP-0NVCT6K" id="Test Suites/Account Usecase/20">
      <properties>
         <property name="deviceName" value=""/>
         <property name="devicePlatform" value=""/>
         <property name="logFolder" value="C:\\Users\\WIN10\\git\\Best-Project\\Reports\\20200622_104100\\Account Usecase\\20\\20200622_104100"/>
         <property name="logFiles" value="C:\\Users\\WIN10\\git\\Best-Project\\Reports\\20200622_104100\\Account Usecase\\20\\20200622_104100\\execution0.log"/>
         <property name="attachments" value=""/>
         <property name="hostName" value="WIN10 - DESKTOP-0NVCT6K"/>
         <property name="os" value="Windows 10 64bit"/>
         <property name="katalonVersion" value="7.5.2.1"/>
         <property name="browser" value="Chrome 83.0.4103.106"/>
         <property name="hostAddress" value="192.168.1.2"/>
         <property name="sessionId" value="22dd4207044e6fba3cef19ae32c746ad"/>
         <property name="seleniumVersion" value="3.141.59"/>
         <property name="proxyInformation" value="ProxyInformation { proxyOption=NO_PROXY, proxyServerType=HTTP, username=, password=********, proxyServerAddress=, proxyServerPort=0, executionList=\&quot;\&quot;, isApplyToDesiredCapabilities=true }"/>
         <property name="platform" value="Windows 10"/>
      </properties>
      <testcase name="Test Cases/Account Test Case/1-View the layout information in the List View" time="9.554" classname="Test Cases/Account Test Case/1-View the layout information in the List View" status="PASSED">
         <system-out><![CDATA[2020-06-22 10:41:02 - [TEST_CASE][PASSED] - Test Cases/Account Test Case/1-View the layout information in the List View: Test Cases/Account Test Case/1-View the layout information in the List View

2020-06-22 10:41:02 - [TEST_STEP][PASSED] - openBrowser("http://crmc.opencloud.digital:64216/index.php"): Browser is opened with url: 'http://crmc.opencloud.digital:64216/index.php'

2020-06-22 10:41:02 - [MESSAGE][INFO] - Starting 'Chrome' driver

2020-06-22 10:41:02 - [MESSAGE][INFO] - Action delay is set to 0 milliseconds

2020-06-22 10:41:07 - [MESSAGE][PASSED] - Browser is opened with url: 'http://crmc.opencloud.digital:64216/index.php'

2020-06-22 10:41:07 - [TEST_STEP][PASSED] - maximizeWindow(): Current window maximized

2020-06-22 10:41:09 - [MESSAGE][PASSED] - Current window maximized

2020-06-22 10:41:09 - [TEST_STEP][PASSED] - setText(findTestObject("Account repository/Login/input_User name_username"), findTestData("Account Test Data/D1").getValue(1, 1)): Text 'Admin' is set on object 'Object Repository/Account repository/Login/input_User name_username'

2020-06-22 10:41:09 - [MESSAGE][PASSED] - Text 'Admin' is set on object 'Object Repository/Account repository/Login/input_User name_username'

2020-06-22 10:41:09 - [TEST_STEP][PASSED] - setText(findTestObject("Account repository/Login/input_Password_password"), findTestData("Account Test Data/D1").getValue(2, 1)): Text '1qaz2WSX3edc ' is set on object 'Object Repository/Account repository/Login/input_Password_password'

2020-06-22 10:41:10 - [MESSAGE][PASSED] - Text '1qaz2WSX3edc ' is set on object 'Object Repository/Account repository/Login/input_Password_password'

2020-06-22 10:41:10 - [TEST_STEP][PASSED] - click(findTestObject("Account repository/Login/button_Sign in")): Object: 'Object Repository/Account repository/Login/button_Sign in' is clicked on

2020-06-22 10:41:11 - [MESSAGE][PASSED] - Object: 'Object Repository/Account repository/Login/button_Sign in' is clicked on]]></system-out>
         <system-err><![CDATA[]]></system-err>
      </testcase>
      <testcase name="Test Cases/Account Test Case/5-View the Detail View information" time="13.41" classname="Test Cases/Account Test Case/5-View the Detail View information" status="PASSED">
         <system-out><![CDATA[2020-06-22 10:41:11 - [TEST_CASE][PASSED] - Test Cases/Account Test Case/5-View the Detail View information: Test Cases/Account Test Case/5-View the Detail View information

2020-06-22 10:41:12 - [TEST_STEP][PASSED] - click(findTestObject("Account repository/Page_Home/strong_Accounts")): Object: 'Object Repository/Account repository/Page_Home/strong_Accounts' is clicked on

2020-06-22 10:41:17 - [MESSAGE][PASSED] - Object: 'Object Repository/Account repository/Page_Home/strong_Accounts' is clicked on

2020-06-22 10:41:17 - [TEST_STEP][PASSED] - setText(findTestObject("Account repository/Page_Accounts/Search Account Name"), findTestData("Account Test Data/D4").getValue(1, 1)): Text 'บริษัท วี จี ไอ โกลบอล มีเดีย จำกัด (มหาชน) ' is set on object 'Object Repository/Account repository/Page_Accounts/Search Account Name'

2020-06-22 10:41:19 - [MESSAGE][PASSED] - Text 'บริษัท วี จี ไอ โกลบอล มีเดีย จำกัด (มหาชน) ' is set on object 'Object Repository/Account repository/Page_Accounts/Search Account Name'

2020-06-22 10:41:19 - [TEST_STEP][PASSED] - click(findTestObject("Account repository/Page_Accounts/button_Search")): Object: 'Object Repository/Account repository/Page_Accounts/button_Search' is clicked on

2020-06-22 10:41:19 - [MESSAGE][PASSED] - Object: 'Object Repository/Account repository/Page_Accounts/button_Search' is clicked on

2020-06-22 10:41:19 - [TEST_STEP][PASSED] - click(findTestObject("Account repository/Page_Accounts/click v g o")): Object: 'Object Repository/Account repository/Page_Accounts/click v g o' is clicked on

2020-06-22 10:41:25 - [MESSAGE][PASSED] - Object: 'Object Repository/Account repository/Page_Accounts/click v g o' is clicked on]]></system-out>
         <system-err><![CDATA[]]></system-err>
      </testcase>
      <testcase name="Test Cases/Account Test Case/45" time="3.339" classname="Test Cases/Account Test Case/45" status="PASSED">
         <system-out><![CDATA[2020-06-22 10:41:25 - [TEST_CASE][PASSED] - Test Cases/Account Test Case/45: Test Cases/Account Test Case/45

2020-06-22 10:41:25 - [TEST_STEP][PASSED] - click(findTestObject("Account repository/Page_Accounts Related/a_Cases  12")): Object: 'Object Repository/Account repository/Page_Accounts Related/a_Cases  12' is clicked on

2020-06-22 10:41:26 - [MESSAGE][PASSED] - Object: 'Object Repository/Account repository/Page_Accounts Related/a_Cases  12' is clicked on

2020-06-22 10:41:26 - [TEST_STEP][PASSED] - click(findTestObject("Account repository/Page_Accounts Related/button_Add Cases")): Object: 'Object Repository/Account repository/Page_Accounts Related/button_Add Cases' is clicked on

2020-06-22 10:41:27 - [MESSAGE][PASSED] - Object: 'Object Repository/Account repository/Page_Accounts Related/button_Add Cases' is clicked on

2020-06-22 10:41:27 - [TEST_STEP][PASSED] - click(findTestObject("Account repository/Page_Cases/button_Save Case top")): Object: 'Object Repository/Account repository/Page_Cases/button_Save Case top' is clicked on

2020-06-22 10:41:28 - [MESSAGE][PASSED] - Object: 'Object Repository/Account repository/Page_Cases/button_Save Case top' is clicked on]]></system-out>
         <system-err><![CDATA[]]></system-err>
      </testcase>
      <testcase name="Test Cases/Account Test Case/43" time="2.959" classname="Test Cases/Account Test Case/43" status="PASSED">
         <system-out><![CDATA[2020-06-22 10:41:28 - [TEST_CASE][PASSED] - Test Cases/Account Test Case/43: Test Cases/Account Test Case/43

2020-06-22 10:41:28 - [TEST_STEP][PASSED] - delay(1): Delayed 1 second(s)

2020-06-22 10:41:29 - [MESSAGE][PASSED] - Delayed 1 second(s)

2020-06-22 10:41:29 - [TEST_STEP][PASSED] - click(findTestObject("Account repository/Page_Cases/clear case")): Object: 'Object Repository/Account repository/Page_Cases/clear case' is clicked on

2020-06-22 10:41:30 - [MESSAGE][PASSED] - Object: 'Object Repository/Account repository/Page_Cases/clear case' is clicked on

2020-06-22 10:41:30 - [TEST_STEP][PASSED] - setText(findTestObject("Account repository/Page_Cases/input__Title case"), findTestData("Account Test Data/D23").getValue(2, 1)): Text 'CRM-C' is set on object 'Object Repository/Account repository/Page_Cases/input__Title case'

2020-06-22 10:41:31 - [MESSAGE][PASSED] - Text 'CRM-C' is set on object 'Object Repository/Account repository/Page_Cases/input__Title case'

2020-06-22 10:41:31 - [TEST_STEP][PASSED] - click(findTestObject("Account repository/Page_Cases/button_Save Case top")): Object: 'Object Repository/Account repository/Page_Cases/button_Save Case top' is clicked on

2020-06-22 10:41:31 - [MESSAGE][PASSED] - Object: 'Object Repository/Account repository/Page_Cases/button_Save Case top' is clicked on]]></system-out>
         <system-err><![CDATA[]]></system-err>
      </testcase>
      <system-out><![CDATA[2020-06-22 10:41:02 - [TEST_SUITE][PASSED] - 20: Test Cases/Account Test Case/43]]></system-out>
      <system-err><![CDATA[]]></system-err>
   </testsuite>
</testsuites>
