<?xml version="1.0" encoding="UTF-8"?>
<testsuites name="10.Add the Activity information to Opportunity" time="77.012" tests="5" failures="0" errors="0">
   <testsuite name="10.Add the Activity information to Opportunity" tests="5" failures="0" errors="0" time="77.012" timestamp="2020-07-13 13:15:26" hostname="WIN10 - DESKTOP-0NVCT6K" id="Test Suites/Opportunity Usecase/10.Add the Activity information to Opportunity">
      <properties>
         <property name="deviceName" value=""/>
         <property name="devicePlatform" value=""/>
         <property name="logFolder" value="C:\\Users\\WIN10\\git\\Best-Project\\Reports\\20200713_131524\\Opportunity Usecase\\10.Add the Activity information to Opportunity\\20200713_131524"/>
         <property name="logFiles" value="C:\\Users\\WIN10\\git\\Best-Project\\Reports\\20200713_131524\\Opportunity Usecase\\10.Add the Activity information to Opportunity\\20200713_131524\\execution0.log"/>
         <property name="attachments" value=""/>
         <property name="hostName" value="WIN10 - DESKTOP-0NVCT6K"/>
         <property name="os" value="Windows 10 64bit"/>
         <property name="katalonVersion" value="7.5.2.1"/>
         <property name="browser" value="Chrome 83.0.4103.116"/>
         <property name="hostAddress" value="192.168.1.2"/>
         <property name="sessionId" value="368e7c0a909c8e1bcba6747f8917aed8"/>
         <property name="seleniumVersion" value="3.141.59"/>
         <property name="proxyInformation" value="ProxyInformation { proxyOption=NO_PROXY, proxyServerType=HTTP, username=, password=********, proxyServerAddress=, proxyServerPort=0, executionList=\&quot;\&quot;, isApplyToDesiredCapabilities=true }"/>
         <property name="platform" value="Windows 10"/>
      </properties>
      <testcase name="Test Cases/Opportunity Test Case/1.View the layout information in the List View" time="16.594" classname="Test Cases/Opportunity Test Case/1.View the layout information in the List View" status="PASSED">
         <system-out><![CDATA[2020-07-13 13:15:26 - [TEST_CASE][PASSED] - Test Cases/Opportunity Test Case/1.View the layout information in the List View: Test Cases/Opportunity Test Case/1.View the layout information in the List View

2020-07-13 13:15:27 - [TEST_STEP][PASSED] - openBrowser("http://crmc.opencloud.digital:64216/index.php"): Browser is opened with url: 'http://crmc.opencloud.digital:64216/index.php'

2020-07-13 13:15:27 - [MESSAGE][INFO] - Starting 'Chrome' driver

2020-07-13 13:15:27 - [MESSAGE][INFO] - Action delay is set to 0 milliseconds

2020-07-13 13:15:31 - [MESSAGE][PASSED] - Browser is opened with url: 'http://crmc.opencloud.digital:64216/index.php'

2020-07-13 13:15:31 - [TEST_STEP][PASSED] - setText(findTestObject("Account repository/Login/input_User name_username"), findTestData("Opportunity Test Data/D1").getValue(1, 1)): Text 'Admin' is set on object 'Object Repository/Account repository/Login/input_User name_username'

2020-07-13 13:15:32 - [MESSAGE][PASSED] - Text 'Admin' is set on object 'Object Repository/Account repository/Login/input_User name_username'

2020-07-13 13:15:32 - [TEST_STEP][PASSED] - setText(findTestObject("Account repository/Login/input_Password_password"), findTestData("Opportunity Test Data/D1").getValue(2, 1)): Text '1qaz2WSX3edc ' is set on object 'Object Repository/Account repository/Login/input_Password_password'

2020-07-13 13:15:33 - [MESSAGE][PASSED] - Text '1qaz2WSX3edc ' is set on object 'Object Repository/Account repository/Login/input_Password_password'

2020-07-13 13:15:33 - [TEST_STEP][PASSED] - click(findTestObject("Account repository/Login/button_Sign in")): Object: 'Object Repository/Account repository/Login/button_Sign in' is clicked on

2020-07-13 13:15:35 - [MESSAGE][PASSED] - Object: 'Object Repository/Account repository/Login/button_Sign in' is clicked on

2020-07-13 13:15:35 - [TEST_STEP][PASSED] - click(findTestObject("Opportunity repository/Page_Home/a_Opportunities")): Object: 'Object Repository/Opportunity repository/Page_Home/a_Opportunities' is clicked on

2020-07-13 13:15:41 - [MESSAGE][PASSED] - Object: 'Object Repository/Opportunity repository/Page_Home/a_Opportunities' is clicked on

2020-07-13 13:15:41 - [TEST_STEP][PASSED] - delay(2): Delayed 2 second(s)

2020-07-13 13:15:43 - [MESSAGE][PASSED] - Delayed 2 second(s)]]></system-out>
         <system-err><![CDATA[]]></system-err>
      </testcase>
      <testcase name="Test Cases/Opportunity Test Case/5.View the Detail View information" time="7.678" classname="Test Cases/Opportunity Test Case/5.View the Detail View information" status="PASSED">
         <system-out><![CDATA[2020-07-13 13:15:43 - [TEST_CASE][PASSED] - Test Cases/Opportunity Test Case/5.View the Detail View information: Test Cases/Opportunity Test Case/5.View the Detail View information

2020-07-13 13:15:43 - [TEST_STEP][PASSED] - setText(findTestObject("Opportunity repository/Page_Opportunities/input_Contact Name_potentialname Search"), findTestData("Opportunity Test Data/D2").getValue(1, 1)): Text 'โครงการนำเสนอPro C751-บจก. ฐานการพิมพ์' is set on object 'Object Repository/Opportunity repository/Page_Opportunities/input_Contact Name_potentialname Search'

2020-07-13 13:15:44 - [MESSAGE][PASSED] - Text 'โครงการนำเสนอPro C751-บจก. ฐานการพิมพ์' is set on object 'Object Repository/Opportunity repository/Page_Opportunities/input_Contact Name_potentialname Search'

2020-07-13 13:15:44 - [TEST_STEP][PASSED] - click(findTestObject("Opportunity repository/Page_Opportunities/button_Search Oppotunity name")): Object: 'Object Repository/Opportunity repository/Page_Opportunities/button_Search Oppotunity name' is clicked on

2020-07-13 13:15:44 - [MESSAGE][PASSED] - Object: 'Object Repository/Opportunity repository/Page_Opportunities/button_Search Oppotunity name' is clicked on

2020-07-13 13:15:44 - [TEST_STEP][PASSED] - click(findTestObject("Opportunity repository/Page_Opportunities/a_Pro C751-")): Object: 'Object Repository/Opportunity repository/Page_Opportunities/a_Pro C751-' is clicked on

2020-07-13 13:15:49 - [MESSAGE][PASSED] - Object: 'Object Repository/Opportunity repository/Page_Opportunities/a_Pro C751-' is clicked on

2020-07-13 13:15:49 - [TEST_STEP][PASSED] - delay(2): Delayed 2 second(s)

2020-07-13 13:15:51 - [MESSAGE][PASSED] - Delayed 2 second(s)]]></system-out>
         <system-err><![CDATA[]]></system-err>
      </testcase>
      <testcase name="Test Cases/Opportunity Test Case/16.Add the Activity information to Opportunity with non information" time="4.315" classname="Test Cases/Opportunity Test Case/16.Add the Activity information to Opportunity with non information" status="PASSED">
         <system-out><![CDATA[2020-07-13 13:15:51 - [TEST_CASE][PASSED] - Test Cases/Opportunity Test Case/16.Add the Activity information to Opportunity with non information: Test Cases/Opportunity Test Case/16.Add the Activity information to Opportunity with non information

2020-07-13 13:15:51 - [TEST_STEP][PASSED] - click(findTestObject("Opportunity repository/Page_Opportunities/button_More opp")): Object: 'Object Repository/Opportunity repository/Page_Opportunities/button_More opp' is clicked on

2020-07-13 13:15:51 - [MESSAGE][PASSED] - Object: 'Object Repository/Opportunity repository/Page_Opportunities/button_More opp' is clicked on

2020-07-13 13:15:51 - [TEST_STEP][PASSED] - click(findTestObject("Opportunity repository/Page_Opportunities/a_Add Activity opp")): Object: 'Object Repository/Opportunity repository/Page_Opportunities/a_Add Activity opp' is clicked on

2020-07-13 13:15:52 - [MESSAGE][PASSED] - Object: 'Object Repository/Opportunity repository/Page_Opportunities/a_Add Activity opp' is clicked on

2020-07-13 13:15:52 - [TEST_STEP][PASSED] - click(findTestObject("Opportunity repository/Page_Calendar/button_Save Activity opp")): Object: 'Object Repository/Opportunity repository/Page_Calendar/button_Save Activity opp' is clicked on

2020-07-13 13:15:53 - [MESSAGE][PASSED] - Object: 'Object Repository/Opportunity repository/Page_Calendar/button_Save Activity opp' is clicked on

2020-07-13 13:15:53 - [TEST_STEP][PASSED] - delay(2): Delayed 2 second(s)

2020-07-13 13:15:55 - [MESSAGE][PASSED] - Delayed 2 second(s)]]></system-out>
         <system-err><![CDATA[]]></system-err>
      </testcase>
      <testcase name="Test Cases/Opportunity Test Case/15.Add the Activity information to Opportunity with invalid information" time="21.482" classname="Test Cases/Opportunity Test Case/15.Add the Activity information to Opportunity with invalid information" status="PASSED">
         <system-out><![CDATA[2020-07-13 13:15:55 - [TEST_CASE][PASSED] - Test Cases/Opportunity Test Case/15.Add the Activity information to Opportunity with invalid information: Test Cases/Opportunity Test Case/15.Add the Activity information to Opportunity with invalid information

2020-07-13 13:15:55 - [TEST_STEP][PASSED] - click(findTestObject("Opportunity repository/Page_Calendar/status result act opp")): Object: 'Object Repository/Opportunity repository/Page_Calendar/status result act opp' is clicked on

2020-07-13 13:15:55 - [MESSAGE][PASSED] - Object: 'Object Repository/Opportunity repository/Page_Calendar/status result act opp' is clicked on

2020-07-13 13:15:55 - [TEST_STEP][PASSED] - click(findTestObject("Opportunity repository/Page_Calendar/assign to act opp")): Object: 'Object Repository/Opportunity repository/Page_Calendar/assign to act opp' is clicked on

2020-07-13 13:15:56 - [MESSAGE][PASSED] - Object: 'Object Repository/Opportunity repository/Page_Calendar/assign to act opp' is clicked on

2020-07-13 13:15:56 - [TEST_STEP][PASSED] - click(findTestObject("Opportunity repository/Page_Calendar/status result act opp")): Object: 'Object Repository/Opportunity repository/Page_Calendar/status result act opp' is clicked on

2020-07-13 13:15:57 - [MESSAGE][PASSED] - Object: 'Object Repository/Opportunity repository/Page_Calendar/status result act opp' is clicked on

2020-07-13 13:15:57 - [TEST_STEP][PASSED] - setText(findTestObject("Opportunity repository/Page_Calendar/input status result act opp"), findTestData("Opportunity Test Data/D7").getValue(12, 1)): Text 'Done' is set on object 'Object Repository/Opportunity repository/Page_Calendar/input status result act opp'

2020-07-13 13:15:58 - [MESSAGE][PASSED] - Text 'Done' is set on object 'Object Repository/Opportunity repository/Page_Calendar/input status result act opp'

2020-07-13 13:15:58 - [TEST_STEP][PASSED] - sendKeys(findTestObject("Opportunity repository/Page_Calendar/input status result act opp"), Keys.chord(ENTER)): Keys 'ENTER + ' sent to object: 'Object Repository/Opportunity repository/Page_Calendar/input status result act opp'

2020-07-13 13:15:59 - [MESSAGE][PASSED] - Keys 'ENTER + ' sent to object: 'Object Repository/Opportunity repository/Page_Calendar/input status result act opp'

2020-07-13 13:15:59 - [TEST_STEP][PASSED] - click(findTestObject("Opportunity repository/Page_Calendar/assign to act opp")): Object: 'Object Repository/Opportunity repository/Page_Calendar/assign to act opp' is clicked on

2020-07-13 13:15:59 - [MESSAGE][PASSED] - Object: 'Object Repository/Opportunity repository/Page_Calendar/assign to act opp' is clicked on

2020-07-13 13:15:59 - [TEST_STEP][PASSED] - setText(findTestObject("Opportunity repository/Page_Calendar/input assign to act opp"), findTestData("Opportunity Test Data/D7").getValue(3, 1)): Text 'RIS System' is set on object 'Object Repository/Opportunity repository/Page_Calendar/input assign to act opp'

2020-07-13 13:16:00 - [MESSAGE][PASSED] - Text 'RIS System' is set on object 'Object Repository/Opportunity repository/Page_Calendar/input assign to act opp'

2020-07-13 13:16:00 - [TEST_STEP][PASSED] - sendKeys(findTestObject("Opportunity repository/Page_Calendar/input assign to act opp"), Keys.chord(ENTER)): Keys 'ENTER + ' sent to object: 'Object Repository/Opportunity repository/Page_Calendar/input assign to act opp'

2020-07-13 13:16:01 - [MESSAGE][PASSED] - Keys 'ENTER + ' sent to object: 'Object Repository/Opportunity repository/Page_Calendar/input assign to act opp'

2020-07-13 13:16:01 - [TEST_STEP][PASSED] - click(findTestObject("Opportunity repository/Page_Calendar/sale type act opp")): Object: 'Object Repository/Opportunity repository/Page_Calendar/sale type act opp' is clicked on

2020-07-13 13:16:01 - [MESSAGE][PASSED] - Object: 'Object Repository/Opportunity repository/Page_Calendar/sale type act opp' is clicked on

2020-07-13 13:16:01 - [TEST_STEP][PASSED] - setText(findTestObject("Opportunity repository/Page_Calendar/input sale type act opp"), findTestData("Opportunity Test Data/D7").getValue(4, 1)): Text 'Pre-Sales' is set on object 'Object Repository/Opportunity repository/Page_Calendar/input sale type act opp'

2020-07-13 13:16:02 - [MESSAGE][PASSED] - Text 'Pre-Sales' is set on object 'Object Repository/Opportunity repository/Page_Calendar/input sale type act opp'

2020-07-13 13:16:02 - [TEST_STEP][PASSED] - sendKeys(findTestObject("Opportunity repository/Page_Calendar/input sale type act opp"), Keys.chord(ENTER)): Keys 'ENTER + ' sent to object: 'Object Repository/Opportunity repository/Page_Calendar/input sale type act opp'

2020-07-13 13:16:03 - [MESSAGE][PASSED] - Keys 'ENTER + ' sent to object: 'Object Repository/Opportunity repository/Page_Calendar/input sale type act opp'

2020-07-13 13:16:03 - [TEST_STEP][PASSED] - setText(findTestObject("Opportunity repository/Page_Calendar/input__date_start act opp"), "test"): Text 'test' is set on object 'Object Repository/Opportunity repository/Page_Calendar/input__date_start act opp'

2020-07-13 13:16:04 - [MESSAGE][PASSED] - Text 'test' is set on object 'Object Repository/Opportunity repository/Page_Calendar/input__date_start act opp'

2020-07-13 13:16:04 - [TEST_STEP][PASSED] - delay(1): Delayed 1 second(s)

2020-07-13 13:16:05 - [MESSAGE][PASSED] - Delayed 1 second(s)

2020-07-13 13:16:05 - [TEST_STEP][PASSED] - setText(findTestObject("Opportunity repository/Page_Calendar/input__date_start act opp"), findTestData("Opportunity Test Data/D7").getValue(7, 1)): Text '11/02/20' is set on object 'Object Repository/Opportunity repository/Page_Calendar/input__date_start act opp'

2020-07-13 13:16:06 - [MESSAGE][PASSED] - Text '11/02/20' is set on object 'Object Repository/Opportunity repository/Page_Calendar/input__date_start act opp'

2020-07-13 13:16:06 - [TEST_STEP][PASSED] - setText(findTestObject("Opportunity repository/Page_Calendar/input__time_start act opp"), findTestData("Opportunity Test Data/D7").getValue(8, 1)): Text '03:19 PM' is set on object 'Object Repository/Opportunity repository/Page_Calendar/input__time_start act opp'

2020-07-13 13:16:07 - [MESSAGE][PASSED] - Text '03:19 PM' is set on object 'Object Repository/Opportunity repository/Page_Calendar/input__time_start act opp'

2020-07-13 13:16:07 - [TEST_STEP][PASSED] - setText(findTestObject("Opportunity repository/Page_Calendar/input__due_date act opp"), findTestData("Opportunity Test Data/D7").getValue(9, 1)): Text '11/02/2020' is set on object 'Object Repository/Opportunity repository/Page_Calendar/input__due_date act opp'

2020-07-13 13:16:07 - [MESSAGE][PASSED] - Text '11/02/2020' is set on object 'Object Repository/Opportunity repository/Page_Calendar/input__due_date act opp'

2020-07-13 13:16:07 - [TEST_STEP][PASSED] - setText(findTestObject("Opportunity repository/Page_Calendar/input__time_end act opp"), findTestData("Opportunity Test Data/D7").getValue(10, 1)): Text '03:24 PM' is set on object 'Object Repository/Opportunity repository/Page_Calendar/input__time_end act opp'

2020-07-13 13:16:09 - [MESSAGE][PASSED] - Text '03:24 PM' is set on object 'Object Repository/Opportunity repository/Page_Calendar/input__time_end act opp'

2020-07-13 13:16:09 - [TEST_STEP][PASSED] - delay(1): Delayed 1 second(s)

2020-07-13 13:16:10 - [MESSAGE][PASSED] - Delayed 1 second(s)

2020-07-13 13:16:10 - [TEST_STEP][PASSED] - click(findTestObject("Opportunity repository/Page_Calendar/product group act opp")): Object: 'Object Repository/Opportunity repository/Page_Calendar/product group act opp' is clicked on

2020-07-13 13:16:10 - [MESSAGE][PASSED] - Object: 'Object Repository/Opportunity repository/Page_Calendar/product group act opp' is clicked on

2020-07-13 13:16:10 - [TEST_STEP][PASSED] - setText(findTestObject("Opportunity repository/Page_Calendar/input product group act opp"), "No Product"): Text 'No Product' is set on object 'Object Repository/Opportunity repository/Page_Calendar/input product group act opp'

2020-07-13 13:16:11 - [MESSAGE][PASSED] - Text 'No Product' is set on object 'Object Repository/Opportunity repository/Page_Calendar/input product group act opp'

2020-07-13 13:16:11 - [TEST_STEP][PASSED] - sendKeys(findTestObject("Opportunity repository/Page_Calendar/input product group act opp"), Keys.chord(ENTER)): Keys 'ENTER + ' sent to object: 'Object Repository/Opportunity repository/Page_Calendar/input product group act opp'

2020-07-13 13:16:11 - [MESSAGE][PASSED] - Keys 'ENTER + ' sent to object: 'Object Repository/Opportunity repository/Page_Calendar/input product group act opp'

2020-07-13 13:16:11 - [TEST_STEP][PASSED] - click(findTestObject("Opportunity repository/Page_Calendar/show time as act opp")): Object: 'Object Repository/Opportunity repository/Page_Calendar/show time as act opp' is clicked on

2020-07-13 13:16:12 - [MESSAGE][PASSED] - Object: 'Object Repository/Opportunity repository/Page_Calendar/show time as act opp' is clicked on

2020-07-13 13:16:12 - [TEST_STEP][PASSED] - setText(findTestObject("Opportunity repository/Page_Calendar/input show time as act opp"), findTestData("Opportunity Test Data/D7").getValue(13, 1)): Text 'Out of Office' is set on object 'Object Repository/Opportunity repository/Page_Calendar/input show time as act opp'

2020-07-13 13:16:13 - [MESSAGE][PASSED] - Text 'Out of Office' is set on object 'Object Repository/Opportunity repository/Page_Calendar/input show time as act opp'

2020-07-13 13:16:13 - [TEST_STEP][PASSED] - sendKeys(findTestObject("Opportunity repository/Page_Calendar/input show time as act opp"), Keys.chord(ENTER)): Keys 'ENTER + ' sent to object: 'Object Repository/Opportunity repository/Page_Calendar/input show time as act opp'

2020-07-13 13:16:13 - [MESSAGE][PASSED] - Keys 'ENTER + ' sent to object: 'Object Repository/Opportunity repository/Page_Calendar/input show time as act opp'

2020-07-13 13:16:13 - [TEST_STEP][PASSED] - setText(findTestObject("Opportunity repository/Page_Calendar/textarea__description act opp"), findTestData("Opportunity Test Data/D7").getValue(14, 1)): Text 'Anatomy of Ultraman' is set on object 'Object Repository/Opportunity repository/Page_Calendar/textarea__description act opp'

2020-07-13 13:16:14 - [MESSAGE][PASSED] - Text 'Anatomy of Ultraman' is set on object 'Object Repository/Opportunity repository/Page_Calendar/textarea__description act opp'

2020-07-13 13:16:14 - [TEST_STEP][PASSED] - click(findTestObject("Opportunity repository/Page_Calendar/button_Save Activity opp")): Object: 'Object Repository/Opportunity repository/Page_Calendar/button_Save Activity opp' is clicked on

2020-07-13 13:16:14 - [MESSAGE][PASSED] - Object: 'Object Repository/Opportunity repository/Page_Calendar/button_Save Activity opp' is clicked on

2020-07-13 13:16:14 - [TEST_STEP][PASSED] - delay(2): Delayed 2 second(s)

2020-07-13 13:16:16 - [MESSAGE][PASSED] - Delayed 2 second(s)]]></system-out>
         <system-err><![CDATA[]]></system-err>
      </testcase>
      <testcase name="Test Cases/Opportunity Test Case/14.Add the Activity information to Opportunity with valid information" time="26.04" classname="Test Cases/Opportunity Test Case/14.Add the Activity information to Opportunity with valid information" status="PASSED">
         <system-out><![CDATA[2020-07-13 13:16:16 - [TEST_CASE][PASSED] - Test Cases/Opportunity Test Case/14.Add the Activity information to Opportunity with valid information: Test Cases/Opportunity Test Case/14.Add the Activity information to Opportunity with valid information

2020-07-13 13:16:17 - [TEST_STEP][PASSED] - click(findTestObject("Opportunity repository/Page_Calendar/act type opp")): Object: 'Object Repository/Opportunity repository/Page_Calendar/act type opp' is clicked on

2020-07-13 13:16:17 - [MESSAGE][PASSED] - Object: 'Object Repository/Opportunity repository/Page_Calendar/act type opp' is clicked on

2020-07-13 13:16:17 - [TEST_STEP][PASSED] - setText(findTestObject("Opportunity repository/Page_Calendar/input act type opp"), findTestData("Opportunity Test Data/D7").getValue(2, 1)): Text 'Call' is set on object 'Object Repository/Opportunity repository/Page_Calendar/input act type opp'

2020-07-13 13:16:18 - [MESSAGE][PASSED] - Text 'Call' is set on object 'Object Repository/Opportunity repository/Page_Calendar/input act type opp'

2020-07-13 13:16:18 - [TEST_STEP][PASSED] - sendKeys(findTestObject("Opportunity repository/Page_Calendar/input act type opp"), Keys.chord(ENTER)): Keys 'ENTER + ' sent to object: 'Object Repository/Opportunity repository/Page_Calendar/input act type opp'

2020-07-13 13:16:19 - [MESSAGE][PASSED] - Keys 'ENTER + ' sent to object: 'Object Repository/Opportunity repository/Page_Calendar/input act type opp'

2020-07-13 13:16:19 - [TEST_STEP][PASSED] - click(findTestObject("Opportunity repository/Page_Calendar/assign to act opp")): Object: 'Object Repository/Opportunity repository/Page_Calendar/assign to act opp' is clicked on

2020-07-13 13:16:19 - [MESSAGE][PASSED] - Object: 'Object Repository/Opportunity repository/Page_Calendar/assign to act opp' is clicked on

2020-07-13 13:16:19 - [TEST_STEP][PASSED] - setText(findTestObject("Opportunity repository/Page_Calendar/input assign to act opp"), findTestData("Opportunity Test Data/D7").getValue(3, 1)): Text 'RIS System' is set on object 'Object Repository/Opportunity repository/Page_Calendar/input assign to act opp'

2020-07-13 13:16:20 - [MESSAGE][PASSED] - Text 'RIS System' is set on object 'Object Repository/Opportunity repository/Page_Calendar/input assign to act opp'

2020-07-13 13:16:20 - [TEST_STEP][PASSED] - sendKeys(findTestObject("Opportunity repository/Page_Calendar/input assign to act opp"), Keys.chord(ENTER)): Keys 'ENTER + ' sent to object: 'Object Repository/Opportunity repository/Page_Calendar/input assign to act opp'

2020-07-13 13:16:21 - [MESSAGE][PASSED] - Keys 'ENTER + ' sent to object: 'Object Repository/Opportunity repository/Page_Calendar/input assign to act opp'

2020-07-13 13:16:21 - [TEST_STEP][PASSED] - click(findTestObject("Opportunity repository/Page_Calendar/sale type act opp")): Object: 'Object Repository/Opportunity repository/Page_Calendar/sale type act opp' is clicked on

2020-07-13 13:16:21 - [MESSAGE][PASSED] - Object: 'Object Repository/Opportunity repository/Page_Calendar/sale type act opp' is clicked on

2020-07-13 13:16:21 - [TEST_STEP][PASSED] - setText(findTestObject("Opportunity repository/Page_Calendar/input sale type act opp"), findTestData("Opportunity Test Data/D7").getValue(4, 1)): Text 'Pre-Sales' is set on object 'Object Repository/Opportunity repository/Page_Calendar/input sale type act opp'

2020-07-13 13:16:22 - [MESSAGE][PASSED] - Text 'Pre-Sales' is set on object 'Object Repository/Opportunity repository/Page_Calendar/input sale type act opp'

2020-07-13 13:16:22 - [TEST_STEP][PASSED] - sendKeys(findTestObject("Opportunity repository/Page_Calendar/input sale type act opp"), Keys.chord(ENTER)): Keys 'ENTER + ' sent to object: 'Object Repository/Opportunity repository/Page_Calendar/input sale type act opp'

2020-07-13 13:16:23 - [MESSAGE][PASSED] - Keys 'ENTER + ' sent to object: 'Object Repository/Opportunity repository/Page_Calendar/input sale type act opp'

2020-07-13 13:16:23 - [TEST_STEP][PASSED] - setText(findTestObject("Opportunity repository/Page_Calendar/input__date_start act opp"), findTestData("Opportunity Test Data/D7").getValue(7, 1)): Text '11/02/20' is set on object 'Object Repository/Opportunity repository/Page_Calendar/input__date_start act opp'

2020-07-13 13:16:24 - [MESSAGE][PASSED] - Text '11/02/20' is set on object 'Object Repository/Opportunity repository/Page_Calendar/input__date_start act opp'

2020-07-13 13:16:24 - [TEST_STEP][PASSED] - setText(findTestObject("Opportunity repository/Page_Calendar/input__time_start act opp"), findTestData("Opportunity Test Data/D7").getValue(8, 1)): Text '03:19 PM' is set on object 'Object Repository/Opportunity repository/Page_Calendar/input__time_start act opp'

2020-07-13 13:16:25 - [MESSAGE][PASSED] - Text '03:19 PM' is set on object 'Object Repository/Opportunity repository/Page_Calendar/input__time_start act opp'

2020-07-13 13:16:25 - [TEST_STEP][PASSED] - setText(findTestObject("Opportunity repository/Page_Calendar/input__due_date act opp"), findTestData("Opportunity Test Data/D7").getValue(9, 1)): Text '11/02/2020' is set on object 'Object Repository/Opportunity repository/Page_Calendar/input__due_date act opp'

2020-07-13 13:16:26 - [MESSAGE][PASSED] - Text '11/02/2020' is set on object 'Object Repository/Opportunity repository/Page_Calendar/input__due_date act opp'

2020-07-13 13:16:26 - [TEST_STEP][PASSED] - setText(findTestObject("Opportunity repository/Page_Calendar/input__time_end act opp"), findTestData("Opportunity Test Data/D7").getValue(10, 1)): Text '03:24 PM' is set on object 'Object Repository/Opportunity repository/Page_Calendar/input__time_end act opp'

2020-07-13 13:16:27 - [MESSAGE][PASSED] - Text '03:24 PM' is set on object 'Object Repository/Opportunity repository/Page_Calendar/input__time_end act opp'

2020-07-13 13:16:27 - [TEST_STEP][PASSED] - click(findTestObject("Opportunity repository/Page_Calendar/input__subject act opp")): Object: 'Object Repository/Opportunity repository/Page_Calendar/input__subject act opp' is clicked on

2020-07-13 13:16:27 - [MESSAGE][PASSED] - Object: 'Object Repository/Opportunity repository/Page_Calendar/input__subject act opp' is clicked on

2020-07-13 13:16:27 - [TEST_STEP][PASSED] - setText(findTestObject("Opportunity repository/Page_Calendar/input__subject act opp"), findTestData("Opportunity Test Data/D7").getValue(1, 1)): Text 'Anatomy' is set on object 'Object Repository/Opportunity repository/Page_Calendar/input__subject act opp'

2020-07-13 13:16:28 - [MESSAGE][PASSED] - Text 'Anatomy' is set on object 'Object Repository/Opportunity repository/Page_Calendar/input__subject act opp'

2020-07-13 13:16:28 - [TEST_STEP][PASSED] - delay(1): Delayed 1 second(s)

2020-07-13 13:16:29 - [MESSAGE][PASSED] - Delayed 1 second(s)

2020-07-13 13:16:29 - [TEST_STEP][PASSED] - click(findTestObject("Opportunity repository/Page_Calendar/status result act opp")): Object: 'Object Repository/Opportunity repository/Page_Calendar/status result act opp' is clicked on

2020-07-13 13:16:30 - [MESSAGE][PASSED] - Object: 'Object Repository/Opportunity repository/Page_Calendar/status result act opp' is clicked on

2020-07-13 13:16:30 - [TEST_STEP][PASSED] - setText(findTestObject("Opportunity repository/Page_Calendar/input status result act opp"), findTestData("Opportunity Test Data/D7").getValue(12, 1)): Text 'Done' is set on object 'Object Repository/Opportunity repository/Page_Calendar/input status result act opp'

2020-07-13 13:16:30 - [MESSAGE][PASSED] - Text 'Done' is set on object 'Object Repository/Opportunity repository/Page_Calendar/input status result act opp'

2020-07-13 13:16:30 - [TEST_STEP][PASSED] - sendKeys(findTestObject("Opportunity repository/Page_Calendar/input status result act opp"), Keys.chord(ENTER)): Keys 'ENTER + ' sent to object: 'Object Repository/Opportunity repository/Page_Calendar/input status result act opp'

2020-07-13 13:16:31 - [MESSAGE][PASSED] - Keys 'ENTER + ' sent to object: 'Object Repository/Opportunity repository/Page_Calendar/input status result act opp'

2020-07-13 13:16:31 - [TEST_STEP][PASSED] - click(findTestObject("Opportunity repository/Page_Calendar/searct contact name act opp")): Object: 'Object Repository/Opportunity repository/Page_Calendar/searct contact name act opp' is clicked on

2020-07-13 13:16:31 - [MESSAGE][PASSED] - Object: 'Object Repository/Opportunity repository/Page_Calendar/searct contact name act opp' is clicked on

2020-07-13 13:16:31 - [TEST_STEP][PASSED] - switchToWindowTitle("Contacts"): Switched to window with title: 'Contacts'

2020-07-13 13:16:33 - [MESSAGE][PASSED] - Switched to window with title: 'Contacts'

2020-07-13 13:16:33 - [TEST_STEP][PASSED] - click(findTestObject("Opportunity repository/Page_Contacts/a_ act contact name")): Object: 'Object Repository/Opportunity repository/Page_Contacts/a_ act contact name' is clicked on

2020-07-13 13:16:34 - [MESSAGE][PASSED] - Object: 'Object Repository/Opportunity repository/Page_Contacts/a_ act contact name' is clicked on

2020-07-13 13:16:34 - [TEST_STEP][PASSED] - switchToDefaultContent(): null

2020-07-13 13:16:36 - [TEST_STEP][PASSED] - click(findTestObject("Opportunity repository/Page_Calendar/product group act opp")): Object: 'Object Repository/Opportunity repository/Page_Calendar/product group act opp' is clicked on

2020-07-13 13:16:36 - [MESSAGE][PASSED] - Object: 'Object Repository/Opportunity repository/Page_Calendar/product group act opp' is clicked on

2020-07-13 13:16:36 - [TEST_STEP][PASSED] - setText(findTestObject("Opportunity repository/Page_Calendar/input product group act opp"), "No Product"): Text 'No Product' is set on object 'Object Repository/Opportunity repository/Page_Calendar/input product group act opp'

2020-07-13 13:16:37 - [MESSAGE][PASSED] - Text 'No Product' is set on object 'Object Repository/Opportunity repository/Page_Calendar/input product group act opp'

2020-07-13 13:16:37 - [TEST_STEP][PASSED] - sendKeys(findTestObject("Opportunity repository/Page_Calendar/input product group act opp"), Keys.chord(ENTER)): Keys 'ENTER + ' sent to object: 'Object Repository/Opportunity repository/Page_Calendar/input product group act opp'

2020-07-13 13:16:38 - [MESSAGE][PASSED] - Keys 'ENTER + ' sent to object: 'Object Repository/Opportunity repository/Page_Calendar/input product group act opp'

2020-07-13 13:16:38 - [TEST_STEP][PASSED] - click(findTestObject("Opportunity repository/Page_Calendar/show time as act opp")): Object: 'Object Repository/Opportunity repository/Page_Calendar/show time as act opp' is clicked on

2020-07-13 13:16:38 - [MESSAGE][PASSED] - Object: 'Object Repository/Opportunity repository/Page_Calendar/show time as act opp' is clicked on

2020-07-13 13:16:38 - [TEST_STEP][PASSED] - setText(findTestObject("Opportunity repository/Page_Calendar/input show time as act opp"), findTestData("Opportunity Test Data/D7").getValue(13, 1)): Text 'Out of Office' is set on object 'Object Repository/Opportunity repository/Page_Calendar/input show time as act opp'

2020-07-13 13:16:39 - [MESSAGE][PASSED] - Text 'Out of Office' is set on object 'Object Repository/Opportunity repository/Page_Calendar/input show time as act opp'

2020-07-13 13:16:39 - [TEST_STEP][PASSED] - sendKeys(findTestObject("Opportunity repository/Page_Calendar/input show time as act opp"), Keys.chord(ENTER)): Keys 'ENTER + ' sent to object: 'Object Repository/Opportunity repository/Page_Calendar/input show time as act opp'

2020-07-13 13:16:39 - [MESSAGE][PASSED] - Keys 'ENTER + ' sent to object: 'Object Repository/Opportunity repository/Page_Calendar/input show time as act opp'

2020-07-13 13:16:39 - [TEST_STEP][PASSED] - setText(findTestObject("Opportunity repository/Page_Calendar/textarea__description act opp"), findTestData("Opportunity Test Data/D7").getValue(14, 1)): Text 'Anatomy of Ultraman' is set on object 'Object Repository/Opportunity repository/Page_Calendar/textarea__description act opp'

2020-07-13 13:16:40 - [MESSAGE][PASSED] - Text 'Anatomy of Ultraman' is set on object 'Object Repository/Opportunity repository/Page_Calendar/textarea__description act opp'

2020-07-13 13:16:40 - [TEST_STEP][PASSED] - click(findTestObject("Opportunity repository/Page_Calendar/button_Save Activity opp")): Object: 'Object Repository/Opportunity repository/Page_Calendar/button_Save Activity opp' is clicked on

2020-07-13 13:16:42 - [MESSAGE][PASSED] - Object: 'Object Repository/Opportunity repository/Page_Calendar/button_Save Activity opp' is clicked on]]></system-out>
         <system-err><![CDATA[]]></system-err>
      </testcase>
      <system-out><![CDATA[2020-07-13 13:15:26 - [TEST_SUITE][PASSED] - 10.Add the Activity information to Opportunity: Test Cases/Opportunity Test Case/14.Add the Activity information to Opportunity with valid information]]></system-out>
      <system-err><![CDATA[]]></system-err>
   </testsuite>
</testsuites>
