<?xml version="1.0" encoding="UTF-8"?>
<testsuites name="13.Add the Line Item information in Related List" time="47.219" tests="5" failures="0" errors="0">
   <testsuite name="13.Add the Line Item information in Related List" tests="5" failures="0" errors="0" time="47.219" timestamp="2020-07-13 13:33:23" hostname="WIN10 - DESKTOP-0NVCT6K" id="Test Suites/Opportunity Usecase/13.Add the Line Item information in Related List">
      <properties>
         <property name="deviceName" value=""/>
         <property name="devicePlatform" value=""/>
         <property name="logFolder" value="C:\\Users\\WIN10\\git\\Best-Project\\Reports\\20200713_133322\\Opportunity Usecase\\13.Add the Line Item information in Related List\\20200713_133322"/>
         <property name="logFiles" value="C:\\Users\\WIN10\\git\\Best-Project\\Reports\\20200713_133322\\Opportunity Usecase\\13.Add the Line Item information in Related List\\20200713_133322\\execution0.log"/>
         <property name="attachments" value=""/>
         <property name="hostName" value="WIN10 - DESKTOP-0NVCT6K"/>
         <property name="os" value="Windows 10 64bit"/>
         <property name="katalonVersion" value="7.5.2.1"/>
         <property name="browser" value="Chrome 83.0.4103.116"/>
         <property name="hostAddress" value="192.168.1.2"/>
         <property name="sessionId" value="49c39faba291e9cca936ec174c4156fc"/>
         <property name="seleniumVersion" value="3.141.59"/>
         <property name="proxyInformation" value="ProxyInformation { proxyOption=NO_PROXY, proxyServerType=HTTP, username=, password=********, proxyServerAddress=, proxyServerPort=0, executionList=\&quot;\&quot;, isApplyToDesiredCapabilities=true }"/>
         <property name="platform" value="Windows 10"/>
      </properties>
      <testcase name="Test Cases/Opportunity Test Case/1.View the layout information in the List View" time="16.605" classname="Test Cases/Opportunity Test Case/1.View the layout information in the List View" status="PASSED">
         <system-out><![CDATA[2020-07-13 13:33:24 - [TEST_CASE][PASSED] - Test Cases/Opportunity Test Case/1.View the layout information in the List View: Test Cases/Opportunity Test Case/1.View the layout information in the List View

2020-07-13 13:33:24 - [TEST_STEP][PASSED] - openBrowser("http://crmc.opencloud.digital:64216/index.php"): Browser is opened with url: 'http://crmc.opencloud.digital:64216/index.php'

2020-07-13 13:33:24 - [MESSAGE][INFO] - Starting 'Chrome' driver

2020-07-13 13:33:24 - [MESSAGE][INFO] - Action delay is set to 0 milliseconds

2020-07-13 13:33:29 - [MESSAGE][PASSED] - Browser is opened with url: 'http://crmc.opencloud.digital:64216/index.php'

2020-07-13 13:33:29 - [TEST_STEP][PASSED] - setText(findTestObject("Account repository/Login/input_User name_username"), findTestData("Opportunity Test Data/D1").getValue(1, 1)): Text 'Admin' is set on object 'Object Repository/Account repository/Login/input_User name_username'

2020-07-13 13:33:30 - [MESSAGE][PASSED] - Text 'Admin' is set on object 'Object Repository/Account repository/Login/input_User name_username'

2020-07-13 13:33:30 - [TEST_STEP][PASSED] - setText(findTestObject("Account repository/Login/input_Password_password"), findTestData("Opportunity Test Data/D1").getValue(2, 1)): Text '1qaz2WSX3edc ' is set on object 'Object Repository/Account repository/Login/input_Password_password'

2020-07-13 13:33:30 - [MESSAGE][PASSED] - Text '1qaz2WSX3edc ' is set on object 'Object Repository/Account repository/Login/input_Password_password'

2020-07-13 13:33:30 - [TEST_STEP][PASSED] - click(findTestObject("Account repository/Login/button_Sign in")): Object: 'Object Repository/Account repository/Login/button_Sign in' is clicked on

2020-07-13 13:33:32 - [MESSAGE][PASSED] - Object: 'Object Repository/Account repository/Login/button_Sign in' is clicked on

2020-07-13 13:33:32 - [TEST_STEP][PASSED] - click(findTestObject("Opportunity repository/Page_Home/a_Opportunities")): Object: 'Object Repository/Opportunity repository/Page_Home/a_Opportunities' is clicked on

2020-07-13 13:33:38 - [MESSAGE][PASSED] - Object: 'Object Repository/Opportunity repository/Page_Home/a_Opportunities' is clicked on

2020-07-13 13:33:38 - [TEST_STEP][PASSED] - delay(2): Delayed 2 second(s)

2020-07-13 13:33:40 - [MESSAGE][PASSED] - Delayed 2 second(s)]]></system-out>
         <system-err><![CDATA[]]></system-err>
      </testcase>
      <testcase name="Test Cases/Opportunity Test Case/5.View the Detail View information" time="7.587" classname="Test Cases/Opportunity Test Case/5.View the Detail View information" status="PASSED">
         <system-out><![CDATA[2020-07-13 13:33:40 - [TEST_CASE][PASSED] - Test Cases/Opportunity Test Case/5.View the Detail View information: Test Cases/Opportunity Test Case/5.View the Detail View information

2020-07-13 13:33:40 - [TEST_STEP][PASSED] - setText(findTestObject("Opportunity repository/Page_Opportunities/input_Contact Name_potentialname Search"), findTestData("Opportunity Test Data/D2").getValue(1, 1)): Text 'โครงการนำเสนอPro C751-บจก. ฐานการพิมพ์' is set on object 'Object Repository/Opportunity repository/Page_Opportunities/input_Contact Name_potentialname Search'

2020-07-13 13:33:41 - [MESSAGE][PASSED] - Text 'โครงการนำเสนอPro C751-บจก. ฐานการพิมพ์' is set on object 'Object Repository/Opportunity repository/Page_Opportunities/input_Contact Name_potentialname Search'

2020-07-13 13:33:41 - [TEST_STEP][PASSED] - click(findTestObject("Opportunity repository/Page_Opportunities/button_Search Oppotunity name")): Object: 'Object Repository/Opportunity repository/Page_Opportunities/button_Search Oppotunity name' is clicked on

2020-07-13 13:33:41 - [MESSAGE][PASSED] - Object: 'Object Repository/Opportunity repository/Page_Opportunities/button_Search Oppotunity name' is clicked on

2020-07-13 13:33:41 - [TEST_STEP][PASSED] - click(findTestObject("Opportunity repository/Page_Opportunities/a_Pro C751-")): Object: 'Object Repository/Opportunity repository/Page_Opportunities/a_Pro C751-' is clicked on

2020-07-13 13:33:46 - [MESSAGE][PASSED] - Object: 'Object Repository/Opportunity repository/Page_Opportunities/a_Pro C751-' is clicked on

2020-07-13 13:33:46 - [TEST_STEP][PASSED] - delay(2): Delayed 2 second(s)

2020-07-13 13:33:48 - [MESSAGE][PASSED] - Delayed 2 second(s)]]></system-out>
         <system-err><![CDATA[]]></system-err>
      </testcase>
      <testcase name="Test Cases/Opportunity Test Case/23.Add the Line Item information in Related List with non information" time="4.932" classname="Test Cases/Opportunity Test Case/23.Add the Line Item information in Related List with non information" status="PASSED">
         <system-out><![CDATA[2020-07-13 13:33:48 - [TEST_CASE][PASSED] - Test Cases/Opportunity Test Case/23.Add the Line Item information in Related List with non information: Test Cases/Opportunity Test Case/23.Add the Line Item information in Related List with non information

2020-07-13 13:33:48 - [TEST_STEP][PASSED] - click(findTestObject("Opportunity repository/Page_Opportunities/a_Products  opp")): Object: 'Object Repository/Opportunity repository/Page_Opportunities/a_Products  opp' is clicked on

2020-07-13 13:33:48 - [MESSAGE][PASSED] - Object: 'Object Repository/Opportunity repository/Page_Opportunities/a_Products  opp' is clicked on

2020-07-13 13:33:48 - [TEST_STEP][PASSED] - click(findTestObject("Opportunity repository/Page_Opportunities/button_Add Line Item opp")): Object: 'Object Repository/Opportunity repository/Page_Opportunities/button_Add Line Item opp' is clicked on

2020-07-13 13:33:50 - [MESSAGE][PASSED] - Object: 'Object Repository/Opportunity repository/Page_Opportunities/button_Add Line Item opp' is clicked on

2020-07-13 13:33:50 - [TEST_STEP][PASSED] - click(findTestObject("Opportunity repository/Page_OppLineItem/button_Save line item")): Object: 'Object Repository/Opportunity repository/Page_OppLineItem/button_Save line item' is clicked on

2020-07-13 13:33:51 - [MESSAGE][PASSED] - Object: 'Object Repository/Opportunity repository/Page_OppLineItem/button_Save line item' is clicked on

2020-07-13 13:33:51 - [TEST_STEP][PASSED] - delay(2): Delayed 2 second(s)

2020-07-13 13:33:53 - [MESSAGE][PASSED] - Delayed 2 second(s)]]></system-out>
         <system-err><![CDATA[]]></system-err>
      </testcase>
      <testcase name="Test Cases/Opportunity Test Case/22.Add the Line Item information in Related List with invalid information" time="7.256" classname="Test Cases/Opportunity Test Case/22.Add the Line Item information in Related List with invalid information" status="PASSED">
         <system-out><![CDATA[2020-07-13 13:33:53 - [TEST_CASE][PASSED] - Test Cases/Opportunity Test Case/22.Add the Line Item information in Related List with invalid information: Test Cases/Opportunity Test Case/22.Add the Line Item information in Related List with invalid information

2020-07-13 13:33:53 - [TEST_STEP][PASSED] - click(findTestObject("Opportunity repository/Page_OppLineItem/product search")): Object: 'Object Repository/Opportunity repository/Page_OppLineItem/product search' is clicked on

2020-07-13 13:33:53 - [MESSAGE][PASSED] - Object: 'Object Repository/Opportunity repository/Page_OppLineItem/product search' is clicked on

2020-07-13 13:33:53 - [TEST_STEP][PASSED] - switchToWindowTitle("Products"): Switched to window with title: 'Products'

2020-07-13 13:33:55 - [MESSAGE][PASSED] - Switched to window with title: 'Products'

2020-07-13 13:33:55 - [TEST_STEP][PASSED] - click(findTestObject("Opportunity repository/Page_Products/td_Acer")): Object: 'Object Repository/Opportunity repository/Page_Products/td_Acer' is clicked on

2020-07-13 13:33:56 - [MESSAGE][PASSED] - Object: 'Object Repository/Opportunity repository/Page_Products/td_Acer' is clicked on

2020-07-13 13:33:56 - [TEST_STEP][PASSED] - switchToDefaultContent(): null

2020-07-13 13:33:58 - [TEST_STEP][PASSED] - click(findTestObject("Opportunity repository/Page_OppLineItem/button_Save line item")): Object: 'Object Repository/Opportunity repository/Page_OppLineItem/button_Save line item' is clicked on

2020-07-13 13:33:58 - [MESSAGE][PASSED] - Object: 'Object Repository/Opportunity repository/Page_OppLineItem/button_Save line item' is clicked on

2020-07-13 13:33:58 - [TEST_STEP][PASSED] - delay(2): Delayed 2 second(s)

2020-07-13 13:34:00 - [MESSAGE][PASSED] - Delayed 2 second(s)]]></system-out>
         <system-err><![CDATA[]]></system-err>
      </testcase>
      <testcase name="Test Cases/Opportunity Test Case/21.Add the Line Item information in Related List with valid information" time="9.901" classname="Test Cases/Opportunity Test Case/21.Add the Line Item information in Related List with valid information" status="PASSED">
         <system-out><![CDATA[2020-07-13 13:34:00 - [TEST_CASE][PASSED] - Test Cases/Opportunity Test Case/21.Add the Line Item information in Related List with valid information: Test Cases/Opportunity Test Case/21.Add the Line Item information in Related List with valid information

2020-07-13 13:34:00 - [TEST_STEP][PASSED] - click(findTestObject("Opportunity repository/Page_OppLineItem/product search")): Object: 'Object Repository/Opportunity repository/Page_OppLineItem/product search' is clicked on

2020-07-13 13:34:01 - [MESSAGE][PASSED] - Object: 'Object Repository/Opportunity repository/Page_OppLineItem/product search' is clicked on

2020-07-13 13:34:01 - [TEST_STEP][PASSED] - switchToWindowTitle("Products"): Switched to window with title: 'Products'

2020-07-13 13:34:03 - [MESSAGE][PASSED] - Switched to window with title: 'Products'

2020-07-13 13:34:03 - [TEST_STEP][PASSED] - click(findTestObject("Opportunity repository/Page_Products/td_Acer")): Object: 'Object Repository/Opportunity repository/Page_Products/td_Acer' is clicked on

2020-07-13 13:34:03 - [MESSAGE][PASSED] - Object: 'Object Repository/Opportunity repository/Page_Products/td_Acer' is clicked on

2020-07-13 13:34:03 - [TEST_STEP][PASSED] - switchToDefaultContent(): null

2020-07-13 13:34:05 - [TEST_STEP][PASSED] - setText(findTestObject("Opportunity repository/Page_OppLineItem/input__unit price"), "test"): Text 'test' is set on object 'Object Repository/Opportunity repository/Page_OppLineItem/input__unit price'

2020-07-13 13:34:05 - [MESSAGE][PASSED] - Text 'test' is set on object 'Object Repository/Opportunity repository/Page_OppLineItem/input__unit price'

2020-07-13 13:34:05 - [TEST_STEP][PASSED] - click(findTestObject("Opportunity repository/Page_OppLineItem/button_Save line item")): Object: 'Object Repository/Opportunity repository/Page_OppLineItem/button_Save line item' is clicked on

2020-07-13 13:34:06 - [MESSAGE][PASSED] - Object: 'Object Repository/Opportunity repository/Page_OppLineItem/button_Save line item' is clicked on

2020-07-13 13:34:06 - [TEST_STEP][PASSED] - delay(1): Delayed 1 second(s)

2020-07-13 13:34:07 - [MESSAGE][PASSED] - Delayed 1 second(s)

2020-07-13 13:34:07 - [TEST_STEP][PASSED] - setText(findTestObject("Opportunity repository/Page_OppLineItem/input__unit price"), findTestData("Opportunity Test Data/D11").getValue(4, 1)): Text '200' is set on object 'Object Repository/Opportunity repository/Page_OppLineItem/input__unit price'

2020-07-13 13:34:08 - [MESSAGE][PASSED] - Text '200' is set on object 'Object Repository/Opportunity repository/Page_OppLineItem/input__unit price'

2020-07-13 13:34:08 - [TEST_STEP][PASSED] - click(findTestObject("Opportunity repository/Page_OppLineItem/button_Save line item")): Object: 'Object Repository/Opportunity repository/Page_OppLineItem/button_Save line item' is clicked on

2020-07-13 13:34:10 - [MESSAGE][PASSED] - Object: 'Object Repository/Opportunity repository/Page_OppLineItem/button_Save line item' is clicked on]]></system-out>
         <system-err><![CDATA[]]></system-err>
      </testcase>
      <system-out><![CDATA[2020-07-13 13:33:23 - [TEST_SUITE][PASSED] - 13.Add the Line Item information in Related List: Test Cases/Opportunity Test Case/21.Add the Line Item information in Related List with valid information]]></system-out>
      <system-err><![CDATA[]]></system-err>
   </testsuite>
</testsuites>
