<?xml version="1.0" encoding="UTF-8"?>
<testsuites name="6" time="37.82" tests="3" failures="0" errors="0">
   <testsuite name="6" tests="3" failures="0" errors="0" time="37.82" timestamp="2563-07-03 17:21:46" hostname="ACER - host.docker.internal" id="Test Suites/Case Usecase/6">
      <properties>
         <property name="deviceName" value=""/>
         <property name="devicePlatform" value=""/>
         <property name="logFolder" value="C:\\Users\\ACER\\git\\Best-Project\\Reports\\25630703_172142\\Case Usecase\\6\\25630703_172142"/>
         <property name="logFiles" value="C:\\Users\\ACER\\git\\Best-Project\\Reports\\25630703_172142\\Case Usecase\\6\\25630703_172142\\execution0.log"/>
         <property name="attachments" value=""/>
         <property name="hostName" value="ACER - host.docker.internal"/>
         <property name="os" value="Windows 10 64bit"/>
         <property name="katalonVersion" value="7.5.2.1"/>
         <property name="browser" value="Chrome 83.0.4103.116"/>
         <property name="hostAddress" value="192.168.1.5"/>
         <property name="sessionId" value="5d31d7451b0f4d37f2a194e124bca016"/>
         <property name="seleniumVersion" value="3.141.59"/>
         <property name="proxyInformation" value="ProxyInformation { proxyOption=NO_PROXY, proxyServerType=HTTP, username=, password=********, proxyServerAddress=, proxyServerPort=0, executionList=\&quot;\&quot;, isApplyToDesiredCapabilities=true }"/>
         <property name="platform" value="Windows 10"/>
      </properties>
      <testcase name="Test Cases/Case Test Case/1" time="24.58" classname="Test Cases/Case Test Case/1" status="PASSED">
         <system-out><![CDATA[2563-07-03 17:21:46 - [TEST_CASE][PASSED] - Test Cases/Case Test Case/1: Test Cases/Case Test Case/1

2563-07-03 17:21:47 - [TEST_STEP][PASSED] - openBrowser("http://crmc.opencloud.digital:64216/index.php"): Browser is opened with url: 'http://crmc.opencloud.digital:64216/index.php'

2563-07-03 17:21:47 - [MESSAGE][INFO] - Starting 'Chrome' driver

2563-07-03 17:21:48 - [MESSAGE][INFO] - Action delay is set to 0 milliseconds

2563-07-03 17:21:54 - [MESSAGE][PASSED] - Browser is opened with url: 'http://crmc.opencloud.digital:64216/index.php'

2563-07-03 17:21:54 - [TEST_STEP][PASSED] - maximizeWindow(): Current window maximized

2563-07-03 17:21:56 - [MESSAGE][PASSED] - Current window maximized

2563-07-03 17:21:56 - [TEST_STEP][PASSED] - setText(findTestObject("Case repository/Page_Users/input_User name_username"), findTestData("Contact Test Data/D1").getValue(1, 1)): Text 'Admin' is set on object 'Object Repository/Case repository/Page_Users/input_User name_username'

2563-07-03 17:21:57 - [MESSAGE][PASSED] - Text 'Admin' is set on object 'Object Repository/Case repository/Page_Users/input_User name_username'

2563-07-03 17:21:57 - [TEST_STEP][PASSED] - setText(findTestObject("DBD repository/login/input_Password_password"), findTestData("Case Test Data/D1").getValue(2, 1)): Text '1qaz2WSX3edc ' is set on object 'Object Repository/DBD repository/login/input_Password_password'

2563-07-03 17:21:58 - [MESSAGE][PASSED] - Text '1qaz2WSX3edc ' is set on object 'Object Repository/DBD repository/login/input_Password_password'

2563-07-03 17:21:58 - [TEST_STEP][PASSED] - click(findTestObject("DBD repository/login/button_Sign in")): Object: 'Object Repository/DBD repository/login/button_Sign in' is clicked on

2563-07-03 17:22:01 - [MESSAGE][PASSED] - Object: 'Object Repository/DBD repository/login/button_Sign in' is clicked on

2563-07-03 17:22:01 - [TEST_STEP][PASSED] - click(findTestObject("Case repository/Page_Home/a_Cases")): Object: 'Object Repository/Case repository/Page_Home/a_Cases' is clicked on

2563-07-03 17:22:09 - [MESSAGE][PASSED] - Object: 'Object Repository/Case repository/Page_Home/a_Cases' is clicked on

2563-07-03 17:22:09 - [TEST_STEP][PASSED] - delay(2): Delayed 2 second(s)

2563-07-03 17:22:11 - [MESSAGE][PASSED] - Delayed 2 second(s)]]></system-out>
         <system-err><![CDATA[]]></system-err>
      </testcase>
      <testcase name="Test Cases/Case Test Case/5" time="6.309" classname="Test Cases/Case Test Case/5" status="PASSED">
         <system-out><![CDATA[2563-07-03 17:22:11 - [TEST_CASE][PASSED] - Test Cases/Case Test Case/5: Test Cases/Case Test Case/5

2563-07-03 17:22:11 - [TEST_STEP][PASSED] - setText(findTestObject("Case repository/Page_Cases/Search Case Number"), findTestData("Case Test Data/D4").getValue(1, 1)): Text '00065215' is set on object 'Object Repository/Case repository/Page_Cases/Search Case Number'

2563-07-03 17:22:12 - [MESSAGE][PASSED] - Text '00065215' is set on object 'Object Repository/Case repository/Page_Cases/Search Case Number'

2563-07-03 17:22:12 - [TEST_STEP][PASSED] - click(findTestObject("Case repository/Page_Cases/button_Search Case")): Object: 'Object Repository/Case repository/Page_Cases/button_Search Case' is clicked on

2563-07-03 17:22:13 - [MESSAGE][PASSED] - Object: 'Object Repository/Case repository/Page_Cases/button_Search Case' is clicked on

2563-07-03 17:22:13 - [TEST_STEP][PASSED] - delay(1): Delayed 1 second(s)

2563-07-03 17:22:14 - [MESSAGE][PASSED] - Delayed 1 second(s)

2563-07-03 17:22:14 - [TEST_STEP][PASSED] - click(findTestObject("Case repository/Page_Cases/td_00065215")): Object: 'Object Repository/Case repository/Page_Cases/td_00065215' is clicked on

2563-07-03 17:22:15 - [MESSAGE][PASSED] - Object: 'Object Repository/Case repository/Page_Cases/td_00065215' is clicked on

2563-07-03 17:22:15 - [TEST_STEP][PASSED] - delay(2): Delayed 2 second(s)

2563-07-03 17:22:17 - [MESSAGE][PASSED] - Delayed 2 second(s)]]></system-out>
         <system-err><![CDATA[]]></system-err>
      </testcase>
      <testcase name="Test Cases/Case Test Case/8" time="5.474" classname="Test Cases/Case Test Case/8" status="PASSED">
         <system-out><![CDATA[2563-07-03 17:22:17 - [TEST_CASE][PASSED] - Test Cases/Case Test Case/8: Test Cases/Case Test Case/8

2563-07-03 17:22:17 - [TEST_STEP][PASSED] - click(findTestObject("Case repository/Page_Cases/button_More Case")): Object: 'Object Repository/Case repository/Page_Cases/button_More Case' is clicked on

2563-07-03 17:22:18 - [MESSAGE][PASSED] - Object: 'Object Repository/Case repository/Page_Cases/button_More Case' is clicked on

2563-07-03 17:22:18 - [TEST_STEP][PASSED] - click(findTestObject("Case repository/Page_Cases/a_Duplicate Case")): Object: 'Object Repository/Case repository/Page_Cases/a_Duplicate Case' is clicked on

2563-07-03 17:22:19 - [MESSAGE][PASSED] - Object: 'Object Repository/Case repository/Page_Cases/a_Duplicate Case' is clicked on

2563-07-03 17:22:19 - [TEST_STEP][PASSED] - delay(2): Delayed 2 second(s)

2563-07-03 17:22:21 - [MESSAGE][PASSED] - Delayed 2 second(s)

2563-07-03 17:22:21 - [TEST_STEP][PASSED] - click(findTestObject("Case repository/Page_Cases/button_Save Duplicate Case")): Object: 'Object Repository/Case repository/Page_Cases/button_Save Duplicate Case' is clicked on

2563-07-03 17:22:22 - [MESSAGE][PASSED] - Object: 'Object Repository/Case repository/Page_Cases/button_Save Duplicate Case' is clicked on

2563-07-03 17:22:22 - [TEST_STEP][PASSED] - delay(1): Delayed 1 second(s)

2563-07-03 17:22:23 - [MESSAGE][PASSED] - Delayed 1 second(s)]]></system-out>
         <system-err><![CDATA[]]></system-err>
      </testcase>
      <system-out><![CDATA[2563-07-03 17:21:46 - [TEST_SUITE][PASSED] - 6: Test Cases/Case Test Case/8]]></system-out>
      <system-err><![CDATA[]]></system-err>
   </testsuite>
</testsuites>
