<?xml version="1.0" encoding="UTF-8"?>
<testsuites name="3" time="30.738" tests="3" failures="0" errors="0">
   <testsuite name="3" tests="3" failures="0" errors="0" time="30.738" timestamp="2020-06-22 15:57:08" hostname="WIN10 - DESKTOP-0NVCT6K" id="Test Suites/Contact Usecase/3">
      <properties>
         <property name="deviceName" value=""/>
         <property name="devicePlatform" value=""/>
         <property name="logFolder" value="C:\\Users\\WIN10\\git\\Best-Project\\Reports\\20200622_155706\\Contact Usecase\\3\\20200622_155706"/>
         <property name="logFiles" value="C:\\Users\\WIN10\\git\\Best-Project\\Reports\\20200622_155706\\Contact Usecase\\3\\20200622_155706\\execution0.log"/>
         <property name="attachments" value=""/>
         <property name="hostName" value="WIN10 - DESKTOP-0NVCT6K"/>
         <property name="os" value="Windows 10 64bit"/>
         <property name="katalonVersion" value="7.5.2.1"/>
         <property name="browser" value="Chrome 83.0.4103.106"/>
         <property name="hostAddress" value="192.168.1.2"/>
         <property name="sessionId" value="2b485b46aca4fdc6e4a60f9def9c2a47"/>
         <property name="seleniumVersion" value="3.141.59"/>
         <property name="proxyInformation" value="ProxyInformation { proxyOption=NO_PROXY, proxyServerType=HTTP, username=, password=********, proxyServerAddress=, proxyServerPort=0, executionList=\&quot;\&quot;, isApplyToDesiredCapabilities=true }"/>
         <property name="platform" value="Windows 10"/>
      </properties>
      <testcase name="Test Cases/Contact Test Case/1" time="13.438" classname="Test Cases/Contact Test Case/1" status="PASSED">
         <system-out><![CDATA[2020-06-22 15:57:08 - [TEST_CASE][PASSED] - Test Cases/Contact Test Case/1: Test Cases/Contact Test Case/1

2020-06-22 15:57:08 - [TEST_STEP][PASSED] - openBrowser("http://crmc.opencloud.digital:64216/index.php"): Browser is opened with url: 'http://crmc.opencloud.digital:64216/index.php'

2020-06-22 15:57:09 - [MESSAGE][INFO] - Starting 'Chrome' driver

2020-06-22 15:57:09 - [MESSAGE][INFO] - Action delay is set to 0 milliseconds

2020-06-22 15:57:13 - [MESSAGE][PASSED] - Browser is opened with url: 'http://crmc.opencloud.digital:64216/index.php'

2020-06-22 15:57:13 - [TEST_STEP][PASSED] - maximizeWindow(): Current window maximized

2020-06-22 15:57:15 - [MESSAGE][PASSED] - Current window maximized

2020-06-22 15:57:15 - [TEST_STEP][PASSED] - setText(findTestObject("Contact repository/Page_Users/input_User name_username"), findTestData("Contact Test Data/D1").getValue(1, 1)): Text 'Admin' is set on object 'Object Repository/Contact repository/Page_Users/input_User name_username'

2020-06-22 15:57:16 - [MESSAGE][PASSED] - Text 'Admin' is set on object 'Object Repository/Contact repository/Page_Users/input_User name_username'

2020-06-22 15:57:16 - [TEST_STEP][PASSED] - setText(findTestObject("Contact repository/Page_Users/input_Password_password"), findTestData("Contact Test Data/D1").getValue(2, 1)): Text '1qaz2WSX3edc ' is set on object 'Object Repository/Contact repository/Page_Users/input_Password_password'

2020-06-22 15:57:17 - [MESSAGE][PASSED] - Text '1qaz2WSX3edc ' is set on object 'Object Repository/Contact repository/Page_Users/input_Password_password'

2020-06-22 15:57:17 - [TEST_STEP][PASSED] - click(findTestObject("Contact repository/Page_Users/button_Sign in")): Object: 'Object Repository/Contact repository/Page_Users/button_Sign in' is clicked on

2020-06-22 15:57:18 - [MESSAGE][PASSED] - Object: 'Object Repository/Contact repository/Page_Users/button_Sign in' is clicked on

2020-06-22 15:57:18 - [TEST_STEP][PASSED] - click(findTestObject("Contact repository/Page_Home/strong_Contacts")): Object: 'Object Repository/Contact repository/Page_Home/strong_Contacts' is clicked on

2020-06-22 15:57:21 - [MESSAGE][PASSED] - Object: 'Object Repository/Contact repository/Page_Home/strong_Contacts' is clicked on]]></system-out>
         <system-err><![CDATA[]]></system-err>
      </testcase>
      <testcase name="Test Cases/Contact Test Case/2" time="11.532" classname="Test Cases/Contact Test Case/2" status="PASSED">
         <system-out><![CDATA[2020-06-22 15:57:21 - [TEST_CASE][PASSED] - Test Cases/Contact Test Case/2: Test Cases/Contact Test Case/2

2020-06-22 15:57:22 - [TEST_STEP][PASSED] - setText(findTestObject("Contact repository/Page_Contacts/input_First name contact search"), "เกรียงศักดิ์"): Text 'เกรียงศักดิ์' is set on object 'Object Repository/Contact repository/Page_Contacts/input_First name contact search'

2020-06-22 15:57:23 - [MESSAGE][PASSED] - Text 'เกรียงศักดิ์' is set on object 'Object Repository/Contact repository/Page_Contacts/input_First name contact search'

2020-06-22 15:57:23 - [TEST_STEP][PASSED] - click(findTestObject("Contact repository/Page_Contacts/button_Search contact")): Object: 'Object Repository/Contact repository/Page_Contacts/button_Search contact' is clicked on

2020-06-22 15:57:23 - [MESSAGE][PASSED] - Object: 'Object Repository/Contact repository/Page_Contacts/button_Search contact' is clicked on

2020-06-22 15:57:23 - [TEST_STEP][PASSED] - click(findTestObject("Contact repository/Page_Contacts/a_Pumipat")): Object: 'Object Repository/Contact repository/Page_Contacts/a_Pumipat' is clicked on

2020-06-22 15:57:30 - [MESSAGE][PASSED] - Object: 'Object Repository/Contact repository/Page_Contacts/a_Pumipat' is clicked on

2020-06-22 15:57:30 - [TEST_STEP][PASSED] - delay(3): Delayed 3 second(s)

2020-06-22 15:57:33 - [MESSAGE][PASSED] - Delayed 3 second(s)]]></system-out>
         <system-err><![CDATA[]]></system-err>
      </testcase>
      <testcase name="Test Cases/Contact Test Case/3" time="4.882" classname="Test Cases/Contact Test Case/3" status="PASSED">
         <system-out><![CDATA[2020-06-22 15:57:33 - [TEST_CASE][PASSED] - Test Cases/Contact Test Case/3: Test Cases/Contact Test Case/3

2020-06-22 15:57:33 - [TEST_STEP][PASSED] - click(findTestObject("Contact repository/Page_Contacts/button_Edit contact")): Object: 'Object Repository/Contact repository/Page_Contacts/button_Edit contact' is clicked on

2020-06-22 15:57:34 - [MESSAGE][PASSED] - Object: 'Object Repository/Contact repository/Page_Contacts/button_Edit contact' is clicked on

2020-06-22 15:57:34 - [TEST_STEP][PASSED] - click(findTestObject("Contact repository/Page_Contacts/button_Save Edit contact")): Object: 'Object Repository/Contact repository/Page_Contacts/button_Save Edit contact' is clicked on

2020-06-22 15:57:35 - [MESSAGE][PASSED] - Object: 'Object Repository/Contact repository/Page_Contacts/button_Save Edit contact' is clicked on

2020-06-22 15:57:35 - [TEST_STEP][PASSED] - delay(3): Delayed 3 second(s)

2020-06-22 15:57:38 - [MESSAGE][PASSED] - Delayed 3 second(s)]]></system-out>
         <system-err><![CDATA[]]></system-err>
      </testcase>
      <system-out><![CDATA[2020-06-22 15:57:08 - [TEST_SUITE][PASSED] - 3: Test Cases/Contact Test Case/3]]></system-out>
      <system-err><![CDATA[]]></system-err>
   </testsuite>
</testsuites>
