<?xml version="1.0" encoding="UTF-8"?>
<testsuites name="15.Add the Competitor information in Related List" time="41.054" tests="5" failures="0" errors="0">
   <testsuite name="15.Add the Competitor information in Related List" tests="5" failures="0" errors="0" time="41.054" timestamp="2020-07-13 13:38:18" hostname="WIN10 - DESKTOP-0NVCT6K" id="Test Suites/Opportunity Usecase/15.Add the Competitor information in Related List">
      <properties>
         <property name="deviceName" value=""/>
         <property name="devicePlatform" value=""/>
         <property name="logFolder" value="C:\\Users\\WIN10\\git\\Best-Project\\Reports\\20200713_133816\\Opportunity Usecase\\15.Add the Competitor information in Related List\\20200713_133816"/>
         <property name="logFiles" value="C:\\Users\\WIN10\\git\\Best-Project\\Reports\\20200713_133816\\Opportunity Usecase\\15.Add the Competitor information in Related List\\20200713_133816\\execution0.log"/>
         <property name="attachments" value=""/>
         <property name="hostName" value="WIN10 - DESKTOP-0NVCT6K"/>
         <property name="os" value="Windows 10 64bit"/>
         <property name="katalonVersion" value="7.5.2.1"/>
         <property name="browser" value="Chrome 83.0.4103.116"/>
         <property name="hostAddress" value="192.168.1.2"/>
         <property name="sessionId" value="ea4c55fcc3d711809637ee8c932b62a6"/>
         <property name="seleniumVersion" value="3.141.59"/>
         <property name="proxyInformation" value="ProxyInformation { proxyOption=NO_PROXY, proxyServerType=HTTP, username=, password=********, proxyServerAddress=, proxyServerPort=0, executionList=\&quot;\&quot;, isApplyToDesiredCapabilities=true }"/>
         <property name="platform" value="Windows 10"/>
      </properties>
      <testcase name="Test Cases/Opportunity Test Case/1.View the layout information in the List View" time="14.466" classname="Test Cases/Opportunity Test Case/1.View the layout information in the List View" status="PASSED">
         <system-out><![CDATA[2020-07-13 13:38:18 - [TEST_CASE][PASSED] - Test Cases/Opportunity Test Case/1.View the layout information in the List View: Test Cases/Opportunity Test Case/1.View the layout information in the List View

2020-07-13 13:38:19 - [TEST_STEP][PASSED] - openBrowser("http://crmc.opencloud.digital:64216/index.php"): Browser is opened with url: 'http://crmc.opencloud.digital:64216/index.php'

2020-07-13 13:38:19 - [MESSAGE][INFO] - Starting 'Chrome' driver

2020-07-13 13:38:19 - [MESSAGE][INFO] - Action delay is set to 0 milliseconds

2020-07-13 13:38:24 - [MESSAGE][PASSED] - Browser is opened with url: 'http://crmc.opencloud.digital:64216/index.php'

2020-07-13 13:38:24 - [TEST_STEP][PASSED] - setText(findTestObject("Account repository/Login/input_User name_username"), findTestData("Opportunity Test Data/D1").getValue(1, 1)): Text 'Admin' is set on object 'Object Repository/Account repository/Login/input_User name_username'

2020-07-13 13:38:25 - [MESSAGE][PASSED] - Text 'Admin' is set on object 'Object Repository/Account repository/Login/input_User name_username'

2020-07-13 13:38:25 - [TEST_STEP][PASSED] - setText(findTestObject("Account repository/Login/input_Password_password"), findTestData("Opportunity Test Data/D1").getValue(2, 1)): Text '1qaz2WSX3edc ' is set on object 'Object Repository/Account repository/Login/input_Password_password'

2020-07-13 13:38:26 - [MESSAGE][PASSED] - Text '1qaz2WSX3edc ' is set on object 'Object Repository/Account repository/Login/input_Password_password'

2020-07-13 13:38:26 - [TEST_STEP][PASSED] - click(findTestObject("Account repository/Login/button_Sign in")): Object: 'Object Repository/Account repository/Login/button_Sign in' is clicked on

2020-07-13 13:38:27 - [MESSAGE][PASSED] - Object: 'Object Repository/Account repository/Login/button_Sign in' is clicked on

2020-07-13 13:38:27 - [TEST_STEP][PASSED] - click(findTestObject("Opportunity repository/Page_Home/a_Opportunities")): Object: 'Object Repository/Opportunity repository/Page_Home/a_Opportunities' is clicked on

2020-07-13 13:38:31 - [MESSAGE][PASSED] - Object: 'Object Repository/Opportunity repository/Page_Home/a_Opportunities' is clicked on

2020-07-13 13:38:31 - [TEST_STEP][PASSED] - delay(2): Delayed 2 second(s)

2020-07-13 13:38:33 - [MESSAGE][PASSED] - Delayed 2 second(s)]]></system-out>
         <system-err><![CDATA[]]></system-err>
      </testcase>
      <testcase name="Test Cases/Opportunity Test Case/5.View the Detail View information" time="7.614" classname="Test Cases/Opportunity Test Case/5.View the Detail View information" status="PASSED">
         <system-out><![CDATA[2020-07-13 13:38:33 - [TEST_CASE][PASSED] - Test Cases/Opportunity Test Case/5.View the Detail View information: Test Cases/Opportunity Test Case/5.View the Detail View information

2020-07-13 13:38:33 - [TEST_STEP][PASSED] - setText(findTestObject("Opportunity repository/Page_Opportunities/input_Contact Name_potentialname Search"), findTestData("Opportunity Test Data/D2").getValue(1, 1)): Text 'โครงการนำเสนอPro C751-บจก. ฐานการพิมพ์' is set on object 'Object Repository/Opportunity repository/Page_Opportunities/input_Contact Name_potentialname Search'

2020-07-13 13:38:34 - [MESSAGE][PASSED] - Text 'โครงการนำเสนอPro C751-บจก. ฐานการพิมพ์' is set on object 'Object Repository/Opportunity repository/Page_Opportunities/input_Contact Name_potentialname Search'

2020-07-13 13:38:34 - [TEST_STEP][PASSED] - click(findTestObject("Opportunity repository/Page_Opportunities/button_Search Oppotunity name")): Object: 'Object Repository/Opportunity repository/Page_Opportunities/button_Search Oppotunity name' is clicked on

2020-07-13 13:38:34 - [MESSAGE][PASSED] - Object: 'Object Repository/Opportunity repository/Page_Opportunities/button_Search Oppotunity name' is clicked on

2020-07-13 13:38:34 - [TEST_STEP][PASSED] - click(findTestObject("Opportunity repository/Page_Opportunities/a_Pro C751-")): Object: 'Object Repository/Opportunity repository/Page_Opportunities/a_Pro C751-' is clicked on

2020-07-13 13:38:38 - [MESSAGE][PASSED] - Object: 'Object Repository/Opportunity repository/Page_Opportunities/a_Pro C751-' is clicked on

2020-07-13 13:38:38 - [TEST_STEP][PASSED] - delay(2): Delayed 2 second(s)

2020-07-13 13:38:40 - [MESSAGE][PASSED] - Delayed 2 second(s)]]></system-out>
         <system-err><![CDATA[]]></system-err>
      </testcase>
      <testcase name="Test Cases/Opportunity Test Case/29.Add the Competitor information in Related List with non information" time="5.075" classname="Test Cases/Opportunity Test Case/29.Add the Competitor information in Related List with non information" status="PASSED">
         <system-out><![CDATA[2020-07-13 13:38:40 - [TEST_CASE][PASSED] - Test Cases/Opportunity Test Case/29.Add the Competitor information in Related List with non information: Test Cases/Opportunity Test Case/29.Add the Competitor information in Related List with non information

2020-07-13 13:38:40 - [TEST_STEP][PASSED] - click(findTestObject("Opportunity repository/Page_Opportunities/a_Competitors  opp")): Object: 'Object Repository/Opportunity repository/Page_Opportunities/a_Competitors  opp' is clicked on

2020-07-13 13:38:41 - [MESSAGE][PASSED] - Object: 'Object Repository/Opportunity repository/Page_Opportunities/a_Competitors  opp' is clicked on

2020-07-13 13:38:41 - [TEST_STEP][PASSED] - click(findTestObject("Opportunity repository/Page_Opportunities/button_Add Competitor opp")): Object: 'Object Repository/Opportunity repository/Page_Opportunities/button_Add Competitor opp' is clicked on

2020-07-13 13:38:43 - [MESSAGE][PASSED] - Object: 'Object Repository/Opportunity repository/Page_Opportunities/button_Add Competitor opp' is clicked on

2020-07-13 13:38:43 - [TEST_STEP][PASSED] - click(findTestObject("Opportunity repository/Page_Competitor/button_Save competitor opp")): Object: 'Object Repository/Opportunity repository/Page_Competitor/button_Save competitor opp' is clicked on

2020-07-13 13:38:43 - [MESSAGE][PASSED] - Object: 'Object Repository/Opportunity repository/Page_Competitor/button_Save competitor opp' is clicked on

2020-07-13 13:38:43 - [TEST_STEP][PASSED] - delay(2): Delayed 2 second(s)

2020-07-13 13:38:45 - [MESSAGE][PASSED] - Delayed 2 second(s)]]></system-out>
         <system-err><![CDATA[]]></system-err>
      </testcase>
      <testcase name="Test Cases/Opportunity Test Case/28.Add the Competitor information in Related List with invalid information" time="5.835" classname="Test Cases/Opportunity Test Case/28.Add the Competitor information in Related List with invalid information" status="PASSED">
         <system-out><![CDATA[2020-07-13 13:38:45 - [TEST_CASE][PASSED] - Test Cases/Opportunity Test Case/28.Add the Competitor information in Related List with invalid information: Test Cases/Opportunity Test Case/28.Add the Competitor information in Related List with invalid information

2020-07-13 13:38:46 - [TEST_STEP][PASSED] - click(findTestObject("Opportunity repository/Page_Competitor/Competitor Brand opp")): Object: 'Object Repository/Opportunity repository/Page_Competitor/Competitor Brand opp' is clicked on

2020-07-13 13:38:46 - [MESSAGE][PASSED] - Object: 'Object Repository/Opportunity repository/Page_Competitor/Competitor Brand opp' is clicked on

2020-07-13 13:38:46 - [TEST_STEP][PASSED] - setText(findTestObject("Opportunity repository/Page_Competitor/input__competitor company name opp"), findTestData("Opportunity Test Data/D13").getValue(1, 1)): Text 'Sun Advice' is set on object 'Object Repository/Opportunity repository/Page_Competitor/input__competitor company name opp'

2020-07-13 13:38:48 - [MESSAGE][PASSED] - Text 'Sun Advice' is set on object 'Object Repository/Opportunity repository/Page_Competitor/input__competitor company name opp'

2020-07-13 13:38:48 - [TEST_STEP][PASSED] - click(findTestObject("Opportunity repository/Page_Competitor/company type competitor opp")): Object: 'Object Repository/Opportunity repository/Page_Competitor/company type competitor opp' is clicked on

2020-07-13 13:38:48 - [MESSAGE][PASSED] - Object: 'Object Repository/Opportunity repository/Page_Competitor/company type competitor opp' is clicked on

2020-07-13 13:38:48 - [TEST_STEP][PASSED] - setText(findTestObject("Opportunity repository/Page_Competitor/input company type competitor opp"), findTestData("Opportunity Test Data/D13").getValue(2, 1)): Text 'Corporate' is set on object 'Object Repository/Opportunity repository/Page_Competitor/input company type competitor opp'

2020-07-13 13:38:49 - [MESSAGE][PASSED] - Text 'Corporate' is set on object 'Object Repository/Opportunity repository/Page_Competitor/input company type competitor opp'

2020-07-13 13:38:49 - [TEST_STEP][PASSED] - sendKeys(findTestObject("Opportunity repository/Page_Competitor/input company type competitor opp"), Keys.chord(ENTER)): Keys 'ENTER + ' sent to object: 'Object Repository/Opportunity repository/Page_Competitor/input company type competitor opp'

2020-07-13 13:38:49 - [MESSAGE][PASSED] - Keys 'ENTER + ' sent to object: 'Object Repository/Opportunity repository/Page_Competitor/input company type competitor opp'

2020-07-13 13:38:49 - [TEST_STEP][PASSED] - delay(2): Delayed 2 second(s)

2020-07-13 13:38:51 - [MESSAGE][PASSED] - Delayed 2 second(s)]]></system-out>
         <system-err><![CDATA[]]></system-err>
      </testcase>
      <testcase name="Test Cases/Opportunity Test Case/27.Add the Competitor information in Related List with valid information" time="7.131" classname="Test Cases/Opportunity Test Case/27.Add the Competitor information in Related List with valid information" status="PASSED">
         <system-out><![CDATA[2020-07-13 13:38:51 - [TEST_CASE][PASSED] - Test Cases/Opportunity Test Case/27.Add the Competitor information in Related List with valid information: Test Cases/Opportunity Test Case/27.Add the Competitor information in Related List with valid information

2020-07-13 13:38:51 - [TEST_STEP][PASSED] - click(findTestObject("Opportunity repository/Page_Competitor/Competitor Brand opp")): Object: 'Object Repository/Opportunity repository/Page_Competitor/Competitor Brand opp' is clicked on

2020-07-13 13:38:52 - [MESSAGE][PASSED] - Object: 'Object Repository/Opportunity repository/Page_Competitor/Competitor Brand opp' is clicked on

2020-07-13 13:38:52 - [TEST_STEP][PASSED] - setText(findTestObject("Opportunity repository/Page_Competitor/input__competitor company name opp"), findTestData("Opportunity Test Data/D13").getValue(1, 1)): Text 'Sun Advice' is set on object 'Object Repository/Opportunity repository/Page_Competitor/input__competitor company name opp'

2020-07-13 13:38:53 - [MESSAGE][PASSED] - Text 'Sun Advice' is set on object 'Object Repository/Opportunity repository/Page_Competitor/input__competitor company name opp'

2020-07-13 13:38:53 - [TEST_STEP][PASSED] - click(findTestObject("Opportunity repository/Page_Competitor/company type competitor opp")): Object: 'Object Repository/Opportunity repository/Page_Competitor/company type competitor opp' is clicked on

2020-07-13 13:38:53 - [MESSAGE][PASSED] - Object: 'Object Repository/Opportunity repository/Page_Competitor/company type competitor opp' is clicked on

2020-07-13 13:38:53 - [TEST_STEP][PASSED] - setText(findTestObject("Opportunity repository/Page_Competitor/input company type competitor opp"), findTestData("Opportunity Test Data/D13").getValue(2, 1)): Text 'Corporate' is set on object 'Object Repository/Opportunity repository/Page_Competitor/input company type competitor opp'

2020-07-13 13:38:54 - [MESSAGE][PASSED] - Text 'Corporate' is set on object 'Object Repository/Opportunity repository/Page_Competitor/input company type competitor opp'

2020-07-13 13:38:54 - [TEST_STEP][PASSED] - sendKeys(findTestObject("Opportunity repository/Page_Competitor/input company type competitor opp"), Keys.chord(ENTER)): Keys 'ENTER + ' sent to object: 'Object Repository/Opportunity repository/Page_Competitor/input company type competitor opp'

2020-07-13 13:38:55 - [MESSAGE][PASSED] - Keys 'ENTER + ' sent to object: 'Object Repository/Opportunity repository/Page_Competitor/input company type competitor opp'

2020-07-13 13:38:55 - [TEST_STEP][PASSED] - click(findTestObject("Opportunity repository/Page_Competitor/product type competittor")): Object: 'Object Repository/Opportunity repository/Page_Competitor/product type competittor' is clicked on

2020-07-13 13:38:55 - [MESSAGE][PASSED] - Object: 'Object Repository/Opportunity repository/Page_Competitor/product type competittor' is clicked on

2020-07-13 13:38:55 - [TEST_STEP][PASSED] - setText(findTestObject("Opportunity repository/Page_Competitor/input product type competittor"), findTestData("Opportunity Test Data/D13").getValue(3, 1)): Text 'Other' is set on object 'Object Repository/Opportunity repository/Page_Competitor/input product type competittor'

2020-07-13 13:38:56 - [MESSAGE][PASSED] - Text 'Other' is set on object 'Object Repository/Opportunity repository/Page_Competitor/input product type competittor'

2020-07-13 13:38:56 - [TEST_STEP][PASSED] - sendKeys(findTestObject("Opportunity repository/Page_Competitor/input product type competittor"), Keys.chord(ENTER)): Keys 'ENTER + ' sent to object: 'Object Repository/Opportunity repository/Page_Competitor/input product type competittor'

2020-07-13 13:38:57 - [MESSAGE][PASSED] - Keys 'ENTER + ' sent to object: 'Object Repository/Opportunity repository/Page_Competitor/input product type competittor'

2020-07-13 13:38:57 - [TEST_STEP][PASSED] - click(findTestObject("Opportunity repository/Page_Competitor/Competitor Brand opp")): Object: 'Object Repository/Opportunity repository/Page_Competitor/Competitor Brand opp' is clicked on

2020-07-13 13:38:57 - [MESSAGE][PASSED] - Object: 'Object Repository/Opportunity repository/Page_Competitor/Competitor Brand opp' is clicked on

2020-07-13 13:38:57 - [TEST_STEP][PASSED] - setText(findTestObject("Opportunity repository/Page_Competitor/input Competitor Brand opp"), findTestData("Opportunity Test Data/D13").getValue(4, 1)): Text 'Other' is set on object 'Object Repository/Opportunity repository/Page_Competitor/input Competitor Brand opp'

2020-07-13 13:38:58 - [MESSAGE][PASSED] - Text 'Other' is set on object 'Object Repository/Opportunity repository/Page_Competitor/input Competitor Brand opp'

2020-07-13 13:38:58 - [TEST_STEP][PASSED] - sendKeys(findTestObject("Opportunity repository/Page_Competitor/input Competitor Brand opp"), Keys.chord(ENTER)): Keys 'ENTER + ' sent to object: 'Object Repository/Opportunity repository/Page_Competitor/input Competitor Brand opp'

2020-07-13 13:38:58 - [MESSAGE][PASSED] - Keys 'ENTER + ' sent to object: 'Object Repository/Opportunity repository/Page_Competitor/input Competitor Brand opp']]></system-out>
         <system-err><![CDATA[]]></system-err>
      </testcase>
      <system-out><![CDATA[2020-07-13 13:38:18 - [TEST_SUITE][PASSED] - 15.Add the Competitor information in Related List: Test Cases/Opportunity Test Case/27.Add the Competitor information in Related List with valid information]]></system-out>
      <system-err><![CDATA[]]></system-err>
   </testsuite>
</testsuites>
