<?xml version="1.0" encoding="UTF-8"?>
<testsuites name="7.Select the Document information in Related List" time="29.37" tests="3" failures="0" errors="0">
   <testsuite name="7.Select the Document information in Related List" tests="3" failures="0" errors="0" time="29.37" timestamp="2020-07-13 12:30:46" hostname="WIN10 - DESKTOP-0NVCT6K" id="Test Suites/Case Usecase/7.Select the Document information in Related List">
      <properties>
         <property name="deviceName" value=""/>
         <property name="devicePlatform" value=""/>
         <property name="logFolder" value="C:\\Users\\WIN10\\git\\Best-Project\\Reports\\20200713_123044\\Case Usecase\\7.Select the Document information in Related List\\20200713_123044"/>
         <property name="logFiles" value="C:\\Users\\WIN10\\git\\Best-Project\\Reports\\20200713_123044\\Case Usecase\\7.Select the Document information in Related List\\20200713_123044\\execution0.log"/>
         <property name="attachments" value=""/>
         <property name="hostName" value="WIN10 - DESKTOP-0NVCT6K"/>
         <property name="os" value="Windows 10 64bit"/>
         <property name="katalonVersion" value="7.5.2.1"/>
         <property name="browser" value="Chrome 83.0.4103.116"/>
         <property name="hostAddress" value="192.168.1.2"/>
         <property name="sessionId" value="142b5e3e94707df65613b141184dbbec"/>
         <property name="seleniumVersion" value="3.141.59"/>
         <property name="proxyInformation" value="ProxyInformation { proxyOption=NO_PROXY, proxyServerType=HTTP, username=, password=********, proxyServerAddress=, proxyServerPort=0, executionList=\&quot;\&quot;, isApplyToDesiredCapabilities=true }"/>
         <property name="platform" value="Windows 10"/>
      </properties>
      <testcase name="Test Cases/Case Test Case/1.View the layout information in the List View" time="15.998" classname="Test Cases/Case Test Case/1.View the layout information in the List View" status="PASSED">
         <system-out><![CDATA[2020-07-13 12:30:46 - [TEST_CASE][PASSED] - Test Cases/Case Test Case/1.View the layout information in the List View: Test Cases/Case Test Case/1.View the layout information in the List View

2020-07-13 12:30:46 - [TEST_STEP][PASSED] - openBrowser("http://crmc.opencloud.digital:64216/index.php"): Browser is opened with url: 'http://crmc.opencloud.digital:64216/index.php'

2020-07-13 12:30:47 - [MESSAGE][INFO] - Starting 'Chrome' driver

2020-07-13 12:30:47 - [MESSAGE][INFO] - Action delay is set to 0 milliseconds

2020-07-13 12:30:51 - [MESSAGE][PASSED] - Browser is opened with url: 'http://crmc.opencloud.digital:64216/index.php'

2020-07-13 12:30:51 - [TEST_STEP][PASSED] - maximizeWindow(): Current window maximized

2020-07-13 12:30:53 - [MESSAGE][PASSED] - Current window maximized

2020-07-13 12:30:53 - [TEST_STEP][PASSED] - setText(findTestObject("Case repository/Page_Users/input_User name_username"), findTestData("Contact Test Data/D1").getValue(1, 1)): Text 'Admin' is set on object 'Object Repository/Case repository/Page_Users/input_User name_username'

2020-07-13 12:30:54 - [MESSAGE][PASSED] - Text 'Admin' is set on object 'Object Repository/Case repository/Page_Users/input_User name_username'

2020-07-13 12:30:54 - [TEST_STEP][PASSED] - setText(findTestObject("DBD repository/login/input_Password_password"), findTestData("Case Test Data/D1").getValue(2, 1)): Text '1qaz2WSX3edc ' is set on object 'Object Repository/DBD repository/login/input_Password_password'

2020-07-13 12:30:54 - [MESSAGE][PASSED] - Text '1qaz2WSX3edc ' is set on object 'Object Repository/DBD repository/login/input_Password_password'

2020-07-13 12:30:54 - [TEST_STEP][PASSED] - click(findTestObject("DBD repository/login/button_Sign in")): Object: 'Object Repository/DBD repository/login/button_Sign in' is clicked on

2020-07-13 12:30:56 - [MESSAGE][PASSED] - Object: 'Object Repository/DBD repository/login/button_Sign in' is clicked on

2020-07-13 12:30:56 - [TEST_STEP][PASSED] - click(findTestObject("Case repository/Page_Home/a_Cases")): Object: 'Object Repository/Case repository/Page_Home/a_Cases' is clicked on

2020-07-13 12:31:00 - [MESSAGE][PASSED] - Object: 'Object Repository/Case repository/Page_Home/a_Cases' is clicked on

2020-07-13 12:31:00 - [TEST_STEP][PASSED] - delay(2): Delayed 2 second(s)

2020-07-13 12:31:02 - [MESSAGE][PASSED] - Delayed 2 second(s)]]></system-out>
         <system-err><![CDATA[]]></system-err>
      </testcase>
      <testcase name="Test Cases/Case Test Case/5.View the Detail View information" time="5.299" classname="Test Cases/Case Test Case/5.View the Detail View information" status="PASSED">
         <system-out><![CDATA[2020-07-13 12:31:02 - [TEST_CASE][PASSED] - Test Cases/Case Test Case/5.View the Detail View information: Test Cases/Case Test Case/5.View the Detail View information

2020-07-13 12:31:02 - [TEST_STEP][PASSED] - setText(findTestObject("Case repository/Page_Cases/Search Case Number"), findTestData("Case Test Data/D4").getValue(1, 1)): Text '00065215' is set on object 'Object Repository/Case repository/Page_Cases/Search Case Number'

2020-07-13 12:31:03 - [MESSAGE][PASSED] - Text '00065215' is set on object 'Object Repository/Case repository/Page_Cases/Search Case Number'

2020-07-13 12:31:03 - [TEST_STEP][PASSED] - click(findTestObject("Case repository/Page_Cases/button_Search Case")): Object: 'Object Repository/Case repository/Page_Cases/button_Search Case' is clicked on

2020-07-13 12:31:03 - [MESSAGE][PASSED] - Object: 'Object Repository/Case repository/Page_Cases/button_Search Case' is clicked on

2020-07-13 12:31:03 - [TEST_STEP][PASSED] - delay(1): Delayed 1 second(s)

2020-07-13 12:31:04 - [MESSAGE][PASSED] - Delayed 1 second(s)

2020-07-13 12:31:04 - [TEST_STEP][PASSED] - click(findTestObject("Case repository/Page_Cases/td_00065215")): Object: 'Object Repository/Case repository/Page_Cases/td_00065215' is clicked on

2020-07-13 12:31:05 - [MESSAGE][PASSED] - Object: 'Object Repository/Case repository/Page_Cases/td_00065215' is clicked on

2020-07-13 12:31:05 - [TEST_STEP][PASSED] - delay(2): Delayed 2 second(s)

2020-07-13 12:31:07 - [MESSAGE][PASSED] - Delayed 2 second(s)]]></system-out>
         <system-err><![CDATA[]]></system-err>
      </testcase>
      <testcase name="Test Cases/Case Test Case/9.Select the Document information in Related List" time="7.17" classname="Test Cases/Case Test Case/9.Select the Document information in Related List" status="PASSED">
         <system-out><![CDATA[2020-07-13 12:31:07 - [TEST_CASE][PASSED] - Test Cases/Case Test Case/9.Select the Document information in Related List: Test Cases/Case Test Case/9.Select the Document information in Related List

2020-07-13 12:31:08 - [TEST_STEP][PASSED] - click(findTestObject("Case repository/Page_Cases/a_Documents  Case")): Object: 'Object Repository/Case repository/Page_Cases/a_Documents  Case' is clicked on

2020-07-13 12:31:08 - [MESSAGE][PASSED] - Object: 'Object Repository/Case repository/Page_Cases/a_Documents  Case' is clicked on

2020-07-13 12:31:08 - [TEST_STEP][PASSED] - click(findTestObject("Case repository/Page_Cases/button_Select Documents Case")): Object: 'Object Repository/Case repository/Page_Cases/button_Select Documents Case' is clicked on

2020-07-13 12:31:09 - [MESSAGE][PASSED] - Object: 'Object Repository/Case repository/Page_Cases/button_Select Documents Case' is clicked on

2020-07-13 12:31:09 - [TEST_STEP][PASSED] - switchToWindowTitle("Documents"): Switched to window with title: 'Documents'

2020-07-13 12:31:11 - [MESSAGE][PASSED] - Switched to window with title: 'Documents'

2020-07-13 12:31:11 - [TEST_STEP][PASSED] - click(findTestObject("Case repository/Page_Documents/td_Lukkhana Thaipermpol")): Object: 'Object Repository/Case repository/Page_Documents/td_Lukkhana Thaipermpol' is clicked on

2020-07-13 12:31:12 - [MESSAGE][PASSED] - Object: 'Object Repository/Case repository/Page_Documents/td_Lukkhana Thaipermpol' is clicked on

2020-07-13 12:31:12 - [TEST_STEP][PASSED] - switchToDefaultContent(): null

2020-07-13 12:31:14 - [TEST_STEP][PASSED] - delay(1): Delayed 1 second(s)

2020-07-13 12:31:15 - [MESSAGE][PASSED] - Delayed 1 second(s)]]></system-out>
         <system-err><![CDATA[]]></system-err>
      </testcase>
      <system-out><![CDATA[2020-07-13 12:30:46 - [TEST_SUITE][PASSED] - 7.Select the Document information in Related List: Test Cases/Case Test Case/9.Select the Document information in Related List]]></system-out>
      <system-err><![CDATA[]]></system-err>
   </testsuite>
</testsuites>
