<?xml version="1.0" encoding="UTF-8"?>
<testsuites name="11.Add the To Do information to Opportunity" time="41.382" tests="5" failures="0" errors="0">
   <testsuite name="11.Add the To Do information to Opportunity" tests="5" failures="0" errors="0" time="41.382" timestamp="2020-07-13 13:18:19" hostname="WIN10 - DESKTOP-0NVCT6K" id="Test Suites/Opportunity Usecase/11.Add the To Do information to Opportunity">
      <properties>
         <property name="deviceName" value=""/>
         <property name="devicePlatform" value=""/>
         <property name="logFolder" value="C:\\Users\\WIN10\\git\\Best-Project\\Reports\\20200713_131817\\Opportunity Usecase\\11.Add the To Do information to Opportunity\\20200713_131817"/>
         <property name="logFiles" value="C:\\Users\\WIN10\\git\\Best-Project\\Reports\\20200713_131817\\Opportunity Usecase\\11.Add the To Do information to Opportunity\\20200713_131817\\execution0.log"/>
         <property name="attachments" value=""/>
         <property name="hostName" value="WIN10 - DESKTOP-0NVCT6K"/>
         <property name="os" value="Windows 10 64bit"/>
         <property name="katalonVersion" value="7.5.2.1"/>
         <property name="browser" value="Chrome 83.0.4103.116"/>
         <property name="hostAddress" value="192.168.1.2"/>
         <property name="sessionId" value="bafbebff97b053146f798b2d202e9401"/>
         <property name="seleniumVersion" value="3.141.59"/>
         <property name="proxyInformation" value="ProxyInformation { proxyOption=NO_PROXY, proxyServerType=HTTP, username=, password=********, proxyServerAddress=, proxyServerPort=0, executionList=\&quot;\&quot;, isApplyToDesiredCapabilities=true }"/>
         <property name="platform" value="Windows 10"/>
      </properties>
      <testcase name="Test Cases/Opportunity Test Case/1.View the layout information in the List View" time="16.927" classname="Test Cases/Opportunity Test Case/1.View the layout information in the List View" status="PASSED">
         <system-out><![CDATA[2020-07-13 13:18:20 - [TEST_CASE][PASSED] - Test Cases/Opportunity Test Case/1.View the layout information in the List View: Test Cases/Opportunity Test Case/1.View the layout information in the List View

2020-07-13 13:18:20 - [TEST_STEP][PASSED] - openBrowser("http://crmc.opencloud.digital:64216/index.php"): Browser is opened with url: 'http://crmc.opencloud.digital:64216/index.php'

2020-07-13 13:18:20 - [MESSAGE][INFO] - Starting 'Chrome' driver

2020-07-13 13:18:20 - [MESSAGE][INFO] - Action delay is set to 0 milliseconds

2020-07-13 13:18:24 - [MESSAGE][PASSED] - Browser is opened with url: 'http://crmc.opencloud.digital:64216/index.php'

2020-07-13 13:18:24 - [TEST_STEP][PASSED] - setText(findTestObject("Account repository/Login/input_User name_username"), findTestData("Opportunity Test Data/D1").getValue(1, 1)): Text 'Admin' is set on object 'Object Repository/Account repository/Login/input_User name_username'

2020-07-13 13:18:25 - [MESSAGE][PASSED] - Text 'Admin' is set on object 'Object Repository/Account repository/Login/input_User name_username'

2020-07-13 13:18:25 - [TEST_STEP][PASSED] - setText(findTestObject("Account repository/Login/input_Password_password"), findTestData("Opportunity Test Data/D1").getValue(2, 1)): Text '1qaz2WSX3edc ' is set on object 'Object Repository/Account repository/Login/input_Password_password'

2020-07-13 13:18:26 - [MESSAGE][PASSED] - Text '1qaz2WSX3edc ' is set on object 'Object Repository/Account repository/Login/input_Password_password'

2020-07-13 13:18:26 - [TEST_STEP][PASSED] - click(findTestObject("Account repository/Login/button_Sign in")): Object: 'Object Repository/Account repository/Login/button_Sign in' is clicked on

2020-07-13 13:18:28 - [MESSAGE][PASSED] - Object: 'Object Repository/Account repository/Login/button_Sign in' is clicked on

2020-07-13 13:18:28 - [TEST_STEP][PASSED] - click(findTestObject("Opportunity repository/Page_Home/a_Opportunities")): Object: 'Object Repository/Opportunity repository/Page_Home/a_Opportunities' is clicked on

2020-07-13 13:18:34 - [MESSAGE][PASSED] - Object: 'Object Repository/Opportunity repository/Page_Home/a_Opportunities' is clicked on

2020-07-13 13:18:34 - [TEST_STEP][PASSED] - delay(2): Delayed 2 second(s)

2020-07-13 13:18:37 - [MESSAGE][PASSED] - Delayed 2 second(s)]]></system-out>
         <system-err><![CDATA[]]></system-err>
      </testcase>
      <testcase name="Test Cases/Opportunity Test Case/5.View the Detail View information" time="7.525" classname="Test Cases/Opportunity Test Case/5.View the Detail View information" status="PASSED">
         <system-out><![CDATA[2020-07-13 13:18:37 - [TEST_CASE][PASSED] - Test Cases/Opportunity Test Case/5.View the Detail View information: Test Cases/Opportunity Test Case/5.View the Detail View information

2020-07-13 13:18:37 - [TEST_STEP][PASSED] - setText(findTestObject("Opportunity repository/Page_Opportunities/input_Contact Name_potentialname Search"), findTestData("Opportunity Test Data/D2").getValue(1, 1)): Text 'โครงการนำเสนอPro C751-บจก. ฐานการพิมพ์' is set on object 'Object Repository/Opportunity repository/Page_Opportunities/input_Contact Name_potentialname Search'

2020-07-13 13:18:37 - [MESSAGE][PASSED] - Text 'โครงการนำเสนอPro C751-บจก. ฐานการพิมพ์' is set on object 'Object Repository/Opportunity repository/Page_Opportunities/input_Contact Name_potentialname Search'

2020-07-13 13:18:37 - [TEST_STEP][PASSED] - click(findTestObject("Opportunity repository/Page_Opportunities/button_Search Oppotunity name")): Object: 'Object Repository/Opportunity repository/Page_Opportunities/button_Search Oppotunity name' is clicked on

2020-07-13 13:18:38 - [MESSAGE][PASSED] - Object: 'Object Repository/Opportunity repository/Page_Opportunities/button_Search Oppotunity name' is clicked on

2020-07-13 13:18:38 - [TEST_STEP][PASSED] - click(findTestObject("Opportunity repository/Page_Opportunities/a_Pro C751-")): Object: 'Object Repository/Opportunity repository/Page_Opportunities/a_Pro C751-' is clicked on

2020-07-13 13:18:42 - [MESSAGE][PASSED] - Object: 'Object Repository/Opportunity repository/Page_Opportunities/a_Pro C751-' is clicked on

2020-07-13 13:18:42 - [TEST_STEP][PASSED] - delay(2): Delayed 2 second(s)

2020-07-13 13:18:44 - [MESSAGE][PASSED] - Delayed 2 second(s)]]></system-out>
         <system-err><![CDATA[]]></system-err>
      </testcase>
      <testcase name="Test Cases/Opportunity Test Case/19.Add the To Do information to Opportunity with non information" time="3.178" classname="Test Cases/Opportunity Test Case/19.Add the To Do information to Opportunity with non information" status="PASSED">
         <system-out><![CDATA[2020-07-13 13:18:44 - [TEST_CASE][PASSED] - Test Cases/Opportunity Test Case/19.Add the To Do information to Opportunity with non information: Test Cases/Opportunity Test Case/19.Add the To Do information to Opportunity with non information

2020-07-13 13:18:44 - [TEST_STEP][PASSED] - click(findTestObject("Opportunity repository/Page_Opportunities/button_More opp")): Object: 'Object Repository/Opportunity repository/Page_Opportunities/button_More opp' is clicked on

2020-07-13 13:18:45 - [MESSAGE][PASSED] - Object: 'Object Repository/Opportunity repository/Page_Opportunities/button_More opp' is clicked on

2020-07-13 13:18:45 - [TEST_STEP][PASSED] - click(findTestObject("Opportunity repository/Page_Opportunities/a_Add To Do opp")): Object: 'Object Repository/Opportunity repository/Page_Opportunities/a_Add To Do opp' is clicked on

2020-07-13 13:18:45 - [MESSAGE][PASSED] - Object: 'Object Repository/Opportunity repository/Page_Opportunities/a_Add To Do opp' is clicked on

2020-07-13 13:18:45 - [TEST_STEP][PASSED] - click(findTestObject("Opportunity repository/Page_Calendar/button_Save Activity opp")): Object: 'Object Repository/Opportunity repository/Page_Calendar/button_Save Activity opp' is clicked on

2020-07-13 13:18:46 - [MESSAGE][PASSED] - Object: 'Object Repository/Opportunity repository/Page_Calendar/button_Save Activity opp' is clicked on

2020-07-13 13:18:46 - [TEST_STEP][PASSED] - delay(1): Delayed 1 second(s)

2020-07-13 13:18:47 - [MESSAGE][PASSED] - Delayed 1 second(s)]]></system-out>
         <system-err><![CDATA[]]></system-err>
      </testcase>
      <testcase name="Test Cases/Opportunity Test Case/18.Add the To Do information to Opportunity with invalid information" time="6.303" classname="Test Cases/Opportunity Test Case/18.Add the To Do information to Opportunity with invalid information" status="PASSED">
         <system-out><![CDATA[2020-07-13 13:18:47 - [TEST_CASE][PASSED] - Test Cases/Opportunity Test Case/18.Add the To Do information to Opportunity with invalid information: Test Cases/Opportunity Test Case/18.Add the To Do information to Opportunity with invalid information

2020-07-13 13:18:47 - [TEST_STEP][PASSED] - setText(findTestObject("Opportunity repository/Page_Calendar/input__subject to do opp"), findTestData("Opportunity Test Data/D9").getValue(1, 1)): Text 'Anatomy' is set on object 'Object Repository/Opportunity repository/Page_Calendar/input__subject to do opp'

2020-07-13 13:18:48 - [MESSAGE][PASSED] - Text 'Anatomy' is set on object 'Object Repository/Opportunity repository/Page_Calendar/input__subject to do opp'

2020-07-13 13:18:48 - [TEST_STEP][PASSED] - clearText(findTestObject("Opportunity repository/Page_Calendar/input__due_date to do opp"), STOP_ON_FAILURE): Text of object 'Object Repository/Opportunity repository/Page_Calendar/input__due_date to do opp' is cleared

2020-07-13 13:18:48 - [MESSAGE][PASSED] - Text of object 'Object Repository/Opportunity repository/Page_Calendar/input__due_date to do opp' is cleared

2020-07-13 13:18:48 - [TEST_STEP][PASSED] - setText(findTestObject("Opportunity repository/Page_Calendar/textarea__description to do opp"), "test"): Text 'test' is set on object 'Object Repository/Opportunity repository/Page_Calendar/textarea__description to do opp'

2020-07-13 13:18:49 - [MESSAGE][PASSED] - Text 'test' is set on object 'Object Repository/Opportunity repository/Page_Calendar/textarea__description to do opp'

2020-07-13 13:18:49 - [TEST_STEP][PASSED] - delay(1): Delayed 1 second(s)

2020-07-13 13:18:50 - [MESSAGE][PASSED] - Delayed 1 second(s)

2020-07-13 13:18:50 - [TEST_STEP][PASSED] - setText(findTestObject("Opportunity repository/Page_Calendar/textarea__description to do opp"), findTestData("Opportunity Test Data/D9").getValue(6, 1)): Text 'Anatomy of Ultraman' is set on object 'Object Repository/Opportunity repository/Page_Calendar/textarea__description to do opp'

2020-07-13 13:18:51 - [MESSAGE][PASSED] - Text 'Anatomy of Ultraman' is set on object 'Object Repository/Opportunity repository/Page_Calendar/textarea__description to do opp'

2020-07-13 13:18:51 - [TEST_STEP][PASSED] - click(findTestObject("Opportunity repository/Page_Calendar/button_Save Activity opp")): Object: 'Object Repository/Opportunity repository/Page_Calendar/button_Save Activity opp' is clicked on

2020-07-13 13:18:52 - [MESSAGE][PASSED] - Object: 'Object Repository/Opportunity repository/Page_Calendar/button_Save Activity opp' is clicked on

2020-07-13 13:18:52 - [TEST_STEP][PASSED] - delay(2): Delayed 2 second(s)

2020-07-13 13:18:54 - [MESSAGE][PASSED] - Delayed 2 second(s)]]></system-out>
         <system-err><![CDATA[]]></system-err>
      </testcase>
      <testcase name="Test Cases/Opportunity Test Case/17.Add the To Do information to Opportunity with valid information" time="6.518" classname="Test Cases/Opportunity Test Case/17.Add the To Do information to Opportunity with valid information" status="PASSED">
         <system-out><![CDATA[2020-07-13 13:18:54 - [TEST_CASE][PASSED] - Test Cases/Opportunity Test Case/17.Add the To Do information to Opportunity with valid information: Test Cases/Opportunity Test Case/17.Add the To Do information to Opportunity with valid information

2020-07-13 13:18:54 - [TEST_STEP][PASSED] - setText(findTestObject("Opportunity repository/Page_Calendar/input__subject to do opp"), findTestData("Opportunity Test Data/D9").getValue(1, 1)): Text 'Anatomy' is set on object 'Object Repository/Opportunity repository/Page_Calendar/input__subject to do opp'

2020-07-13 13:18:54 - [MESSAGE][PASSED] - Text 'Anatomy' is set on object 'Object Repository/Opportunity repository/Page_Calendar/input__subject to do opp'

2020-07-13 13:18:54 - [TEST_STEP][PASSED] - setText(findTestObject("Opportunity repository/Page_Calendar/input__date_start to do opp"), findTestData("Opportunity Test Data/D9").getValue(3, 1)): Text '11/02/2020' is set on object 'Object Repository/Opportunity repository/Page_Calendar/input__date_start to do opp'

2020-07-13 13:18:56 - [MESSAGE][PASSED] - Text '11/02/2020' is set on object 'Object Repository/Opportunity repository/Page_Calendar/input__date_start to do opp'

2020-07-13 13:18:56 - [TEST_STEP][PASSED] - setText(findTestObject("Opportunity repository/Page_Calendar/input__due_date to do opp"), findTestData("Opportunity Test Data/D9").getValue(5, 1)): Text '11/02/2020' is set on object 'Object Repository/Opportunity repository/Page_Calendar/input__due_date to do opp'

2020-07-13 13:18:56 - [MESSAGE][PASSED] - Text '11/02/2020' is set on object 'Object Repository/Opportunity repository/Page_Calendar/input__due_date to do opp'

2020-07-13 13:18:56 - [TEST_STEP][PASSED] - setText(findTestObject("Opportunity repository/Page_Calendar/textarea__description to do opp"), findTestData("Opportunity Test Data/D9").getValue(6, 1)): Text 'Anatomy of Ultraman' is set on object 'Object Repository/Opportunity repository/Page_Calendar/textarea__description to do opp'

2020-07-13 13:18:57 - [MESSAGE][PASSED] - Text 'Anatomy of Ultraman' is set on object 'Object Repository/Opportunity repository/Page_Calendar/textarea__description to do opp'

2020-07-13 13:18:57 - [TEST_STEP][PASSED] - click(findTestObject("Opportunity repository/Page_Calendar/button_Save Activity opp")): Object: 'Object Repository/Opportunity repository/Page_Calendar/button_Save Activity opp' is clicked on

2020-07-13 13:18:58 - [MESSAGE][PASSED] - Object: 'Object Repository/Opportunity repository/Page_Calendar/button_Save Activity opp' is clicked on

2020-07-13 13:18:58 - [TEST_STEP][PASSED] - delay(2): Delayed 2 second(s)

2020-07-13 13:19:00 - [MESSAGE][PASSED] - Delayed 2 second(s)]]></system-out>
         <system-err><![CDATA[]]></system-err>
      </testcase>
      <system-out><![CDATA[2020-07-13 13:18:19 - [TEST_SUITE][PASSED] - 11.Add the To Do information to Opportunity: Test Cases/Opportunity Test Case/17.Add the To Do information to Opportunity with valid information]]></system-out>
      <system-err><![CDATA[]]></system-err>
   </testsuite>
</testsuites>
