<?xml version="1.0" encoding="UTF-8"?>
<testsuites name="17 (1)" time="67.734" tests="5" failures="0" errors="0">
   <testsuite name="17 (1)" tests="5" failures="0" errors="0" time="67.734" timestamp="2020-06-22 11:16:31" hostname="WIN10 - DESKTOP-0NVCT6K" id="Test Suites/Account Usecase/17 (1)">
      <properties>
         <property name="deviceName" value=""/>
         <property name="devicePlatform" value=""/>
         <property name="logFolder" value="C:\\Users\\WIN10\\git\\Best-Project\\Reports\\20200622_111630\\Account Usecase\\17 (1)\\20200622_111630"/>
         <property name="logFiles" value="C:\\Users\\WIN10\\git\\Best-Project\\Reports\\20200622_111630\\Account Usecase\\17 (1)\\20200622_111630\\execution0.log"/>
         <property name="attachments" value=""/>
         <property name="hostName" value="WIN10 - DESKTOP-0NVCT6K"/>
         <property name="os" value="Windows 10 64bit"/>
         <property name="katalonVersion" value="7.5.2.1"/>
         <property name="browser" value="Chrome 83.0.4103.106"/>
         <property name="hostAddress" value="192.168.1.2"/>
         <property name="sessionId" value="9a99c7674d1a8ef2179c9707bd470845"/>
         <property name="seleniumVersion" value="3.141.59"/>
         <property name="proxyInformation" value="ProxyInformation { proxyOption=NO_PROXY, proxyServerType=HTTP, username=, password=********, proxyServerAddress=, proxyServerPort=0, executionList=\&quot;\&quot;, isApplyToDesiredCapabilities=true }"/>
         <property name="platform" value="Windows 10"/>
      </properties>
      <testcase name="Test Cases/Account Test Case/1-View the layout information in the List View" time="10.024" classname="Test Cases/Account Test Case/1-View the layout information in the List View" status="PASSED">
         <system-out><![CDATA[2020-06-22 11:16:31 - [TEST_CASE][PASSED] - Test Cases/Account Test Case/1-View the layout information in the List View: Test Cases/Account Test Case/1-View the layout information in the List View

2020-06-22 11:16:32 - [TEST_STEP][PASSED] - openBrowser("http://crmc.opencloud.digital:64216/index.php"): Browser is opened with url: 'http://crmc.opencloud.digital:64216/index.php'

2020-06-22 11:16:32 - [MESSAGE][INFO] - Starting 'Chrome' driver

2020-06-22 11:16:32 - [MESSAGE][INFO] - Action delay is set to 0 milliseconds

2020-06-22 11:16:36 - [MESSAGE][PASSED] - Browser is opened with url: 'http://crmc.opencloud.digital:64216/index.php'

2020-06-22 11:16:36 - [TEST_STEP][PASSED] - maximizeWindow(): Current window maximized

2020-06-22 11:16:39 - [MESSAGE][PASSED] - Current window maximized

2020-06-22 11:16:39 - [TEST_STEP][PASSED] - setText(findTestObject("Account repository/Login/input_User name_username"), findTestData("Account Test Data/D1").getValue(1, 1)): Text 'Admin' is set on object 'Object Repository/Account repository/Login/input_User name_username'

2020-06-22 11:16:39 - [MESSAGE][PASSED] - Text 'Admin' is set on object 'Object Repository/Account repository/Login/input_User name_username'

2020-06-22 11:16:39 - [TEST_STEP][PASSED] - setText(findTestObject("Account repository/Login/input_Password_password"), findTestData("Account Test Data/D1").getValue(2, 1)): Text '1qaz2WSX3edc ' is set on object 'Object Repository/Account repository/Login/input_Password_password'

2020-06-22 11:16:40 - [MESSAGE][PASSED] - Text '1qaz2WSX3edc ' is set on object 'Object Repository/Account repository/Login/input_Password_password'

2020-06-22 11:16:40 - [TEST_STEP][PASSED] - click(findTestObject("Account repository/Login/button_Sign in")): Object: 'Object Repository/Account repository/Login/button_Sign in' is clicked on

2020-06-22 11:16:41 - [MESSAGE][PASSED] - Object: 'Object Repository/Account repository/Login/button_Sign in' is clicked on]]></system-out>
         <system-err><![CDATA[]]></system-err>
      </testcase>
      <testcase name="Test Cases/Account Test Case/5-View the Detail View information" time="12.947" classname="Test Cases/Account Test Case/5-View the Detail View information" status="PASSED">
         <system-out><![CDATA[2020-06-22 11:16:41 - [TEST_CASE][PASSED] - Test Cases/Account Test Case/5-View the Detail View information: Test Cases/Account Test Case/5-View the Detail View information

2020-06-22 11:16:42 - [TEST_STEP][PASSED] - click(findTestObject("Account repository/Page_Home/strong_Accounts")): Object: 'Object Repository/Account repository/Page_Home/strong_Accounts' is clicked on

2020-06-22 11:16:46 - [MESSAGE][PASSED] - Object: 'Object Repository/Account repository/Page_Home/strong_Accounts' is clicked on

2020-06-22 11:16:46 - [TEST_STEP][PASSED] - setText(findTestObject("Account repository/Page_Accounts/Search Account Name"), findTestData("Account Test Data/D4").getValue(1, 1)): Text 'บริษัท วี จี ไอ โกลบอล มีเดีย จำกัด (มหาชน) ' is set on object 'Object Repository/Account repository/Page_Accounts/Search Account Name'

2020-06-22 11:16:47 - [MESSAGE][PASSED] - Text 'บริษัท วี จี ไอ โกลบอล มีเดีย จำกัด (มหาชน) ' is set on object 'Object Repository/Account repository/Page_Accounts/Search Account Name'

2020-06-22 11:16:47 - [TEST_STEP][PASSED] - click(findTestObject("Account repository/Page_Accounts/button_Search")): Object: 'Object Repository/Account repository/Page_Accounts/button_Search' is clicked on

2020-06-22 11:16:48 - [MESSAGE][PASSED] - Object: 'Object Repository/Account repository/Page_Accounts/button_Search' is clicked on

2020-06-22 11:16:48 - [TEST_STEP][PASSED] - click(findTestObject("Account repository/Page_Accounts/click v g o")): Object: 'Object Repository/Account repository/Page_Accounts/click v g o' is clicked on

2020-06-22 11:16:54 - [MESSAGE][PASSED] - Object: 'Object Repository/Account repository/Page_Accounts/click v g o' is clicked on]]></system-out>
         <system-err><![CDATA[]]></system-err>
      </testcase>
      <testcase name="Test Cases/Account Test Case/37" time="3.283" classname="Test Cases/Account Test Case/37" status="PASSED">
         <system-out><![CDATA[2020-06-22 11:16:54 - [TEST_CASE][PASSED] - Test Cases/Account Test Case/37: Test Cases/Account Test Case/37

2020-06-22 11:16:55 - [TEST_STEP][PASSED] - click(findTestObject("Account repository/Page_Accounts Related/a_Activities  related")): Object: 'Object Repository/Account repository/Page_Accounts Related/a_Activities  related' is clicked on

2020-06-22 11:16:55 - [MESSAGE][PASSED] - Object: 'Object Repository/Account repository/Page_Accounts Related/a_Activities  related' is clicked on

2020-06-22 11:16:55 - [TEST_STEP][PASSED] - click(findTestObject("Account repository/Page_Accounts Related/button_Add Activity related")): Object: 'Object Repository/Account repository/Page_Accounts Related/button_Add Activity related' is clicked on

2020-06-22 11:16:57 - [MESSAGE][PASSED] - Object: 'Object Repository/Account repository/Page_Accounts Related/button_Add Activity related' is clicked on

2020-06-22 11:16:57 - [TEST_STEP][PASSED] - click(findTestObject("Account repository/Page_Calendar activity related/button_Save acti rel")): Object: 'Object Repository/Account repository/Page_Calendar activity related/button_Save acti rel' is clicked on

2020-06-22 11:16:58 - [MESSAGE][PASSED] - Object: 'Object Repository/Account repository/Page_Calendar activity related/button_Save acti rel' is clicked on]]></system-out>
         <system-err><![CDATA[]]></system-err>
      </testcase>
      <testcase name="Test Cases/Account Test Case/36" time="19.894" classname="Test Cases/Account Test Case/36" status="PASSED">
         <system-out><![CDATA[2020-06-22 11:16:58 - [TEST_CASE][PASSED] - Test Cases/Account Test Case/36: Test Cases/Account Test Case/36

2020-06-22 11:16:58 - [TEST_STEP][PASSED] - delay(1): Delayed 1 second(s)

2020-06-22 11:16:59 - [MESSAGE][PASSED] - Delayed 1 second(s)

2020-06-22 11:16:59 - [TEST_STEP][PASSED] - click(findTestObject("Account repository/Page_Calendar activity related/clear acti rel")): Object: 'Object Repository/Account repository/Page_Calendar activity related/clear acti rel' is clicked on

2020-06-22 11:16:59 - [MESSAGE][PASSED] - Object: 'Object Repository/Account repository/Page_Calendar activity related/clear acti rel' is clicked on

2020-06-22 11:16:59 - [TEST_STEP][PASSED] - delay(3): Delayed 3 second(s)

2020-06-22 11:17:02 - [MESSAGE][PASSED] - Delayed 3 second(s)

2020-06-22 11:17:02 - [TEST_STEP][PASSED] - click(findTestObject("Account repository/Page_Calendar activity related/sale type acti rel")): Object: 'Object Repository/Account repository/Page_Calendar activity related/sale type acti rel' is clicked on

2020-06-22 11:17:02 - [MESSAGE][PASSED] - Object: 'Object Repository/Account repository/Page_Calendar activity related/sale type acti rel' is clicked on

2020-06-22 11:17:02 - [TEST_STEP][PASSED] - setText(findTestObject("Account repository/Page_Calendar activity related/input sale type acti rel"), findTestData("Account Test Data/D11").getValue(4, 1)): Text 'Pre-Sales' is set on object 'Object Repository/Account repository/Page_Calendar activity related/input sale type acti rel'

2020-06-22 11:17:03 - [MESSAGE][PASSED] - Text 'Pre-Sales' is set on object 'Object Repository/Account repository/Page_Calendar activity related/input sale type acti rel'

2020-06-22 11:17:03 - [TEST_STEP][PASSED] - sendKeys(findTestObject("Account repository/Page_Calendar activity related/input sale type acti rel"), ""): Keys '' sent to object: 'Object Repository/Account repository/Page_Calendar activity related/input sale type acti rel'

2020-06-22 11:17:04 - [MESSAGE][PASSED] - Keys '' sent to object: 'Object Repository/Account repository/Page_Calendar activity related/input sale type acti rel'

2020-06-22 11:17:04 - [TEST_STEP][PASSED] - setText(findTestObject("Account repository/Page_Calendar activity related/input__date_start acti rel"), findTestData("Account Test Data/D11").getValue(7, 1)): Text '11/02/2020' is set on object 'Object Repository/Account repository/Page_Calendar activity related/input__date_start acti rel'

2020-06-22 11:17:05 - [MESSAGE][PASSED] - Text '11/02/2020' is set on object 'Object Repository/Account repository/Page_Calendar activity related/input__date_start acti rel'

2020-06-22 11:17:05 - [TEST_STEP][PASSED] - setText(findTestObject("Account repository/Page_Calendar activity related/input__time_start acti rel"), findTestData("Account Test Data/D11").getValue(8, 1)): Text '03:19 PM' is set on object 'Object Repository/Account repository/Page_Calendar activity related/input__time_start acti rel'

2020-06-22 11:17:06 - [MESSAGE][PASSED] - Text '03:19 PM' is set on object 'Object Repository/Account repository/Page_Calendar activity related/input__time_start acti rel'

2020-06-22 11:17:06 - [TEST_STEP][PASSED] - setText(findTestObject("Account repository/Page_Calendar activity related/input__due_date acti rel"), findTestData("Account Test Data/D11").getValue(9, 1)): Text '11/02/2020' is set on object 'Object Repository/Account repository/Page_Calendar activity related/input__due_date acti rel'

2020-06-22 11:17:06 - [MESSAGE][PASSED] - Text '11/02/2020' is set on object 'Object Repository/Account repository/Page_Calendar activity related/input__due_date acti rel'

2020-06-22 11:17:06 - [TEST_STEP][PASSED] - setText(findTestObject("Account repository/Page_Calendar activity related/input__time_end acti rel"), findTestData("Account Test Data/D11").getValue(10, 1)): Text '03:24 PM' is set on object 'Object Repository/Account repository/Page_Calendar activity related/input__time_end acti rel'

2020-06-22 11:17:07 - [MESSAGE][PASSED] - Text '03:24 PM' is set on object 'Object Repository/Account repository/Page_Calendar activity related/input__time_end acti rel'

2020-06-22 11:17:07 - [TEST_STEP][PASSED] - click(findTestObject("Account repository/Page_Calendar activity related/clear acti rel")): Object: 'Object Repository/Account repository/Page_Calendar activity related/clear acti rel' is clicked on

2020-06-22 11:17:08 - [MESSAGE][PASSED] - Object: 'Object Repository/Account repository/Page_Calendar activity related/clear acti rel' is clicked on

2020-06-22 11:17:08 - [TEST_STEP][PASSED] - click(findTestObject("Account repository/Page_Calendar activity related/status result acti rel")): Object: 'Object Repository/Account repository/Page_Calendar activity related/status result acti rel' is clicked on

2020-06-22 11:17:09 - [MESSAGE][PASSED] - Object: 'Object Repository/Account repository/Page_Calendar activity related/status result acti rel' is clicked on

2020-06-22 11:17:09 - [TEST_STEP][PASSED] - setText(findTestObject("Account repository/Page_Calendar activity related/input status result acti rel"), findTestData("Account Test Data/D11").getValue(12, 1)): Text 'Done' is set on object 'Object Repository/Account repository/Page_Calendar activity related/input status result acti rel'

2020-06-22 11:17:09 - [MESSAGE][PASSED] - Text 'Done' is set on object 'Object Repository/Account repository/Page_Calendar activity related/input status result acti rel'

2020-06-22 11:17:09 - [TEST_STEP][PASSED] - sendKeys(findTestObject("Account repository/Page_Calendar activity related/input status result acti rel"), Keys.chord(ENTER)): Keys 'ENTER + ' sent to object: 'Object Repository/Account repository/Page_Calendar activity related/input status result acti rel'

2020-06-22 11:17:10 - [MESSAGE][PASSED] - Keys 'ENTER + ' sent to object: 'Object Repository/Account repository/Page_Calendar activity related/input status result acti rel'

2020-06-22 11:17:10 - [TEST_STEP][PASSED] - click(findTestObject("Account repository/Page_Calendar activity related/search contact name acti rel")): Object: 'Object Repository/Account repository/Page_Calendar activity related/search contact name acti rel' is clicked on

2020-06-22 11:17:10 - [MESSAGE][PASSED] - Object: 'Object Repository/Account repository/Page_Calendar activity related/search contact name acti rel' is clicked on

2020-06-22 11:17:10 - [TEST_STEP][PASSED] - switchToWindowTitle("Contacts"): Switched to window with title: 'Contacts'

2020-06-22 11:17:12 - [MESSAGE][PASSED] - Switched to window with title: 'Contacts'

2020-06-22 11:17:12 - [TEST_STEP][PASSED] - click(findTestObject("Account repository/Page_Contacts/a_OldSales2")): Object: 'Object Repository/Account repository/Page_Contacts/a_OldSales2' is clicked on

2020-06-22 11:17:13 - [MESSAGE][PASSED] - Object: 'Object Repository/Account repository/Page_Contacts/a_OldSales2' is clicked on

2020-06-22 11:17:13 - [TEST_STEP][PASSED] - switchToDefaultContent(): null

2020-06-22 11:17:15 - [TEST_STEP][PASSED] - click(findTestObject("Account repository/Page_Calendar activity related/show time as acti rel")): Object: 'Object Repository/Account repository/Page_Calendar activity related/show time as acti rel' is clicked on

2020-06-22 11:17:15 - [MESSAGE][PASSED] - Object: 'Object Repository/Account repository/Page_Calendar activity related/show time as acti rel' is clicked on

2020-06-22 11:17:15 - [TEST_STEP][PASSED] - setText(findTestObject("Account repository/Page_Calendar activity related/input show time as acti rel"), findTestData("Account Test Data/D11").getValue(13, 1)): Text 'Out of Office' is set on object 'Object Repository/Account repository/Page_Calendar activity related/input show time as acti rel'

2020-06-22 11:17:16 - [MESSAGE][PASSED] - Text 'Out of Office' is set on object 'Object Repository/Account repository/Page_Calendar activity related/input show time as acti rel'

2020-06-22 11:17:16 - [TEST_STEP][PASSED] - sendKeys(findTestObject("Account repository/Page_Calendar activity related/input show time as acti rel"), Keys.chord(ENTER)): Keys 'ENTER + ' sent to object: 'Object Repository/Account repository/Page_Calendar activity related/input show time as acti rel'

2020-06-22 11:17:16 - [MESSAGE][PASSED] - Keys 'ENTER + ' sent to object: 'Object Repository/Account repository/Page_Calendar activity related/input show time as acti rel'

2020-06-22 11:17:16 - [TEST_STEP][PASSED] - setText(findTestObject("Account repository/Page_Calendar activity related/textarea__description acti rel"), findTestData("Account Test Data/D11").getValue(14, 1)): Text 'Anatomy of Ultraman' is set on object 'Object Repository/Account repository/Page_Calendar activity related/textarea__description acti rel'

2020-06-22 11:17:17 - [MESSAGE][PASSED] - Text 'Anatomy of Ultraman' is set on object 'Object Repository/Account repository/Page_Calendar activity related/textarea__description acti rel'

2020-06-22 11:17:17 - [TEST_STEP][PASSED] - click(findTestObject("Account repository/Page_Calendar activity related/button_Save acti rel")): Object: 'Object Repository/Account repository/Page_Calendar activity related/button_Save acti rel' is clicked on

2020-06-22 11:17:18 - [MESSAGE][PASSED] - Object: 'Object Repository/Account repository/Page_Calendar activity related/button_Save acti rel' is clicked on]]></system-out>
         <system-err><![CDATA[]]></system-err>
      </testcase>
      <testcase name="Test Cases/Account Test Case/35" time="20.763" classname="Test Cases/Account Test Case/35" status="PASSED">
         <system-out><![CDATA[2020-06-22 11:17:18 - [TEST_CASE][PASSED] - Test Cases/Account Test Case/35: Test Cases/Account Test Case/35

2020-06-22 11:17:18 - [TEST_STEP][PASSED] - delay(1): Delayed 1 second(s)

2020-06-22 11:17:19 - [MESSAGE][PASSED] - Delayed 1 second(s)

2020-06-22 11:17:19 - [TEST_STEP][PASSED] - click(findTestObject("Account repository/Page_Calendar activity related/clear acti rel")): Object: 'Object Repository/Account repository/Page_Calendar activity related/clear acti rel' is clicked on

2020-06-22 11:17:19 - [MESSAGE][PASSED] - Object: 'Object Repository/Account repository/Page_Calendar activity related/clear acti rel' is clicked on

2020-06-22 11:17:19 - [TEST_STEP][PASSED] - delay(1): Delayed 1 second(s)

2020-06-22 11:17:20 - [MESSAGE][PASSED] - Delayed 1 second(s)

2020-06-22 11:17:20 - [TEST_STEP][PASSED] - setText(findTestObject("Account repository/Page_Calendar activity related/input__subject acti rel"), findTestData("Account Test Data/D11").getValue(1, 1)): Text 'Anatomy' is set on object 'Object Repository/Account repository/Page_Calendar activity related/input__subject acti rel'

2020-06-22 11:17:21 - [MESSAGE][PASSED] - Text 'Anatomy' is set on object 'Object Repository/Account repository/Page_Calendar activity related/input__subject acti rel'

2020-06-22 11:17:21 - [TEST_STEP][PASSED] - click(findTestObject("Account repository/Page_Calendar activity related/acti type rel")): Object: 'Object Repository/Account repository/Page_Calendar activity related/acti type rel' is clicked on

2020-06-22 11:17:21 - [MESSAGE][PASSED] - Object: 'Object Repository/Account repository/Page_Calendar activity related/acti type rel' is clicked on

2020-06-22 11:17:21 - [TEST_STEP][PASSED] - setText(findTestObject("Account repository/Page_Calendar activity related/input acti type rel"), findTestData("Account Test Data/D11").getValue(2, 1)): Text 'Call' is set on object 'Object Repository/Account repository/Page_Calendar activity related/input acti type rel'

2020-06-22 11:17:22 - [MESSAGE][PASSED] - Text 'Call' is set on object 'Object Repository/Account repository/Page_Calendar activity related/input acti type rel'

2020-06-22 11:17:22 - [TEST_STEP][PASSED] - sendKeys(findTestObject("Account repository/Page_Calendar activity related/input acti type rel"), Keys.chord(ENTER)): Keys 'ENTER + ' sent to object: 'Object Repository/Account repository/Page_Calendar activity related/input acti type rel'

2020-06-22 11:17:22 - [MESSAGE][PASSED] - Keys 'ENTER + ' sent to object: 'Object Repository/Account repository/Page_Calendar activity related/input acti type rel'

2020-06-22 11:17:22 - [TEST_STEP][PASSED] - click(findTestObject("Account repository/Page_Calendar activity related/sale type acti rel")): Object: 'Object Repository/Account repository/Page_Calendar activity related/sale type acti rel' is clicked on

2020-06-22 11:17:23 - [MESSAGE][PASSED] - Object: 'Object Repository/Account repository/Page_Calendar activity related/sale type acti rel' is clicked on

2020-06-22 11:17:23 - [TEST_STEP][PASSED] - setText(findTestObject("Account repository/Page_Calendar activity related/input sale type acti rel"), findTestData("Account Test Data/D11").getValue(4, 1)): Text 'Pre-Sales' is set on object 'Object Repository/Account repository/Page_Calendar activity related/input sale type acti rel'

2020-06-22 11:17:23 - [MESSAGE][PASSED] - Text 'Pre-Sales' is set on object 'Object Repository/Account repository/Page_Calendar activity related/input sale type acti rel'

2020-06-22 11:17:23 - [TEST_STEP][PASSED] - sendKeys(findTestObject("Account repository/Page_Calendar activity related/input sale type acti rel"), Keys.chord(ENTER)): Keys 'ENTER + ' sent to object: 'Object Repository/Account repository/Page_Calendar activity related/input sale type acti rel'

2020-06-22 11:17:24 - [MESSAGE][PASSED] - Keys 'ENTER + ' sent to object: 'Object Repository/Account repository/Page_Calendar activity related/input sale type acti rel'

2020-06-22 11:17:24 - [TEST_STEP][PASSED] - setText(findTestObject("Account repository/Page_Calendar activity related/input__date_start acti rel"), findTestData("Account Test Data/D11").getValue(7, 1)): Text '11/02/2020' is set on object 'Object Repository/Account repository/Page_Calendar activity related/input__date_start acti rel'

2020-06-22 11:17:25 - [MESSAGE][PASSED] - Text '11/02/2020' is set on object 'Object Repository/Account repository/Page_Calendar activity related/input__date_start acti rel'

2020-06-22 11:17:25 - [TEST_STEP][PASSED] - setText(findTestObject("Account repository/Page_Calendar activity related/input__time_start acti rel"), findTestData("Account Test Data/D11").getValue(8, 1)): Text '03:19 PM' is set on object 'Object Repository/Account repository/Page_Calendar activity related/input__time_start acti rel'

2020-06-22 11:17:26 - [MESSAGE][PASSED] - Text '03:19 PM' is set on object 'Object Repository/Account repository/Page_Calendar activity related/input__time_start acti rel'

2020-06-22 11:17:26 - [TEST_STEP][PASSED] - setText(findTestObject("Account repository/Page_Calendar activity related/input__due_date acti rel"), findTestData("Account Test Data/D11").getValue(9, 1)): Text '11/02/2020' is set on object 'Object Repository/Account repository/Page_Calendar activity related/input__due_date acti rel'

2020-06-22 11:17:27 - [MESSAGE][PASSED] - Text '11/02/2020' is set on object 'Object Repository/Account repository/Page_Calendar activity related/input__due_date acti rel'

2020-06-22 11:17:27 - [TEST_STEP][PASSED] - setText(findTestObject("Account repository/Page_Calendar activity related/input__time_end acti rel"), findTestData("Account Test Data/D11").getValue(10, 1)): Text '03:24 PM' is set on object 'Object Repository/Account repository/Page_Calendar activity related/input__time_end acti rel'

2020-06-22 11:17:28 - [MESSAGE][PASSED] - Text '03:24 PM' is set on object 'Object Repository/Account repository/Page_Calendar activity related/input__time_end acti rel'

2020-06-22 11:17:28 - [TEST_STEP][PASSED] - click(findTestObject("Account repository/Page_Calendar activity related/clear acti rel")): Object: 'Object Repository/Account repository/Page_Calendar activity related/clear acti rel' is clicked on

2020-06-22 11:17:28 - [MESSAGE][PASSED] - Object: 'Object Repository/Account repository/Page_Calendar activity related/clear acti rel' is clicked on

2020-06-22 11:17:28 - [TEST_STEP][PASSED] - click(findTestObject("Account repository/Page_Calendar activity related/status result acti rel")): Object: 'Object Repository/Account repository/Page_Calendar activity related/status result acti rel' is clicked on

2020-06-22 11:17:29 - [MESSAGE][PASSED] - Object: 'Object Repository/Account repository/Page_Calendar activity related/status result acti rel' is clicked on

2020-06-22 11:17:29 - [TEST_STEP][PASSED] - setText(findTestObject("Account repository/Page_Calendar activity related/input status result acti rel"), findTestData("Account Test Data/D11").getValue(12, 1)): Text 'Done' is set on object 'Object Repository/Account repository/Page_Calendar activity related/input status result acti rel'

2020-06-22 11:17:30 - [MESSAGE][PASSED] - Text 'Done' is set on object 'Object Repository/Account repository/Page_Calendar activity related/input status result acti rel'

2020-06-22 11:17:30 - [TEST_STEP][PASSED] - sendKeys(findTestObject("Account repository/Page_Calendar activity related/input status result acti rel"), Keys.chord(ENTER)): Keys 'ENTER + ' sent to object: 'Object Repository/Account repository/Page_Calendar activity related/input status result acti rel'

2020-06-22 11:17:30 - [MESSAGE][PASSED] - Keys 'ENTER + ' sent to object: 'Object Repository/Account repository/Page_Calendar activity related/input status result acti rel'

2020-06-22 11:17:30 - [TEST_STEP][PASSED] - click(findTestObject("Account repository/Page_Calendar activity related/search contact name acti rel")): Object: 'Object Repository/Account repository/Page_Calendar activity related/search contact name acti rel' is clicked on

2020-06-22 11:17:31 - [MESSAGE][PASSED] - Object: 'Object Repository/Account repository/Page_Calendar activity related/search contact name acti rel' is clicked on

2020-06-22 11:17:31 - [TEST_STEP][PASSED] - switchToWindowTitle("Contacts"): Switched to window with title: 'Contacts'

2020-06-22 11:17:33 - [MESSAGE][PASSED] - Switched to window with title: 'Contacts'

2020-06-22 11:17:33 - [TEST_STEP][PASSED] - click(findTestObject("Account repository/Page_Contacts/a_OldSales2")): Object: 'Object Repository/Account repository/Page_Contacts/a_OldSales2' is clicked on

2020-06-22 11:17:33 - [MESSAGE][PASSED] - Object: 'Object Repository/Account repository/Page_Contacts/a_OldSales2' is clicked on

2020-06-22 11:17:33 - [TEST_STEP][PASSED] - switchToDefaultContent(): null

2020-06-22 11:17:35 - [TEST_STEP][PASSED] - click(findTestObject("Account repository/Page_Calendar activity related/show time as acti rel")): Object: 'Object Repository/Account repository/Page_Calendar activity related/show time as acti rel' is clicked on

2020-06-22 11:17:36 - [MESSAGE][PASSED] - Object: 'Object Repository/Account repository/Page_Calendar activity related/show time as acti rel' is clicked on

2020-06-22 11:17:36 - [TEST_STEP][PASSED] - setText(findTestObject("Account repository/Page_Calendar activity related/input show time as acti rel"), findTestData("Account Test Data/D11").getValue(13, 1)): Text 'Out of Office' is set on object 'Object Repository/Account repository/Page_Calendar activity related/input show time as acti rel'

2020-06-22 11:17:36 - [MESSAGE][PASSED] - Text 'Out of Office' is set on object 'Object Repository/Account repository/Page_Calendar activity related/input show time as acti rel'

2020-06-22 11:17:36 - [TEST_STEP][PASSED] - sendKeys(findTestObject("Account repository/Page_Calendar activity related/input show time as acti rel"), Keys.chord(ENTER)): Keys 'ENTER + ' sent to object: 'Object Repository/Account repository/Page_Calendar activity related/input show time as acti rel'

2020-06-22 11:17:37 - [MESSAGE][PASSED] - Keys 'ENTER + ' sent to object: 'Object Repository/Account repository/Page_Calendar activity related/input show time as acti rel'

2020-06-22 11:17:37 - [TEST_STEP][PASSED] - setText(findTestObject("Account repository/Page_Calendar activity related/textarea__description acti rel"), findTestData("Account Test Data/D11").getValue(14, 1)): Text 'Anatomy of Ultraman' is set on object 'Object Repository/Account repository/Page_Calendar activity related/textarea__description acti rel'

2020-06-22 11:17:38 - [MESSAGE][PASSED] - Text 'Anatomy of Ultraman' is set on object 'Object Repository/Account repository/Page_Calendar activity related/textarea__description acti rel'

2020-06-22 11:17:38 - [TEST_STEP][PASSED] - click(findTestObject("Account repository/Page_Calendar activity related/button_Save acti rel")): Object: 'Object Repository/Account repository/Page_Calendar activity related/button_Save acti rel' is clicked on

2020-06-22 11:17:38 - [MESSAGE][PASSED] - Object: 'Object Repository/Account repository/Page_Calendar activity related/button_Save acti rel' is clicked on]]></system-out>
         <system-err><![CDATA[]]></system-err>
      </testcase>
      <system-out><![CDATA[2020-06-22 11:16:31 - [TEST_SUITE][PASSED] - 17 (1): Test Cases/Account Test Case/35]]></system-out>
      <system-err><![CDATA[]]></system-err>
   </testsuite>
</testsuites>
