<?xml version="1.0" encoding="UTF-8"?>
<testsuites name="13" time="46.267" tests="5" failures="0" errors="0">
   <testsuite name="13" tests="5" failures="0" errors="0" time="46.267" timestamp="2020-07-08 11:19:29" hostname="WIN10 - DESKTOP-0NVCT6K" id="Test Suites/Opportunity Usecase/13">
      <properties>
         <property name="deviceName" value=""/>
         <property name="devicePlatform" value=""/>
         <property name="logFolder" value="C:\\Users\\WIN10\\git\\Best-Project\\Reports\\20200708_111928\\Opportunity Usecase\\13\\20200708_111928"/>
         <property name="logFiles" value="C:\\Users\\WIN10\\git\\Best-Project\\Reports\\20200708_111928\\Opportunity Usecase\\13\\20200708_111928\\execution0.log"/>
         <property name="attachments" value=""/>
         <property name="hostName" value="WIN10 - DESKTOP-0NVCT6K"/>
         <property name="os" value="Windows 10 64bit"/>
         <property name="katalonVersion" value="7.5.2.1"/>
         <property name="browser" value="Chrome 83.0.4103.116"/>
         <property name="hostAddress" value="192.168.1.2"/>
         <property name="sessionId" value="4127834da5d0a4a3faf6583469a7843e"/>
         <property name="seleniumVersion" value="3.141.59"/>
         <property name="proxyInformation" value="ProxyInformation { proxyOption=NO_PROXY, proxyServerType=HTTP, username=, password=********, proxyServerAddress=, proxyServerPort=0, executionList=\&quot;\&quot;, isApplyToDesiredCapabilities=true }"/>
         <property name="platform" value="Windows 10"/>
      </properties>
      <testcase name="Test Cases/Opportunity Test Case/1" time="16.481" classname="Test Cases/Opportunity Test Case/1" status="PASSED">
         <system-out><![CDATA[2020-07-08 11:19:30 - [TEST_CASE][PASSED] - Test Cases/Opportunity Test Case/1: Test Cases/Opportunity Test Case/1

2020-07-08 11:19:30 - [TEST_STEP][PASSED] - openBrowser("http://crmc.opencloud.digital:64216/index.php"): Browser is opened with url: 'http://crmc.opencloud.digital:64216/index.php'

2020-07-08 11:19:30 - [MESSAGE][INFO] - Starting 'Chrome' driver

2020-07-08 11:19:30 - [MESSAGE][INFO] - Action delay is set to 0 milliseconds

2020-07-08 11:19:35 - [MESSAGE][PASSED] - Browser is opened with url: 'http://crmc.opencloud.digital:64216/index.php'

2020-07-08 11:19:35 - [TEST_STEP][PASSED] - setText(findTestObject("Account repository/Login/input_User name_username"), findTestData("Opportunity Test Data/D1").getValue(1, 1)): Text 'Admin' is set on object 'Object Repository/Account repository/Login/input_User name_username'

2020-07-08 11:19:36 - [MESSAGE][PASSED] - Text 'Admin' is set on object 'Object Repository/Account repository/Login/input_User name_username'

2020-07-08 11:19:36 - [TEST_STEP][PASSED] - setText(findTestObject("Account repository/Login/input_Password_password"), findTestData("Opportunity Test Data/D1").getValue(2, 1)): Text '1qaz2WSX3edc ' is set on object 'Object Repository/Account repository/Login/input_Password_password'

2020-07-08 11:19:36 - [MESSAGE][PASSED] - Text '1qaz2WSX3edc ' is set on object 'Object Repository/Account repository/Login/input_Password_password'

2020-07-08 11:19:36 - [TEST_STEP][PASSED] - click(findTestObject("Account repository/Login/button_Sign in")): Object: 'Object Repository/Account repository/Login/button_Sign in' is clicked on

2020-07-08 11:19:38 - [MESSAGE][PASSED] - Object: 'Object Repository/Account repository/Login/button_Sign in' is clicked on

2020-07-08 11:19:38 - [TEST_STEP][PASSED] - click(findTestObject("Opportunity repository/Page_Home/a_Opportunities")): Object: 'Object Repository/Opportunity repository/Page_Home/a_Opportunities' is clicked on

2020-07-08 11:19:44 - [MESSAGE][PASSED] - Object: 'Object Repository/Opportunity repository/Page_Home/a_Opportunities' is clicked on

2020-07-08 11:19:44 - [TEST_STEP][PASSED] - delay(2): Delayed 2 second(s)

2020-07-08 11:19:46 - [MESSAGE][PASSED] - Delayed 2 second(s)]]></system-out>
         <system-err><![CDATA[]]></system-err>
      </testcase>
      <testcase name="Test Cases/Opportunity Test Case/5" time="8.478" classname="Test Cases/Opportunity Test Case/5" status="PASSED">
         <system-out><![CDATA[2020-07-08 11:19:46 - [TEST_CASE][PASSED] - Test Cases/Opportunity Test Case/5: Test Cases/Opportunity Test Case/5

2020-07-08 11:19:46 - [TEST_STEP][PASSED] - setText(findTestObject("Opportunity repository/Page_Opportunities/input_Contact Name_potentialname Search"), findTestData("Opportunity Test Data/D2").getValue(1, 1)): Text 'โครงการนำเสนอPro C751-บจก. ฐานการพิมพ์' is set on object 'Object Repository/Opportunity repository/Page_Opportunities/input_Contact Name_potentialname Search'

2020-07-08 11:19:47 - [MESSAGE][PASSED] - Text 'โครงการนำเสนอPro C751-บจก. ฐานการพิมพ์' is set on object 'Object Repository/Opportunity repository/Page_Opportunities/input_Contact Name_potentialname Search'

2020-07-08 11:19:47 - [TEST_STEP][PASSED] - click(findTestObject("Opportunity repository/Page_Opportunities/button_Search Oppotunity name")): Object: 'Object Repository/Opportunity repository/Page_Opportunities/button_Search Oppotunity name' is clicked on

2020-07-08 11:19:47 - [MESSAGE][PASSED] - Object: 'Object Repository/Opportunity repository/Page_Opportunities/button_Search Oppotunity name' is clicked on

2020-07-08 11:19:47 - [TEST_STEP][PASSED] - click(findTestObject("Opportunity repository/Page_Opportunities/a_Pro C751-")): Object: 'Object Repository/Opportunity repository/Page_Opportunities/a_Pro C751-' is clicked on

2020-07-08 11:19:53 - [MESSAGE][PASSED] - Object: 'Object Repository/Opportunity repository/Page_Opportunities/a_Pro C751-' is clicked on

2020-07-08 11:19:53 - [TEST_STEP][PASSED] - delay(2): Delayed 2 second(s)

2020-07-08 11:19:55 - [MESSAGE][PASSED] - Delayed 2 second(s)]]></system-out>
         <system-err><![CDATA[]]></system-err>
      </testcase>
      <testcase name="Test Cases/Opportunity Test Case/23" time="4.934" classname="Test Cases/Opportunity Test Case/23" status="PASSED">
         <system-out><![CDATA[2020-07-08 11:19:55 - [TEST_CASE][PASSED] - Test Cases/Opportunity Test Case/23: Test Cases/Opportunity Test Case/23

2020-07-08 11:19:55 - [TEST_STEP][PASSED] - click(findTestObject("Opportunity repository/Page_Opportunities/a_Products  opp")): Object: 'Object Repository/Opportunity repository/Page_Opportunities/a_Products  opp' is clicked on

2020-07-08 11:19:55 - [MESSAGE][PASSED] - Object: 'Object Repository/Opportunity repository/Page_Opportunities/a_Products  opp' is clicked on

2020-07-08 11:19:55 - [TEST_STEP][PASSED] - click(findTestObject("Opportunity repository/Page_Opportunities/button_Add Line Item opp")): Object: 'Object Repository/Opportunity repository/Page_Opportunities/button_Add Line Item opp' is clicked on

2020-07-08 11:19:57 - [MESSAGE][PASSED] - Object: 'Object Repository/Opportunity repository/Page_Opportunities/button_Add Line Item opp' is clicked on

2020-07-08 11:19:57 - [TEST_STEP][PASSED] - click(findTestObject("Opportunity repository/Page_OppLineItem/button_Save line item")): Object: 'Object Repository/Opportunity repository/Page_OppLineItem/button_Save line item' is clicked on

2020-07-08 11:19:58 - [MESSAGE][PASSED] - Object: 'Object Repository/Opportunity repository/Page_OppLineItem/button_Save line item' is clicked on

2020-07-08 11:19:58 - [TEST_STEP][PASSED] - delay(2): Delayed 2 second(s)

2020-07-08 11:20:00 - [MESSAGE][PASSED] - Delayed 2 second(s)]]></system-out>
         <system-err><![CDATA[]]></system-err>
      </testcase>
      <testcase name="Test Cases/Opportunity Test Case/22" time="7.296" classname="Test Cases/Opportunity Test Case/22" status="PASSED">
         <system-out><![CDATA[2020-07-08 11:20:00 - [TEST_CASE][PASSED] - Test Cases/Opportunity Test Case/22: Test Cases/Opportunity Test Case/22

2020-07-08 11:20:00 - [TEST_STEP][PASSED] - click(findTestObject("Opportunity repository/Page_OppLineItem/product search")): Object: 'Object Repository/Opportunity repository/Page_OppLineItem/product search' is clicked on

2020-07-08 11:20:00 - [MESSAGE][PASSED] - Object: 'Object Repository/Opportunity repository/Page_OppLineItem/product search' is clicked on

2020-07-08 11:20:00 - [TEST_STEP][PASSED] - switchToWindowTitle("Products"): Switched to window with title: 'Products'

2020-07-08 11:20:02 - [MESSAGE][PASSED] - Switched to window with title: 'Products'

2020-07-08 11:20:02 - [TEST_STEP][PASSED] - click(findTestObject("Opportunity repository/Page_Products/td_Acer")): Object: 'Object Repository/Opportunity repository/Page_Products/td_Acer' is clicked on

2020-07-08 11:20:03 - [MESSAGE][PASSED] - Object: 'Object Repository/Opportunity repository/Page_Products/td_Acer' is clicked on

2020-07-08 11:20:03 - [TEST_STEP][PASSED] - switchToDefaultContent(): null

2020-07-08 11:20:05 - [TEST_STEP][PASSED] - click(findTestObject("Opportunity repository/Page_OppLineItem/button_Save line item")): Object: 'Object Repository/Opportunity repository/Page_OppLineItem/button_Save line item' is clicked on

2020-07-08 11:20:05 - [MESSAGE][PASSED] - Object: 'Object Repository/Opportunity repository/Page_OppLineItem/button_Save line item' is clicked on

2020-07-08 11:20:05 - [TEST_STEP][PASSED] - delay(2): Delayed 2 second(s)

2020-07-08 11:20:07 - [MESSAGE][PASSED] - Delayed 2 second(s)]]></system-out>
         <system-err><![CDATA[]]></system-err>
      </testcase>
      <testcase name="Test Cases/Opportunity Test Case/21" time="8.163" classname="Test Cases/Opportunity Test Case/21" status="PASSED">
         <system-out><![CDATA[2020-07-08 11:20:07 - [TEST_CASE][PASSED] - Test Cases/Opportunity Test Case/21: Test Cases/Opportunity Test Case/21

2020-07-08 11:20:07 - [TEST_STEP][PASSED] - click(findTestObject("Opportunity repository/Page_OppLineItem/product search")): Object: 'Object Repository/Opportunity repository/Page_OppLineItem/product search' is clicked on

2020-07-08 11:20:07 - [MESSAGE][PASSED] - Object: 'Object Repository/Opportunity repository/Page_OppLineItem/product search' is clicked on

2020-07-08 11:20:07 - [TEST_STEP][PASSED] - switchToWindowTitle("Products"): Switched to window with title: 'Products'

2020-07-08 11:20:09 - [MESSAGE][PASSED] - Switched to window with title: 'Products'

2020-07-08 11:20:09 - [TEST_STEP][PASSED] - click(findTestObject("Opportunity repository/Page_Products/td_Acer")): Object: 'Object Repository/Opportunity repository/Page_Products/td_Acer' is clicked on

2020-07-08 11:20:10 - [MESSAGE][PASSED] - Object: 'Object Repository/Opportunity repository/Page_Products/td_Acer' is clicked on

2020-07-08 11:20:10 - [TEST_STEP][PASSED] - switchToDefaultContent(): null

2020-07-08 11:20:12 - [TEST_STEP][PASSED] - setText(findTestObject("Opportunity repository/Page_OppLineItem/input__unit price"), findTestData("Opportunity Test Data/D11").getValue(4, 1)): Text '200' is set on object 'Object Repository/Opportunity repository/Page_OppLineItem/input__unit price'

2020-07-08 11:20:12 - [MESSAGE][PASSED] - Text '200' is set on object 'Object Repository/Opportunity repository/Page_OppLineItem/input__unit price'

2020-07-08 11:20:12 - [TEST_STEP][PASSED] - click(findTestObject("Opportunity repository/Page_OppLineItem/button_Save line item")): Object: 'Object Repository/Opportunity repository/Page_OppLineItem/button_Save line item' is clicked on

2020-07-08 11:20:15 - [MESSAGE][PASSED] - Object: 'Object Repository/Opportunity repository/Page_OppLineItem/button_Save line item' is clicked on]]></system-out>
         <system-err><![CDATA[]]></system-err>
      </testcase>
      <system-out><![CDATA[2020-07-08 11:19:29 - [TEST_SUITE][PASSED] - 13: Test Cases/Opportunity Test Case/21]]></system-out>
      <system-err><![CDATA[]]></system-err>
   </testsuite>
</testsuites>
