<?xml version="1.0" encoding="UTF-8"?>
<testsuites name="21" time="27.088" tests="3" failures="0" errors="0">
   <testsuite name="21" tests="3" failures="0" errors="0" time="27.088" timestamp="2020-06-22 11:21:38" hostname="WIN10 - DESKTOP-0NVCT6K" id="Test Suites/Account Usecase/21">
      <properties>
         <property name="deviceName" value=""/>
         <property name="devicePlatform" value=""/>
         <property name="logFolder" value="C:\\Users\\WIN10\\git\\Best-Project\\Reports\\20200622_112136\\Account Usecase\\21\\20200622_112136"/>
         <property name="logFiles" value="C:\\Users\\WIN10\\git\\Best-Project\\Reports\\20200622_112136\\Account Usecase\\21\\20200622_112136\\execution0.log"/>
         <property name="attachments" value=""/>
         <property name="hostName" value="WIN10 - DESKTOP-0NVCT6K"/>
         <property name="os" value="Windows 10 64bit"/>
         <property name="katalonVersion" value="7.5.2.1"/>
         <property name="browser" value="Chrome 83.0.4103.106"/>
         <property name="hostAddress" value="192.168.1.2"/>
         <property name="sessionId" value="46432429b41adfbf4a6a46d6ad99d510"/>
         <property name="seleniumVersion" value="3.141.59"/>
         <property name="proxyInformation" value="ProxyInformation { proxyOption=NO_PROXY, proxyServerType=HTTP, username=, password=********, proxyServerAddress=, proxyServerPort=0, executionList=\&quot;\&quot;, isApplyToDesiredCapabilities=true }"/>
         <property name="platform" value="Windows 10"/>
      </properties>
      <testcase name="Test Cases/Account Test Case/1-View the layout information in the List View" time="9.538" classname="Test Cases/Account Test Case/1-View the layout information in the List View" status="PASSED">
         <system-out><![CDATA[2020-06-22 11:21:38 - [TEST_CASE][PASSED] - Test Cases/Account Test Case/1-View the layout information in the List View: Test Cases/Account Test Case/1-View the layout information in the List View

2020-06-22 11:21:38 - [TEST_STEP][PASSED] - openBrowser("http://crmc.opencloud.digital:64216/index.php"): Browser is opened with url: 'http://crmc.opencloud.digital:64216/index.php'

2020-06-22 11:21:38 - [MESSAGE][INFO] - Starting 'Chrome' driver

2020-06-22 11:21:38 - [MESSAGE][INFO] - Action delay is set to 0 milliseconds

2020-06-22 11:21:43 - [MESSAGE][PASSED] - Browser is opened with url: 'http://crmc.opencloud.digital:64216/index.php'

2020-06-22 11:21:43 - [TEST_STEP][PASSED] - maximizeWindow(): Current window maximized

2020-06-22 11:21:45 - [MESSAGE][PASSED] - Current window maximized

2020-06-22 11:21:45 - [TEST_STEP][PASSED] - setText(findTestObject("Account repository/Login/input_User name_username"), findTestData("Account Test Data/D1").getValue(1, 1)): Text 'Admin' is set on object 'Object Repository/Account repository/Login/input_User name_username'

2020-06-22 11:21:45 - [MESSAGE][PASSED] - Text 'Admin' is set on object 'Object Repository/Account repository/Login/input_User name_username'

2020-06-22 11:21:45 - [TEST_STEP][PASSED] - setText(findTestObject("Account repository/Login/input_Password_password"), findTestData("Account Test Data/D1").getValue(2, 1)): Text '1qaz2WSX3edc ' is set on object 'Object Repository/Account repository/Login/input_Password_password'

2020-06-22 11:21:46 - [MESSAGE][PASSED] - Text '1qaz2WSX3edc ' is set on object 'Object Repository/Account repository/Login/input_Password_password'

2020-06-22 11:21:46 - [TEST_STEP][PASSED] - click(findTestObject("Account repository/Login/button_Sign in")): Object: 'Object Repository/Account repository/Login/button_Sign in' is clicked on

2020-06-22 11:21:47 - [MESSAGE][PASSED] - Object: 'Object Repository/Account repository/Login/button_Sign in' is clicked on]]></system-out>
         <system-err><![CDATA[]]></system-err>
      </testcase>
      <testcase name="Test Cases/Account Test Case/5-View the Detail View information" time="12.387" classname="Test Cases/Account Test Case/5-View the Detail View information" status="PASSED">
         <system-out><![CDATA[2020-06-22 11:21:47 - [TEST_CASE][PASSED] - Test Cases/Account Test Case/5-View the Detail View information: Test Cases/Account Test Case/5-View the Detail View information

2020-06-22 11:21:47 - [TEST_STEP][PASSED] - click(findTestObject("Account repository/Page_Home/strong_Accounts")): Object: 'Object Repository/Account repository/Page_Home/strong_Accounts' is clicked on

2020-06-22 11:21:53 - [MESSAGE][PASSED] - Object: 'Object Repository/Account repository/Page_Home/strong_Accounts' is clicked on

2020-06-22 11:21:53 - [TEST_STEP][PASSED] - setText(findTestObject("Account repository/Page_Accounts/Search Account Name"), findTestData("Account Test Data/D4").getValue(1, 1)): Text 'บริษัท วี จี ไอ โกลบอล มีเดีย จำกัด (มหาชน) ' is set on object 'Object Repository/Account repository/Page_Accounts/Search Account Name'

2020-06-22 11:21:55 - [MESSAGE][PASSED] - Text 'บริษัท วี จี ไอ โกลบอล มีเดีย จำกัด (มหาชน) ' is set on object 'Object Repository/Account repository/Page_Accounts/Search Account Name'

2020-06-22 11:21:55 - [TEST_STEP][PASSED] - click(findTestObject("Account repository/Page_Accounts/button_Search")): Object: 'Object Repository/Account repository/Page_Accounts/button_Search' is clicked on

2020-06-22 11:21:55 - [MESSAGE][PASSED] - Object: 'Object Repository/Account repository/Page_Accounts/button_Search' is clicked on

2020-06-22 11:21:55 - [TEST_STEP][PASSED] - click(findTestObject("Account repository/Page_Accounts/click v g o")): Object: 'Object Repository/Account repository/Page_Accounts/click v g o' is clicked on

2020-06-22 11:22:00 - [MESSAGE][PASSED] - Object: 'Object Repository/Account repository/Page_Accounts/click v g o' is clicked on]]></system-out>
         <system-err><![CDATA[]]></system-err>
      </testcase>
      <testcase name="Test Cases/Account Test Case/48" time="4.954" classname="Test Cases/Account Test Case/48" status="PASSED">
         <system-out><![CDATA[2020-06-22 11:22:00 - [TEST_CASE][PASSED] - Test Cases/Account Test Case/48: Test Cases/Account Test Case/48

2020-06-22 11:22:00 - [TEST_STEP][PASSED] - click(findTestObject("Account repository/Page_Accounts Related/a_E-Lead  0")): Object: 'Object Repository/Account repository/Page_Accounts Related/a_E-Lead  0' is clicked on

2020-06-22 11:22:00 - [MESSAGE][PASSED] - Object: 'Object Repository/Account repository/Page_Accounts Related/a_E-Lead  0' is clicked on

2020-06-22 11:22:00 - [TEST_STEP][PASSED] - click(findTestObject("Account repository/Page_Accounts Related/button_Add E-Lead")): Object: 'Object Repository/Account repository/Page_Accounts Related/button_Add E-Lead' is clicked on

2020-06-22 11:22:02 - [MESSAGE][PASSED] - Object: 'Object Repository/Account repository/Page_Accounts Related/button_Add E-Lead' is clicked on

2020-06-22 11:22:02 - [TEST_STEP][PASSED] - delay(2): Delayed 2 second(s)

2020-06-22 11:22:04 - [MESSAGE][PASSED] - Delayed 2 second(s)

2020-06-22 11:22:04 - [TEST_STEP][PASSED] - closeBrowser(): Browser is closed

2020-06-22 11:22:05 - [MESSAGE][PASSED] - Browser is closed]]></system-out>
         <system-err><![CDATA[]]></system-err>
      </testcase>
      <system-out><![CDATA[2020-06-22 11:21:38 - [TEST_SUITE][PASSED] - 21: Test Cases/Account Test Case/48]]></system-out>
      <system-err><![CDATA[]]></system-err>
   </testsuite>
</testsuites>
