<?xml version="1.0" encoding="UTF-8"?>
<testsuites name="17" time="29.344" tests="3" failures="0" errors="0">
   <testsuite name="17" tests="3" failures="0" errors="0" time="29.344" timestamp="2020-07-08 13:06:02" hostname="WIN10 - DESKTOP-0NVCT6K" id="Test Suites/Opportunity Usecase/17">
      <properties>
         <property name="deviceName" value=""/>
         <property name="devicePlatform" value=""/>
         <property name="logFolder" value="C:\\Users\\WIN10\\git\\Best-Project\\Reports\\20200708_130601\\Opportunity Usecase\\17\\20200708_130601"/>
         <property name="logFiles" value="C:\\Users\\WIN10\\git\\Best-Project\\Reports\\20200708_130601\\Opportunity Usecase\\17\\20200708_130601\\execution0.log"/>
         <property name="attachments" value=""/>
         <property name="hostName" value="WIN10 - DESKTOP-0NVCT6K"/>
         <property name="os" value="Windows 10 64bit"/>
         <property name="katalonVersion" value="7.5.2.1"/>
         <property name="browser" value="Chrome 83.0.4103.116"/>
         <property name="hostAddress" value="192.168.1.2"/>
         <property name="sessionId" value="ab0902ab837137a834c77c6c9c703a59"/>
         <property name="seleniumVersion" value="3.141.59"/>
         <property name="proxyInformation" value="ProxyInformation { proxyOption=NO_PROXY, proxyServerType=HTTP, username=, password=********, proxyServerAddress=, proxyServerPort=0, executionList=\&quot;\&quot;, isApplyToDesiredCapabilities=true }"/>
         <property name="platform" value="Windows 10"/>
      </properties>
      <testcase name="Test Cases/Opportunity Test Case/1" time="16.771" classname="Test Cases/Opportunity Test Case/1" status="PASSED">
         <system-out><![CDATA[2020-07-08 13:06:03 - [TEST_CASE][PASSED] - Test Cases/Opportunity Test Case/1: Test Cases/Opportunity Test Case/1

2020-07-08 13:06:03 - [TEST_STEP][PASSED] - openBrowser("http://crmc.opencloud.digital:64216/index.php"): Browser is opened with url: 'http://crmc.opencloud.digital:64216/index.php'

2020-07-08 13:06:03 - [MESSAGE][INFO] - Starting 'Chrome' driver

2020-07-08 13:06:03 - [MESSAGE][INFO] - Action delay is set to 0 milliseconds

2020-07-08 13:06:08 - [MESSAGE][PASSED] - Browser is opened with url: 'http://crmc.opencloud.digital:64216/index.php'

2020-07-08 13:06:08 - [TEST_STEP][PASSED] - setText(findTestObject("Account repository/Login/input_User name_username"), findTestData("Opportunity Test Data/D1").getValue(1, 1)): Text 'Admin' is set on object 'Object Repository/Account repository/Login/input_User name_username'

2020-07-08 13:06:09 - [MESSAGE][PASSED] - Text 'Admin' is set on object 'Object Repository/Account repository/Login/input_User name_username'

2020-07-08 13:06:09 - [TEST_STEP][PASSED] - setText(findTestObject("Account repository/Login/input_Password_password"), findTestData("Opportunity Test Data/D1").getValue(2, 1)): Text '1qaz2WSX3edc ' is set on object 'Object Repository/Account repository/Login/input_Password_password'

2020-07-08 13:06:10 - [MESSAGE][PASSED] - Text '1qaz2WSX3edc ' is set on object 'Object Repository/Account repository/Login/input_Password_password'

2020-07-08 13:06:10 - [TEST_STEP][PASSED] - click(findTestObject("Account repository/Login/button_Sign in")): Object: 'Object Repository/Account repository/Login/button_Sign in' is clicked on

2020-07-08 13:06:11 - [MESSAGE][PASSED] - Object: 'Object Repository/Account repository/Login/button_Sign in' is clicked on

2020-07-08 13:06:11 - [TEST_STEP][PASSED] - click(findTestObject("Opportunity repository/Page_Home/a_Opportunities")): Object: 'Object Repository/Opportunity repository/Page_Home/a_Opportunities' is clicked on

2020-07-08 13:06:17 - [MESSAGE][PASSED] - Object: 'Object Repository/Opportunity repository/Page_Home/a_Opportunities' is clicked on

2020-07-08 13:06:17 - [TEST_STEP][PASSED] - delay(2): Delayed 2 second(s)

2020-07-08 13:06:19 - [MESSAGE][PASSED] - Delayed 2 second(s)]]></system-out>
         <system-err><![CDATA[]]></system-err>
      </testcase>
      <testcase name="Test Cases/Opportunity Test Case/5" time="7.552" classname="Test Cases/Opportunity Test Case/5" status="PASSED">
         <system-out><![CDATA[2020-07-08 13:06:19 - [TEST_CASE][PASSED] - Test Cases/Opportunity Test Case/5: Test Cases/Opportunity Test Case/5

2020-07-08 13:06:19 - [TEST_STEP][PASSED] - setText(findTestObject("Opportunity repository/Page_Opportunities/input_Contact Name_potentialname Search"), findTestData("Opportunity Test Data/D2").getValue(1, 1)): Text 'โครงการนำเสนอPro C751-บจก. ฐานการพิมพ์' is set on object 'Object Repository/Opportunity repository/Page_Opportunities/input_Contact Name_potentialname Search'

2020-07-08 13:06:20 - [MESSAGE][PASSED] - Text 'โครงการนำเสนอPro C751-บจก. ฐานการพิมพ์' is set on object 'Object Repository/Opportunity repository/Page_Opportunities/input_Contact Name_potentialname Search'

2020-07-08 13:06:20 - [TEST_STEP][PASSED] - click(findTestObject("Opportunity repository/Page_Opportunities/button_Search Oppotunity name")): Object: 'Object Repository/Opportunity repository/Page_Opportunities/button_Search Oppotunity name' is clicked on

2020-07-08 13:06:21 - [MESSAGE][PASSED] - Object: 'Object Repository/Opportunity repository/Page_Opportunities/button_Search Oppotunity name' is clicked on

2020-07-08 13:06:21 - [TEST_STEP][PASSED] - click(findTestObject("Opportunity repository/Page_Opportunities/a_Pro C751-")): Object: 'Object Repository/Opportunity repository/Page_Opportunities/a_Pro C751-' is clicked on

2020-07-08 13:06:25 - [MESSAGE][PASSED] - Object: 'Object Repository/Opportunity repository/Page_Opportunities/a_Pro C751-' is clicked on

2020-07-08 13:06:25 - [TEST_STEP][PASSED] - delay(2): Delayed 2 second(s)

2020-07-08 13:06:27 - [MESSAGE][PASSED] - Delayed 2 second(s)]]></system-out>
         <system-err><![CDATA[]]></system-err>
      </testcase>
      <testcase name="Test Cases/Opportunity Test Case/33" time="4.17" classname="Test Cases/Opportunity Test Case/33" status="PASSED">
         <system-out><![CDATA[2020-07-08 13:06:27 - [TEST_CASE][PASSED] - Test Cases/Opportunity Test Case/33: Test Cases/Opportunity Test Case/33

2020-07-08 13:06:27 - [TEST_STEP][PASSED] - click(findTestObject("Opportunity repository/Page_Opportunities/a_Documents  opp")): Object: 'Object Repository/Opportunity repository/Page_Opportunities/a_Documents  opp' is clicked on

2020-07-08 13:06:27 - [MESSAGE][PASSED] - Object: 'Object Repository/Opportunity repository/Page_Opportunities/a_Documents  opp' is clicked on

2020-07-08 13:06:27 - [TEST_STEP][PASSED] - click(findTestObject("Opportunity repository/Page_Opportunities/button_Select Documents opp")): Object: 'Object Repository/Opportunity repository/Page_Opportunities/button_Select Documents opp' is clicked on

2020-07-08 13:06:29 - [MESSAGE][PASSED] - Object: 'Object Repository/Opportunity repository/Page_Opportunities/button_Select Documents opp' is clicked on

2020-07-08 13:06:29 - [TEST_STEP][PASSED] - switchToWindowTitle("Documents"): Switched to window with title: 'Documents'

2020-07-08 13:06:31 - [MESSAGE][PASSED] - Switched to window with title: 'Documents'

2020-07-08 13:06:31 - [TEST_STEP][PASSED] - click(findTestObject("Opportunity repository/Page_Documents/td_Lukkhana Thaipermpol select")): Object: 'Object Repository/Opportunity repository/Page_Documents/td_Lukkhana Thaipermpol select' is clicked on

2020-07-08 13:06:31 - [MESSAGE][PASSED] - Object: 'Object Repository/Opportunity repository/Page_Documents/td_Lukkhana Thaipermpol select' is clicked on]]></system-out>
         <system-err><![CDATA[]]></system-err>
      </testcase>
      <system-out><![CDATA[2020-07-08 13:06:02 - [TEST_SUITE][PASSED] - 17: Test Cases/Opportunity Test Case/33]]></system-out>
      <system-err><![CDATA[]]></system-err>
   </testsuite>
</testsuites>
