<?xml version="1.0" encoding="UTF-8"?>
<testsuites name="7-Duplicate the Account information" time="30.079" tests="3" failures="0" errors="0">
   <testsuite name="7-Duplicate the Account information" tests="3" failures="0" errors="0" time="30.079" timestamp="2020-06-23 14:15:32" hostname="WIN10 - DESKTOP-0NVCT6K" id="Test Suites/Account Usecase/7-Duplicate the Account information">
      <properties>
         <property name="deviceName" value=""/>
         <property name="devicePlatform" value=""/>
         <property name="logFolder" value="C:\\Users\\WIN10\\git\\Best-Project\\Reports\\20200623_141530\\Account Usecase\\7-Duplicate the Account information\\20200623_141530"/>
         <property name="logFiles" value="C:\\Users\\WIN10\\git\\Best-Project\\Reports\\20200623_141530\\Account Usecase\\7-Duplicate the Account information\\20200623_141530\\execution0.log"/>
         <property name="attachments" value=""/>
         <property name="hostName" value="WIN10 - DESKTOP-0NVCT6K"/>
         <property name="os" value="Windows 10 64bit"/>
         <property name="katalonVersion" value="7.5.2.1"/>
         <property name="browser" value="Chrome 83.0.4103.116"/>
         <property name="hostAddress" value="192.168.1.2"/>
         <property name="sessionId" value="52ad12729782ad46a32c4a7e737dccc5"/>
         <property name="seleniumVersion" value="3.141.59"/>
         <property name="proxyInformation" value="ProxyInformation { proxyOption=NO_PROXY, proxyServerType=HTTP, username=, password=********, proxyServerAddress=, proxyServerPort=0, executionList=\&quot;\&quot;, isApplyToDesiredCapabilities=true }"/>
         <property name="platform" value="Windows 10"/>
      </properties>
      <testcase name="Test Cases/Account Test Case/1-View the layout information in the List View" time="9.479" classname="Test Cases/Account Test Case/1-View the layout information in the List View" status="PASSED">
         <system-out><![CDATA[2020-06-23 14:15:32 - [TEST_CASE][PASSED] - Test Cases/Account Test Case/1-View the layout information in the List View: Test Cases/Account Test Case/1-View the layout information in the List View

2020-06-23 14:15:32 - [TEST_STEP][PASSED] - openBrowser("http://crmc.opencloud.digital:64216/index.php"): Browser is opened with url: 'http://crmc.opencloud.digital:64216/index.php'

2020-06-23 14:15:33 - [MESSAGE][INFO] - Starting 'Chrome' driver

2020-06-23 14:15:33 - [MESSAGE][INFO] - Action delay is set to 0 milliseconds

2020-06-23 14:15:37 - [MESSAGE][PASSED] - Browser is opened with url: 'http://crmc.opencloud.digital:64216/index.php'

2020-06-23 14:15:37 - [TEST_STEP][PASSED] - maximizeWindow(): Current window maximized

2020-06-23 14:15:39 - [MESSAGE][PASSED] - Current window maximized

2020-06-23 14:15:39 - [TEST_STEP][PASSED] - setText(findTestObject("Account repository/Login/input_User name_username"), findTestData("Account Test Data/D1").getValue(1, 1)): Text 'Admin' is set on object 'Object Repository/Account repository/Login/input_User name_username'

2020-06-23 14:15:40 - [MESSAGE][PASSED] - Text 'Admin' is set on object 'Object Repository/Account repository/Login/input_User name_username'

2020-06-23 14:15:40 - [TEST_STEP][PASSED] - setText(findTestObject("Account repository/Login/input_Password_password"), findTestData("Account Test Data/D1").getValue(2, 1)): Text '1qaz2WSX3edc ' is set on object 'Object Repository/Account repository/Login/input_Password_password'

2020-06-23 14:15:40 - [MESSAGE][PASSED] - Text '1qaz2WSX3edc ' is set on object 'Object Repository/Account repository/Login/input_Password_password'

2020-06-23 14:15:40 - [TEST_STEP][PASSED] - click(findTestObject("Account repository/Login/button_Sign in")): Object: 'Object Repository/Account repository/Login/button_Sign in' is clicked on

2020-06-23 14:15:42 - [MESSAGE][PASSED] - Object: 'Object Repository/Account repository/Login/button_Sign in' is clicked on]]></system-out>
         <system-err><![CDATA[]]></system-err>
      </testcase>
      <testcase name="Test Cases/Account Test Case/5-View the Detail View information" time="13.693" classname="Test Cases/Account Test Case/5-View the Detail View information" status="PASSED">
         <system-out><![CDATA[2020-06-23 14:15:42 - [TEST_CASE][PASSED] - Test Cases/Account Test Case/5-View the Detail View information: Test Cases/Account Test Case/5-View the Detail View information

2020-06-23 14:15:42 - [TEST_STEP][PASSED] - click(findTestObject("Account repository/Page_Home/strong_Accounts")): Object: 'Object Repository/Account repository/Page_Home/strong_Accounts' is clicked on

2020-06-23 14:15:48 - [MESSAGE][PASSED] - Object: 'Object Repository/Account repository/Page_Home/strong_Accounts' is clicked on

2020-06-23 14:15:48 - [TEST_STEP][PASSED] - setText(findTestObject("Account repository/Page_Accounts/Search Account Name"), findTestData("Account Test Data/D4").getValue(1, 1)): Text 'บริษัท วี จี ไอ โกลบอล มีเดีย จำกัด (มหาชน) ' is set on object 'Object Repository/Account repository/Page_Accounts/Search Account Name'

2020-06-23 14:15:49 - [MESSAGE][PASSED] - Text 'บริษัท วี จี ไอ โกลบอล มีเดีย จำกัด (มหาชน) ' is set on object 'Object Repository/Account repository/Page_Accounts/Search Account Name'

2020-06-23 14:15:49 - [TEST_STEP][PASSED] - click(findTestObject("Account repository/Page_Accounts/button_Search")): Object: 'Object Repository/Account repository/Page_Accounts/button_Search' is clicked on

2020-06-23 14:15:49 - [MESSAGE][PASSED] - Object: 'Object Repository/Account repository/Page_Accounts/button_Search' is clicked on

2020-06-23 14:15:49 - [TEST_STEP][PASSED] - click(findTestObject("Account repository/Page_Accounts/click v g o")): Object: 'Object Repository/Account repository/Page_Accounts/click v g o' is clicked on

2020-06-23 14:15:55 - [MESSAGE][PASSED] - Object: 'Object Repository/Account repository/Page_Accounts/click v g o' is clicked on]]></system-out>
         <system-err><![CDATA[]]></system-err>
      </testcase>
      <testcase name="Test Cases/Account Test Case/11-Duplicate the Account information" time="6.036" classname="Test Cases/Account Test Case/11-Duplicate the Account information" status="PASSED">
         <system-out><![CDATA[2020-06-23 14:15:55 - [TEST_CASE][PASSED] - Test Cases/Account Test Case/11-Duplicate the Account information: Test Cases/Account Test Case/11-Duplicate the Account information

2020-06-23 14:15:56 - [TEST_STEP][PASSED] - click(findTestObject("Account repository/Page_Accounts/button_More account")): Object: 'Object Repository/Account repository/Page_Accounts/button_More account' is clicked on

2020-06-23 14:15:56 - [MESSAGE][PASSED] - Object: 'Object Repository/Account repository/Page_Accounts/button_More account' is clicked on

2020-06-23 14:15:56 - [TEST_STEP][PASSED] - click(findTestObject("Account repository/Page_Accounts/a_Duplicate account")): Object: 'Object Repository/Account repository/Page_Accounts/a_Duplicate account' is clicked on

2020-06-23 14:15:57 - [MESSAGE][PASSED] - Object: 'Object Repository/Account repository/Page_Accounts/a_Duplicate account' is clicked on

2020-06-23 14:15:57 - [TEST_STEP][PASSED] - click(findTestObject("Account repository/Page_Accounts/button_Save duplicate")): Object: 'Object Repository/Account repository/Page_Accounts/button_Save duplicate' is clicked on

2020-06-23 14:15:58 - [MESSAGE][PASSED] - Object: 'Object Repository/Account repository/Page_Accounts/button_Save duplicate' is clicked on

2020-06-23 14:15:58 - [TEST_STEP][PASSED] - click(findTestObject("Account repository/Page_Accounts/Duplicate a_Yes")): Object: 'Object Repository/Account repository/Page_Accounts/Duplicate a_Yes' is clicked on

2020-06-23 14:16:01 - [MESSAGE][PASSED] - Object: 'Object Repository/Account repository/Page_Accounts/Duplicate a_Yes' is clicked on]]></system-out>
         <system-err><![CDATA[]]></system-err>
      </testcase>
      <system-out><![CDATA[2020-06-23 14:15:32 - [TEST_SUITE][PASSED] - 7-Duplicate the Account information: Test Cases/Account Test Case/11-Duplicate the Account information]]></system-out>
      <system-err><![CDATA[]]></system-err>
   </testsuite>
</testsuites>
