<?xml version="1.0" encoding="UTF-8"?>
<testsuites name="1.View the layout information" time="20.854" tests="1" failures="0" errors="0">
   <testsuite name="1.View the layout information" tests="1" failures="0" errors="0" time="20.854" timestamp="2020-07-13 12:27:13" hostname="WIN10 - DESKTOP-0NVCT6K" id="Test Suites/Case Usecase/1.View the layout information">
      <properties>
         <property name="deviceName" value=""/>
         <property name="devicePlatform" value=""/>
         <property name="logFolder" value="C:\\Users\\WIN10\\git\\Best-Project\\Reports\\20200713_122709\\Case Usecase\\1.View the layout information\\20200713_122709"/>
         <property name="logFiles" value="C:\\Users\\WIN10\\git\\Best-Project\\Reports\\20200713_122709\\Case Usecase\\1.View the layout information\\20200713_122709\\execution0.log"/>
         <property name="attachments" value=""/>
         <property name="hostName" value="WIN10 - DESKTOP-0NVCT6K"/>
         <property name="os" value="Windows 10 64bit"/>
         <property name="katalonVersion" value="7.5.2.1"/>
         <property name="browser" value="Chrome 83.0.4103.116"/>
         <property name="hostAddress" value="192.168.1.2"/>
         <property name="sessionId" value="61b8af0af19e9da4e8cd0831659b19ae"/>
         <property name="seleniumVersion" value="3.141.59"/>
         <property name="proxyInformation" value="ProxyInformation { proxyOption=NO_PROXY, proxyServerType=HTTP, username=, password=********, proxyServerAddress=, proxyServerPort=0, executionList=\&quot;\&quot;, isApplyToDesiredCapabilities=true }"/>
         <property name="platform" value="Windows 10"/>
      </properties>
      <testcase name="Test Cases/Case Test Case/1.View the layout information in the List View" time="19.806" classname="Test Cases/Case Test Case/1.View the layout information in the List View" status="PASSED">
         <system-out><![CDATA[2020-07-13 12:27:13 - [TEST_CASE][PASSED] - Test Cases/Case Test Case/1.View the layout information in the List View: Test Cases/Case Test Case/1.View the layout information in the List View

2020-07-13 12:27:13 - [TEST_STEP][PASSED] - openBrowser("http://crmc.opencloud.digital:64216/index.php"): Browser is opened with url: 'http://crmc.opencloud.digital:64216/index.php'

2020-07-13 12:27:14 - [MESSAGE][INFO] - Starting 'Chrome' driver

2020-07-13 12:27:14 - [MESSAGE][INFO] - Action delay is set to 0 milliseconds

2020-07-13 12:27:20 - [MESSAGE][PASSED] - Browser is opened with url: 'http://crmc.opencloud.digital:64216/index.php'

2020-07-13 12:27:20 - [TEST_STEP][PASSED] - maximizeWindow(): Current window maximized

2020-07-13 12:27:22 - [MESSAGE][PASSED] - Current window maximized

2020-07-13 12:27:22 - [TEST_STEP][PASSED] - setText(findTestObject("Case repository/Page_Users/input_User name_username"), findTestData("Contact Test Data/D1").getValue(1, 1)): Text 'Admin' is set on object 'Object Repository/Case repository/Page_Users/input_User name_username'

2020-07-13 12:27:23 - [MESSAGE][PASSED] - Text 'Admin' is set on object 'Object Repository/Case repository/Page_Users/input_User name_username'

2020-07-13 12:27:23 - [TEST_STEP][PASSED] - setText(findTestObject("DBD repository/login/input_Password_password"), findTestData("Case Test Data/D1").getValue(2, 1)): Text '1qaz2WSX3edc ' is set on object 'Object Repository/DBD repository/login/input_Password_password'

2020-07-13 12:27:24 - [MESSAGE][PASSED] - Text '1qaz2WSX3edc ' is set on object 'Object Repository/DBD repository/login/input_Password_password'

2020-07-13 12:27:24 - [TEST_STEP][PASSED] - click(findTestObject("DBD repository/login/button_Sign in")): Object: 'Object Repository/DBD repository/login/button_Sign in' is clicked on

2020-07-13 12:27:26 - [MESSAGE][PASSED] - Object: 'Object Repository/DBD repository/login/button_Sign in' is clicked on

2020-07-13 12:27:26 - [TEST_STEP][PASSED] - click(findTestObject("Case repository/Page_Home/a_Cases")): Object: 'Object Repository/Case repository/Page_Home/a_Cases' is clicked on

2020-07-13 12:27:31 - [MESSAGE][PASSED] - Object: 'Object Repository/Case repository/Page_Home/a_Cases' is clicked on

2020-07-13 12:27:31 - [TEST_STEP][PASSED] - delay(2): Delayed 2 second(s)

2020-07-13 12:27:33 - [MESSAGE][PASSED] - Delayed 2 second(s)]]></system-out>
         <system-err><![CDATA[]]></system-err>
      </testcase>
      <system-out><![CDATA[2020-07-13 12:27:13 - [TEST_SUITE][PASSED] - 1.View the layout information: Test Cases/Case Test Case/1.View the layout information in the List View]]></system-out>
      <system-err><![CDATA[]]></system-err>
   </testsuite>
</testsuites>
