<?xml version="1.0" encoding="UTF-8"?>
<testsuites name="7" time="32.473" tests="5" failures="0" errors="0">
   <testsuite name="7" tests="5" failures="0" errors="0" time="32.473" timestamp="2020-07-08 07:30:25" hostname="WIN10 - DESKTOP-0NVCT6K" id="Test Suites/Opportunity Usecase/7">
      <properties>
         <property name="deviceName" value=""/>
         <property name="devicePlatform" value=""/>
         <property name="logFolder" value="C:\\Users\\WIN10\\git\\Best-Project\\Reports\\20200708_073023\\Opportunity Usecase\\7\\20200708_073023"/>
         <property name="logFiles" value="C:\\Users\\WIN10\\git\\Best-Project\\Reports\\20200708_073023\\Opportunity Usecase\\7\\20200708_073023\\execution0.log"/>
         <property name="attachments" value=""/>
         <property name="hostName" value="WIN10 - DESKTOP-0NVCT6K"/>
         <property name="os" value="Windows 10 64bit"/>
         <property name="katalonVersion" value="7.5.2.1"/>
         <property name="browser" value="Chrome 83.0.4103.116"/>
         <property name="hostAddress" value="192.168.1.2"/>
         <property name="sessionId" value="042bbbffde754a996a5639cd5b7ca590"/>
         <property name="seleniumVersion" value="3.141.59"/>
         <property name="proxyInformation" value="ProxyInformation { proxyOption=NO_PROXY, proxyServerType=HTTP, username=, password=********, proxyServerAddress=, proxyServerPort=0, executionList=\&quot;\&quot;, isApplyToDesiredCapabilities=true }"/>
         <property name="platform" value="Windows 10"/>
      </properties>
      <testcase name="Test Cases/Opportunity Test Case/1" time="13.686" classname="Test Cases/Opportunity Test Case/1" status="PASSED">
         <system-out><![CDATA[2020-07-08 07:30:25 - [TEST_CASE][PASSED] - Test Cases/Opportunity Test Case/1: Test Cases/Opportunity Test Case/1

2020-07-08 07:30:25 - [TEST_STEP][PASSED] - openBrowser("http://crmc.opencloud.digital:64216/index.php"): Browser is opened with url: 'http://crmc.opencloud.digital:64216/index.php'

2020-07-08 07:30:25 - [MESSAGE][INFO] - Starting 'Chrome' driver

2020-07-08 07:30:25 - [MESSAGE][INFO] - Action delay is set to 0 milliseconds

2020-07-08 07:30:30 - [MESSAGE][PASSED] - Browser is opened with url: 'http://crmc.opencloud.digital:64216/index.php'

2020-07-08 07:30:30 - [TEST_STEP][PASSED] - setText(findTestObject("Account repository/Login/input_User name_username"), findTestData("Opportunity Test Data/D1").getValue(1, 1)): Text 'Admin' is set on object 'Object Repository/Account repository/Login/input_User name_username'

2020-07-08 07:30:31 - [MESSAGE][PASSED] - Text 'Admin' is set on object 'Object Repository/Account repository/Login/input_User name_username'

2020-07-08 07:30:31 - [TEST_STEP][PASSED] - setText(findTestObject("Account repository/Login/input_Password_password"), findTestData("Opportunity Test Data/D1").getValue(2, 1)): Text '1qaz2WSX3edc ' is set on object 'Object Repository/Account repository/Login/input_Password_password'

2020-07-08 07:30:31 - [MESSAGE][PASSED] - Text '1qaz2WSX3edc ' is set on object 'Object Repository/Account repository/Login/input_Password_password'

2020-07-08 07:30:31 - [TEST_STEP][PASSED] - click(findTestObject("Account repository/Login/button_Sign in")): Object: 'Object Repository/Account repository/Login/button_Sign in' is clicked on

2020-07-08 07:30:33 - [MESSAGE][PASSED] - Object: 'Object Repository/Account repository/Login/button_Sign in' is clicked on

2020-07-08 07:30:33 - [TEST_STEP][PASSED] - click(findTestObject("Opportunity repository/Page_Home/a_Opportunities")): Object: 'Object Repository/Opportunity repository/Page_Home/a_Opportunities' is clicked on

2020-07-08 07:30:36 - [MESSAGE][PASSED] - Object: 'Object Repository/Opportunity repository/Page_Home/a_Opportunities' is clicked on

2020-07-08 07:30:36 - [TEST_STEP][PASSED] - delay(2): Delayed 2 second(s)

2020-07-08 07:30:38 - [MESSAGE][PASSED] - Delayed 2 second(s)]]></system-out>
         <system-err><![CDATA[]]></system-err>
      </testcase>
      <testcase name="Test Cases/Opportunity Test Case/5" time="7.459" classname="Test Cases/Opportunity Test Case/5" status="PASSED">
         <system-out><![CDATA[2020-07-08 07:30:39 - [TEST_CASE][PASSED] - Test Cases/Opportunity Test Case/5: Test Cases/Opportunity Test Case/5

2020-07-08 07:30:39 - [TEST_STEP][PASSED] - setText(findTestObject("Opportunity repository/Page_Opportunities/input_Contact Name_potentialname Search"), findTestData("Opportunity Test Data/D2").getValue(1, 1)): Text 'โครงการนำเสนอPro C751-บจก. ฐานการพิมพ์' is set on object 'Object Repository/Opportunity repository/Page_Opportunities/input_Contact Name_potentialname Search'

2020-07-08 07:30:39 - [MESSAGE][PASSED] - Text 'โครงการนำเสนอPro C751-บจก. ฐานการพิมพ์' is set on object 'Object Repository/Opportunity repository/Page_Opportunities/input_Contact Name_potentialname Search'

2020-07-08 07:30:39 - [TEST_STEP][PASSED] - click(findTestObject("Opportunity repository/Page_Opportunities/button_Search Oppotunity name")): Object: 'Object Repository/Opportunity repository/Page_Opportunities/button_Search Oppotunity name' is clicked on

2020-07-08 07:30:40 - [MESSAGE][PASSED] - Object: 'Object Repository/Opportunity repository/Page_Opportunities/button_Search Oppotunity name' is clicked on

2020-07-08 07:30:40 - [TEST_STEP][PASSED] - click(findTestObject("Opportunity repository/Page_Opportunities/a_Pro C751-")): Object: 'Object Repository/Opportunity repository/Page_Opportunities/a_Pro C751-' is clicked on

2020-07-08 07:30:44 - [MESSAGE][PASSED] - Object: 'Object Repository/Opportunity repository/Page_Opportunities/a_Pro C751-' is clicked on

2020-07-08 07:30:44 - [TEST_STEP][PASSED] - delay(2): Delayed 2 second(s)

2020-07-08 07:30:46 - [MESSAGE][PASSED] - Delayed 2 second(s)]]></system-out>
         <system-err><![CDATA[]]></system-err>
      </testcase>
      <testcase name="Test Cases/Opportunity Test Case/11" time="4.356" classname="Test Cases/Opportunity Test Case/11" status="PASSED">
         <system-out><![CDATA[2020-07-08 07:30:46 - [TEST_CASE][PASSED] - Test Cases/Opportunity Test Case/11: Test Cases/Opportunity Test Case/11

2020-07-08 07:30:46 - [TEST_STEP][PASSED] - click(findTestObject("Opportunity repository/Page_Opportunities/button_BKK Pre-Sales Request opp")): Object: 'Object Repository/Opportunity repository/Page_Opportunities/button_BKK Pre-Sales Request opp' is clicked on

2020-07-08 07:30:47 - [MESSAGE][PASSED] - Object: 'Object Repository/Opportunity repository/Page_Opportunities/button_BKK Pre-Sales Request opp' is clicked on

2020-07-08 07:30:47 - [TEST_STEP][PASSED] - clearText(findTestObject("Opportunity repository/Page_Cases/input__cases request opp"), STOP_ON_FAILURE): Text of object 'Object Repository/Opportunity repository/Page_Cases/input__cases request opp' is cleared

2020-07-08 07:30:48 - [MESSAGE][PASSED] - Text of object 'Object Repository/Opportunity repository/Page_Cases/input__cases request opp' is cleared

2020-07-08 07:30:48 - [TEST_STEP][PASSED] - click(findTestObject("Opportunity repository/Page_Cases/button_Save request opp")): Object: 'Object Repository/Opportunity repository/Page_Cases/button_Save request opp' is clicked on

2020-07-08 07:30:48 - [MESSAGE][PASSED] - Object: 'Object Repository/Opportunity repository/Page_Cases/button_Save request opp' is clicked on

2020-07-08 07:30:48 - [TEST_STEP][PASSED] - delay(2): Delayed 2 second(s)

2020-07-08 07:30:50 - [MESSAGE][PASSED] - Delayed 2 second(s)]]></system-out>
         <system-err><![CDATA[]]></system-err>
      </testcase>
      <testcase name="Test Cases/Opportunity Test Case/10" time="2.744" classname="Test Cases/Opportunity Test Case/10" status="PASSED">
         <system-out><![CDATA[2020-07-08 07:30:50 - [TEST_CASE][PASSED] - Test Cases/Opportunity Test Case/10: Test Cases/Opportunity Test Case/10

2020-07-08 07:30:50 - [TEST_STEP][PASSED] - clearText(findTestObject("Opportunity repository/Page_Cases/input__cases request opp")): Text of object 'Object Repository/Opportunity repository/Page_Cases/input__cases request opp' is cleared

2020-07-08 07:30:51 - [MESSAGE][PASSED] - Text of object 'Object Repository/Opportunity repository/Page_Cases/input__cases request opp' is cleared

2020-07-08 07:30:51 - [TEST_STEP][PASSED] - click(findTestObject("Opportunity repository/Page_Cases/button_Save request opp")): Object: 'Object Repository/Opportunity repository/Page_Cases/button_Save request opp' is clicked on

2020-07-08 07:30:51 - [MESSAGE][PASSED] - Object: 'Object Repository/Opportunity repository/Page_Cases/button_Save request opp' is clicked on

2020-07-08 07:30:51 - [TEST_STEP][PASSED] - delay(2): Delayed 2 second(s)

2020-07-08 07:30:53 - [MESSAGE][PASSED] - Delayed 2 second(s)]]></system-out>
         <system-err><![CDATA[]]></system-err>
      </testcase>
      <testcase name="Test Cases/Opportunity Test Case/9" time="3.312" classname="Test Cases/Opportunity Test Case/9" status="PASSED">
         <system-out><![CDATA[2020-07-08 07:30:53 - [TEST_CASE][PASSED] - Test Cases/Opportunity Test Case/9: Test Cases/Opportunity Test Case/9

2020-07-08 07:30:53 - [TEST_STEP][PASSED] - setText(findTestObject("Opportunity repository/Page_Cases/input__cases request opp"), "Pre-Sales Request - (บริษัท ฐานการพิมพ์ จำกัด)"): Text 'Pre-Sales Request - (บริษัท ฐานการพิมพ์ จำกัด)' is set on object 'Object Repository/Opportunity repository/Page_Cases/input__cases request opp'

2020-07-08 07:30:54 - [MESSAGE][PASSED] - Text 'Pre-Sales Request - (บริษัท ฐานการพิมพ์ จำกัด)' is set on object 'Object Repository/Opportunity repository/Page_Cases/input__cases request opp'

2020-07-08 07:30:54 - [TEST_STEP][PASSED] - click(findTestObject("Opportunity repository/Page_Cases/button_Save request opp")): Object: 'Object Repository/Opportunity repository/Page_Cases/button_Save request opp' is clicked on

2020-07-08 07:30:54 - [MESSAGE][PASSED] - Object: 'Object Repository/Opportunity repository/Page_Cases/button_Save request opp' is clicked on

2020-07-08 07:30:54 - [TEST_STEP][PASSED] - delay(2): Delayed 2 second(s)

2020-07-08 07:30:56 - [MESSAGE][PASSED] - Delayed 2 second(s)]]></system-out>
         <system-err><![CDATA[]]></system-err>
      </testcase>
      <system-out><![CDATA[2020-07-08 07:30:25 - [TEST_SUITE][PASSED] - 7: Test Cases/Opportunity Test Case/9]]></system-out>
      <system-err><![CDATA[]]></system-err>
   </testsuite>
</testsuites>
