<?xml version="1.0" encoding="UTF-8"?>
<testsuites name="11" time="38.884" tests="5" failures="0" errors="0">
   <testsuite name="11" tests="5" failures="0" errors="0" time="38.884" timestamp="2020-07-17 00:21:19" hostname="WIN10 - DESKTOP-0NVCT6K" id="Test Suites/E-Lead Usecase/11">
      <properties>
         <property name="deviceName" value=""/>
         <property name="devicePlatform" value=""/>
         <property name="logFolder" value="C:\\Users\\WIN10\\git\\Best-Project\\Reports\\20200717_002117\\E-Lead Usecase\\11\\20200717_002117"/>
         <property name="logFiles" value="C:\\Users\\WIN10\\git\\Best-Project\\Reports\\20200717_002117\\E-Lead Usecase\\11\\20200717_002117\\execution0.log"/>
         <property name="attachments" value=""/>
         <property name="hostName" value="WIN10 - DESKTOP-0NVCT6K"/>
         <property name="os" value="Windows 10 64bit"/>
         <property name="katalonVersion" value="7.5.2.1"/>
         <property name="browser" value="Chrome 83.0.4103.116"/>
         <property name="hostAddress" value="192.168.1.2"/>
         <property name="sessionId" value="6ca14b74c99db7c12e7f85406e7d4623"/>
         <property name="seleniumVersion" value="3.141.59"/>
         <property name="proxyInformation" value="ProxyInformation { proxyOption=NO_PROXY, proxyServerType=HTTP, username=, password=********, proxyServerAddress=, proxyServerPort=0, executionList=\&quot;\&quot;, isApplyToDesiredCapabilities=true }"/>
         <property name="platform" value="Windows 10"/>
      </properties>
      <testcase name="Test Cases/E-Lead Test Case/1" time="13.826" classname="Test Cases/E-Lead Test Case/1" status="PASSED">
         <system-out><![CDATA[2020-07-17 00:21:19 - [TEST_CASE][PASSED] - Test Cases/E-Lead Test Case/1: Test Cases/E-Lead Test Case/1

2020-07-17 00:21:20 - [TEST_STEP][PASSED] - openBrowser("http://crmc.opencloud.digital:64216/index.php"): Browser is opened with url: 'http://crmc.opencloud.digital:64216/index.php'

2020-07-17 00:21:20 - [MESSAGE][INFO] - Starting 'Chrome' driver

2020-07-17 00:21:20 - [MESSAGE][INFO] - Action delay is set to 0 milliseconds

2020-07-17 00:21:24 - [MESSAGE][PASSED] - Browser is opened with url: 'http://crmc.opencloud.digital:64216/index.php'

2020-07-17 00:21:24 - [TEST_STEP][PASSED] - setText(findTestObject("Account repository/Login/input_User name_username"), findTestData("Calendar Test Data/D1").getValue(1, 1)): Text 'admin' is set on object 'Object Repository/Account repository/Login/input_User name_username'

2020-07-17 00:21:25 - [MESSAGE][PASSED] - Text 'admin' is set on object 'Object Repository/Account repository/Login/input_User name_username'

2020-07-17 00:21:25 - [TEST_STEP][PASSED] - setText(findTestObject("Account repository/Login/input_Password_password"), findTestData("Calendar Test Data/D1").getValue(2, 1)): Text '1qaz2WSX3edc ' is set on object 'Object Repository/Account repository/Login/input_Password_password'

2020-07-17 00:21:26 - [MESSAGE][PASSED] - Text '1qaz2WSX3edc ' is set on object 'Object Repository/Account repository/Login/input_Password_password'

2020-07-17 00:21:26 - [TEST_STEP][PASSED] - click(findTestObject("Account repository/Login/button_Sign in")): Object: 'Object Repository/Account repository/Login/button_Sign in' is clicked on

2020-07-17 00:21:27 - [MESSAGE][PASSED] - Object: 'Object Repository/Account repository/Login/button_Sign in' is clicked on

2020-07-17 00:21:27 - [TEST_STEP][PASSED] - click(findTestObject("E-Lead repository/Page_Home/a_E-Lead")): Object: 'Object Repository/E-Lead repository/Page_Home/a_E-Lead' is clicked on

2020-07-17 00:21:31 - [MESSAGE][PASSED] - Object: 'Object Repository/E-Lead repository/Page_Home/a_E-Lead' is clicked on

2020-07-17 00:21:31 - [TEST_STEP][PASSED] - delay(2): Delayed 2 second(s)

2020-07-17 00:21:33 - [MESSAGE][PASSED] - Delayed 2 second(s)]]></system-out>
         <system-err><![CDATA[]]></system-err>
      </testcase>
      <testcase name="Test Cases/E-Lead Test Case/5" time="6.558" classname="Test Cases/E-Lead Test Case/5" status="PASSED">
         <system-out><![CDATA[2020-07-17 00:21:33 - [TEST_CASE][PASSED] - Test Cases/E-Lead Test Case/5: Test Cases/E-Lead Test Case/5

2020-07-17 00:21:33 - [TEST_STEP][PASSED] - setText(findTestObject("E-Lead repository/Page_E-Lead/input_Created DateTime_eleadname"), findTestData("E-Lead Test Data/D2").getValue(1, 1)): Text 'เครื่องคอมพิวเตอร์' is set on object 'Object Repository/E-Lead repository/Page_E-Lead/input_Created DateTime_eleadname'

2020-07-17 00:21:34 - [MESSAGE][PASSED] - Text 'เครื่องคอมพิวเตอร์' is set on object 'Object Repository/E-Lead repository/Page_E-Lead/input_Created DateTime_eleadname'

2020-07-17 00:21:34 - [TEST_STEP][PASSED] - click(findTestObject("E-Lead repository/Page_E-Lead/button_Search")): Object: 'Object Repository/E-Lead repository/Page_E-Lead/button_Search' is clicked on

2020-07-17 00:21:34 - [MESSAGE][PASSED] - Object: 'Object Repository/E-Lead repository/Page_E-Lead/button_Search' is clicked on

2020-07-17 00:21:34 - [TEST_STEP][PASSED] - click(findTestObject("E-Lead repository/Page_E-Lead/a_")): Object: 'Object Repository/E-Lead repository/Page_E-Lead/a_' is clicked on

2020-07-17 00:21:38 - [MESSAGE][PASSED] - Object: 'Object Repository/E-Lead repository/Page_E-Lead/a_' is clicked on

2020-07-17 00:21:38 - [TEST_STEP][PASSED] - delay(2): Delayed 2 second(s)

2020-07-17 00:21:40 - [MESSAGE][PASSED] - Delayed 2 second(s)]]></system-out>
         <system-err><![CDATA[]]></system-err>
      </testcase>
      <testcase name="Test Cases/E-Lead Test Case/21" time="5.211" classname="Test Cases/E-Lead Test Case/21" status="PASSED">
         <system-out><![CDATA[2020-07-17 00:21:40 - [TEST_CASE][PASSED] - Test Cases/E-Lead Test Case/21: Test Cases/E-Lead Test Case/21

2020-07-17 00:21:40 - [TEST_STEP][PASSED] - click(findTestObject("E-Lead repository/Page_E-Lead/a_Cases  1")): Object: 'Object Repository/E-Lead repository/Page_E-Lead/a_Cases  1' is clicked on

2020-07-17 00:21:40 - [MESSAGE][PASSED] - Object: 'Object Repository/E-Lead repository/Page_E-Lead/a_Cases  1' is clicked on

2020-07-17 00:21:40 - [TEST_STEP][PASSED] - click(findTestObject("E-Lead repository/Page_E-Lead/button_Add Cases")): Object: 'Object Repository/E-Lead repository/Page_E-Lead/button_Add Cases' is clicked on

2020-07-17 00:21:42 - [MESSAGE][PASSED] - Object: 'Object Repository/E-Lead repository/Page_E-Lead/button_Add Cases' is clicked on

2020-07-17 00:21:42 - [TEST_STEP][PASSED] - click(findTestObject("Case repository/Page_Cases/button_Save Case")): Object: 'Object Repository/Case repository/Page_Cases/button_Save Case' is clicked on

2020-07-17 00:21:43 - [MESSAGE][PASSED] - Object: 'Object Repository/Case repository/Page_Cases/button_Save Case' is clicked on

2020-07-17 00:21:43 - [TEST_STEP][PASSED] - delay(2): Delayed 2 second(s)

2020-07-17 00:21:45 - [MESSAGE][PASSED] - Delayed 2 second(s)]]></system-out>
         <system-err><![CDATA[]]></system-err>
      </testcase>
      <testcase name="Test Cases/E-Lead Test Case/20" time="5.823" classname="Test Cases/E-Lead Test Case/20" status="PASSED">
         <system-out><![CDATA[2020-07-17 00:21:45 - [TEST_CASE][PASSED] - Test Cases/E-Lead Test Case/20: Test Cases/E-Lead Test Case/20

2020-07-17 00:21:45 - [TEST_STEP][PASSED] - delay(2): Delayed 2 second(s)

2020-07-17 00:21:47 - [MESSAGE][PASSED] - Delayed 2 second(s)

2020-07-17 00:21:47 - [TEST_STEP][PASSED] - click(findTestObject("Case repository/Page_Cases/Case Owner")): Object: 'Object Repository/Case repository/Page_Cases/Case Owner' is clicked on

2020-07-17 00:21:47 - [MESSAGE][PASSED] - Object: 'Object Repository/Case repository/Page_Cases/Case Owner' is clicked on

2020-07-17 00:21:47 - [TEST_STEP][PASSED] - setText(findTestObject("Case repository/Page_Cases/input Case owner"), findTestData("Case Test Data/D2").getValue(1, 1)): Text 'RIS System' is set on object 'Object Repository/Case repository/Page_Cases/input Case owner'

2020-07-17 00:21:49 - [MESSAGE][PASSED] - Text 'RIS System' is set on object 'Object Repository/Case repository/Page_Cases/input Case owner'

2020-07-17 00:21:49 - [TEST_STEP][PASSED] - sendKeys(findTestObject("Case repository/Page_Cases/input Case owner"), Keys.chord(ENTER)): Keys 'ENTER + ' sent to object: 'Object Repository/Case repository/Page_Cases/input Case owner'

2020-07-17 00:21:49 - [MESSAGE][PASSED] - Keys 'ENTER + ' sent to object: 'Object Repository/Case repository/Page_Cases/input Case owner'

2020-07-17 00:21:49 - [TEST_STEP][PASSED] - click(findTestObject("Case repository/Page_Cases/button_Save Case")): Object: 'Object Repository/Case repository/Page_Cases/button_Save Case' is clicked on

2020-07-17 00:21:50 - [MESSAGE][PASSED] - Object: 'Object Repository/Case repository/Page_Cases/button_Save Case' is clicked on

2020-07-17 00:21:50 - [TEST_STEP][PASSED] - delay(1): Delayed 1 second(s)

2020-07-17 00:21:51 - [MESSAGE][PASSED] - Delayed 1 second(s)]]></system-out>
         <system-err><![CDATA[]]></system-err>
      </testcase>
      <testcase name="Test Cases/E-Lead Test Case/19" time="6.522" classname="Test Cases/E-Lead Test Case/19" status="PASSED">
         <system-out><![CDATA[2020-07-17 00:21:51 - [TEST_CASE][PASSED] - Test Cases/E-Lead Test Case/19: Test Cases/E-Lead Test Case/19

2020-07-17 00:21:51 - [TEST_STEP][PASSED] - delay(2): Delayed 2 second(s)

2020-07-17 00:21:53 - [MESSAGE][PASSED] - Delayed 2 second(s)

2020-07-17 00:21:53 - [TEST_STEP][PASSED] - click(findTestObject("Case repository/Page_Cases/Case Owner")): Object: 'Object Repository/Case repository/Page_Cases/Case Owner' is clicked on

2020-07-17 00:21:53 - [MESSAGE][PASSED] - Object: 'Object Repository/Case repository/Page_Cases/Case Owner' is clicked on

2020-07-17 00:21:53 - [TEST_STEP][PASSED] - setText(findTestObject("Case repository/Page_Cases/input Case owner"), findTestData("Case Test Data/D2").getValue(1, 1)): Text 'RIS System' is set on object 'Object Repository/Case repository/Page_Cases/input Case owner'

2020-07-17 00:21:54 - [MESSAGE][PASSED] - Text 'RIS System' is set on object 'Object Repository/Case repository/Page_Cases/input Case owner'

2020-07-17 00:21:54 - [TEST_STEP][PASSED] - sendKeys(findTestObject("Case repository/Page_Cases/input Case owner"), Keys.chord(ENTER)): Keys 'ENTER + ' sent to object: 'Object Repository/Case repository/Page_Cases/input Case owner'

2020-07-17 00:21:55 - [MESSAGE][PASSED] - Keys 'ENTER + ' sent to object: 'Object Repository/Case repository/Page_Cases/input Case owner'

2020-07-17 00:21:55 - [TEST_STEP][PASSED] - setText(findTestObject("Case repository/Page_Cases/input__cases Title"), findTestData("Case Test Data/D2").getValue(2, 1)): Text 'CRM-C' is set on object 'Object Repository/Case repository/Page_Cases/input__cases Title'

2020-07-17 00:21:56 - [MESSAGE][PASSED] - Text 'CRM-C' is set on object 'Object Repository/Case repository/Page_Cases/input__cases Title'

2020-07-17 00:21:56 - [TEST_STEP][PASSED] - click(findTestObject("Case repository/Page_Cases/button_Save Case")): Object: 'Object Repository/Case repository/Page_Cases/button_Save Case' is clicked on

2020-07-17 00:21:56 - [MESSAGE][PASSED] - Object: 'Object Repository/Case repository/Page_Cases/button_Save Case' is clicked on

2020-07-17 00:21:56 - [TEST_STEP][PASSED] - delay(1): Delayed 1 second(s)

2020-07-17 00:21:57 - [MESSAGE][PASSED] - Delayed 1 second(s)]]></system-out>
         <system-err><![CDATA[]]></system-err>
      </testcase>
      <system-out><![CDATA[2020-07-17 00:21:19 - [TEST_SUITE][PASSED] - 11: Test Cases/E-Lead Test Case/19]]></system-out>
      <system-err><![CDATA[]]></system-err>
   </testsuite>
</testsuites>
