<?xml version="1.0" encoding="UTF-8"?>
<testsuites name="3" time="35.415" tests="2" failures="0" errors="0">
   <testsuite name="3" tests="2" failures="0" errors="0" time="35.415" timestamp="2563-07-03 17:15:10" hostname="ACER - host.docker.internal" id="Test Suites/Case Usecase/3">
      <properties>
         <property name="deviceName" value=""/>
         <property name="devicePlatform" value=""/>
         <property name="logFolder" value="C:\\Users\\ACER\\git\\Best-Project\\Reports\\25630703_171506\\Case Usecase\\3\\25630703_171506"/>
         <property name="logFiles" value="C:\\Users\\ACER\\git\\Best-Project\\Reports\\25630703_171506\\Case Usecase\\3\\25630703_171506\\execution0.log"/>
         <property name="attachments" value=""/>
         <property name="hostName" value="ACER - host.docker.internal"/>
         <property name="os" value="Windows 10 64bit"/>
         <property name="katalonVersion" value="7.5.2.1"/>
         <property name="browser" value="Chrome 83.0.4103.116"/>
         <property name="hostAddress" value="192.168.1.5"/>
         <property name="sessionId" value="0a92880dbe22cf617aa02aef4d551fbc"/>
         <property name="seleniumVersion" value="3.141.59"/>
         <property name="proxyInformation" value="ProxyInformation { proxyOption=NO_PROXY, proxyServerType=HTTP, username=, password=********, proxyServerAddress=, proxyServerPort=0, executionList=\&quot;\&quot;, isApplyToDesiredCapabilities=true }"/>
         <property name="platform" value="Windows 10"/>
      </properties>
      <testcase name="Test Cases/Case Test Case/1" time="25.303" classname="Test Cases/Case Test Case/1" status="PASSED">
         <system-out><![CDATA[2563-07-03 17:15:10 - [TEST_CASE][PASSED] - Test Cases/Case Test Case/1: Test Cases/Case Test Case/1

2563-07-03 17:15:11 - [TEST_STEP][PASSED] - openBrowser("http://crmc.opencloud.digital:64216/index.php"): Browser is opened with url: 'http://crmc.opencloud.digital:64216/index.php'

2563-07-03 17:15:12 - [MESSAGE][INFO] - Starting 'Chrome' driver

2563-07-03 17:15:12 - [MESSAGE][INFO] - Action delay is set to 0 milliseconds

2563-07-03 17:15:20 - [MESSAGE][PASSED] - Browser is opened with url: 'http://crmc.opencloud.digital:64216/index.php'

2563-07-03 17:15:20 - [TEST_STEP][PASSED] - maximizeWindow(): Current window maximized

2563-07-03 17:15:22 - [MESSAGE][PASSED] - Current window maximized

2563-07-03 17:15:22 - [TEST_STEP][PASSED] - setText(findTestObject("Case repository/Page_Users/input_User name_username"), findTestData("Contact Test Data/D1").getValue(1, 1)): Text 'Admin' is set on object 'Object Repository/Case repository/Page_Users/input_User name_username'

2563-07-03 17:15:23 - [MESSAGE][PASSED] - Text 'Admin' is set on object 'Object Repository/Case repository/Page_Users/input_User name_username'

2563-07-03 17:15:23 - [TEST_STEP][PASSED] - setText(findTestObject("DBD repository/login/input_Password_password"), findTestData("Case Test Data/D1").getValue(2, 1)): Text '1qaz2WSX3edc ' is set on object 'Object Repository/DBD repository/login/input_Password_password'

2563-07-03 17:15:24 - [MESSAGE][PASSED] - Text '1qaz2WSX3edc ' is set on object 'Object Repository/DBD repository/login/input_Password_password'

2563-07-03 17:15:24 - [TEST_STEP][PASSED] - click(findTestObject("DBD repository/login/button_Sign in")): Object: 'Object Repository/DBD repository/login/button_Sign in' is clicked on

2563-07-03 17:15:26 - [MESSAGE][PASSED] - Object: 'Object Repository/DBD repository/login/button_Sign in' is clicked on

2563-07-03 17:15:26 - [TEST_STEP][PASSED] - click(findTestObject("Case repository/Page_Home/a_Cases")): Object: 'Object Repository/Case repository/Page_Home/a_Cases' is clicked on

2563-07-03 17:15:33 - [MESSAGE][PASSED] - Object: 'Object Repository/Case repository/Page_Home/a_Cases' is clicked on

2563-07-03 17:15:33 - [TEST_STEP][PASSED] - delay(2): Delayed 2 second(s)

2563-07-03 17:15:36 - [MESSAGE][PASSED] - Delayed 2 second(s)]]></system-out>
         <system-err><![CDATA[]]></system-err>
      </testcase>
      <testcase name="Test Cases/Case Test Case/5" time="8.759" classname="Test Cases/Case Test Case/5" status="PASSED">
         <system-out><![CDATA[2563-07-03 17:15:36 - [TEST_CASE][PASSED] - Test Cases/Case Test Case/5: Test Cases/Case Test Case/5

2563-07-03 17:15:36 - [TEST_STEP][PASSED] - setText(findTestObject("Case repository/Page_Cases/Search Case Number"), findTestData("Case Test Data/D4").getValue(1, 1)): Text '00065215' is set on object 'Object Repository/Case repository/Page_Cases/Search Case Number'

2563-07-03 17:15:37 - [MESSAGE][PASSED] - Text '00065215' is set on object 'Object Repository/Case repository/Page_Cases/Search Case Number'

2563-07-03 17:15:37 - [TEST_STEP][PASSED] - click(findTestObject("Case repository/Page_Cases/button_Search Case")): Object: 'Object Repository/Case repository/Page_Cases/button_Search Case' is clicked on

2563-07-03 17:15:37 - [MESSAGE][PASSED] - Object: 'Object Repository/Case repository/Page_Cases/button_Search Case' is clicked on

2563-07-03 17:15:37 - [TEST_STEP][PASSED] - delay(1): Delayed 1 second(s)

2563-07-03 17:15:38 - [MESSAGE][PASSED] - Delayed 1 second(s)

2563-07-03 17:15:38 - [TEST_STEP][PASSED] - click(findTestObject("Case repository/Page_Cases/td_00065215")): Object: 'Object Repository/Case repository/Page_Cases/td_00065215' is clicked on

2563-07-03 17:15:42 - [MESSAGE][PASSED] - Object: 'Object Repository/Case repository/Page_Cases/td_00065215' is clicked on

2563-07-03 17:15:42 - [TEST_STEP][PASSED] - delay(2): Delayed 2 second(s)

2563-07-03 17:15:44 - [MESSAGE][PASSED] - Delayed 2 second(s)]]></system-out>
         <system-err><![CDATA[]]></system-err>
      </testcase>
      <system-out><![CDATA[2563-07-03 17:15:10 - [TEST_SUITE][PASSED] - 3: Test Cases/Case Test Case/5]]></system-out>
      <system-err><![CDATA[]]></system-err>
   </testsuite>
</testsuites>
