<?xml version="1.0" encoding="UTF-8"?>
<testsuites name="3" time="31.669" tests="3" failures="0" errors="0">
   <testsuite name="3" tests="3" failures="0" errors="0" time="31.669" timestamp="2020-06-22 15:58:34" hostname="WIN10 - DESKTOP-0NVCT6K" id="Test Suites/Contact Usecase/3">
      <properties>
         <property name="deviceName" value=""/>
         <property name="devicePlatform" value=""/>
         <property name="logFolder" value="C:\\Users\\WIN10\\git\\Best-Project\\Reports\\20200622_155832\\Contact Usecase\\3\\20200622_155832"/>
         <property name="logFiles" value="C:\\Users\\WIN10\\git\\Best-Project\\Reports\\20200622_155832\\Contact Usecase\\3\\20200622_155832\\execution0.log"/>
         <property name="attachments" value=""/>
         <property name="hostName" value="WIN10 - DESKTOP-0NVCT6K"/>
         <property name="os" value="Windows 10 64bit"/>
         <property name="katalonVersion" value="7.5.2.1"/>
         <property name="browser" value="Chrome 83.0.4103.106"/>
         <property name="hostAddress" value="192.168.1.2"/>
         <property name="sessionId" value="91828148121029d6fa33c2862238f8b6"/>
         <property name="seleniumVersion" value="3.141.59"/>
         <property name="proxyInformation" value="ProxyInformation { proxyOption=NO_PROXY, proxyServerType=HTTP, username=, password=********, proxyServerAddress=, proxyServerPort=0, executionList=\&quot;\&quot;, isApplyToDesiredCapabilities=true }"/>
         <property name="platform" value="Windows 10"/>
      </properties>
      <testcase name="Test Cases/Contact Test Case/1" time="15.763" classname="Test Cases/Contact Test Case/1" status="PASSED">
         <system-out><![CDATA[2020-06-22 15:58:34 - [TEST_CASE][PASSED] - Test Cases/Contact Test Case/1: Test Cases/Contact Test Case/1

2020-06-22 15:58:34 - [TEST_STEP][PASSED] - openBrowser("http://crmc.opencloud.digital:64216/index.php"): Browser is opened with url: 'http://crmc.opencloud.digital:64216/index.php'

2020-06-22 15:58:35 - [MESSAGE][INFO] - Starting 'Chrome' driver

2020-06-22 15:58:35 - [MESSAGE][INFO] - Action delay is set to 0 milliseconds

2020-06-22 15:58:39 - [MESSAGE][PASSED] - Browser is opened with url: 'http://crmc.opencloud.digital:64216/index.php'

2020-06-22 15:58:39 - [TEST_STEP][PASSED] - maximizeWindow(): Current window maximized

2020-06-22 15:58:41 - [MESSAGE][PASSED] - Current window maximized

2020-06-22 15:58:41 - [TEST_STEP][PASSED] - setText(findTestObject("Contact repository/Page_Users/input_User name_username"), findTestData("Contact Test Data/D1").getValue(1, 1)): Text 'Admin' is set on object 'Object Repository/Contact repository/Page_Users/input_User name_username'

2020-06-22 15:58:42 - [MESSAGE][PASSED] - Text 'Admin' is set on object 'Object Repository/Contact repository/Page_Users/input_User name_username'

2020-06-22 15:58:42 - [TEST_STEP][PASSED] - setText(findTestObject("Contact repository/Page_Users/input_Password_password"), findTestData("Contact Test Data/D1").getValue(2, 1)): Text '1qaz2WSX3edc ' is set on object 'Object Repository/Contact repository/Page_Users/input_Password_password'

2020-06-22 15:58:42 - [MESSAGE][PASSED] - Text '1qaz2WSX3edc ' is set on object 'Object Repository/Contact repository/Page_Users/input_Password_password'

2020-06-22 15:58:42 - [TEST_STEP][PASSED] - click(findTestObject("Contact repository/Page_Users/button_Sign in")): Object: 'Object Repository/Contact repository/Page_Users/button_Sign in' is clicked on

2020-06-22 15:58:44 - [MESSAGE][PASSED] - Object: 'Object Repository/Contact repository/Page_Users/button_Sign in' is clicked on

2020-06-22 15:58:44 - [TEST_STEP][PASSED] - click(findTestObject("Contact repository/Page_Home/strong_Contacts")): Object: 'Object Repository/Contact repository/Page_Home/strong_Contacts' is clicked on

2020-06-22 15:58:50 - [MESSAGE][PASSED] - Object: 'Object Repository/Contact repository/Page_Home/strong_Contacts' is clicked on]]></system-out>
         <system-err><![CDATA[]]></system-err>
      </testcase>
      <testcase name="Test Cases/Contact Test Case/2" time="10.15" classname="Test Cases/Contact Test Case/2" status="PASSED">
         <system-out><![CDATA[2020-06-22 15:58:50 - [TEST_CASE][PASSED] - Test Cases/Contact Test Case/2: Test Cases/Contact Test Case/2

2020-06-22 15:58:50 - [TEST_STEP][PASSED] - setText(findTestObject("Contact repository/Page_Contacts/input_First name contact search"), "Pumipat"): Text 'Pumipat' is set on object 'Object Repository/Contact repository/Page_Contacts/input_First name contact search'

2020-06-22 15:58:51 - [MESSAGE][PASSED] - Text 'Pumipat' is set on object 'Object Repository/Contact repository/Page_Contacts/input_First name contact search'

2020-06-22 15:58:51 - [TEST_STEP][PASSED] - click(findTestObject("Contact repository/Page_Contacts/button_Search contact")): Object: 'Object Repository/Contact repository/Page_Contacts/button_Search contact' is clicked on

2020-06-22 15:58:51 - [MESSAGE][PASSED] - Object: 'Object Repository/Contact repository/Page_Contacts/button_Search contact' is clicked on

2020-06-22 15:58:51 - [TEST_STEP][PASSED] - click(findTestObject("Contact repository/Page_Contacts/a_Pumipat")): Object: 'Object Repository/Contact repository/Page_Contacts/a_Pumipat' is clicked on

2020-06-22 15:58:57 - [MESSAGE][PASSED] - Object: 'Object Repository/Contact repository/Page_Contacts/a_Pumipat' is clicked on

2020-06-22 15:58:57 - [TEST_STEP][PASSED] - delay(3): Delayed 3 second(s)

2020-06-22 15:59:00 - [MESSAGE][PASSED] - Delayed 3 second(s)]]></system-out>
         <system-err><![CDATA[]]></system-err>
      </testcase>
      <testcase name="Test Cases/Contact Test Case/3" time="4.834" classname="Test Cases/Contact Test Case/3" status="PASSED">
         <system-out><![CDATA[2020-06-22 15:59:00 - [TEST_CASE][PASSED] - Test Cases/Contact Test Case/3: Test Cases/Contact Test Case/3

2020-06-22 15:59:00 - [TEST_STEP][PASSED] - click(findTestObject("Contact repository/Page_Contacts/button_Edit contact")): Object: 'Object Repository/Contact repository/Page_Contacts/button_Edit contact' is clicked on

2020-06-22 15:59:01 - [MESSAGE][PASSED] - Object: 'Object Repository/Contact repository/Page_Contacts/button_Edit contact' is clicked on

2020-06-22 15:59:01 - [TEST_STEP][PASSED] - click(findTestObject("Contact repository/Page_Contacts/button_Save Edit contact")): Object: 'Object Repository/Contact repository/Page_Contacts/button_Save Edit contact' is clicked on

2020-06-22 15:59:02 - [MESSAGE][PASSED] - Object: 'Object Repository/Contact repository/Page_Contacts/button_Save Edit contact' is clicked on

2020-06-22 15:59:02 - [TEST_STEP][PASSED] - delay(3): Delayed 3 second(s)

2020-06-22 15:59:05 - [MESSAGE][PASSED] - Delayed 3 second(s)]]></system-out>
         <system-err><![CDATA[]]></system-err>
      </testcase>
      <system-out><![CDATA[2020-06-22 15:58:34 - [TEST_SUITE][PASSED] - 3: Test Cases/Contact Test Case/3]]></system-out>
      <system-err><![CDATA[]]></system-err>
   </testsuite>
</testsuites>
