<?xml version="1.0" encoding="UTF-8"?>
<testsuites name="7" time="30.692" tests="3" failures="0" errors="0">
   <testsuite name="7" tests="3" failures="0" errors="0" time="30.692" timestamp="2020-07-16 23:43:26" hostname="WIN10 - DESKTOP-0NVCT6K" id="Test Suites/E-Lead Usecase/7">
      <properties>
         <property name="deviceName" value=""/>
         <property name="devicePlatform" value=""/>
         <property name="logFolder" value="C:\\Users\\WIN10\\git\\Best-Project\\Reports\\20200716_234324\\E-Lead Usecase\\7\\20200716_234324"/>
         <property name="logFiles" value="C:\\Users\\WIN10\\git\\Best-Project\\Reports\\20200716_234324\\E-Lead Usecase\\7\\20200716_234324\\execution0.log"/>
         <property name="attachments" value=""/>
         <property name="hostName" value="WIN10 - DESKTOP-0NVCT6K"/>
         <property name="os" value="Windows 10 64bit"/>
         <property name="katalonVersion" value="7.5.2.1"/>
         <property name="browser" value="Chrome 83.0.4103.116"/>
         <property name="hostAddress" value="192.168.1.2"/>
         <property name="sessionId" value="e7d0d131d6f26809cbbd837850e17ed3"/>
         <property name="seleniumVersion" value="3.141.59"/>
         <property name="proxyInformation" value="ProxyInformation { proxyOption=NO_PROXY, proxyServerType=HTTP, username=, password=********, proxyServerAddress=, proxyServerPort=0, executionList=\&quot;\&quot;, isApplyToDesiredCapabilities=true }"/>
         <property name="platform" value="Windows 10"/>
      </properties>
      <testcase name="Test Cases/E-Lead Test Case/1" time="17.192" classname="Test Cases/E-Lead Test Case/1" status="PASSED">
         <system-out><![CDATA[2020-07-16 23:43:26 - [TEST_CASE][PASSED] - Test Cases/E-Lead Test Case/1: Test Cases/E-Lead Test Case/1

2020-07-16 23:43:27 - [TEST_STEP][PASSED] - openBrowser("http://crmc.opencloud.digital:64216/index.php"): Browser is opened with url: 'http://crmc.opencloud.digital:64216/index.php'

2020-07-16 23:43:27 - [MESSAGE][INFO] - Starting 'Chrome' driver

2020-07-16 23:43:27 - [MESSAGE][INFO] - Action delay is set to 0 milliseconds

2020-07-16 23:43:32 - [MESSAGE][PASSED] - Browser is opened with url: 'http://crmc.opencloud.digital:64216/index.php'

2020-07-16 23:43:32 - [TEST_STEP][PASSED] - setText(findTestObject("Account repository/Login/input_User name_username"), findTestData("Calendar Test Data/D1").getValue(1, 1)): Text 'admin' is set on object 'Object Repository/Account repository/Login/input_User name_username'

2020-07-16 23:43:33 - [MESSAGE][PASSED] - Text 'admin' is set on object 'Object Repository/Account repository/Login/input_User name_username'

2020-07-16 23:43:33 - [TEST_STEP][PASSED] - setText(findTestObject("Account repository/Login/input_Password_password"), findTestData("Calendar Test Data/D1").getValue(2, 1)): Text '1qaz2WSX3edc ' is set on object 'Object Repository/Account repository/Login/input_Password_password'

2020-07-16 23:43:33 - [MESSAGE][PASSED] - Text '1qaz2WSX3edc ' is set on object 'Object Repository/Account repository/Login/input_Password_password'

2020-07-16 23:43:33 - [TEST_STEP][PASSED] - click(findTestObject("Account repository/Login/button_Sign in")): Object: 'Object Repository/Account repository/Login/button_Sign in' is clicked on

2020-07-16 23:43:35 - [MESSAGE][PASSED] - Object: 'Object Repository/Account repository/Login/button_Sign in' is clicked on

2020-07-16 23:43:35 - [TEST_STEP][PASSED] - click(findTestObject("E-Lead repository/Page_Home/a_E-Lead")): Object: 'Object Repository/E-Lead repository/Page_Home/a_E-Lead' is clicked on

2020-07-16 23:43:41 - [MESSAGE][PASSED] - Object: 'Object Repository/E-Lead repository/Page_Home/a_E-Lead' is clicked on

2020-07-16 23:43:41 - [TEST_STEP][PASSED] - delay(2): Delayed 2 second(s)

2020-07-16 23:43:43 - [MESSAGE][PASSED] - Delayed 2 second(s)]]></system-out>
         <system-err><![CDATA[]]></system-err>
      </testcase>
      <testcase name="Test Cases/E-Lead Test Case/5" time="8.045" classname="Test Cases/E-Lead Test Case/5" status="PASSED">
         <system-out><![CDATA[2020-07-16 23:43:43 - [TEST_CASE][PASSED] - Test Cases/E-Lead Test Case/5: Test Cases/E-Lead Test Case/5

2020-07-16 23:43:44 - [TEST_STEP][PASSED] - setText(findTestObject("E-Lead repository/Page_E-Lead/input_Created DateTime_eleadname"), findTestData("E-Lead Test Data/D2").getValue(1, 1)): Text 'เครื่องคอมพิวเตอร์' is set on object 'Object Repository/E-Lead repository/Page_E-Lead/input_Created DateTime_eleadname'

2020-07-16 23:43:44 - [MESSAGE][PASSED] - Text 'เครื่องคอมพิวเตอร์' is set on object 'Object Repository/E-Lead repository/Page_E-Lead/input_Created DateTime_eleadname'

2020-07-16 23:43:44 - [TEST_STEP][PASSED] - click(findTestObject("E-Lead repository/Page_E-Lead/button_Search")): Object: 'Object Repository/E-Lead repository/Page_E-Lead/button_Search' is clicked on

2020-07-16 23:43:45 - [MESSAGE][PASSED] - Object: 'Object Repository/E-Lead repository/Page_E-Lead/button_Search' is clicked on

2020-07-16 23:43:45 - [TEST_STEP][PASSED] - click(findTestObject("E-Lead repository/Page_E-Lead/a_")): Object: 'Object Repository/E-Lead repository/Page_E-Lead/a_' is clicked on

2020-07-16 23:43:49 - [MESSAGE][PASSED] - Object: 'Object Repository/E-Lead repository/Page_E-Lead/a_' is clicked on

2020-07-16 23:43:49 - [TEST_STEP][PASSED] - delay(2): Delayed 2 second(s)

2020-07-16 23:43:51 - [MESSAGE][PASSED] - Delayed 2 second(s)]]></system-out>
         <system-err><![CDATA[]]></system-err>
      </testcase>
      <testcase name="Test Cases/E-Lead Test Case/13" time="4.536" classname="Test Cases/E-Lead Test Case/13" status="PASSED">
         <system-out><![CDATA[2020-07-16 23:43:51 - [TEST_CASE][PASSED] - Test Cases/E-Lead Test Case/13: Test Cases/E-Lead Test Case/13

2020-07-16 23:43:52 - [TEST_STEP][PASSED] - click(findTestObject("E-Lead repository/Page_E-Lead/button_Edit")): Object: 'Object Repository/E-Lead repository/Page_E-Lead/button_Edit' is clicked on

2020-07-16 23:43:53 - [MESSAGE][PASSED] - Object: 'Object Repository/E-Lead repository/Page_E-Lead/button_Edit' is clicked on

2020-07-16 23:43:53 - [TEST_STEP][PASSED] - delay(1): Delayed 1 second(s)

2020-07-16 23:43:54 - [MESSAGE][PASSED] - Delayed 1 second(s)

2020-07-16 23:43:54 - [TEST_STEP][PASSED] - click(findTestObject("E-Lead repository/Page_E-Lead/button_Save E-Lead")): Object: 'Object Repository/E-Lead repository/Page_E-Lead/button_Save E-Lead' is clicked on

2020-07-16 23:43:54 - [MESSAGE][PASSED] - Object: 'Object Repository/E-Lead repository/Page_E-Lead/button_Save E-Lead' is clicked on

2020-07-16 23:43:54 - [TEST_STEP][PASSED] - delay(2): Delayed 2 second(s)

2020-07-16 23:43:56 - [MESSAGE][PASSED] - Delayed 2 second(s)]]></system-out>
         <system-err><![CDATA[]]></system-err>
      </testcase>
      <system-out><![CDATA[2020-07-16 23:43:26 - [TEST_SUITE][PASSED] - 7: Test Cases/E-Lead Test Case/13]]></system-out>
      <system-err><![CDATA[]]></system-err>
   </testsuite>
</testsuites>
