<?xml version="1.0" encoding="UTF-8"?>
<testsuites name="12.View the Related List" time="31.067" tests="3" failures="0" errors="0">
   <testsuite name="12.View the Related List" tests="3" failures="0" errors="0" time="31.067" timestamp="2020-07-13 13:19:50" hostname="WIN10 - DESKTOP-0NVCT6K" id="Test Suites/Opportunity Usecase/12.View the Related List">
      <properties>
         <property name="deviceName" value=""/>
         <property name="devicePlatform" value=""/>
         <property name="logFolder" value="C:\\Users\\WIN10\\git\\Best-Project\\Reports\\20200713_131949\\Opportunity Usecase\\12.View the Related List\\20200713_131949"/>
         <property name="logFiles" value="C:\\Users\\WIN10\\git\\Best-Project\\Reports\\20200713_131949\\Opportunity Usecase\\12.View the Related List\\20200713_131949\\execution0.log"/>
         <property name="attachments" value=""/>
         <property name="hostName" value="WIN10 - DESKTOP-0NVCT6K"/>
         <property name="os" value="Windows 10 64bit"/>
         <property name="katalonVersion" value="7.5.2.1"/>
         <property name="browser" value="Chrome 83.0.4103.116"/>
         <property name="hostAddress" value="192.168.1.2"/>
         <property name="sessionId" value="3708fd819a8c69e6a18c65f1763dbf7f"/>
         <property name="seleniumVersion" value="3.141.59"/>
         <property name="proxyInformation" value="ProxyInformation { proxyOption=NO_PROXY, proxyServerType=HTTP, username=, password=********, proxyServerAddress=, proxyServerPort=0, executionList=\&quot;\&quot;, isApplyToDesiredCapabilities=true }"/>
         <property name="platform" value="Windows 10"/>
      </properties>
      <testcase name="Test Cases/Opportunity Test Case/1.View the layout information in the List View" time="15.061" classname="Test Cases/Opportunity Test Case/1.View the layout information in the List View" status="PASSED">
         <system-out><![CDATA[2020-07-13 13:19:51 - [TEST_CASE][PASSED] - Test Cases/Opportunity Test Case/1.View the layout information in the List View: Test Cases/Opportunity Test Case/1.View the layout information in the List View

2020-07-13 13:19:51 - [TEST_STEP][PASSED] - openBrowser("http://crmc.opencloud.digital:64216/index.php"): Browser is opened with url: 'http://crmc.opencloud.digital:64216/index.php'

2020-07-13 13:19:51 - [MESSAGE][INFO] - Starting 'Chrome' driver

2020-07-13 13:19:51 - [MESSAGE][INFO] - Action delay is set to 0 milliseconds

2020-07-13 13:19:57 - [MESSAGE][PASSED] - Browser is opened with url: 'http://crmc.opencloud.digital:64216/index.php'

2020-07-13 13:19:57 - [TEST_STEP][PASSED] - setText(findTestObject("Account repository/Login/input_User name_username"), findTestData("Opportunity Test Data/D1").getValue(1, 1)): Text 'Admin' is set on object 'Object Repository/Account repository/Login/input_User name_username'

2020-07-13 13:19:58 - [MESSAGE][PASSED] - Text 'Admin' is set on object 'Object Repository/Account repository/Login/input_User name_username'

2020-07-13 13:19:58 - [TEST_STEP][PASSED] - setText(findTestObject("Account repository/Login/input_Password_password"), findTestData("Opportunity Test Data/D1").getValue(2, 1)): Text '1qaz2WSX3edc ' is set on object 'Object Repository/Account repository/Login/input_Password_password'

2020-07-13 13:19:59 - [MESSAGE][PASSED] - Text '1qaz2WSX3edc ' is set on object 'Object Repository/Account repository/Login/input_Password_password'

2020-07-13 13:19:59 - [TEST_STEP][PASSED] - click(findTestObject("Account repository/Login/button_Sign in")): Object: 'Object Repository/Account repository/Login/button_Sign in' is clicked on

2020-07-13 13:20:00 - [MESSAGE][PASSED] - Object: 'Object Repository/Account repository/Login/button_Sign in' is clicked on

2020-07-13 13:20:00 - [TEST_STEP][PASSED] - click(findTestObject("Opportunity repository/Page_Home/a_Opportunities")): Object: 'Object Repository/Opportunity repository/Page_Home/a_Opportunities' is clicked on

2020-07-13 13:20:04 - [MESSAGE][PASSED] - Object: 'Object Repository/Opportunity repository/Page_Home/a_Opportunities' is clicked on

2020-07-13 13:20:04 - [TEST_STEP][PASSED] - delay(2): Delayed 2 second(s)

2020-07-13 13:20:06 - [MESSAGE][PASSED] - Delayed 2 second(s)]]></system-out>
         <system-err><![CDATA[]]></system-err>
      </testcase>
      <testcase name="Test Cases/Opportunity Test Case/5.View the Detail View information" time="8.369" classname="Test Cases/Opportunity Test Case/5.View the Detail View information" status="PASSED">
         <system-out><![CDATA[2020-07-13 13:20:06 - [TEST_CASE][PASSED] - Test Cases/Opportunity Test Case/5.View the Detail View information: Test Cases/Opportunity Test Case/5.View the Detail View information

2020-07-13 13:20:06 - [TEST_STEP][PASSED] - setText(findTestObject("Opportunity repository/Page_Opportunities/input_Contact Name_potentialname Search"), findTestData("Opportunity Test Data/D2").getValue(1, 1)): Text 'โครงการนำเสนอPro C751-บจก. ฐานการพิมพ์' is set on object 'Object Repository/Opportunity repository/Page_Opportunities/input_Contact Name_potentialname Search'

2020-07-13 13:20:07 - [MESSAGE][PASSED] - Text 'โครงการนำเสนอPro C751-บจก. ฐานการพิมพ์' is set on object 'Object Repository/Opportunity repository/Page_Opportunities/input_Contact Name_potentialname Search'

2020-07-13 13:20:07 - [TEST_STEP][PASSED] - click(findTestObject("Opportunity repository/Page_Opportunities/button_Search Oppotunity name")): Object: 'Object Repository/Opportunity repository/Page_Opportunities/button_Search Oppotunity name' is clicked on

2020-07-13 13:20:07 - [MESSAGE][PASSED] - Object: 'Object Repository/Opportunity repository/Page_Opportunities/button_Search Oppotunity name' is clicked on

2020-07-13 13:20:07 - [TEST_STEP][PASSED] - click(findTestObject("Opportunity repository/Page_Opportunities/a_Pro C751-")): Object: 'Object Repository/Opportunity repository/Page_Opportunities/a_Pro C751-' is clicked on

2020-07-13 13:20:12 - [MESSAGE][PASSED] - Object: 'Object Repository/Opportunity repository/Page_Opportunities/a_Pro C751-' is clicked on

2020-07-13 13:20:12 - [TEST_STEP][PASSED] - delay(2): Delayed 2 second(s)

2020-07-13 13:20:14 - [MESSAGE][PASSED] - Delayed 2 second(s)]]></system-out>
         <system-err><![CDATA[]]></system-err>
      </testcase>
      <testcase name="Test Cases/Opportunity Test Case/20.View the Related List" time="6.803" classname="Test Cases/Opportunity Test Case/20.View the Related List" status="PASSED">
         <system-out><![CDATA[2020-07-13 13:20:14 - [TEST_CASE][PASSED] - Test Cases/Opportunity Test Case/20.View the Related List: Test Cases/Opportunity Test Case/20.View the Related List

2020-07-13 13:20:14 - [TEST_STEP][PASSED] - click(findTestObject("Opportunity repository/Page_Opportunities/a_Products  opp")): Object: 'Object Repository/Opportunity repository/Page_Opportunities/a_Products  opp' is clicked on

2020-07-13 13:20:15 - [MESSAGE][PASSED] - Object: 'Object Repository/Opportunity repository/Page_Opportunities/a_Products  opp' is clicked on

2020-07-13 13:20:15 - [TEST_STEP][PASSED] - delay(1): Delayed 1 second(s)

2020-07-13 13:20:16 - [MESSAGE][PASSED] - Delayed 1 second(s)

2020-07-13 13:20:16 - [TEST_STEP][PASSED] - click(findTestObject("Opportunity repository/Page_Opportunities/a_Activities  opp")): Object: 'Object Repository/Opportunity repository/Page_Opportunities/a_Activities  opp' is clicked on

2020-07-13 13:20:16 - [MESSAGE][PASSED] - Object: 'Object Repository/Opportunity repository/Page_Opportunities/a_Activities  opp' is clicked on

2020-07-13 13:20:16 - [TEST_STEP][PASSED] - delay(1): Delayed 1 second(s)

2020-07-13 13:20:17 - [MESSAGE][PASSED] - Delayed 1 second(s)

2020-07-13 13:20:17 - [TEST_STEP][PASSED] - click(findTestObject("Opportunity repository/Page_Opportunities/a_Competitors  opp")): Object: 'Object Repository/Opportunity repository/Page_Opportunities/a_Competitors  opp' is clicked on

2020-07-13 13:20:17 - [MESSAGE][PASSED] - Object: 'Object Repository/Opportunity repository/Page_Opportunities/a_Competitors  opp' is clicked on

2020-07-13 13:20:17 - [TEST_STEP][PASSED] - delay(1): Delayed 1 second(s)

2020-07-13 13:20:18 - [MESSAGE][PASSED] - Delayed 1 second(s)

2020-07-13 13:20:18 - [TEST_STEP][PASSED] - click(findTestObject("Opportunity repository/Page_Opportunities/a_Cases  opp")): Object: 'Object Repository/Opportunity repository/Page_Opportunities/a_Cases  opp' is clicked on

2020-07-13 13:20:18 - [MESSAGE][PASSED] - Object: 'Object Repository/Opportunity repository/Page_Opportunities/a_Cases  opp' is clicked on

2020-07-13 13:20:18 - [TEST_STEP][PASSED] - delay(1): Delayed 1 second(s)

2020-07-13 13:20:19 - [MESSAGE][PASSED] - Delayed 1 second(s)

2020-07-13 13:20:19 - [TEST_STEP][PASSED] - click(findTestObject("Opportunity repository/Page_Opportunities/a_Documents  opp")): Object: 'Object Repository/Opportunity repository/Page_Opportunities/a_Documents  opp' is clicked on

2020-07-13 13:20:20 - [MESSAGE][PASSED] - Object: 'Object Repository/Opportunity repository/Page_Opportunities/a_Documents  opp' is clicked on

2020-07-13 13:20:20 - [TEST_STEP][PASSED] - delay(1): Delayed 1 second(s)

2020-07-13 13:20:21 - [MESSAGE][PASSED] - Delayed 1 second(s)]]></system-out>
         <system-err><![CDATA[]]></system-err>
      </testcase>
      <system-out><![CDATA[2020-07-13 13:19:50 - [TEST_SUITE][PASSED] - 12.View the Related List: Test Cases/Opportunity Test Case/20.View the Related List]]></system-out>
      <system-err><![CDATA[]]></system-err>
   </testsuite>
</testsuites>
