<?xml version="1.0" encoding="UTF-8"?>
<testsuites name="16" time="31.544" tests="5" failures="0" errors="0">
   <testsuite name="16" tests="5" failures="0" errors="0" time="31.544" timestamp="2020-07-08 13:01:46" hostname="WIN10 - DESKTOP-0NVCT6K" id="Test Suites/Opportunity Usecase/16">
      <properties>
         <property name="deviceName" value=""/>
         <property name="devicePlatform" value=""/>
         <property name="logFolder" value="C:\\Users\\WIN10\\git\\Best-Project\\Reports\\20200708_130145\\Opportunity Usecase\\16\\20200708_130145"/>
         <property name="logFiles" value="C:\\Users\\WIN10\\git\\Best-Project\\Reports\\20200708_130145\\Opportunity Usecase\\16\\20200708_130145\\execution0.log"/>
         <property name="attachments" value=""/>
         <property name="hostName" value="WIN10 - DESKTOP-0NVCT6K"/>
         <property name="os" value="Windows 10 64bit"/>
         <property name="katalonVersion" value="7.5.2.1"/>
         <property name="browser" value="Chrome 83.0.4103.116"/>
         <property name="hostAddress" value="192.168.1.2"/>
         <property name="sessionId" value="7c7bfdbafca2e5e8e6cda6a42afa08b4"/>
         <property name="seleniumVersion" value="3.141.59"/>
         <property name="proxyInformation" value="ProxyInformation { proxyOption=NO_PROXY, proxyServerType=HTTP, username=, password=********, proxyServerAddress=, proxyServerPort=0, executionList=\&quot;\&quot;, isApplyToDesiredCapabilities=true }"/>
         <property name="platform" value="Windows 10"/>
      </properties>
      <testcase name="Test Cases/Opportunity Test Case/1" time="14.305" classname="Test Cases/Opportunity Test Case/1" status="PASSED">
         <system-out><![CDATA[2020-07-08 13:01:47 - [TEST_CASE][PASSED] - Test Cases/Opportunity Test Case/1: Test Cases/Opportunity Test Case/1

2020-07-08 13:01:47 - [TEST_STEP][PASSED] - openBrowser("http://crmc.opencloud.digital:64216/index.php"): Browser is opened with url: 'http://crmc.opencloud.digital:64216/index.php'

2020-07-08 13:01:47 - [MESSAGE][INFO] - Starting 'Chrome' driver

2020-07-08 13:01:47 - [MESSAGE][INFO] - Action delay is set to 0 milliseconds

2020-07-08 13:01:51 - [MESSAGE][PASSED] - Browser is opened with url: 'http://crmc.opencloud.digital:64216/index.php'

2020-07-08 13:01:51 - [TEST_STEP][PASSED] - setText(findTestObject("Account repository/Login/input_User name_username"), findTestData("Opportunity Test Data/D1").getValue(1, 1)): Text 'Admin' is set on object 'Object Repository/Account repository/Login/input_User name_username'

2020-07-08 13:01:52 - [MESSAGE][PASSED] - Text 'Admin' is set on object 'Object Repository/Account repository/Login/input_User name_username'

2020-07-08 13:01:52 - [TEST_STEP][PASSED] - setText(findTestObject("Account repository/Login/input_Password_password"), findTestData("Opportunity Test Data/D1").getValue(2, 1)): Text '1qaz2WSX3edc ' is set on object 'Object Repository/Account repository/Login/input_Password_password'

2020-07-08 13:01:53 - [MESSAGE][PASSED] - Text '1qaz2WSX3edc ' is set on object 'Object Repository/Account repository/Login/input_Password_password'

2020-07-08 13:01:53 - [TEST_STEP][PASSED] - click(findTestObject("Account repository/Login/button_Sign in")): Object: 'Object Repository/Account repository/Login/button_Sign in' is clicked on

2020-07-08 13:01:54 - [MESSAGE][PASSED] - Object: 'Object Repository/Account repository/Login/button_Sign in' is clicked on

2020-07-08 13:01:54 - [TEST_STEP][PASSED] - click(findTestObject("Opportunity repository/Page_Home/a_Opportunities")): Object: 'Object Repository/Opportunity repository/Page_Home/a_Opportunities' is clicked on

2020-07-08 13:01:59 - [MESSAGE][PASSED] - Object: 'Object Repository/Opportunity repository/Page_Home/a_Opportunities' is clicked on

2020-07-08 13:01:59 - [TEST_STEP][PASSED] - delay(2): Delayed 2 second(s)

2020-07-08 13:02:01 - [MESSAGE][PASSED] - Delayed 2 second(s)]]></system-out>
         <system-err><![CDATA[]]></system-err>
      </testcase>
      <testcase name="Test Cases/Opportunity Test Case/5" time="7.57" classname="Test Cases/Opportunity Test Case/5" status="PASSED">
         <system-out><![CDATA[2020-07-08 13:02:01 - [TEST_CASE][PASSED] - Test Cases/Opportunity Test Case/5: Test Cases/Opportunity Test Case/5

2020-07-08 13:02:01 - [TEST_STEP][PASSED] - setText(findTestObject("Opportunity repository/Page_Opportunities/input_Contact Name_potentialname Search"), findTestData("Opportunity Test Data/D2").getValue(1, 1)): Text 'โครงการนำเสนอPro C751-บจก. ฐานการพิมพ์' is set on object 'Object Repository/Opportunity repository/Page_Opportunities/input_Contact Name_potentialname Search'

2020-07-08 13:02:02 - [MESSAGE][PASSED] - Text 'โครงการนำเสนอPro C751-บจก. ฐานการพิมพ์' is set on object 'Object Repository/Opportunity repository/Page_Opportunities/input_Contact Name_potentialname Search'

2020-07-08 13:02:02 - [TEST_STEP][PASSED] - click(findTestObject("Opportunity repository/Page_Opportunities/button_Search Oppotunity name")): Object: 'Object Repository/Opportunity repository/Page_Opportunities/button_Search Oppotunity name' is clicked on

2020-07-08 13:02:02 - [MESSAGE][PASSED] - Object: 'Object Repository/Opportunity repository/Page_Opportunities/button_Search Oppotunity name' is clicked on

2020-07-08 13:02:02 - [TEST_STEP][PASSED] - click(findTestObject("Opportunity repository/Page_Opportunities/a_Pro C751-")): Object: 'Object Repository/Opportunity repository/Page_Opportunities/a_Pro C751-' is clicked on

2020-07-08 13:02:06 - [MESSAGE][PASSED] - Object: 'Object Repository/Opportunity repository/Page_Opportunities/a_Pro C751-' is clicked on

2020-07-08 13:02:06 - [TEST_STEP][PASSED] - delay(2): Delayed 2 second(s)

2020-07-08 13:02:08 - [MESSAGE][PASSED] - Delayed 2 second(s)]]></system-out>
         <system-err><![CDATA[]]></system-err>
      </testcase>
      <testcase name="Test Cases/Opportunity Test Case/32" time="5.215" classname="Test Cases/Opportunity Test Case/32" status="PASSED">
         <system-out><![CDATA[2020-07-08 13:02:08 - [TEST_CASE][PASSED] - Test Cases/Opportunity Test Case/32: Test Cases/Opportunity Test Case/32

2020-07-08 13:02:09 - [TEST_STEP][PASSED] - click(findTestObject("Opportunity repository/Page_Opportunities/a_Cases  opp")): Object: 'Object Repository/Opportunity repository/Page_Opportunities/a_Cases  opp' is clicked on

2020-07-08 13:02:09 - [MESSAGE][PASSED] - Object: 'Object Repository/Opportunity repository/Page_Opportunities/a_Cases  opp' is clicked on

2020-07-08 13:02:09 - [TEST_STEP][PASSED] - click(findTestObject("Opportunity repository/Page_Opportunities/button_Add Cases opp")): Object: 'Object Repository/Opportunity repository/Page_Opportunities/button_Add Cases opp' is clicked on

2020-07-08 13:02:11 - [MESSAGE][PASSED] - Object: 'Object Repository/Opportunity repository/Page_Opportunities/button_Add Cases opp' is clicked on

2020-07-08 13:02:11 - [TEST_STEP][PASSED] - click(findTestObject("Opportunity repository/Page_Cases/button_Save case opp")): Object: 'Object Repository/Opportunity repository/Page_Cases/button_Save case opp' is clicked on

2020-07-08 13:02:12 - [MESSAGE][PASSED] - Object: 'Object Repository/Opportunity repository/Page_Cases/button_Save case opp' is clicked on

2020-07-08 13:02:12 - [TEST_STEP][PASSED] - delay(2): Delayed 2 second(s)

2020-07-08 13:02:14 - [MESSAGE][PASSED] - Delayed 2 second(s)]]></system-out>
         <system-err><![CDATA[]]></system-err>
      </testcase>
      <testcase name="Test Cases/Opportunity Test Case/31" time="2.476" classname="Test Cases/Opportunity Test Case/31" status="PASSED">
         <system-out><![CDATA[2020-07-08 13:02:14 - [TEST_CASE][PASSED] - Test Cases/Opportunity Test Case/31: Test Cases/Opportunity Test Case/31

2020-07-08 13:02:14 - [TEST_STEP][PASSED] - click(findTestObject("Opportunity repository/Page_Cases/button_Save case opp")): Object: 'Object Repository/Opportunity repository/Page_Cases/button_Save case opp' is clicked on

2020-07-08 13:02:14 - [MESSAGE][PASSED] - Object: 'Object Repository/Opportunity repository/Page_Cases/button_Save case opp' is clicked on

2020-07-08 13:02:14 - [TEST_STEP][PASSED] - delay(2): Delayed 2 second(s)

2020-07-08 13:02:16 - [MESSAGE][PASSED] - Delayed 2 second(s)]]></system-out>
         <system-err><![CDATA[]]></system-err>
      </testcase>
      <testcase name="Test Cases/Opportunity Test Case/30" time="1.125" classname="Test Cases/Opportunity Test Case/30" status="PASSED">
         <system-out><![CDATA[2020-07-08 13:02:16 - [TEST_CASE][PASSED] - Test Cases/Opportunity Test Case/30: Test Cases/Opportunity Test Case/30

2020-07-08 13:02:16 - [TEST_STEP][PASSED] - setText(findTestObject("Opportunity repository/Page_Cases/input__cases title opp"), findTestData("Opportunity Test Data/D5").getValue(2, 1)): Text 'CRM-C' is set on object 'Object Repository/Opportunity repository/Page_Cases/input__cases title opp'

2020-07-08 13:02:17 - [MESSAGE][PASSED] - Text 'CRM-C' is set on object 'Object Repository/Opportunity repository/Page_Cases/input__cases title opp'

2020-07-08 13:02:17 - [TEST_STEP][PASSED] - click(findTestObject("Opportunity repository/Page_Cases/button_Save case opp")): Object: 'Object Repository/Opportunity repository/Page_Cases/button_Save case opp' is clicked on

2020-07-08 13:02:17 - [MESSAGE][PASSED] - Object: 'Object Repository/Opportunity repository/Page_Cases/button_Save case opp' is clicked on]]></system-out>
         <system-err><![CDATA[]]></system-err>
      </testcase>
      <system-out><![CDATA[2020-07-08 13:01:46 - [TEST_SUITE][PASSED] - 16: Test Cases/Opportunity Test Case/30]]></system-out>
      <system-err><![CDATA[]]></system-err>
   </testsuite>
</testsuites>
