<?xml version="1.0" encoding="UTF-8"?>
<testsuites name="11" time="37.008" tests="5" failures="0" errors="0">
   <testsuite name="11" tests="5" failures="0" errors="0" time="37.008" timestamp="2020-07-08 08:45:14" hostname="WIN10 - DESKTOP-0NVCT6K" id="Test Suites/Opportunity Usecase/11">
      <properties>
         <property name="deviceName" value=""/>
         <property name="devicePlatform" value=""/>
         <property name="logFolder" value="C:\\Users\\WIN10\\git\\Best-Project\\Reports\\20200708_084512\\Opportunity Usecase\\11\\20200708_084512"/>
         <property name="logFiles" value="C:\\Users\\WIN10\\git\\Best-Project\\Reports\\20200708_084512\\Opportunity Usecase\\11\\20200708_084512\\execution0.log"/>
         <property name="attachments" value=""/>
         <property name="hostName" value="WIN10 - DESKTOP-0NVCT6K"/>
         <property name="os" value="Windows 10 64bit"/>
         <property name="katalonVersion" value="7.5.2.1"/>
         <property name="browser" value="Chrome 83.0.4103.116"/>
         <property name="hostAddress" value="192.168.1.2"/>
         <property name="sessionId" value="a6e9c17809204dae7b20567fa238dc08"/>
         <property name="seleniumVersion" value="3.141.59"/>
         <property name="proxyInformation" value="ProxyInformation { proxyOption=NO_PROXY, proxyServerType=HTTP, username=, password=********, proxyServerAddress=, proxyServerPort=0, executionList=\&quot;\&quot;, isApplyToDesiredCapabilities=true }"/>
         <property name="platform" value="Windows 10"/>
      </properties>
      <testcase name="Test Cases/Opportunity Test Case/1" time="14.501" classname="Test Cases/Opportunity Test Case/1" status="PASSED">
         <system-out><![CDATA[2020-07-08 08:45:14 - [TEST_CASE][PASSED] - Test Cases/Opportunity Test Case/1: Test Cases/Opportunity Test Case/1

2020-07-08 08:45:15 - [TEST_STEP][PASSED] - openBrowser("http://crmc.opencloud.digital:64216/index.php"): Browser is opened with url: 'http://crmc.opencloud.digital:64216/index.php'

2020-07-08 08:45:15 - [MESSAGE][INFO] - Starting 'Chrome' driver

2020-07-08 08:45:15 - [MESSAGE][INFO] - Action delay is set to 0 milliseconds

2020-07-08 08:45:19 - [MESSAGE][PASSED] - Browser is opened with url: 'http://crmc.opencloud.digital:64216/index.php'

2020-07-08 08:45:19 - [TEST_STEP][PASSED] - setText(findTestObject("Account repository/Login/input_User name_username"), findTestData("Opportunity Test Data/D1").getValue(1, 1)): Text 'Admin' is set on object 'Object Repository/Account repository/Login/input_User name_username'

2020-07-08 08:45:20 - [MESSAGE][PASSED] - Text 'Admin' is set on object 'Object Repository/Account repository/Login/input_User name_username'

2020-07-08 08:45:20 - [TEST_STEP][PASSED] - setText(findTestObject("Account repository/Login/input_Password_password"), findTestData("Opportunity Test Data/D1").getValue(2, 1)): Text '1qaz2WSX3edc ' is set on object 'Object Repository/Account repository/Login/input_Password_password'

2020-07-08 08:45:21 - [MESSAGE][PASSED] - Text '1qaz2WSX3edc ' is set on object 'Object Repository/Account repository/Login/input_Password_password'

2020-07-08 08:45:21 - [TEST_STEP][PASSED] - click(findTestObject("Account repository/Login/button_Sign in")): Object: 'Object Repository/Account repository/Login/button_Sign in' is clicked on

2020-07-08 08:45:23 - [MESSAGE][PASSED] - Object: 'Object Repository/Account repository/Login/button_Sign in' is clicked on

2020-07-08 08:45:23 - [TEST_STEP][PASSED] - click(findTestObject("Opportunity repository/Page_Home/a_Opportunities")): Object: 'Object Repository/Opportunity repository/Page_Home/a_Opportunities' is clicked on

2020-07-08 08:45:27 - [MESSAGE][PASSED] - Object: 'Object Repository/Opportunity repository/Page_Home/a_Opportunities' is clicked on

2020-07-08 08:45:27 - [TEST_STEP][PASSED] - delay(2): Delayed 2 second(s)

2020-07-08 08:45:29 - [MESSAGE][PASSED] - Delayed 2 second(s)]]></system-out>
         <system-err><![CDATA[]]></system-err>
      </testcase>
      <testcase name="Test Cases/Opportunity Test Case/5" time="7.592" classname="Test Cases/Opportunity Test Case/5" status="PASSED">
         <system-out><![CDATA[2020-07-08 08:45:29 - [TEST_CASE][PASSED] - Test Cases/Opportunity Test Case/5: Test Cases/Opportunity Test Case/5

2020-07-08 08:45:29 - [TEST_STEP][PASSED] - setText(findTestObject("Opportunity repository/Page_Opportunities/input_Contact Name_potentialname Search"), findTestData("Opportunity Test Data/D2").getValue(1, 1)): Text 'โครงการนำเสนอPro C751-บจก. ฐานการพิมพ์' is set on object 'Object Repository/Opportunity repository/Page_Opportunities/input_Contact Name_potentialname Search'

2020-07-08 08:45:30 - [MESSAGE][PASSED] - Text 'โครงการนำเสนอPro C751-บจก. ฐานการพิมพ์' is set on object 'Object Repository/Opportunity repository/Page_Opportunities/input_Contact Name_potentialname Search'

2020-07-08 08:45:30 - [TEST_STEP][PASSED] - click(findTestObject("Opportunity repository/Page_Opportunities/button_Search Oppotunity name")): Object: 'Object Repository/Opportunity repository/Page_Opportunities/button_Search Oppotunity name' is clicked on

2020-07-08 08:45:30 - [MESSAGE][PASSED] - Object: 'Object Repository/Opportunity repository/Page_Opportunities/button_Search Oppotunity name' is clicked on

2020-07-08 08:45:30 - [TEST_STEP][PASSED] - click(findTestObject("Opportunity repository/Page_Opportunities/a_Pro C751-")): Object: 'Object Repository/Opportunity repository/Page_Opportunities/a_Pro C751-' is clicked on

2020-07-08 08:45:34 - [MESSAGE][PASSED] - Object: 'Object Repository/Opportunity repository/Page_Opportunities/a_Pro C751-' is clicked on

2020-07-08 08:45:34 - [TEST_STEP][PASSED] - delay(2): Delayed 2 second(s)

2020-07-08 08:45:36 - [MESSAGE][PASSED] - Delayed 2 second(s)]]></system-out>
         <system-err><![CDATA[]]></system-err>
      </testcase>
      <testcase name="Test Cases/Opportunity Test Case/19" time="3.192" classname="Test Cases/Opportunity Test Case/19" status="PASSED">
         <system-out><![CDATA[2020-07-08 08:45:36 - [TEST_CASE][PASSED] - Test Cases/Opportunity Test Case/19: Test Cases/Opportunity Test Case/19

2020-07-08 08:45:37 - [TEST_STEP][PASSED] - click(findTestObject("Opportunity repository/Page_Opportunities/button_More opp")): Object: 'Object Repository/Opportunity repository/Page_Opportunities/button_More opp' is clicked on

2020-07-08 08:45:37 - [MESSAGE][PASSED] - Object: 'Object Repository/Opportunity repository/Page_Opportunities/button_More opp' is clicked on

2020-07-08 08:45:37 - [TEST_STEP][PASSED] - click(findTestObject("Opportunity repository/Page_Opportunities/a_Add To Do opp")): Object: 'Object Repository/Opportunity repository/Page_Opportunities/a_Add To Do opp' is clicked on

2020-07-08 08:45:38 - [MESSAGE][PASSED] - Object: 'Object Repository/Opportunity repository/Page_Opportunities/a_Add To Do opp' is clicked on

2020-07-08 08:45:38 - [TEST_STEP][PASSED] - click(findTestObject("Opportunity repository/Page_Calendar/button_Save Activity opp")): Object: 'Object Repository/Opportunity repository/Page_Calendar/button_Save Activity opp' is clicked on

2020-07-08 08:45:39 - [MESSAGE][PASSED] - Object: 'Object Repository/Opportunity repository/Page_Calendar/button_Save Activity opp' is clicked on

2020-07-08 08:45:39 - [TEST_STEP][PASSED] - delay(1): Delayed 1 second(s)

2020-07-08 08:45:40 - [MESSAGE][PASSED] - Delayed 1 second(s)]]></system-out>
         <system-err><![CDATA[]]></system-err>
      </testcase>
      <testcase name="Test Cases/Opportunity Test Case/18" time="4.605" classname="Test Cases/Opportunity Test Case/18" status="PASSED">
         <system-out><![CDATA[2020-07-08 08:45:40 - [TEST_CASE][PASSED] - Test Cases/Opportunity Test Case/18: Test Cases/Opportunity Test Case/18

2020-07-08 08:45:40 - [TEST_STEP][PASSED] - setText(findTestObject("Opportunity repository/Page_Calendar/input__subject to do opp"), findTestData("Opportunity Test Data/D9").getValue(1, 1)): Text 'Anatomy' is set on object 'Object Repository/Opportunity repository/Page_Calendar/input__subject to do opp'

2020-07-08 08:45:41 - [MESSAGE][PASSED] - Text 'Anatomy' is set on object 'Object Repository/Opportunity repository/Page_Calendar/input__subject to do opp'

2020-07-08 08:45:41 - [TEST_STEP][PASSED] - clearText(findTestObject("Opportunity repository/Page_Calendar/input__due_date to do opp"), STOP_ON_FAILURE): Text of object 'Object Repository/Opportunity repository/Page_Calendar/input__due_date to do opp' is cleared

2020-07-08 08:45:41 - [MESSAGE][PASSED] - Text of object 'Object Repository/Opportunity repository/Page_Calendar/input__due_date to do opp' is cleared

2020-07-08 08:45:41 - [TEST_STEP][PASSED] - setText(findTestObject("Opportunity repository/Page_Calendar/textarea__description to do opp"), findTestData("Opportunity Test Data/D9").getValue(6, 1)): Text 'Anatomy of Ultraman' is set on object 'Object Repository/Opportunity repository/Page_Calendar/textarea__description to do opp'

2020-07-08 08:45:42 - [MESSAGE][PASSED] - Text 'Anatomy of Ultraman' is set on object 'Object Repository/Opportunity repository/Page_Calendar/textarea__description to do opp'

2020-07-08 08:45:42 - [TEST_STEP][PASSED] - click(findTestObject("Opportunity repository/Page_Calendar/button_Save Activity opp")): Object: 'Object Repository/Opportunity repository/Page_Calendar/button_Save Activity opp' is clicked on

2020-07-08 08:45:42 - [MESSAGE][PASSED] - Object: 'Object Repository/Opportunity repository/Page_Calendar/button_Save Activity opp' is clicked on

2020-07-08 08:45:42 - [TEST_STEP][PASSED] - delay(2): Delayed 2 second(s)

2020-07-08 08:45:44 - [MESSAGE][PASSED] - Delayed 2 second(s)]]></system-out>
         <system-err><![CDATA[]]></system-err>
      </testcase>
      <testcase name="Test Cases/Opportunity Test Case/17" time="6.131" classname="Test Cases/Opportunity Test Case/17" status="PASSED">
         <system-out><![CDATA[2020-07-08 08:45:44 - [TEST_CASE][PASSED] - Test Cases/Opportunity Test Case/17: Test Cases/Opportunity Test Case/17

2020-07-08 08:45:44 - [TEST_STEP][PASSED] - setText(findTestObject("Opportunity repository/Page_Calendar/input__subject to do opp"), findTestData("Opportunity Test Data/D9").getValue(1, 1)): Text 'Anatomy' is set on object 'Object Repository/Opportunity repository/Page_Calendar/input__subject to do opp'

2020-07-08 08:45:45 - [MESSAGE][PASSED] - Text 'Anatomy' is set on object 'Object Repository/Opportunity repository/Page_Calendar/input__subject to do opp'

2020-07-08 08:45:45 - [TEST_STEP][PASSED] - setText(findTestObject("Opportunity repository/Page_Calendar/input__date_start to do opp"), findTestData("Opportunity Test Data/D9").getValue(2, 1)): Text 'RIS System' is set on object 'Object Repository/Opportunity repository/Page_Calendar/input__date_start to do opp'

2020-07-08 08:45:46 - [MESSAGE][PASSED] - Text 'RIS System' is set on object 'Object Repository/Opportunity repository/Page_Calendar/input__date_start to do opp'

2020-07-08 08:45:46 - [TEST_STEP][PASSED] - setText(findTestObject("Opportunity repository/Page_Calendar/input__due_date to do opp"), findTestData("Opportunity Test Data/D9").getValue(5, 1)): Text '11/02/2020' is set on object 'Object Repository/Opportunity repository/Page_Calendar/input__due_date to do opp'

2020-07-08 08:45:47 - [MESSAGE][PASSED] - Text '11/02/2020' is set on object 'Object Repository/Opportunity repository/Page_Calendar/input__due_date to do opp'

2020-07-08 08:45:47 - [TEST_STEP][PASSED] - setText(findTestObject("Opportunity repository/Page_Calendar/textarea__description to do opp"), findTestData("Opportunity Test Data/D9").getValue(6, 1)): Text 'Anatomy of Ultraman' is set on object 'Object Repository/Opportunity repository/Page_Calendar/textarea__description to do opp'

2020-07-08 08:45:48 - [MESSAGE][PASSED] - Text 'Anatomy of Ultraman' is set on object 'Object Repository/Opportunity repository/Page_Calendar/textarea__description to do opp'

2020-07-08 08:45:48 - [TEST_STEP][PASSED] - click(findTestObject("Opportunity repository/Page_Calendar/button_Save Activity opp")): Object: 'Object Repository/Opportunity repository/Page_Calendar/button_Save Activity opp' is clicked on

2020-07-08 08:45:48 - [MESSAGE][PASSED] - Object: 'Object Repository/Opportunity repository/Page_Calendar/button_Save Activity opp' is clicked on

2020-07-08 08:45:48 - [TEST_STEP][PASSED] - delay(2): Delayed 2 second(s)

2020-07-08 08:45:50 - [MESSAGE][PASSED] - Delayed 2 second(s)]]></system-out>
         <system-err><![CDATA[]]></system-err>
      </testcase>
      <system-out><![CDATA[2020-07-08 08:45:14 - [TEST_SUITE][PASSED] - 11: Test Cases/Opportunity Test Case/17]]></system-out>
      <system-err><![CDATA[]]></system-err>
   </testsuite>
</testsuites>
