<?xml version="1.0" encoding="UTF-8"?>
<testsuites name="Usecase4" time="75.489" tests="3" failures="0" errors="0">
   <testsuite name="Usecase4" tests="3" failures="0" errors="0" time="75.489" timestamp="2563-06-17 14:14:29" hostname="ACER - DESKTOP-TSJL4HJ" id="Test Suites/Account Usecase/Usecase4">
      <properties>
         <property name="deviceName" value=""/>
         <property name="devicePlatform" value=""/>
         <property name="logFolder" value="C:\\Users\\ACER\\git\\Best-Project\\Reports\\25630617_141426\\Account Usecase\\Usecase4\\25630617_141426"/>
         <property name="logFiles" value="C:\\Users\\ACER\\git\\Best-Project\\Reports\\25630617_141426\\Account Usecase\\Usecase4\\25630617_141426\\execution0.log"/>
         <property name="attachments" value=""/>
         <property name="hostName" value="ACER - DESKTOP-TSJL4HJ"/>
         <property name="os" value="Windows 10 64bit"/>
         <property name="katalonVersion" value="7.5.2.1"/>
         <property name="browser" value="Chrome 83.0.4103.97"/>
         <property name="hostAddress" value="192.168.1.126"/>
         <property name="sessionId" value="af72eb5a30928cf785a96b08b0f3e904"/>
         <property name="seleniumVersion" value="3.141.59"/>
         <property name="proxyInformation" value="ProxyInformation { proxyOption=NO_PROXY, proxyServerType=HTTP, username=, password=********, proxyServerAddress=, proxyServerPort=0, executionList=\&quot;\&quot;, isApplyToDesiredCapabilities=true }"/>
         <property name="platform" value="Windows 10"/>
      </properties>
      <testcase name="Test Cases/Account Test Case/Test Case 1" time="17.244" classname="Test Cases/Account Test Case/Test Case 1" status="PASSED">
         <system-out><![CDATA[2563-06-17 14:14:29 - [TEST_CASE][PASSED] - Test Cases/Account Test Case/Test Case 1: Test Cases/Account Test Case/Test Case 1

2563-06-17 14:14:29 - [TEST_STEP][PASSED] - openBrowser("http://rthv1.opencloud.digital/"): Browser is opened with url: 'http://rthv1.opencloud.digital/'

2563-06-17 14:14:30 - [MESSAGE][INFO] - Starting 'Chrome' driver

2563-06-17 14:14:30 - [MESSAGE][INFO] - Action delay is set to 0 milliseconds

2563-06-17 14:14:36 - [MESSAGE][PASSED] - Browser is opened with url: 'http://rthv1.opencloud.digital/'

2563-06-17 14:14:36 - [TEST_STEP][PASSED] - maximizeWindow(): Current window maximized

2563-06-17 14:14:39 - [MESSAGE][PASSED] - Current window maximized

2563-06-17 14:14:39 - [TEST_STEP][PASSED] - setText(findTestObject("Account repository/Login/input_User name_username"), findTestData("Account Test Data/D1").getValue(1, 1)): Text 'Admin' is set on object 'Object Repository/Account repository/Login/input_User name_username'

2563-06-17 14:14:39 - [MESSAGE][PASSED] - Text 'Admin' is set on object 'Object Repository/Account repository/Login/input_User name_username'

2563-06-17 14:14:39 - [TEST_STEP][PASSED] - setText(findTestObject("Account repository/Login/input_Password_password"), findTestData("Account Test Data/D1").getValue(2, 1)): Text '1qaz2WSX3edc ' is set on object 'Object Repository/Account repository/Login/input_Password_password'

2563-06-17 14:14:40 - [MESSAGE][PASSED] - Text '1qaz2WSX3edc ' is set on object 'Object Repository/Account repository/Login/input_Password_password'

2563-06-17 14:14:40 - [TEST_STEP][PASSED] - click(findTestObject("Account repository/Login/button_Sign in")): Object: 'Object Repository/Account repository/Login/button_Sign in' is clicked on

2563-06-17 14:14:46 - [MESSAGE][PASSED] - Object: 'Object Repository/Account repository/Login/button_Sign in' is clicked on]]></system-out>
         <system-err><![CDATA[]]></system-err>
      </testcase>
      <testcase name="Test Cases/Account Test Case/Test Case 5" time="42.087" classname="Test Cases/Account Test Case/Test Case 5" status="PASSED">
         <system-out><![CDATA[2563-06-17 14:14:46 - [TEST_CASE][PASSED] - Test Cases/Account Test Case/Test Case 5: Test Cases/Account Test Case/Test Case 5

2563-06-17 14:14:47 - [TEST_STEP][PASSED] - click(findTestObject("Account repository/Page_Home/strong_Accounts")): Object: 'Object Repository/Account repository/Page_Home/strong_Accounts' is clicked on

2563-06-17 14:15:03 - [MESSAGE][PASSED] - Object: 'Object Repository/Account repository/Page_Home/strong_Accounts' is clicked on

2563-06-17 14:15:03 - [TEST_STEP][PASSED] - setText(findTestObject("Account repository/Page_Accounts/Search Account Name"), findTestData("Account Test Data/D4").getValue(1, 1)): Text 'บริษัท วี จี ไอ โกลบอล มีเดีย จำกัด (มหาชน) ' is set on object 'Object Repository/Account repository/Page_Accounts/Search Account Name'

2563-06-17 14:15:05 - [MESSAGE][PASSED] - Text 'บริษัท วี จี ไอ โกลบอล มีเดีย จำกัด (มหาชน) ' is set on object 'Object Repository/Account repository/Page_Accounts/Search Account Name'

2563-06-17 14:15:05 - [TEST_STEP][PASSED] - click(findTestObject("Account repository/Page_Accounts/button_Search")): Object: 'Object Repository/Account repository/Page_Accounts/button_Search' is clicked on

2563-06-17 14:15:05 - [MESSAGE][PASSED] - Object: 'Object Repository/Account repository/Page_Accounts/button_Search' is clicked on

2563-06-17 14:15:05 - [TEST_STEP][PASSED] - click(findTestObject("Account repository/Page_Accounts/click v g o")): Object: 'Object Repository/Account repository/Page_Accounts/click v g o' is clicked on

2563-06-17 14:15:28 - [MESSAGE][PASSED] - Object: 'Object Repository/Account repository/Page_Accounts/click v g o' is clicked on]]></system-out>
         <system-err><![CDATA[]]></system-err>
      </testcase>
      <testcase name="Test Cases/Account Test Case/Test Case 6" time="14.782" classname="Test Cases/Account Test Case/Test Case 6" status="PASSED">
         <system-out><![CDATA[2563-06-17 14:15:28 - [TEST_CASE][PASSED] - Test Cases/Account Test Case/Test Case 6: Test Cases/Account Test Case/Test Case 6

2563-06-17 14:15:29 - [TEST_STEP][PASSED] - click(findTestObject("Account repository/Page_Accounts/Edit Account")): Object: 'Object Repository/Account repository/Page_Accounts/Edit Account' is clicked on

2563-06-17 14:15:31 - [MESSAGE][PASSED] - Object: 'Object Repository/Account repository/Page_Accounts/Edit Account' is clicked on

2563-06-17 14:15:31 - [TEST_STEP][PASSED] - setText(findTestObject("Account repository/Page_Accounts/Edit Purchasing Decision"), findTestData("Account Test Data/D2").getValue(6, 1)): Text 'จัดซื้อแยกLocalized Purchasing' is set on object 'Object Repository/Account repository/Page_Accounts/Edit Purchasing Decision'

2563-06-17 14:15:33 - [MESSAGE][PASSED] - Text 'จัดซื้อแยกLocalized Purchasing' is set on object 'Object Repository/Account repository/Page_Accounts/Edit Purchasing Decision'

2563-06-17 14:15:33 - [TEST_STEP][PASSED] - click(findTestObject("Account repository/Page_Accounts/button_Save Edit")): Object: 'Object Repository/Account repository/Page_Accounts/button_Save Edit' is clicked on

2563-06-17 14:15:34 - [MESSAGE][PASSED] - Object: 'Object Repository/Account repository/Page_Accounts/button_Save Edit' is clicked on

2563-06-17 14:15:34 - [TEST_STEP][PASSED] - click(findTestObject("Account repository/Page_Accounts/Edit a_Yes")): Object: 'Object Repository/Account repository/Page_Accounts/Edit a_Yes' is clicked on

2563-06-17 14:15:43 - [MESSAGE][PASSED] - Object: 'Object Repository/Account repository/Page_Accounts/Edit a_Yes' is clicked on]]></system-out>
         <system-err><![CDATA[]]></system-err>
      </testcase>
      <system-out><![CDATA[2563-06-17 14:14:29 - [TEST_SUITE][PASSED] - Usecase4: Test Cases/Account Test Case/Test Case 6]]></system-out>
      <system-err><![CDATA[]]></system-err>
   </testsuite>
</testsuites>
