<?xml version="1.0" encoding="UTF-8"?>
<testsuites name="5" time="45.722" tests="5" failures="0" errors="0">
   <testsuite name="5" tests="5" failures="0" errors="0" time="45.722" timestamp="2020-07-16 23:36:15" hostname="WIN10 - DESKTOP-0NVCT6K" id="Test Suites/E-Lead Usecase/5">
      <properties>
         <property name="deviceName" value=""/>
         <property name="devicePlatform" value=""/>
         <property name="logFolder" value="C:\\Users\\WIN10\\git\\Best-Project\\Reports\\20200716_233612\\E-Lead Usecase\\5\\20200716_233612"/>
         <property name="logFiles" value="C:\\Users\\WIN10\\git\\Best-Project\\Reports\\20200716_233612\\E-Lead Usecase\\5\\20200716_233612\\execution0.log"/>
         <property name="attachments" value=""/>
         <property name="hostName" value="WIN10 - DESKTOP-0NVCT6K"/>
         <property name="os" value="Windows 10 64bit"/>
         <property name="katalonVersion" value="7.5.2.1"/>
         <property name="browser" value="Chrome 83.0.4103.116"/>
         <property name="hostAddress" value="192.168.1.2"/>
         <property name="sessionId" value="2fbaba5772466938f87abeaac7148a8d"/>
         <property name="seleniumVersion" value="3.141.59"/>
         <property name="proxyInformation" value="ProxyInformation { proxyOption=NO_PROXY, proxyServerType=HTTP, username=, password=********, proxyServerAddress=, proxyServerPort=0, executionList=\&quot;\&quot;, isApplyToDesiredCapabilities=true }"/>
         <property name="platform" value="Windows 10"/>
      </properties>
      <testcase name="Test Cases/E-Lead Test Case/1" time="17.866" classname="Test Cases/E-Lead Test Case/1" status="PASSED">
         <system-out><![CDATA[2020-07-16 23:36:15 - [TEST_CASE][PASSED] - Test Cases/E-Lead Test Case/1: Test Cases/E-Lead Test Case/1

2020-07-16 23:36:15 - [TEST_STEP][PASSED] - openBrowser("http://crmc.opencloud.digital:64216/index.php"): Browser is opened with url: 'http://crmc.opencloud.digital:64216/index.php'

2020-07-16 23:36:15 - [MESSAGE][INFO] - Starting 'Chrome' driver

2020-07-16 23:36:16 - [MESSAGE][INFO] - Action delay is set to 0 milliseconds

2020-07-16 23:36:21 - [MESSAGE][PASSED] - Browser is opened with url: 'http://crmc.opencloud.digital:64216/index.php'

2020-07-16 23:36:21 - [TEST_STEP][PASSED] - setText(findTestObject("Account repository/Login/input_User name_username"), findTestData("Calendar Test Data/D1").getValue(1, 1)): Text 'admin' is set on object 'Object Repository/Account repository/Login/input_User name_username'

2020-07-16 23:36:22 - [MESSAGE][PASSED] - Text 'admin' is set on object 'Object Repository/Account repository/Login/input_User name_username'

2020-07-16 23:36:22 - [TEST_STEP][PASSED] - setText(findTestObject("Account repository/Login/input_Password_password"), findTestData("Calendar Test Data/D1").getValue(2, 1)): Text '1qaz2WSX3edc ' is set on object 'Object Repository/Account repository/Login/input_Password_password'

2020-07-16 23:36:22 - [MESSAGE][PASSED] - Text '1qaz2WSX3edc ' is set on object 'Object Repository/Account repository/Login/input_Password_password'

2020-07-16 23:36:22 - [TEST_STEP][PASSED] - click(findTestObject("Account repository/Login/button_Sign in")): Object: 'Object Repository/Account repository/Login/button_Sign in' is clicked on

2020-07-16 23:36:24 - [MESSAGE][PASSED] - Object: 'Object Repository/Account repository/Login/button_Sign in' is clicked on

2020-07-16 23:36:24 - [TEST_STEP][PASSED] - click(findTestObject("E-Lead repository/Page_Home/a_E-Lead")): Object: 'Object Repository/E-Lead repository/Page_Home/a_E-Lead' is clicked on

2020-07-16 23:36:31 - [MESSAGE][PASSED] - Object: 'Object Repository/E-Lead repository/Page_Home/a_E-Lead' is clicked on

2020-07-16 23:36:31 - [TEST_STEP][PASSED] - delay(2): Delayed 2 second(s)

2020-07-16 23:36:33 - [MESSAGE][PASSED] - Delayed 2 second(s)]]></system-out>
         <system-err><![CDATA[]]></system-err>
      </testcase>
      <testcase name="Test Cases/E-Lead Test Case/5" time="6.754" classname="Test Cases/E-Lead Test Case/5" status="PASSED">
         <system-out><![CDATA[2020-07-16 23:36:33 - [TEST_CASE][PASSED] - Test Cases/E-Lead Test Case/5: Test Cases/E-Lead Test Case/5

2020-07-16 23:36:33 - [TEST_STEP][PASSED] - setText(findTestObject("E-Lead repository/Page_E-Lead/input_Created DateTime_eleadname"), findTestData("E-Lead Test Data/D2").getValue(1, 1)): Text 'เครื่องคอมพิวเตอร์' is set on object 'Object Repository/E-Lead repository/Page_E-Lead/input_Created DateTime_eleadname'

2020-07-16 23:36:34 - [MESSAGE][PASSED] - Text 'เครื่องคอมพิวเตอร์' is set on object 'Object Repository/E-Lead repository/Page_E-Lead/input_Created DateTime_eleadname'

2020-07-16 23:36:34 - [TEST_STEP][PASSED] - click(findTestObject("E-Lead repository/Page_E-Lead/button_Search")): Object: 'Object Repository/E-Lead repository/Page_E-Lead/button_Search' is clicked on

2020-07-16 23:36:34 - [MESSAGE][PASSED] - Object: 'Object Repository/E-Lead repository/Page_E-Lead/button_Search' is clicked on

2020-07-16 23:36:34 - [TEST_STEP][PASSED] - click(findTestObject("E-Lead repository/Page_E-Lead/a_")): Object: 'Object Repository/E-Lead repository/Page_E-Lead/a_' is clicked on

2020-07-16 23:36:37 - [MESSAGE][PASSED] - Object: 'Object Repository/E-Lead repository/Page_E-Lead/a_' is clicked on

2020-07-16 23:36:37 - [TEST_STEP][PASSED] - delay(2): Delayed 2 second(s)

2020-07-16 23:36:39 - [MESSAGE][PASSED] - Delayed 2 second(s)]]></system-out>
         <system-err><![CDATA[]]></system-err>
      </testcase>
      <testcase name="Test Cases/E-Lead Test Case/11" time="4.373" classname="Test Cases/E-Lead Test Case/11" status="PASSED">
         <system-out><![CDATA[2020-07-16 23:36:39 - [TEST_CASE][PASSED] - Test Cases/E-Lead Test Case/11: Test Cases/E-Lead Test Case/11

2020-07-16 23:36:40 - [TEST_STEP][PASSED] - click(findTestObject("E-Lead repository/Page_E-Lead/button_SEND OTHER LEAD")): Object: 'Object Repository/E-Lead repository/Page_E-Lead/button_SEND OTHER LEAD' is clicked on

2020-07-16 23:36:41 - [MESSAGE][PASSED] - Object: 'Object Repository/E-Lead repository/Page_E-Lead/button_SEND OTHER LEAD' is clicked on

2020-07-16 23:36:41 - [TEST_STEP][PASSED] - click(findTestObject("E-Lead repository/Page_E-Lead/button_Save E-Lead")): Object: 'Object Repository/E-Lead repository/Page_E-Lead/button_Save E-Lead' is clicked on

2020-07-16 23:36:42 - [MESSAGE][PASSED] - Object: 'Object Repository/E-Lead repository/Page_E-Lead/button_Save E-Lead' is clicked on

2020-07-16 23:36:42 - [TEST_STEP][PASSED] - delay(2): Delayed 2 second(s)

2020-07-16 23:36:44 - [MESSAGE][PASSED] - Delayed 2 second(s)]]></system-out>
         <system-err><![CDATA[]]></system-err>
      </testcase>
      <testcase name="Test Cases/E-Lead Test Case/10" time="5.463" classname="Test Cases/E-Lead Test Case/10" status="PASSED">
         <system-out><![CDATA[2020-07-16 23:36:44 - [TEST_CASE][PASSED] - Test Cases/E-Lead Test Case/10: Test Cases/E-Lead Test Case/10

2020-07-16 23:36:44 - [TEST_STEP][PASSED] - setText(findTestObject("E-Lead repository/Page_E-Lead/textarea__description"), findTestData("E-Lead Test Data/D3").getValue(10, 1)): Text 'Test Create E-Lead' is set on object 'Object Repository/E-Lead repository/Page_E-Lead/textarea__description'

2020-07-16 23:36:45 - [MESSAGE][PASSED] - Text 'Test Create E-Lead' is set on object 'Object Repository/E-Lead repository/Page_E-Lead/textarea__description'

2020-07-16 23:36:45 - [TEST_STEP][PASSED] - setText(findTestObject("E-Lead repository/Page_E-Lead/input__sender com"), findTestData("E-Lead Test Data/D3").getValue(11, 1)): Text '30' is set on object 'Object Repository/E-Lead repository/Page_E-Lead/input__sender com'

2020-07-16 23:36:45 - [MESSAGE][PASSED] - Text '30' is set on object 'Object Repository/E-Lead repository/Page_E-Lead/input__sender com'

2020-07-16 23:36:45 - [TEST_STEP][PASSED] - setText(findTestObject("E-Lead repository/Page_E-Lead/input__reciever com"), findTestData("E-Lead Test Data/D3").getValue(12, 1)): Text '70' is set on object 'Object Repository/E-Lead repository/Page_E-Lead/input__reciever com'

2020-07-16 23:36:46 - [MESSAGE][PASSED] - Text '70' is set on object 'Object Repository/E-Lead repository/Page_E-Lead/input__reciever com'

2020-07-16 23:36:46 - [TEST_STEP][PASSED] - click(findTestObject("E-Lead repository/Page_E-Lead/button_Save E-Lead")): Object: 'Object Repository/E-Lead repository/Page_E-Lead/button_Save E-Lead' is clicked on

2020-07-16 23:36:47 - [MESSAGE][PASSED] - Object: 'Object Repository/E-Lead repository/Page_E-Lead/button_Save E-Lead' is clicked on

2020-07-16 23:36:47 - [TEST_STEP][PASSED] - delay(2): Delayed 2 second(s)

2020-07-16 23:36:49 - [MESSAGE][PASSED] - Delayed 2 second(s)]]></system-out>
         <system-err><![CDATA[]]></system-err>
      </testcase>
      <testcase name="Test Cases/E-Lead Test Case/9" time="10.32" classname="Test Cases/E-Lead Test Case/9" status="PASSED">
         <system-out><![CDATA[2020-07-16 23:36:49 - [TEST_CASE][PASSED] - Test Cases/E-Lead Test Case/9: Test Cases/E-Lead Test Case/9

2020-07-16 23:36:49 - [TEST_STEP][PASSED] - setText(findTestObject("E-Lead repository/Page_E-Lead/textarea__description"), findTestData("E-Lead Test Data/D3").getValue(10, 1)): Text 'Test Create E-Lead' is set on object 'Object Repository/E-Lead repository/Page_E-Lead/textarea__description'

2020-07-16 23:36:50 - [MESSAGE][PASSED] - Text 'Test Create E-Lead' is set on object 'Object Repository/E-Lead repository/Page_E-Lead/textarea__description'

2020-07-16 23:36:50 - [TEST_STEP][PASSED] - setText(findTestObject("E-Lead repository/Page_E-Lead/input__sender com"), findTestData("E-Lead Test Data/D3").getValue(11, 1)): Text '30' is set on object 'Object Repository/E-Lead repository/Page_E-Lead/input__sender com'

2020-07-16 23:36:51 - [MESSAGE][PASSED] - Text '30' is set on object 'Object Repository/E-Lead repository/Page_E-Lead/input__sender com'

2020-07-16 23:36:51 - [TEST_STEP][PASSED] - setText(findTestObject("E-Lead repository/Page_E-Lead/input__reciever com"), findTestData("E-Lead Test Data/D3").getValue(12, 1)): Text '70' is set on object 'Object Repository/E-Lead repository/Page_E-Lead/input__reciever com'

2020-07-16 23:36:53 - [MESSAGE][PASSED] - Text '70' is set on object 'Object Repository/E-Lead repository/Page_E-Lead/input__reciever com'

2020-07-16 23:36:53 - [TEST_STEP][PASSED] - setText(findTestObject("E-Lead repository/Page_E-Lead/input__sender name"), findTestData("E-Lead Test Data/D3").getValue(13, 1)): Text 'Lukkhana Thaipermpol' is set on object 'Object Repository/E-Lead repository/Page_E-Lead/input__sender name'

2020-07-16 23:36:54 - [MESSAGE][PASSED] - Text 'Lukkhana Thaipermpol' is set on object 'Object Repository/E-Lead repository/Page_E-Lead/input__sender name'

2020-07-16 23:36:54 - [TEST_STEP][PASSED] - setText(findTestObject("E-Lead repository/Page_E-Lead/input__employee number"), findTestData("E-Lead Test Data/D3").getValue(14, 1)): Text '570245' is set on object 'Object Repository/E-Lead repository/Page_E-Lead/input__employee number'

2020-07-16 23:36:55 - [MESSAGE][PASSED] - Text '570245' is set on object 'Object Repository/E-Lead repository/Page_E-Lead/input__employee number'

2020-07-16 23:36:55 - [TEST_STEP][PASSED] - setText(findTestObject("E-Lead repository/Page_E-Lead/input__department"), findTestData("E-Lead Test Data/D3").getValue(15, 1)): Text 'CEM' is set on object 'Object Repository/E-Lead repository/Page_E-Lead/input__department'

2020-07-16 23:36:56 - [MESSAGE][PASSED] - Text 'CEM' is set on object 'Object Repository/E-Lead repository/Page_E-Lead/input__department'

2020-07-16 23:36:56 - [TEST_STEP][PASSED] - setText(findTestObject("E-Lead repository/Page_E-Lead/input__entity code"), findTestData("E-Lead Test Data/D3").getValue(16, 1)): Text '010210' is set on object 'Object Repository/E-Lead repository/Page_E-Lead/input__entity code'

2020-07-16 23:36:57 - [MESSAGE][PASSED] - Text '010210' is set on object 'Object Repository/E-Lead repository/Page_E-Lead/input__entity code'

2020-07-16 23:36:57 - [TEST_STEP][PASSED] - setText(findTestObject("E-Lead repository/Page_E-Lead/input__sender email"), findTestData("E-Lead Test Data/D3").getValue(17, 1)): Text 'lukkhana.tha@ricoh.co.th' is set on object 'Object Repository/E-Lead repository/Page_E-Lead/input__sender email'

2020-07-16 23:36:58 - [MESSAGE][PASSED] - Text 'lukkhana.tha@ricoh.co.th' is set on object 'Object Repository/E-Lead repository/Page_E-Lead/input__sender email'

2020-07-16 23:36:58 - [TEST_STEP][PASSED] - setText(findTestObject("E-Lead repository/Page_E-Lead/input__sender phone"), findTestData("E-Lead Test Data/D3").getValue(18, 1)): Text '02-088-4697' is set on object 'Object Repository/E-Lead repository/Page_E-Lead/input__sender phone'

2020-07-16 23:36:59 - [MESSAGE][PASSED] - Text '02-088-4697' is set on object 'Object Repository/E-Lead repository/Page_E-Lead/input__sender phone'

2020-07-16 23:36:59 - [TEST_STEP][PASSED] - click(findTestObject("E-Lead repository/Page_E-Lead/button_Save E-Lead")): Object: 'Object Repository/E-Lead repository/Page_E-Lead/button_Save E-Lead' is clicked on

2020-07-16 23:37:00 - [MESSAGE][PASSED] - Object: 'Object Repository/E-Lead repository/Page_E-Lead/button_Save E-Lead' is clicked on]]></system-out>
         <system-err><![CDATA[]]></system-err>
      </testcase>
      <system-out><![CDATA[2020-07-16 23:36:15 - [TEST_SUITE][PASSED] - 5: Test Cases/E-Lead Test Case/9]]></system-out>
      <system-err><![CDATA[]]></system-err>
   </testsuite>
</testsuites>
