<?xml version="1.0" encoding="UTF-8"?>
<testsuites name="23" time="46.852" tests="5" failures="0" errors="0">
   <testsuite name="23" tests="5" failures="0" errors="0" time="46.852" timestamp="2020-06-22 09:17:40" hostname="WIN10 - DESKTOP-0NVCT6K" id="Test Suites/Account Usecase/23">
      <properties>
         <property name="deviceName" value=""/>
         <property name="devicePlatform" value=""/>
         <property name="logFolder" value="C:\\Users\\WIN10\\git\\Best-Project\\Reports\\20200622_091739\\Account Usecase\\23\\20200622_091739"/>
         <property name="logFiles" value="C:\\Users\\WIN10\\git\\Best-Project\\Reports\\20200622_091739\\Account Usecase\\23\\20200622_091739\\execution0.log"/>
         <property name="attachments" value=""/>
         <property name="hostName" value="WIN10 - DESKTOP-0NVCT6K"/>
         <property name="os" value="Windows 10 64bit"/>
         <property name="katalonVersion" value="7.5.2.1"/>
         <property name="browser" value="Chrome 83.0.4103.106"/>
         <property name="hostAddress" value="192.168.1.2"/>
         <property name="sessionId" value="ec81bc21cd790a1cf0c8ee6e1626146d"/>
         <property name="seleniumVersion" value="3.141.59"/>
         <property name="proxyInformation" value="ProxyInformation { proxyOption=NO_PROXY, proxyServerType=HTTP, username=, password=********, proxyServerAddress=, proxyServerPort=0, executionList=\&quot;\&quot;, isApplyToDesiredCapabilities=true }"/>
         <property name="platform" value="Windows 10"/>
      </properties>
      <testcase name="Test Cases/Account Test Case/1-View the layout information in the List View" time="10.014" classname="Test Cases/Account Test Case/1-View the layout information in the List View" status="PASSED">
         <system-out><![CDATA[2020-06-22 09:17:41 - [TEST_CASE][PASSED] - Test Cases/Account Test Case/1-View the layout information in the List View: Test Cases/Account Test Case/1-View the layout information in the List View

2020-06-22 09:17:41 - [TEST_STEP][PASSED] - openBrowser("http://crmc.opencloud.digital:64216/index.php"): Browser is opened with url: 'http://crmc.opencloud.digital:64216/index.php'

2020-06-22 09:17:41 - [MESSAGE][INFO] - Starting 'Chrome' driver

2020-06-22 09:17:41 - [MESSAGE][INFO] - Action delay is set to 0 milliseconds

2020-06-22 09:17:45 - [MESSAGE][PASSED] - Browser is opened with url: 'http://crmc.opencloud.digital:64216/index.php'

2020-06-22 09:17:45 - [TEST_STEP][PASSED] - maximizeWindow(): Current window maximized

2020-06-22 09:17:48 - [MESSAGE][PASSED] - Current window maximized

2020-06-22 09:17:48 - [TEST_STEP][PASSED] - setText(findTestObject("Account repository/Login/input_User name_username"), findTestData("Account Test Data/D1").getValue(1, 1)): Text 'Admin' is set on object 'Object Repository/Account repository/Login/input_User name_username'

2020-06-22 09:17:48 - [MESSAGE][PASSED] - Text 'Admin' is set on object 'Object Repository/Account repository/Login/input_User name_username'

2020-06-22 09:17:48 - [TEST_STEP][PASSED] - setText(findTestObject("Account repository/Login/input_Password_password"), findTestData("Account Test Data/D1").getValue(2, 1)): Text '1qaz2WSX3edc ' is set on object 'Object Repository/Account repository/Login/input_Password_password'

2020-06-22 09:17:49 - [MESSAGE][PASSED] - Text '1qaz2WSX3edc ' is set on object 'Object Repository/Account repository/Login/input_Password_password'

2020-06-22 09:17:49 - [TEST_STEP][PASSED] - click(findTestObject("Account repository/Login/button_Sign in")): Object: 'Object Repository/Account repository/Login/button_Sign in' is clicked on

2020-06-22 09:17:51 - [MESSAGE][PASSED] - Object: 'Object Repository/Account repository/Login/button_Sign in' is clicked on]]></system-out>
         <system-err><![CDATA[]]></system-err>
      </testcase>
      <testcase name="Test Cases/Account Test Case/5-View the Detail View information" time="11.983" classname="Test Cases/Account Test Case/5-View the Detail View information" status="PASSED">
         <system-out><![CDATA[2020-06-22 09:17:51 - [TEST_CASE][PASSED] - Test Cases/Account Test Case/5-View the Detail View information: Test Cases/Account Test Case/5-View the Detail View information

2020-06-22 09:17:51 - [TEST_STEP][PASSED] - click(findTestObject("Account repository/Page_Home/strong_Accounts")): Object: 'Object Repository/Account repository/Page_Home/strong_Accounts' is clicked on

2020-06-22 09:17:54 - [MESSAGE][PASSED] - Object: 'Object Repository/Account repository/Page_Home/strong_Accounts' is clicked on

2020-06-22 09:17:54 - [TEST_STEP][PASSED] - setText(findTestObject("Account repository/Page_Accounts/Search Account Name"), findTestData("Account Test Data/D4").getValue(1, 1)): Text 'บริษัท วี จี ไอ โกลบอล มีเดีย จำกัด (มหาชน) ' is set on object 'Object Repository/Account repository/Page_Accounts/Search Account Name'

2020-06-22 09:17:55 - [MESSAGE][PASSED] - Text 'บริษัท วี จี ไอ โกลบอล มีเดีย จำกัด (มหาชน) ' is set on object 'Object Repository/Account repository/Page_Accounts/Search Account Name'

2020-06-22 09:17:55 - [TEST_STEP][PASSED] - click(findTestObject("Account repository/Page_Accounts/button_Search")): Object: 'Object Repository/Account repository/Page_Accounts/button_Search' is clicked on

2020-06-22 09:17:55 - [MESSAGE][PASSED] - Object: 'Object Repository/Account repository/Page_Accounts/button_Search' is clicked on

2020-06-22 09:17:55 - [TEST_STEP][PASSED] - click(findTestObject("Account repository/Page_Accounts/click v g o")): Object: 'Object Repository/Account repository/Page_Accounts/click v g o' is clicked on

2020-06-22 09:18:03 - [MESSAGE][PASSED] - Object: 'Object Repository/Account repository/Page_Accounts/click v g o' is clicked on]]></system-out>
         <system-err><![CDATA[]]></system-err>
      </testcase>
      <testcase name="Test Cases/Account Test Case/52" time="3.736" classname="Test Cases/Account Test Case/52" status="PASSED">
         <system-out><![CDATA[2020-06-22 09:18:03 - [TEST_CASE][PASSED] - Test Cases/Account Test Case/52: Test Cases/Account Test Case/52

2020-06-22 09:18:03 - [TEST_STEP][PASSED] - click(findTestObject("Account repository/Page_Accounts Related/a_Documents  related")): Object: 'Object Repository/Account repository/Page_Accounts Related/a_Documents  related' is clicked on

2020-06-22 09:18:04 - [MESSAGE][PASSED] - Object: 'Object Repository/Account repository/Page_Accounts Related/a_Documents  related' is clicked on

2020-06-22 09:18:04 - [TEST_STEP][PASSED] - click(findTestObject("Account repository/Page_Accounts Related/button_Add Document related")): Object: 'Object Repository/Account repository/Page_Accounts Related/button_Add Document related' is clicked on

2020-06-22 09:18:05 - [MESSAGE][PASSED] - Object: 'Object Repository/Account repository/Page_Accounts Related/button_Add Document related' is clicked on

2020-06-22 09:18:05 - [TEST_STEP][PASSED] - click(findTestObject("Account repository/Page_Documents Related/button_Save doc rel")): Object: 'Object Repository/Account repository/Page_Documents Related/button_Save doc rel' is clicked on

2020-06-22 09:18:06 - [MESSAGE][PASSED] - Object: 'Object Repository/Account repository/Page_Documents Related/button_Save doc rel' is clicked on]]></system-out>
         <system-err><![CDATA[]]></system-err>
      </testcase>
      <testcase name="Test Cases/Account Test Case/13-Add new Document information to Account with invalid information" time="10.548" classname="Test Cases/Account Test Case/13-Add new Document information to Account with invalid information" status="PASSED">
         <system-out><![CDATA[2020-06-22 09:18:06 - [TEST_CASE][PASSED] - Test Cases/Account Test Case/13-Add new Document information to Account with invalid information: Test Cases/Account Test Case/13-Add new Document information to Account with invalid information

2020-06-22 09:18:06 - [TEST_STEP][PASSED] - click(findTestObject("Account repository/Page_Documents/Created By")): Object: 'Object Repository/Account repository/Page_Documents/Created By' is clicked on

2020-06-22 09:18:08 - [MESSAGE][PASSED] - Object: 'Object Repository/Account repository/Page_Documents/Created By' is clicked on

2020-06-22 09:18:08 - [TEST_STEP][PASSED] - setText(findTestObject("Account repository/Page_Documents/input Created By"), findTestData("Account Test Data/D7").getValue(2, 1)): Text 'RIS System' is set on object 'Object Repository/Account repository/Page_Documents/input Created By'

2020-06-22 09:18:09 - [MESSAGE][PASSED] - Text 'RIS System' is set on object 'Object Repository/Account repository/Page_Documents/input Created By'

2020-06-22 09:18:09 - [TEST_STEP][PASSED] - sendKeys(findTestObject("Account repository/Page_Documents/input Created By"), Keys.chord(ENTER)): Keys 'ENTER + ' sent to object: 'Object Repository/Account repository/Page_Documents/input Created By'

2020-06-22 09:18:09 - [MESSAGE][PASSED] - Keys 'ENTER + ' sent to object: 'Object Repository/Account repository/Page_Documents/input Created By'

2020-06-22 09:18:09 - [TEST_STEP][PASSED] - click(findTestObject("Account repository/Page_Documents/calendar")): Object: 'Object Repository/Account repository/Page_Documents/calendar' is clicked on

2020-06-22 09:18:10 - [MESSAGE][PASSED] - Object: 'Object Repository/Account repository/Page_Documents/calendar' is clicked on

2020-06-22 09:18:10 - [TEST_STEP][PASSED] - setText(findTestObject("Account repository/Page_Documents/input calendat"), findTestData("Account Test Data/D7").getValue(3, 1)): Text 'Account' is set on object 'Object Repository/Account repository/Page_Documents/input calendat'

2020-06-22 09:18:11 - [MESSAGE][PASSED] - Text 'Account' is set on object 'Object Repository/Account repository/Page_Documents/input calendat'

2020-06-22 09:18:11 - [TEST_STEP][PASSED] - sendKeys(findTestObject("Account repository/Page_Documents/input calendat"), Keys.chord(ENTER)): Keys 'ENTER + ' sent to object: 'Object Repository/Account repository/Page_Documents/input calendat'

2020-06-22 09:18:12 - [MESSAGE][PASSED] - Keys 'ENTER + ' sent to object: 'Object Repository/Account repository/Page_Documents/input calendat'

2020-06-22 09:18:12 - [TEST_STEP][PASSED] - click(findTestObject("Account repository/Page_Documents/search add doc")): Object: 'Object Repository/Account repository/Page_Documents/search add doc' is clicked on

2020-06-22 09:18:12 - [MESSAGE][PASSED] - Object: 'Object Repository/Account repository/Page_Documents/search add doc' is clicked on

2020-06-22 09:18:12 - [TEST_STEP][PASSED] - switchToWindowTitle("Accounts"): Switched to window with title: 'Accounts'

2020-06-22 09:18:14 - [MESSAGE][PASSED] - Switched to window with title: 'Accounts'

2020-06-22 09:18:14 - [TEST_STEP][PASSED] - click(findTestObject("Account repository/Page_Accounts/td_1400")): Object: 'Object Repository/Account repository/Page_Accounts/td_1400' is clicked on

2020-06-22 09:18:14 - [MESSAGE][PASSED] - Object: 'Object Repository/Account repository/Page_Accounts/td_1400' is clicked on

2020-06-22 09:18:14 - [TEST_STEP][PASSED] - switchToDefaultContent(): null

2020-06-22 09:18:17 - [TEST_STEP][PASSED] - click(findTestObject("Account repository/Page_Documents/button_Save doc")): Object: 'Object Repository/Account repository/Page_Documents/button_Save doc' is clicked on

2020-06-22 09:18:17 - [MESSAGE][PASSED] - Object: 'Object Repository/Account repository/Page_Documents/button_Save doc' is clicked on]]></system-out>
         <system-err><![CDATA[]]></system-err>
      </testcase>
      <testcase name="Test Cases/Account Test Case/12-for test suite" time="9.656" classname="Test Cases/Account Test Case/12-for test suite" status="PASSED">
         <system-out><![CDATA[2020-06-22 09:18:17 - [TEST_CASE][PASSED] - Test Cases/Account Test Case/12-for test suite: Test Cases/Account Test Case/12-for test suite

2020-06-22 09:18:17 - [TEST_STEP][PASSED] - setText(findTestObject("Account repository/Page_Documents/input__notes_title"), findTestData("Account Test Data/D7").getValue(1, 1)): Text 'Document test' is set on object 'Object Repository/Account repository/Page_Documents/input__notes_title'

2020-06-22 09:18:18 - [MESSAGE][PASSED] - Text 'Document test' is set on object 'Object Repository/Account repository/Page_Documents/input__notes_title'

2020-06-22 09:18:18 - [TEST_STEP][PASSED] - click(findTestObject("Account repository/Page_Documents/Created By")): Object: 'Object Repository/Account repository/Page_Documents/Created By' is clicked on

2020-06-22 09:18:18 - [MESSAGE][PASSED] - Object: 'Object Repository/Account repository/Page_Documents/Created By' is clicked on

2020-06-22 09:18:18 - [TEST_STEP][PASSED] - setText(findTestObject("Account repository/Page_Documents/input Created By"), findTestData("Account Test Data/D7").getValue(2, 1)): Text 'RIS System' is set on object 'Object Repository/Account repository/Page_Documents/input Created By'

2020-06-22 09:18:19 - [MESSAGE][PASSED] - Text 'RIS System' is set on object 'Object Repository/Account repository/Page_Documents/input Created By'

2020-06-22 09:18:19 - [TEST_STEP][PASSED] - sendKeys(findTestObject("Account repository/Page_Documents/input Created By"), Keys.chord(ENTER)): Keys 'ENTER + ' sent to object: 'Object Repository/Account repository/Page_Documents/input Created By'

2020-06-22 09:18:20 - [MESSAGE][PASSED] - Keys 'ENTER + ' sent to object: 'Object Repository/Account repository/Page_Documents/input Created By'

2020-06-22 09:18:20 - [TEST_STEP][PASSED] - click(findTestObject("Account repository/Page_Documents/calendar")): Object: 'Object Repository/Account repository/Page_Documents/calendar' is clicked on

2020-06-22 09:18:20 - [MESSAGE][PASSED] - Object: 'Object Repository/Account repository/Page_Documents/calendar' is clicked on

2020-06-22 09:18:20 - [TEST_STEP][PASSED] - setText(findTestObject("Account repository/Page_Documents/input calendat"), findTestData("Account Test Data/D7").getValue(3, 1)): Text 'Account' is set on object 'Object Repository/Account repository/Page_Documents/input calendat'

2020-06-22 09:18:21 - [MESSAGE][PASSED] - Text 'Account' is set on object 'Object Repository/Account repository/Page_Documents/input calendat'

2020-06-22 09:18:21 - [TEST_STEP][PASSED] - sendKeys(findTestObject("Account repository/Page_Documents/input calendat"), Keys.chord(ENTER)): Keys 'ENTER + ' sent to object: 'Object Repository/Account repository/Page_Documents/input calendat'

2020-06-22 09:18:21 - [MESSAGE][PASSED] - Keys 'ENTER + ' sent to object: 'Object Repository/Account repository/Page_Documents/input calendat'

2020-06-22 09:18:21 - [TEST_STEP][PASSED] - click(findTestObject("Account repository/Page_Documents/search add doc")): Object: 'Object Repository/Account repository/Page_Documents/search add doc' is clicked on

2020-06-22 09:18:22 - [MESSAGE][PASSED] - Object: 'Object Repository/Account repository/Page_Documents/search add doc' is clicked on

2020-06-22 09:18:22 - [TEST_STEP][PASSED] - switchToWindowTitle("Accounts"): Switched to window with title: 'Accounts'

2020-06-22 09:18:24 - [MESSAGE][PASSED] - Switched to window with title: 'Accounts'

2020-06-22 09:18:24 - [TEST_STEP][PASSED] - click(findTestObject("Account repository/Page_Accounts/td_1400")): Object: 'Object Repository/Account repository/Page_Accounts/td_1400' is clicked on

2020-06-22 09:18:24 - [MESSAGE][PASSED] - Object: 'Object Repository/Account repository/Page_Accounts/td_1400' is clicked on

2020-06-22 09:18:24 - [TEST_STEP][PASSED] - switchToDefaultContent(): null

2020-06-22 09:18:26 - [TEST_STEP][PASSED] - click(findTestObject("Account repository/Page_Documents/button_Save doc")): Object: 'Object Repository/Account repository/Page_Documents/button_Save doc' is clicked on

2020-06-22 09:18:26 - [MESSAGE][PASSED] - Object: 'Object Repository/Account repository/Page_Documents/button_Save doc' is clicked on]]></system-out>
         <system-err><![CDATA[]]></system-err>
      </testcase>
      <system-out><![CDATA[2020-06-22 09:17:40 - [TEST_SUITE][PASSED] - 23: Test Cases/Account Test Case/12-for test suite]]></system-out>
      <system-err><![CDATA[]]></system-err>
   </testsuite>
</testsuites>
