<?xml version="1.0" encoding="UTF-8"?>
<testsuites name="1-View the layout information" time="40.034" tests="2" failures="0" errors="0">
   <testsuite name="1-View the layout information" tests="2" failures="0" errors="0" time="40.034" timestamp="2020-06-23 14:08:40" hostname="WIN10 - DESKTOP-0NVCT6K" id="Test Suites/Account Usecase/1-View the layout information">
      <properties>
         <property name="deviceName" value=""/>
         <property name="devicePlatform" value=""/>
         <property name="logFolder" value="C:\\Users\\WIN10\\git\\Best-Project\\Reports\\20200623_140838\\Account Usecase\\1-View the layout information\\20200623_140838"/>
         <property name="logFiles" value="C:\\Users\\WIN10\\git\\Best-Project\\Reports\\20200623_140838\\Account Usecase\\1-View the layout information\\20200623_140838\\execution0.log"/>
         <property name="attachments" value=""/>
         <property name="hostName" value="WIN10 - DESKTOP-0NVCT6K"/>
         <property name="os" value="Windows 10 64bit"/>
         <property name="katalonVersion" value="7.5.2.1"/>
         <property name="browser" value="Chrome 83.0.4103.116"/>
         <property name="hostAddress" value="192.168.1.2"/>
         <property name="sessionId" value="06a71ea6622280e62dc3d73ed39c15b8"/>
         <property name="seleniumVersion" value="3.141.59"/>
         <property name="proxyInformation" value="ProxyInformation { proxyOption=NO_PROXY, proxyServerType=HTTP, username=, password=********, proxyServerAddress=, proxyServerPort=0, executionList=\&quot;\&quot;, isApplyToDesiredCapabilities=true }"/>
         <property name="platform" value="Windows 10"/>
      </properties>
      <testcase name="Test Cases/Account Test Case/1-View the layout information in the List View" time="10.23" classname="Test Cases/Account Test Case/1-View the layout information in the List View" status="PASSED">
         <system-out><![CDATA[2020-06-23 14:08:40 - [TEST_CASE][PASSED] - Test Cases/Account Test Case/1-View the layout information in the List View: Test Cases/Account Test Case/1-View the layout information in the List View

2020-06-23 14:08:40 - [TEST_STEP][PASSED] - openBrowser("http://crmc.opencloud.digital:64216/index.php"): Browser is opened with url: 'http://crmc.opencloud.digital:64216/index.php'

2020-06-23 14:08:41 - [MESSAGE][INFO] - Starting 'Chrome' driver

2020-06-23 14:08:41 - [MESSAGE][INFO] - Action delay is set to 0 milliseconds

2020-06-23 14:08:46 - [MESSAGE][PASSED] - Browser is opened with url: 'http://crmc.opencloud.digital:64216/index.php'

2020-06-23 14:08:46 - [TEST_STEP][PASSED] - maximizeWindow(): Current window maximized

2020-06-23 14:08:48 - [MESSAGE][PASSED] - Current window maximized

2020-06-23 14:08:48 - [TEST_STEP][PASSED] - setText(findTestObject("Account repository/Login/input_User name_username"), findTestData("Account Test Data/D1").getValue(1, 1)): Text 'Admin' is set on object 'Object Repository/Account repository/Login/input_User name_username'

2020-06-23 14:08:48 - [MESSAGE][PASSED] - Text 'Admin' is set on object 'Object Repository/Account repository/Login/input_User name_username'

2020-06-23 14:08:48 - [TEST_STEP][PASSED] - setText(findTestObject("Account repository/Login/input_Password_password"), findTestData("Account Test Data/D1").getValue(2, 1)): Text '1qaz2WSX3edc ' is set on object 'Object Repository/Account repository/Login/input_Password_password'

2020-06-23 14:08:49 - [MESSAGE][PASSED] - Text '1qaz2WSX3edc ' is set on object 'Object Repository/Account repository/Login/input_Password_password'

2020-06-23 14:08:49 - [TEST_STEP][PASSED] - click(findTestObject("Account repository/Login/button_Sign in")): Object: 'Object Repository/Account repository/Login/button_Sign in' is clicked on

2020-06-23 14:08:50 - [MESSAGE][PASSED] - Object: 'Object Repository/Account repository/Login/button_Sign in' is clicked on]]></system-out>
         <system-err><![CDATA[]]></system-err>
      </testcase>
      <testcase name="Test Cases/Account Test Case/2-Add new Account with valid information" time="28.97" classname="Test Cases/Account Test Case/2-Add new Account with valid information" status="PASSED">
         <system-out><![CDATA[2020-06-23 14:08:50 - [TEST_CASE][PASSED] - Test Cases/Account Test Case/2-Add new Account with valid information: Test Cases/Account Test Case/2-Add new Account with valid information

2020-06-23 14:08:50 - [TEST_STEP][PASSED] - click(findTestObject("Account repository/Page_Home/strong_Accounts")): Object: 'Object Repository/Account repository/Page_Home/strong_Accounts' is clicked on

2020-06-23 14:08:58 - [MESSAGE][PASSED] - Object: 'Object Repository/Account repository/Page_Home/strong_Accounts' is clicked on

2020-06-23 14:08:58 - [TEST_STEP][PASSED] - click(findTestObject("Account repository/Page_Accounts/strong_Add Account")): Object: 'Object Repository/Account repository/Page_Accounts/strong_Add Account' is clicked on

2020-06-23 14:08:59 - [MESSAGE][PASSED] - Object: 'Object Repository/Account repository/Page_Accounts/strong_Add Account' is clicked on

2020-06-23 14:08:59 - [TEST_STEP][PASSED] - setText(findTestObject("Account repository/Page_Accounts/input__accountname"), findTestData("Account Test Data/D2").getValue(1, 1)): Text 'ภูมิพัจน์' is set on object 'Object Repository/Account repository/Page_Accounts/input__accountname'

2020-06-23 14:09:00 - [MESSAGE][PASSED] - Text 'ภูมิพัจน์' is set on object 'Object Repository/Account repository/Page_Accounts/input__accountname'

2020-06-23 14:09:00 - [TEST_STEP][PASSED] - setText(findTestObject("Account repository/Page_Accounts/input__accENG"), findTestData("Account Test Data/D2").getValue(2, 1)): Text 'Pumipat' is set on object 'Object Repository/Account repository/Page_Accounts/input__accENG'

2020-06-23 14:09:01 - [MESSAGE][PASSED] - Text 'Pumipat' is set on object 'Object Repository/Account repository/Page_Accounts/input__accENG'

2020-06-23 14:09:01 - [TEST_STEP][PASSED] - click(findTestObject("Account repository/Page_Accounts/acc status")): Object: 'Object Repository/Account repository/Page_Accounts/acc status' is clicked on

2020-06-23 14:09:01 - [MESSAGE][PASSED] - Object: 'Object Repository/Account repository/Page_Accounts/acc status' is clicked on

2020-06-23 14:09:01 - [TEST_STEP][PASSED] - setText(findTestObject("Account repository/Page_Accounts/input acc status"), "Prospect"): Text 'Prospect' is set on object 'Object Repository/Account repository/Page_Accounts/input acc status'

2020-06-23 14:09:02 - [MESSAGE][PASSED] - Text 'Prospect' is set on object 'Object Repository/Account repository/Page_Accounts/input acc status'

2020-06-23 14:09:02 - [TEST_STEP][PASSED] - sendKeys(findTestObject("Account repository/Page_Accounts/input acc status"), Keys.chord(ENTER)): Keys 'ENTER + ' sent to object: 'Object Repository/Account repository/Page_Accounts/input acc status'

2020-06-23 14:09:02 - [MESSAGE][PASSED] - Keys 'ENTER + ' sent to object: 'Object Repository/Account repository/Page_Accounts/input acc status'

2020-06-23 14:09:02 - [TEST_STEP][PASSED] - click(findTestObject("Account repository/Page_Accounts/custome segment")): Object: 'Object Repository/Account repository/Page_Accounts/custome segment' is clicked on

2020-06-23 14:09:03 - [MESSAGE][PASSED] - Object: 'Object Repository/Account repository/Page_Accounts/custome segment' is clicked on

2020-06-23 14:09:03 - [TEST_STEP][PASSED] - setText(findTestObject("Account repository/Page_Accounts/input customer segment"), findTestData("Account Test Data/D2").getValue(3, 1)): Text 'SME' is set on object 'Object Repository/Account repository/Page_Accounts/input customer segment'

2020-06-23 14:09:04 - [MESSAGE][PASSED] - Text 'SME' is set on object 'Object Repository/Account repository/Page_Accounts/input customer segment'

2020-06-23 14:09:04 - [TEST_STEP][PASSED] - sendKeys(findTestObject("Account repository/Page_Accounts/input customer segment"), Keys.chord(ENTER)): Keys 'ENTER + ' sent to object: 'Object Repository/Account repository/Page_Accounts/input customer segment'

2020-06-23 14:09:04 - [MESSAGE][PASSED] - Keys 'ENTER + ' sent to object: 'Object Repository/Account repository/Page_Accounts/input customer segment'

2020-06-23 14:09:04 - [TEST_STEP][PASSED] - click(findTestObject("Account repository/Page_Accounts/company level")): Object: 'Object Repository/Account repository/Page_Accounts/company level' is clicked on

2020-06-23 14:09:05 - [MESSAGE][PASSED] - Object: 'Object Repository/Account repository/Page_Accounts/company level' is clicked on

2020-06-23 14:09:05 - [TEST_STEP][PASSED] - setText(findTestObject("Account repository/Page_Accounts/input company level"), findTestData("Account Test Data/D2").getValue(4, 1)): Text 'Head Office' is set on object 'Object Repository/Account repository/Page_Accounts/input company level'

2020-06-23 14:09:06 - [MESSAGE][PASSED] - Text 'Head Office' is set on object 'Object Repository/Account repository/Page_Accounts/input company level'

2020-06-23 14:09:06 - [TEST_STEP][PASSED] - sendKeys(findTestObject("Account repository/Page_Accounts/input company level"), Keys.chord(ENTER)): Keys 'ENTER + ' sent to object: 'Object Repository/Account repository/Page_Accounts/input company level'

2020-06-23 14:09:06 - [MESSAGE][PASSED] - Keys 'ENTER + ' sent to object: 'Object Repository/Account repository/Page_Accounts/input company level'

2020-06-23 14:09:06 - [TEST_STEP][PASSED] - click(findTestObject("Account repository/Page_Accounts/JP")): Object: 'Object Repository/Account repository/Page_Accounts/JP' is clicked on

2020-06-23 14:09:07 - [MESSAGE][PASSED] - Object: 'Object Repository/Account repository/Page_Accounts/JP' is clicked on

2020-06-23 14:09:07 - [TEST_STEP][PASSED] - setText(findTestObject("Account repository/Page_Accounts/input JP"), findTestData("Account Test Data/D2").getValue(5, 1)): Text 'Yes' is set on object 'Object Repository/Account repository/Page_Accounts/input JP'

2020-06-23 14:09:08 - [MESSAGE][PASSED] - Text 'Yes' is set on object 'Object Repository/Account repository/Page_Accounts/input JP'

2020-06-23 14:09:08 - [TEST_STEP][PASSED] - sendKeys(findTestObject("Account repository/Page_Accounts/input JP"), Keys.chord(ENTER)): Keys 'ENTER + ' sent to object: 'Object Repository/Account repository/Page_Accounts/input JP'

2020-06-23 14:09:08 - [MESSAGE][PASSED] - Keys 'ENTER + ' sent to object: 'Object Repository/Account repository/Page_Accounts/input JP'

2020-06-23 14:09:08 - [TEST_STEP][PASSED] - setText(findTestObject("Account repository/Page_Accounts/input__Branch"), findTestData("Account Test Data/D2").getValue(7, 1)): Text '00001' is set on object 'Object Repository/Account repository/Page_Accounts/input__Branch'

2020-06-23 14:09:09 - [MESSAGE][PASSED] - Text '00001' is set on object 'Object Repository/Account repository/Page_Accounts/input__Branch'

2020-06-23 14:09:09 - [TEST_STEP][PASSED] - setText(findTestObject("Account repository/Page_Accounts/input__Purchasing"), findTestData("Account Test Data/D2").getValue(6, 1)): Text 'จัดซื้อแยกLocalized Purchasing' is set on object 'Object Repository/Account repository/Page_Accounts/input__Purchasing'

2020-06-23 14:09:11 - [MESSAGE][PASSED] - Text 'จัดซื้อแยกLocalized Purchasing' is set on object 'Object Repository/Account repository/Page_Accounts/input__Purchasing'

2020-06-23 14:09:11 - [TEST_STEP][PASSED] - click(findTestObject("Account repository/Page_Accounts/company status")): Object: 'Object Repository/Account repository/Page_Accounts/company status' is clicked on

2020-06-23 14:09:11 - [MESSAGE][PASSED] - Object: 'Object Repository/Account repository/Page_Accounts/company status' is clicked on

2020-06-23 14:09:11 - [TEST_STEP][PASSED] - setText(findTestObject("Account repository/Page_Accounts/input__phone"), findTestData("Account Test Data/D2").getValue(9, 1)): Text '0945839838' is set on object 'Object Repository/Account repository/Page_Accounts/input__phone'

2020-06-23 14:09:13 - [MESSAGE][PASSED] - Text '0945839838' is set on object 'Object Repository/Account repository/Page_Accounts/input__phone'

2020-06-23 14:09:13 - [TEST_STEP][PASSED] - setText(findTestObject("Account repository/Page_Accounts/address"), findTestData("Account Test Data/D2").getValue(10, 1)): Text 'Chaing Mai University' is set on object 'Object Repository/Account repository/Page_Accounts/address'

2020-06-23 14:09:13 - [MESSAGE][PASSED] - Text 'Chaing Mai University' is set on object 'Object Repository/Account repository/Page_Accounts/address'

2020-06-23 14:09:13 - [TEST_STEP][PASSED] - click(findTestObject("Account repository/Page_Accounts/searchZ")): Object: 'Object Repository/Account repository/Page_Accounts/searchZ' is clicked on

2020-06-23 14:09:14 - [MESSAGE][PASSED] - Object: 'Object Repository/Account repository/Page_Accounts/searchZ' is clicked on

2020-06-23 14:09:14 - [TEST_STEP][PASSED] - switchToWindowTitle("ZONE"): Switched to window with title: 'ZONE'

2020-06-23 14:09:16 - [MESSAGE][PASSED] - Switched to window with title: 'ZONE'

2020-06-23 14:09:16 - [TEST_STEP][PASSED] - click(findTestObject("Account repository/Page_ZONE/a_270207")): Object: 'Object Repository/Account repository/Page_ZONE/a_270207' is clicked on

2020-06-23 14:09:16 - [MESSAGE][PASSED] - Object: 'Object Repository/Account repository/Page_ZONE/a_270207' is clicked on

2020-06-23 14:09:16 - [TEST_STEP][PASSED] - switchToDefaultContent(): null

2020-06-23 14:09:18 - [TEST_STEP][PASSED] - setText(findTestObject("Account repository/Page_Accounts/Tax no"), findTestData("Account Test Data/D2").getValue(12, 1)): Text '0121231234' is set on object 'Object Repository/Account repository/Page_Accounts/Tax no'

2020-06-23 14:09:19 - [MESSAGE][PASSED] - Text '0121231234' is set on object 'Object Repository/Account repository/Page_Accounts/Tax no'

2020-06-23 14:09:19 - [TEST_STEP][PASSED] - click(findTestObject("Account repository/Page_Accounts/button_Save Account")): Object: 'Object Repository/Account repository/Page_Accounts/button_Save Account' is clicked on

2020-06-23 14:09:19 - [MESSAGE][PASSED] - Object: 'Object Repository/Account repository/Page_Accounts/button_Save Account' is clicked on]]></system-out>
         <system-err><![CDATA[]]></system-err>
      </testcase>
      <system-out><![CDATA[2020-06-23 14:08:40 - [TEST_SUITE][PASSED] - 1-View the layout information: Test Cases/Account Test Case/2-Add new Account with valid information]]></system-out>
      <system-err><![CDATA[]]></system-err>
   </testsuite>
</testsuites>
